[2023-02-13T12:21:32.040+0000] {processor.py:153} INFO - Started process (PID=187) to work on /home/airflow/.local/lib/python3.7/site-packages/airflow/example_dags/example_short_circuit_operator.py
[2023-02-13T12:21:32.041+0000] {processor.py:743} INFO - Processing file /home/airflow/.local/lib/python3.7/site-packages/airflow/example_dags/example_short_circuit_operator.py for tasks to queue
[2023-02-13T12:21:32.042+0000] {logging_mixin.py:137} INFO - [2023-02-13T12:21:32.042+0000] {dagbag.py:538} INFO - Filling up the DagBag from /home/airflow/.local/lib/python3.7/site-packages/airflow/example_dags/example_short_circuit_operator.py
[2023-02-13T12:21:32.064+0000] {processor.py:753} INFO - DAG(s) dict_keys(['example_short_circuit_operator']) retrieved from /home/airflow/.local/lib/python3.7/site-packages/airflow/example_dags/example_short_circuit_operator.py
[2023-02-13T12:21:32.077+0000] {logging_mixin.py:137} INFO - [2023-02-13T12:21:32.077+0000] {dag.py:2690} INFO - Sync 1 DAGs
[2023-02-13T12:21:32.112+0000] {logging_mixin.py:137} INFO - [2023-02-13T12:21:32.112+0000] {dag.py:3441} INFO - Setting next_dagrun for example_short_circuit_operator to 2023-02-12T12:21:32.111920+00:00, run_after=2023-02-13T12:21:32.111920+00:00
[2023-02-13T12:21:32.314+0000] {processor.py:175} INFO - Processing /home/airflow/.local/lib/python3.7/site-packages/airflow/example_dags/example_short_circuit_operator.py took 0.278 seconds
[2023-02-13T12:22:03.025+0000] {processor.py:153} INFO - Started process (PID=413) to work on /home/airflow/.local/lib/python3.7/site-packages/airflow/example_dags/example_short_circuit_operator.py
[2023-02-13T12:22:03.026+0000] {processor.py:743} INFO - Processing file /home/airflow/.local/lib/python3.7/site-packages/airflow/example_dags/example_short_circuit_operator.py for tasks to queue
[2023-02-13T12:22:03.027+0000] {logging_mixin.py:137} INFO - [2023-02-13T12:22:03.027+0000] {dagbag.py:538} INFO - Filling up the DagBag from /home/airflow/.local/lib/python3.7/site-packages/airflow/example_dags/example_short_circuit_operator.py
[2023-02-13T12:22:03.059+0000] {processor.py:753} INFO - DAG(s) dict_keys(['example_short_circuit_operator']) retrieved from /home/airflow/.local/lib/python3.7/site-packages/airflow/example_dags/example_short_circuit_operator.py
[2023-02-13T12:22:03.094+0000] {logging_mixin.py:137} INFO - [2023-02-13T12:22:03.094+0000] {dag.py:2690} INFO - Sync 1 DAGs
[2023-02-13T12:22:03.128+0000] {logging_mixin.py:137} INFO - [2023-02-13T12:22:03.128+0000] {dag.py:3441} INFO - Setting next_dagrun for example_short_circuit_operator to 2023-02-12T12:22:03.128030+00:00, run_after=2023-02-13T12:22:03.128030+00:00
[2023-02-13T12:22:03.173+0000] {processor.py:175} INFO - Processing /home/airflow/.local/lib/python3.7/site-packages/airflow/example_dags/example_short_circuit_operator.py took 0.157 seconds
[2023-02-13T12:22:34.012+0000] {processor.py:153} INFO - Started process (PID=652) to work on /home/airflow/.local/lib/python3.7/site-packages/airflow/example_dags/example_short_circuit_operator.py
[2023-02-13T12:22:34.078+0000] {processor.py:743} INFO - Processing file /home/airflow/.local/lib/python3.7/site-packages/airflow/example_dags/example_short_circuit_operator.py for tasks to queue
[2023-02-13T12:22:34.079+0000] {logging_mixin.py:137} INFO - [2023-02-13T12:22:34.079+0000] {dagbag.py:538} INFO - Filling up the DagBag from /home/airflow/.local/lib/python3.7/site-packages/airflow/example_dags/example_short_circuit_operator.py
[2023-02-13T12:22:34.105+0000] {processor.py:753} INFO - DAG(s) dict_keys(['example_short_circuit_operator']) retrieved from /home/airflow/.local/lib/python3.7/site-packages/airflow/example_dags/example_short_circuit_operator.py
[2023-02-13T12:22:34.134+0000] {logging_mixin.py:137} INFO - [2023-02-13T12:22:34.134+0000] {dag.py:2690} INFO - Sync 1 DAGs
[2023-02-13T12:22:34.163+0000] {logging_mixin.py:137} INFO - [2023-02-13T12:22:34.163+0000] {dag.py:3441} INFO - Setting next_dagrun for example_short_circuit_operator to 2023-02-12T12:22:34.163393+00:00, run_after=2023-02-13T12:22:34.163393+00:00
[2023-02-13T12:22:34.210+0000] {processor.py:175} INFO - Processing /home/airflow/.local/lib/python3.7/site-packages/airflow/example_dags/example_short_circuit_operator.py took 0.204 seconds
[2023-02-13T12:24:07.730+0000] {processor.py:153} INFO - Started process (PID=186) to work on /home/airflow/.local/lib/python3.7/site-packages/airflow/example_dags/example_short_circuit_operator.py
[2023-02-13T12:24:07.752+0000] {processor.py:743} INFO - Processing file /home/airflow/.local/lib/python3.7/site-packages/airflow/example_dags/example_short_circuit_operator.py for tasks to queue
[2023-02-13T12:24:07.754+0000] {logging_mixin.py:137} INFO - [2023-02-13T12:24:07.753+0000] {dagbag.py:538} INFO - Filling up the DagBag from /home/airflow/.local/lib/python3.7/site-packages/airflow/example_dags/example_short_circuit_operator.py
[2023-02-13T12:24:07.799+0000] {processor.py:753} INFO - DAG(s) dict_keys(['example_short_circuit_operator']) retrieved from /home/airflow/.local/lib/python3.7/site-packages/airflow/example_dags/example_short_circuit_operator.py
[2023-02-13T12:24:07.883+0000] {logging_mixin.py:137} INFO - [2023-02-13T12:24:07.882+0000] {dag.py:2690} INFO - Sync 1 DAGs
[2023-02-13T12:24:07.976+0000] {logging_mixin.py:137} INFO - [2023-02-13T12:24:07.976+0000] {dag.py:3441} INFO - Setting next_dagrun for example_short_circuit_operator to 2023-02-12T12:24:07.976006+00:00, run_after=2023-02-13T12:24:07.976006+00:00
[2023-02-13T12:24:08.084+0000] {processor.py:175} INFO - Processing /home/airflow/.local/lib/python3.7/site-packages/airflow/example_dags/example_short_circuit_operator.py took 0.360 seconds
[2023-02-13T12:24:38.382+0000] {processor.py:153} INFO - Started process (PID=415) to work on /home/airflow/.local/lib/python3.7/site-packages/airflow/example_dags/example_short_circuit_operator.py
[2023-02-13T12:24:38.383+0000] {processor.py:743} INFO - Processing file /home/airflow/.local/lib/python3.7/site-packages/airflow/example_dags/example_short_circuit_operator.py for tasks to queue
[2023-02-13T12:24:38.384+0000] {logging_mixin.py:137} INFO - [2023-02-13T12:24:38.384+0000] {dagbag.py:538} INFO - Filling up the DagBag from /home/airflow/.local/lib/python3.7/site-packages/airflow/example_dags/example_short_circuit_operator.py
[2023-02-13T12:24:38.419+0000] {processor.py:753} INFO - DAG(s) dict_keys(['example_short_circuit_operator']) retrieved from /home/airflow/.local/lib/python3.7/site-packages/airflow/example_dags/example_short_circuit_operator.py
[2023-02-13T12:24:38.473+0000] {logging_mixin.py:137} INFO - [2023-02-13T12:24:38.473+0000] {dag.py:2690} INFO - Sync 1 DAGs
[2023-02-13T12:24:38.536+0000] {logging_mixin.py:137} INFO - [2023-02-13T12:24:38.536+0000] {dag.py:3441} INFO - Setting next_dagrun for example_short_circuit_operator to 2023-02-12T12:24:38.535871+00:00, run_after=2023-02-13T12:24:38.535871+00:00
[2023-02-13T12:24:38.621+0000] {processor.py:175} INFO - Processing /home/airflow/.local/lib/python3.7/site-packages/airflow/example_dags/example_short_circuit_operator.py took 0.249 seconds
[2023-02-13T12:25:08.754+0000] {processor.py:153} INFO - Started process (PID=642) to work on /home/airflow/.local/lib/python3.7/site-packages/airflow/example_dags/example_short_circuit_operator.py
[2023-02-13T12:25:08.755+0000] {processor.py:743} INFO - Processing file /home/airflow/.local/lib/python3.7/site-packages/airflow/example_dags/example_short_circuit_operator.py for tasks to queue
[2023-02-13T12:25:08.756+0000] {logging_mixin.py:137} INFO - [2023-02-13T12:25:08.755+0000] {dagbag.py:538} INFO - Filling up the DagBag from /home/airflow/.local/lib/python3.7/site-packages/airflow/example_dags/example_short_circuit_operator.py
[2023-02-13T12:25:08.790+0000] {processor.py:753} INFO - DAG(s) dict_keys(['example_short_circuit_operator']) retrieved from /home/airflow/.local/lib/python3.7/site-packages/airflow/example_dags/example_short_circuit_operator.py
[2023-02-13T12:25:08.842+0000] {logging_mixin.py:137} INFO - [2023-02-13T12:25:08.842+0000] {dag.py:2690} INFO - Sync 1 DAGs
[2023-02-13T12:25:08.903+0000] {logging_mixin.py:137} INFO - [2023-02-13T12:25:08.903+0000] {dag.py:3441} INFO - Setting next_dagrun for example_short_circuit_operator to 2023-02-12T12:25:08.902825+00:00, run_after=2023-02-13T12:25:08.902825+00:00
[2023-02-13T12:25:08.978+0000] {processor.py:175} INFO - Processing /home/airflow/.local/lib/python3.7/site-packages/airflow/example_dags/example_short_circuit_operator.py took 0.233 seconds
[2023-02-13T12:25:39.205+0000] {processor.py:153} INFO - Started process (PID=867) to work on /home/airflow/.local/lib/python3.7/site-packages/airflow/example_dags/example_short_circuit_operator.py
[2023-02-13T12:25:39.220+0000] {processor.py:743} INFO - Processing file /home/airflow/.local/lib/python3.7/site-packages/airflow/example_dags/example_short_circuit_operator.py for tasks to queue
[2023-02-13T12:25:39.221+0000] {logging_mixin.py:137} INFO - [2023-02-13T12:25:39.221+0000] {dagbag.py:538} INFO - Filling up the DagBag from /home/airflow/.local/lib/python3.7/site-packages/airflow/example_dags/example_short_circuit_operator.py
[2023-02-13T12:25:39.267+0000] {processor.py:753} INFO - DAG(s) dict_keys(['example_short_circuit_operator']) retrieved from /home/airflow/.local/lib/python3.7/site-packages/airflow/example_dags/example_short_circuit_operator.py
[2023-02-13T12:25:39.355+0000] {logging_mixin.py:137} INFO - [2023-02-13T12:25:39.355+0000] {dag.py:2690} INFO - Sync 1 DAGs
[2023-02-13T12:25:39.439+0000] {logging_mixin.py:137} INFO - [2023-02-13T12:25:39.439+0000] {dag.py:3441} INFO - Setting next_dagrun for example_short_circuit_operator to 2023-02-12T12:25:39.438667+00:00, run_after=2023-02-13T12:25:39.438667+00:00
[2023-02-13T12:25:39.514+0000] {processor.py:175} INFO - Processing /home/airflow/.local/lib/python3.7/site-packages/airflow/example_dags/example_short_circuit_operator.py took 0.315 seconds
[2023-02-13T12:26:10.473+0000] {processor.py:153} INFO - Started process (PID=1094) to work on /home/airflow/.local/lib/python3.7/site-packages/airflow/example_dags/example_short_circuit_operator.py
[2023-02-13T12:26:10.474+0000] {processor.py:743} INFO - Processing file /home/airflow/.local/lib/python3.7/site-packages/airflow/example_dags/example_short_circuit_operator.py for tasks to queue
[2023-02-13T12:26:10.476+0000] {logging_mixin.py:137} INFO - [2023-02-13T12:26:10.475+0000] {dagbag.py:538} INFO - Filling up the DagBag from /home/airflow/.local/lib/python3.7/site-packages/airflow/example_dags/example_short_circuit_operator.py
[2023-02-13T12:26:10.516+0000] {processor.py:753} INFO - DAG(s) dict_keys(['example_short_circuit_operator']) retrieved from /home/airflow/.local/lib/python3.7/site-packages/airflow/example_dags/example_short_circuit_operator.py
[2023-02-13T12:26:10.575+0000] {logging_mixin.py:137} INFO - [2023-02-13T12:26:10.575+0000] {dag.py:2690} INFO - Sync 1 DAGs
[2023-02-13T12:26:10.654+0000] {logging_mixin.py:137} INFO - [2023-02-13T12:26:10.653+0000] {dag.py:3441} INFO - Setting next_dagrun for example_short_circuit_operator to 2023-02-12T12:26:10.653375+00:00, run_after=2023-02-13T12:26:10.653375+00:00
[2023-02-13T12:26:10.746+0000] {processor.py:175} INFO - Processing /home/airflow/.local/lib/python3.7/site-packages/airflow/example_dags/example_short_circuit_operator.py took 0.281 seconds
[2023-02-13T12:26:41.280+0000] {processor.py:153} INFO - Started process (PID=1327) to work on /home/airflow/.local/lib/python3.7/site-packages/airflow/example_dags/example_short_circuit_operator.py
[2023-02-13T12:26:41.291+0000] {processor.py:743} INFO - Processing file /home/airflow/.local/lib/python3.7/site-packages/airflow/example_dags/example_short_circuit_operator.py for tasks to queue
[2023-02-13T12:26:41.292+0000] {logging_mixin.py:137} INFO - [2023-02-13T12:26:41.292+0000] {dagbag.py:538} INFO - Filling up the DagBag from /home/airflow/.local/lib/python3.7/site-packages/airflow/example_dags/example_short_circuit_operator.py
[2023-02-13T12:26:41.313+0000] {processor.py:753} INFO - DAG(s) dict_keys(['example_short_circuit_operator']) retrieved from /home/airflow/.local/lib/python3.7/site-packages/airflow/example_dags/example_short_circuit_operator.py
[2023-02-13T12:26:41.342+0000] {logging_mixin.py:137} INFO - [2023-02-13T12:26:41.342+0000] {dag.py:2690} INFO - Sync 1 DAGs
[2023-02-13T12:26:41.372+0000] {logging_mixin.py:137} INFO - [2023-02-13T12:26:41.372+0000] {dag.py:3441} INFO - Setting next_dagrun for example_short_circuit_operator to 2023-02-12T12:26:41.371964+00:00, run_after=2023-02-13T12:26:41.371964+00:00
[2023-02-13T12:26:41.436+0000] {processor.py:175} INFO - Processing /home/airflow/.local/lib/python3.7/site-packages/airflow/example_dags/example_short_circuit_operator.py took 0.160 seconds
[2023-02-13T12:27:12.074+0000] {processor.py:153} INFO - Started process (PID=1555) to work on /home/airflow/.local/lib/python3.7/site-packages/airflow/example_dags/example_short_circuit_operator.py
[2023-02-13T12:27:12.076+0000] {processor.py:743} INFO - Processing file /home/airflow/.local/lib/python3.7/site-packages/airflow/example_dags/example_short_circuit_operator.py for tasks to queue
[2023-02-13T12:27:12.078+0000] {logging_mixin.py:137} INFO - [2023-02-13T12:27:12.077+0000] {dagbag.py:538} INFO - Filling up the DagBag from /home/airflow/.local/lib/python3.7/site-packages/airflow/example_dags/example_short_circuit_operator.py
[2023-02-13T12:27:12.113+0000] {processor.py:753} INFO - DAG(s) dict_keys(['example_short_circuit_operator']) retrieved from /home/airflow/.local/lib/python3.7/site-packages/airflow/example_dags/example_short_circuit_operator.py
[2023-02-13T12:27:12.167+0000] {logging_mixin.py:137} INFO - [2023-02-13T12:27:12.167+0000] {dag.py:2690} INFO - Sync 1 DAGs
[2023-02-13T12:27:12.221+0000] {logging_mixin.py:137} INFO - [2023-02-13T12:27:12.220+0000] {dag.py:3441} INFO - Setting next_dagrun for example_short_circuit_operator to 2023-02-12T12:27:12.220537+00:00, run_after=2023-02-13T12:27:12.220537+00:00
[2023-02-13T12:27:12.445+0000] {processor.py:175} INFO - Processing /home/airflow/.local/lib/python3.7/site-packages/airflow/example_dags/example_short_circuit_operator.py took 0.376 seconds
[2023-02-13T12:27:42.536+0000] {processor.py:153} INFO - Started process (PID=1782) to work on /home/airflow/.local/lib/python3.7/site-packages/airflow/example_dags/example_short_circuit_operator.py
[2023-02-13T12:27:42.550+0000] {processor.py:743} INFO - Processing file /home/airflow/.local/lib/python3.7/site-packages/airflow/example_dags/example_short_circuit_operator.py for tasks to queue
[2023-02-13T12:27:42.603+0000] {logging_mixin.py:137} INFO - [2023-02-13T12:27:42.601+0000] {dagbag.py:538} INFO - Filling up the DagBag from /home/airflow/.local/lib/python3.7/site-packages/airflow/example_dags/example_short_circuit_operator.py
[2023-02-13T12:27:42.690+0000] {processor.py:753} INFO - DAG(s) dict_keys(['example_short_circuit_operator']) retrieved from /home/airflow/.local/lib/python3.7/site-packages/airflow/example_dags/example_short_circuit_operator.py
[2023-02-13T12:27:42.750+0000] {logging_mixin.py:137} INFO - [2023-02-13T12:27:42.749+0000] {dag.py:2690} INFO - Sync 1 DAGs
[2023-02-13T12:27:42.796+0000] {logging_mixin.py:137} INFO - [2023-02-13T12:27:42.796+0000] {dag.py:3441} INFO - Setting next_dagrun for example_short_circuit_operator to 2023-02-12T12:27:42.795701+00:00, run_after=2023-02-13T12:27:42.795701+00:00
[2023-02-13T12:27:43.017+0000] {processor.py:175} INFO - Processing /home/airflow/.local/lib/python3.7/site-packages/airflow/example_dags/example_short_circuit_operator.py took 0.489 seconds
[2023-02-13T12:28:13.388+0000] {processor.py:153} INFO - Started process (PID=2009) to work on /home/airflow/.local/lib/python3.7/site-packages/airflow/example_dags/example_short_circuit_operator.py
[2023-02-13T12:28:13.389+0000] {processor.py:743} INFO - Processing file /home/airflow/.local/lib/python3.7/site-packages/airflow/example_dags/example_short_circuit_operator.py for tasks to queue
[2023-02-13T12:28:13.390+0000] {logging_mixin.py:137} INFO - [2023-02-13T12:28:13.390+0000] {dagbag.py:538} INFO - Filling up the DagBag from /home/airflow/.local/lib/python3.7/site-packages/airflow/example_dags/example_short_circuit_operator.py
[2023-02-13T12:28:13.415+0000] {processor.py:753} INFO - DAG(s) dict_keys(['example_short_circuit_operator']) retrieved from /home/airflow/.local/lib/python3.7/site-packages/airflow/example_dags/example_short_circuit_operator.py
[2023-02-13T12:28:13.452+0000] {logging_mixin.py:137} INFO - [2023-02-13T12:28:13.452+0000] {dag.py:2690} INFO - Sync 1 DAGs
[2023-02-13T12:28:13.487+0000] {logging_mixin.py:137} INFO - [2023-02-13T12:28:13.487+0000] {dag.py:3441} INFO - Setting next_dagrun for example_short_circuit_operator to 2023-02-12T12:28:13.487332+00:00, run_after=2023-02-13T12:28:13.487332+00:00
[2023-02-13T12:28:13.537+0000] {processor.py:175} INFO - Processing /home/airflow/.local/lib/python3.7/site-packages/airflow/example_dags/example_short_circuit_operator.py took 0.156 seconds
[2023-02-13T12:28:43.875+0000] {processor.py:153} INFO - Started process (PID=2237) to work on /home/airflow/.local/lib/python3.7/site-packages/airflow/example_dags/example_short_circuit_operator.py
[2023-02-13T12:28:43.880+0000] {processor.py:743} INFO - Processing file /home/airflow/.local/lib/python3.7/site-packages/airflow/example_dags/example_short_circuit_operator.py for tasks to queue
[2023-02-13T12:28:43.881+0000] {logging_mixin.py:137} INFO - [2023-02-13T12:28:43.881+0000] {dagbag.py:538} INFO - Filling up the DagBag from /home/airflow/.local/lib/python3.7/site-packages/airflow/example_dags/example_short_circuit_operator.py
[2023-02-13T12:28:43.906+0000] {processor.py:753} INFO - DAG(s) dict_keys(['example_short_circuit_operator']) retrieved from /home/airflow/.local/lib/python3.7/site-packages/airflow/example_dags/example_short_circuit_operator.py
[2023-02-13T12:28:43.942+0000] {logging_mixin.py:137} INFO - [2023-02-13T12:28:43.942+0000] {dag.py:2690} INFO - Sync 1 DAGs
[2023-02-13T12:28:43.980+0000] {logging_mixin.py:137} INFO - [2023-02-13T12:28:43.980+0000] {dag.py:3441} INFO - Setting next_dagrun for example_short_circuit_operator to 2023-02-12T12:28:43.980150+00:00, run_after=2023-02-13T12:28:43.980150+00:00
[2023-02-13T12:28:44.067+0000] {processor.py:175} INFO - Processing /home/airflow/.local/lib/python3.7/site-packages/airflow/example_dags/example_short_circuit_operator.py took 0.198 seconds
[2023-02-13T12:29:14.289+0000] {processor.py:153} INFO - Started process (PID=2473) to work on /home/airflow/.local/lib/python3.7/site-packages/airflow/example_dags/example_short_circuit_operator.py
[2023-02-13T12:29:14.291+0000] {processor.py:743} INFO - Processing file /home/airflow/.local/lib/python3.7/site-packages/airflow/example_dags/example_short_circuit_operator.py for tasks to queue
[2023-02-13T12:29:14.292+0000] {logging_mixin.py:137} INFO - [2023-02-13T12:29:14.291+0000] {dagbag.py:538} INFO - Filling up the DagBag from /home/airflow/.local/lib/python3.7/site-packages/airflow/example_dags/example_short_circuit_operator.py
[2023-02-13T12:29:14.326+0000] {processor.py:753} INFO - DAG(s) dict_keys(['example_short_circuit_operator']) retrieved from /home/airflow/.local/lib/python3.7/site-packages/airflow/example_dags/example_short_circuit_operator.py
[2023-02-13T12:29:14.371+0000] {logging_mixin.py:137} INFO - [2023-02-13T12:29:14.371+0000] {dag.py:2690} INFO - Sync 1 DAGs
[2023-02-13T12:29:14.422+0000] {logging_mixin.py:137} INFO - [2023-02-13T12:29:14.422+0000] {dag.py:3441} INFO - Setting next_dagrun for example_short_circuit_operator to 2023-02-12T12:29:14.422374+00:00, run_after=2023-02-13T12:29:14.422374+00:00
[2023-02-13T12:29:14.503+0000] {processor.py:175} INFO - Processing /home/airflow/.local/lib/python3.7/site-packages/airflow/example_dags/example_short_circuit_operator.py took 0.219 seconds
