[2023-02-13T12:21:35.730+0000] {processor.py:153} INFO - Started process (PID=313) to work on /home/airflow/.local/lib/python3.7/site-packages/airflow/example_dags/example_branch_datetime_operator.py
[2023-02-13T12:21:35.731+0000] {processor.py:743} INFO - Processing file /home/airflow/.local/lib/python3.7/site-packages/airflow/example_dags/example_branch_datetime_operator.py for tasks to queue
[2023-02-13T12:21:35.731+0000] {logging_mixin.py:137} INFO - [2023-02-13T12:21:35.731+0000] {dagbag.py:538} INFO - Filling up the DagBag from /home/airflow/.local/lib/python3.7/site-packages/airflow/example_dags/example_branch_datetime_operator.py
[2023-02-13T12:21:35.754+0000] {processor.py:753} INFO - DAG(s) dict_keys(['example_branch_datetime_operator', 'example_branch_datetime_operator_3', 'example_branch_datetime_operator_2']) retrieved from /home/airflow/.local/lib/python3.7/site-packages/airflow/example_dags/example_branch_datetime_operator.py
[2023-02-13T12:21:35.789+0000] {logging_mixin.py:137} INFO - [2023-02-13T12:21:35.788+0000] {dag.py:2690} INFO - Sync 3 DAGs
[2023-02-13T12:21:35.823+0000] {logging_mixin.py:137} INFO - [2023-02-13T12:21:35.823+0000] {dag.py:3441} INFO - Setting next_dagrun for example_branch_datetime_operator to 2023-02-12T00:00:00+00:00, run_after=2023-02-13T00:00:00+00:00
[2023-02-13T12:21:35.833+0000] {logging_mixin.py:137} INFO - [2023-02-13T12:21:35.833+0000] {dag.py:3441} INFO - Setting next_dagrun for example_branch_datetime_operator_2 to 2023-02-12T00:00:00+00:00, run_after=2023-02-13T00:00:00+00:00
[2023-02-13T12:21:35.838+0000] {logging_mixin.py:137} INFO - [2023-02-13T12:21:35.838+0000] {dag.py:3441} INFO - Setting next_dagrun for example_branch_datetime_operator_3 to 2023-02-12T00:00:00+00:00, run_after=2023-02-13T00:00:00+00:00
[2023-02-13T12:21:35.974+0000] {processor.py:175} INFO - Processing /home/airflow/.local/lib/python3.7/site-packages/airflow/example_dags/example_branch_datetime_operator.py took 0.247 seconds
[2023-02-13T12:22:06.113+0000] {processor.py:153} INFO - Started process (PID=543) to work on /home/airflow/.local/lib/python3.7/site-packages/airflow/example_dags/example_branch_datetime_operator.py
[2023-02-13T12:22:06.114+0000] {processor.py:743} INFO - Processing file /home/airflow/.local/lib/python3.7/site-packages/airflow/example_dags/example_branch_datetime_operator.py for tasks to queue
[2023-02-13T12:22:06.115+0000] {logging_mixin.py:137} INFO - [2023-02-13T12:22:06.115+0000] {dagbag.py:538} INFO - Filling up the DagBag from /home/airflow/.local/lib/python3.7/site-packages/airflow/example_dags/example_branch_datetime_operator.py
[2023-02-13T12:22:06.153+0000] {processor.py:753} INFO - DAG(s) dict_keys(['example_branch_datetime_operator_3', 'example_branch_datetime_operator', 'example_branch_datetime_operator_2']) retrieved from /home/airflow/.local/lib/python3.7/site-packages/airflow/example_dags/example_branch_datetime_operator.py
[2023-02-13T12:22:06.207+0000] {logging_mixin.py:137} INFO - [2023-02-13T12:22:06.207+0000] {dag.py:2690} INFO - Sync 3 DAGs
[2023-02-13T12:22:06.241+0000] {logging_mixin.py:137} INFO - [2023-02-13T12:22:06.240+0000] {dag.py:3441} INFO - Setting next_dagrun for example_branch_datetime_operator to 2023-02-12T00:00:00+00:00, run_after=2023-02-13T00:00:00+00:00
[2023-02-13T12:22:06.246+0000] {logging_mixin.py:137} INFO - [2023-02-13T12:22:06.246+0000] {dag.py:3441} INFO - Setting next_dagrun for example_branch_datetime_operator_2 to 2023-02-12T00:00:00+00:00, run_after=2023-02-13T00:00:00+00:00
[2023-02-13T12:22:06.250+0000] {logging_mixin.py:137} INFO - [2023-02-13T12:22:06.249+0000] {dag.py:3441} INFO - Setting next_dagrun for example_branch_datetime_operator_3 to 2023-02-12T00:00:00+00:00, run_after=2023-02-13T00:00:00+00:00
[2023-02-13T12:22:06.290+0000] {processor.py:175} INFO - Processing /home/airflow/.local/lib/python3.7/site-packages/airflow/example_dags/example_branch_datetime_operator.py took 0.182 seconds
[2023-02-13T12:24:12.423+0000] {processor.py:153} INFO - Started process (PID=313) to work on /home/airflow/.local/lib/python3.7/site-packages/airflow/example_dags/example_branch_datetime_operator.py
[2023-02-13T12:24:12.426+0000] {processor.py:743} INFO - Processing file /home/airflow/.local/lib/python3.7/site-packages/airflow/example_dags/example_branch_datetime_operator.py for tasks to queue
[2023-02-13T12:24:12.429+0000] {logging_mixin.py:137} INFO - [2023-02-13T12:24:12.428+0000] {dagbag.py:538} INFO - Filling up the DagBag from /home/airflow/.local/lib/python3.7/site-packages/airflow/example_dags/example_branch_datetime_operator.py
[2023-02-13T12:24:12.465+0000] {processor.py:753} INFO - DAG(s) dict_keys(['example_branch_datetime_operator_2', 'example_branch_datetime_operator_3', 'example_branch_datetime_operator']) retrieved from /home/airflow/.local/lib/python3.7/site-packages/airflow/example_dags/example_branch_datetime_operator.py
[2023-02-13T12:24:12.523+0000] {logging_mixin.py:137} INFO - [2023-02-13T12:24:12.523+0000] {dag.py:2690} INFO - Sync 3 DAGs
[2023-02-13T12:24:12.583+0000] {logging_mixin.py:137} INFO - [2023-02-13T12:24:12.583+0000] {dag.py:3441} INFO - Setting next_dagrun for example_branch_datetime_operator to 2023-02-12T00:00:00+00:00, run_after=2023-02-13T00:00:00+00:00
[2023-02-13T12:24:12.591+0000] {logging_mixin.py:137} INFO - [2023-02-13T12:24:12.590+0000] {dag.py:3441} INFO - Setting next_dagrun for example_branch_datetime_operator_2 to 2023-02-12T00:00:00+00:00, run_after=2023-02-13T00:00:00+00:00
[2023-02-13T12:24:12.598+0000] {logging_mixin.py:137} INFO - [2023-02-13T12:24:12.598+0000] {dag.py:3441} INFO - Setting next_dagrun for example_branch_datetime_operator_3 to 2023-02-12T00:00:00+00:00, run_after=2023-02-13T00:00:00+00:00
[2023-02-13T12:24:12.678+0000] {processor.py:175} INFO - Processing /home/airflow/.local/lib/python3.7/site-packages/airflow/example_dags/example_branch_datetime_operator.py took 0.261 seconds
[2023-02-13T12:24:43.407+0000] {processor.py:153} INFO - Started process (PID=540) to work on /home/airflow/.local/lib/python3.7/site-packages/airflow/example_dags/example_branch_datetime_operator.py
[2023-02-13T12:24:43.408+0000] {processor.py:743} INFO - Processing file /home/airflow/.local/lib/python3.7/site-packages/airflow/example_dags/example_branch_datetime_operator.py for tasks to queue
[2023-02-13T12:24:43.410+0000] {logging_mixin.py:137} INFO - [2023-02-13T12:24:43.410+0000] {dagbag.py:538} INFO - Filling up the DagBag from /home/airflow/.local/lib/python3.7/site-packages/airflow/example_dags/example_branch_datetime_operator.py
[2023-02-13T12:24:43.448+0000] {processor.py:753} INFO - DAG(s) dict_keys(['example_branch_datetime_operator_2', 'example_branch_datetime_operator', 'example_branch_datetime_operator_3']) retrieved from /home/airflow/.local/lib/python3.7/site-packages/airflow/example_dags/example_branch_datetime_operator.py
[2023-02-13T12:24:43.509+0000] {logging_mixin.py:137} INFO - [2023-02-13T12:24:43.509+0000] {dag.py:2690} INFO - Sync 3 DAGs
[2023-02-13T12:24:43.556+0000] {logging_mixin.py:137} INFO - [2023-02-13T12:24:43.556+0000] {dag.py:3441} INFO - Setting next_dagrun for example_branch_datetime_operator to 2023-02-12T00:00:00+00:00, run_after=2023-02-13T00:00:00+00:00
[2023-02-13T12:24:43.568+0000] {logging_mixin.py:137} INFO - [2023-02-13T12:24:43.568+0000] {dag.py:3441} INFO - Setting next_dagrun for example_branch_datetime_operator_2 to 2023-02-12T00:00:00+00:00, run_after=2023-02-13T00:00:00+00:00
[2023-02-13T12:24:43.572+0000] {logging_mixin.py:137} INFO - [2023-02-13T12:24:43.572+0000] {dag.py:3441} INFO - Setting next_dagrun for example_branch_datetime_operator_3 to 2023-02-12T00:00:00+00:00, run_after=2023-02-13T00:00:00+00:00
[2023-02-13T12:24:43.740+0000] {processor.py:175} INFO - Processing /home/airflow/.local/lib/python3.7/site-packages/airflow/example_dags/example_branch_datetime_operator.py took 0.338 seconds
[2023-02-13T12:25:13.842+0000] {processor.py:153} INFO - Started process (PID=767) to work on /home/airflow/.local/lib/python3.7/site-packages/airflow/example_dags/example_branch_datetime_operator.py
[2023-02-13T12:25:13.846+0000] {processor.py:743} INFO - Processing file /home/airflow/.local/lib/python3.7/site-packages/airflow/example_dags/example_branch_datetime_operator.py for tasks to queue
[2023-02-13T12:25:13.847+0000] {logging_mixin.py:137} INFO - [2023-02-13T12:25:13.847+0000] {dagbag.py:538} INFO - Filling up the DagBag from /home/airflow/.local/lib/python3.7/site-packages/airflow/example_dags/example_branch_datetime_operator.py
[2023-02-13T12:25:13.870+0000] {processor.py:753} INFO - DAG(s) dict_keys(['example_branch_datetime_operator', 'example_branch_datetime_operator_3', 'example_branch_datetime_operator_2']) retrieved from /home/airflow/.local/lib/python3.7/site-packages/airflow/example_dags/example_branch_datetime_operator.py
[2023-02-13T12:25:13.907+0000] {logging_mixin.py:137} INFO - [2023-02-13T12:25:13.907+0000] {dag.py:2690} INFO - Sync 3 DAGs
[2023-02-13T12:25:13.937+0000] {logging_mixin.py:137} INFO - [2023-02-13T12:25:13.937+0000] {dag.py:3441} INFO - Setting next_dagrun for example_branch_datetime_operator to 2023-02-12T00:00:00+00:00, run_after=2023-02-13T00:00:00+00:00
[2023-02-13T12:25:13.943+0000] {logging_mixin.py:137} INFO - [2023-02-13T12:25:13.942+0000] {dag.py:3441} INFO - Setting next_dagrun for example_branch_datetime_operator_2 to 2023-02-12T00:00:00+00:00, run_after=2023-02-13T00:00:00+00:00
[2023-02-13T12:25:13.946+0000] {logging_mixin.py:137} INFO - [2023-02-13T12:25:13.946+0000] {dag.py:3441} INFO - Setting next_dagrun for example_branch_datetime_operator_3 to 2023-02-12T00:00:00+00:00, run_after=2023-02-13T00:00:00+00:00
[2023-02-13T12:25:14.006+0000] {processor.py:175} INFO - Processing /home/airflow/.local/lib/python3.7/site-packages/airflow/example_dags/example_branch_datetime_operator.py took 0.169 seconds
[2023-02-13T12:25:45.830+0000] {processor.py:153} INFO - Started process (PID=994) to work on /home/airflow/.local/lib/python3.7/site-packages/airflow/example_dags/example_branch_datetime_operator.py
[2023-02-13T12:25:45.847+0000] {processor.py:743} INFO - Processing file /home/airflow/.local/lib/python3.7/site-packages/airflow/example_dags/example_branch_datetime_operator.py for tasks to queue
[2023-02-13T12:25:45.848+0000] {logging_mixin.py:137} INFO - [2023-02-13T12:25:45.847+0000] {dagbag.py:538} INFO - Filling up the DagBag from /home/airflow/.local/lib/python3.7/site-packages/airflow/example_dags/example_branch_datetime_operator.py
[2023-02-13T12:25:45.878+0000] {processor.py:753} INFO - DAG(s) dict_keys(['example_branch_datetime_operator_3', 'example_branch_datetime_operator_2', 'example_branch_datetime_operator']) retrieved from /home/airflow/.local/lib/python3.7/site-packages/airflow/example_dags/example_branch_datetime_operator.py
[2023-02-13T12:25:45.936+0000] {logging_mixin.py:137} INFO - [2023-02-13T12:25:45.936+0000] {dag.py:2690} INFO - Sync 3 DAGs
[2023-02-13T12:25:45.991+0000] {logging_mixin.py:137} INFO - [2023-02-13T12:25:45.991+0000] {dag.py:3441} INFO - Setting next_dagrun for example_branch_datetime_operator to 2023-02-12T00:00:00+00:00, run_after=2023-02-13T00:00:00+00:00
[2023-02-13T12:25:46.003+0000] {logging_mixin.py:137} INFO - [2023-02-13T12:25:46.003+0000] {dag.py:3441} INFO - Setting next_dagrun for example_branch_datetime_operator_2 to 2023-02-12T00:00:00+00:00, run_after=2023-02-13T00:00:00+00:00
[2023-02-13T12:25:46.007+0000] {logging_mixin.py:137} INFO - [2023-02-13T12:25:46.007+0000] {dag.py:3441} INFO - Setting next_dagrun for example_branch_datetime_operator_3 to 2023-02-12T00:00:00+00:00, run_after=2023-02-13T00:00:00+00:00
[2023-02-13T12:25:46.099+0000] {processor.py:175} INFO - Processing /home/airflow/.local/lib/python3.7/site-packages/airflow/example_dags/example_branch_datetime_operator.py took 0.277 seconds
[2023-02-13T12:26:16.866+0000] {processor.py:153} INFO - Started process (PID=1221) to work on /home/airflow/.local/lib/python3.7/site-packages/airflow/example_dags/example_branch_datetime_operator.py
[2023-02-13T12:26:16.877+0000] {processor.py:743} INFO - Processing file /home/airflow/.local/lib/python3.7/site-packages/airflow/example_dags/example_branch_datetime_operator.py for tasks to queue
[2023-02-13T12:26:16.879+0000] {logging_mixin.py:137} INFO - [2023-02-13T12:26:16.879+0000] {dagbag.py:538} INFO - Filling up the DagBag from /home/airflow/.local/lib/python3.7/site-packages/airflow/example_dags/example_branch_datetime_operator.py
[2023-02-13T12:26:16.917+0000] {processor.py:753} INFO - DAG(s) dict_keys(['example_branch_datetime_operator_2', 'example_branch_datetime_operator_3', 'example_branch_datetime_operator']) retrieved from /home/airflow/.local/lib/python3.7/site-packages/airflow/example_dags/example_branch_datetime_operator.py
[2023-02-13T12:26:16.975+0000] {logging_mixin.py:137} INFO - [2023-02-13T12:26:16.975+0000] {dag.py:2690} INFO - Sync 3 DAGs
[2023-02-13T12:26:17.026+0000] {logging_mixin.py:137} INFO - [2023-02-13T12:26:17.026+0000] {dag.py:3441} INFO - Setting next_dagrun for example_branch_datetime_operator to 2023-02-12T00:00:00+00:00, run_after=2023-02-13T00:00:00+00:00
[2023-02-13T12:26:17.039+0000] {logging_mixin.py:137} INFO - [2023-02-13T12:26:17.039+0000] {dag.py:3441} INFO - Setting next_dagrun for example_branch_datetime_operator_2 to 2023-02-12T00:00:00+00:00, run_after=2023-02-13T00:00:00+00:00
[2023-02-13T12:26:17.044+0000] {logging_mixin.py:137} INFO - [2023-02-13T12:26:17.043+0000] {dag.py:3441} INFO - Setting next_dagrun for example_branch_datetime_operator_3 to 2023-02-12T00:00:00+00:00, run_after=2023-02-13T00:00:00+00:00
[2023-02-13T12:26:17.127+0000] {processor.py:175} INFO - Processing /home/airflow/.local/lib/python3.7/site-packages/airflow/example_dags/example_branch_datetime_operator.py took 0.270 seconds
[2023-02-13T12:26:47.436+0000] {processor.py:153} INFO - Started process (PID=1447) to work on /home/airflow/.local/lib/python3.7/site-packages/airflow/example_dags/example_branch_datetime_operator.py
[2023-02-13T12:26:47.450+0000] {processor.py:743} INFO - Processing file /home/airflow/.local/lib/python3.7/site-packages/airflow/example_dags/example_branch_datetime_operator.py for tasks to queue
[2023-02-13T12:26:47.451+0000] {logging_mixin.py:137} INFO - [2023-02-13T12:26:47.451+0000] {dagbag.py:538} INFO - Filling up the DagBag from /home/airflow/.local/lib/python3.7/site-packages/airflow/example_dags/example_branch_datetime_operator.py
[2023-02-13T12:26:47.481+0000] {processor.py:753} INFO - DAG(s) dict_keys(['example_branch_datetime_operator', 'example_branch_datetime_operator_2', 'example_branch_datetime_operator_3']) retrieved from /home/airflow/.local/lib/python3.7/site-packages/airflow/example_dags/example_branch_datetime_operator.py
[2023-02-13T12:26:47.518+0000] {logging_mixin.py:137} INFO - [2023-02-13T12:26:47.518+0000] {dag.py:2690} INFO - Sync 3 DAGs
[2023-02-13T12:26:47.549+0000] {logging_mixin.py:137} INFO - [2023-02-13T12:26:47.549+0000] {dag.py:3441} INFO - Setting next_dagrun for example_branch_datetime_operator to 2023-02-12T00:00:00+00:00, run_after=2023-02-13T00:00:00+00:00
[2023-02-13T12:26:47.555+0000] {logging_mixin.py:137} INFO - [2023-02-13T12:26:47.555+0000] {dag.py:3441} INFO - Setting next_dagrun for example_branch_datetime_operator_2 to 2023-02-12T00:00:00+00:00, run_after=2023-02-13T00:00:00+00:00
[2023-02-13T12:26:47.558+0000] {logging_mixin.py:137} INFO - [2023-02-13T12:26:47.558+0000] {dag.py:3441} INFO - Setting next_dagrun for example_branch_datetime_operator_3 to 2023-02-12T00:00:00+00:00, run_after=2023-02-13T00:00:00+00:00
[2023-02-13T12:26:47.631+0000] {processor.py:175} INFO - Processing /home/airflow/.local/lib/python3.7/site-packages/airflow/example_dags/example_branch_datetime_operator.py took 0.200 seconds
[2023-02-13T12:27:18.045+0000] {processor.py:153} INFO - Started process (PID=1680) to work on /home/airflow/.local/lib/python3.7/site-packages/airflow/example_dags/example_branch_datetime_operator.py
[2023-02-13T12:27:18.046+0000] {processor.py:743} INFO - Processing file /home/airflow/.local/lib/python3.7/site-packages/airflow/example_dags/example_branch_datetime_operator.py for tasks to queue
[2023-02-13T12:27:18.046+0000] {logging_mixin.py:137} INFO - [2023-02-13T12:27:18.046+0000] {dagbag.py:538} INFO - Filling up the DagBag from /home/airflow/.local/lib/python3.7/site-packages/airflow/example_dags/example_branch_datetime_operator.py
[2023-02-13T12:27:18.068+0000] {processor.py:753} INFO - DAG(s) dict_keys(['example_branch_datetime_operator_3', 'example_branch_datetime_operator', 'example_branch_datetime_operator_2']) retrieved from /home/airflow/.local/lib/python3.7/site-packages/airflow/example_dags/example_branch_datetime_operator.py
[2023-02-13T12:27:18.103+0000] {logging_mixin.py:137} INFO - [2023-02-13T12:27:18.103+0000] {dag.py:2690} INFO - Sync 3 DAGs
[2023-02-13T12:27:18.134+0000] {logging_mixin.py:137} INFO - [2023-02-13T12:27:18.134+0000] {dag.py:3441} INFO - Setting next_dagrun for example_branch_datetime_operator to 2023-02-12T00:00:00+00:00, run_after=2023-02-13T00:00:00+00:00
[2023-02-13T12:27:18.141+0000] {logging_mixin.py:137} INFO - [2023-02-13T12:27:18.141+0000] {dag.py:3441} INFO - Setting next_dagrun for example_branch_datetime_operator_2 to 2023-02-12T00:00:00+00:00, run_after=2023-02-13T00:00:00+00:00
[2023-02-13T12:27:18.145+0000] {logging_mixin.py:137} INFO - [2023-02-13T12:27:18.145+0000] {dag.py:3441} INFO - Setting next_dagrun for example_branch_datetime_operator_3 to 2023-02-12T00:00:00+00:00, run_after=2023-02-13T00:00:00+00:00
[2023-02-13T12:27:18.204+0000] {processor.py:175} INFO - Processing /home/airflow/.local/lib/python3.7/site-packages/airflow/example_dags/example_branch_datetime_operator.py took 0.163 seconds
[2023-02-13T12:27:48.831+0000] {processor.py:153} INFO - Started process (PID=1902) to work on /home/airflow/.local/lib/python3.7/site-packages/airflow/example_dags/example_branch_datetime_operator.py
[2023-02-13T12:27:48.832+0000] {processor.py:743} INFO - Processing file /home/airflow/.local/lib/python3.7/site-packages/airflow/example_dags/example_branch_datetime_operator.py for tasks to queue
[2023-02-13T12:27:48.832+0000] {logging_mixin.py:137} INFO - [2023-02-13T12:27:48.832+0000] {dagbag.py:538} INFO - Filling up the DagBag from /home/airflow/.local/lib/python3.7/site-packages/airflow/example_dags/example_branch_datetime_operator.py
[2023-02-13T12:27:48.854+0000] {processor.py:753} INFO - DAG(s) dict_keys(['example_branch_datetime_operator_2', 'example_branch_datetime_operator', 'example_branch_datetime_operator_3']) retrieved from /home/airflow/.local/lib/python3.7/site-packages/airflow/example_dags/example_branch_datetime_operator.py
[2023-02-13T12:27:48.893+0000] {logging_mixin.py:137} INFO - [2023-02-13T12:27:48.893+0000] {dag.py:2690} INFO - Sync 3 DAGs
[2023-02-13T12:27:48.923+0000] {logging_mixin.py:137} INFO - [2023-02-13T12:27:48.923+0000] {dag.py:3441} INFO - Setting next_dagrun for example_branch_datetime_operator to 2023-02-12T00:00:00+00:00, run_after=2023-02-13T00:00:00+00:00
[2023-02-13T12:27:48.930+0000] {logging_mixin.py:137} INFO - [2023-02-13T12:27:48.930+0000] {dag.py:3441} INFO - Setting next_dagrun for example_branch_datetime_operator_2 to 2023-02-12T00:00:00+00:00, run_after=2023-02-13T00:00:00+00:00
[2023-02-13T12:27:48.933+0000] {logging_mixin.py:137} INFO - [2023-02-13T12:27:48.933+0000] {dag.py:3441} INFO - Setting next_dagrun for example_branch_datetime_operator_3 to 2023-02-12T00:00:00+00:00, run_after=2023-02-13T00:00:00+00:00
[2023-02-13T12:27:48.973+0000] {processor.py:175} INFO - Processing /home/airflow/.local/lib/python3.7/site-packages/airflow/example_dags/example_branch_datetime_operator.py took 0.147 seconds
[2023-02-13T12:28:19.136+0000] {processor.py:153} INFO - Started process (PID=2129) to work on /home/airflow/.local/lib/python3.7/site-packages/airflow/example_dags/example_branch_datetime_operator.py
[2023-02-13T12:28:19.137+0000] {processor.py:743} INFO - Processing file /home/airflow/.local/lib/python3.7/site-packages/airflow/example_dags/example_branch_datetime_operator.py for tasks to queue
[2023-02-13T12:28:19.138+0000] {logging_mixin.py:137} INFO - [2023-02-13T12:28:19.137+0000] {dagbag.py:538} INFO - Filling up the DagBag from /home/airflow/.local/lib/python3.7/site-packages/airflow/example_dags/example_branch_datetime_operator.py
[2023-02-13T12:28:19.160+0000] {processor.py:753} INFO - DAG(s) dict_keys(['example_branch_datetime_operator', 'example_branch_datetime_operator_2', 'example_branch_datetime_operator_3']) retrieved from /home/airflow/.local/lib/python3.7/site-packages/airflow/example_dags/example_branch_datetime_operator.py
[2023-02-13T12:28:19.196+0000] {logging_mixin.py:137} INFO - [2023-02-13T12:28:19.196+0000] {dag.py:2690} INFO - Sync 3 DAGs
[2023-02-13T12:28:19.229+0000] {logging_mixin.py:137} INFO - [2023-02-13T12:28:19.229+0000] {dag.py:3441} INFO - Setting next_dagrun for example_branch_datetime_operator to 2023-02-12T00:00:00+00:00, run_after=2023-02-13T00:00:00+00:00
[2023-02-13T12:28:19.235+0000] {logging_mixin.py:137} INFO - [2023-02-13T12:28:19.235+0000] {dag.py:3441} INFO - Setting next_dagrun for example_branch_datetime_operator_2 to 2023-02-12T00:00:00+00:00, run_after=2023-02-13T00:00:00+00:00
[2023-02-13T12:28:19.239+0000] {logging_mixin.py:137} INFO - [2023-02-13T12:28:19.239+0000] {dag.py:3441} INFO - Setting next_dagrun for example_branch_datetime_operator_3 to 2023-02-12T00:00:00+00:00, run_after=2023-02-13T00:00:00+00:00
[2023-02-13T12:28:19.279+0000] {processor.py:175} INFO - Processing /home/airflow/.local/lib/python3.7/site-packages/airflow/example_dags/example_branch_datetime_operator.py took 0.147 seconds
[2023-02-13T12:28:50.428+0000] {processor.py:153} INFO - Started process (PID=2373) to work on /home/airflow/.local/lib/python3.7/site-packages/airflow/example_dags/example_branch_datetime_operator.py
[2023-02-13T12:28:50.510+0000] {processor.py:743} INFO - Processing file /home/airflow/.local/lib/python3.7/site-packages/airflow/example_dags/example_branch_datetime_operator.py for tasks to queue
[2023-02-13T12:28:50.510+0000] {logging_mixin.py:137} INFO - [2023-02-13T12:28:50.510+0000] {dagbag.py:538} INFO - Filling up the DagBag from /home/airflow/.local/lib/python3.7/site-packages/airflow/example_dags/example_branch_datetime_operator.py
[2023-02-13T12:28:50.535+0000] {processor.py:753} INFO - DAG(s) dict_keys(['example_branch_datetime_operator', 'example_branch_datetime_operator_3', 'example_branch_datetime_operator_2']) retrieved from /home/airflow/.local/lib/python3.7/site-packages/airflow/example_dags/example_branch_datetime_operator.py
[2023-02-13T12:28:50.576+0000] {logging_mixin.py:137} INFO - [2023-02-13T12:28:50.576+0000] {dag.py:2690} INFO - Sync 3 DAGs
[2023-02-13T12:28:50.622+0000] {logging_mixin.py:137} INFO - [2023-02-13T12:28:50.622+0000] {dag.py:3441} INFO - Setting next_dagrun for example_branch_datetime_operator to 2023-02-12T00:00:00+00:00, run_after=2023-02-13T00:00:00+00:00
[2023-02-13T12:28:50.629+0000] {logging_mixin.py:137} INFO - [2023-02-13T12:28:50.629+0000] {dag.py:3441} INFO - Setting next_dagrun for example_branch_datetime_operator_2 to 2023-02-12T00:00:00+00:00, run_after=2023-02-13T00:00:00+00:00
[2023-02-13T12:28:50.634+0000] {logging_mixin.py:137} INFO - [2023-02-13T12:28:50.634+0000] {dag.py:3441} INFO - Setting next_dagrun for example_branch_datetime_operator_3 to 2023-02-12T00:00:00+00:00, run_after=2023-02-13T00:00:00+00:00
[2023-02-13T12:28:50.683+0000] {processor.py:175} INFO - Processing /home/airflow/.local/lib/python3.7/site-packages/airflow/example_dags/example_branch_datetime_operator.py took 0.259 seconds
[2023-02-13T12:29:20.789+0000] {processor.py:153} INFO - Started process (PID=2600) to work on /home/airflow/.local/lib/python3.7/site-packages/airflow/example_dags/example_branch_datetime_operator.py
[2023-02-13T12:29:20.795+0000] {processor.py:743} INFO - Processing file /home/airflow/.local/lib/python3.7/site-packages/airflow/example_dags/example_branch_datetime_operator.py for tasks to queue
[2023-02-13T12:29:20.800+0000] {logging_mixin.py:137} INFO - [2023-02-13T12:29:20.799+0000] {dagbag.py:538} INFO - Filling up the DagBag from /home/airflow/.local/lib/python3.7/site-packages/airflow/example_dags/example_branch_datetime_operator.py
[2023-02-13T12:29:20.857+0000] {processor.py:753} INFO - DAG(s) dict_keys(['example_branch_datetime_operator_3', 'example_branch_datetime_operator_2', 'example_branch_datetime_operator']) retrieved from /home/airflow/.local/lib/python3.7/site-packages/airflow/example_dags/example_branch_datetime_operator.py
[2023-02-13T12:29:20.921+0000] {logging_mixin.py:137} INFO - [2023-02-13T12:29:20.921+0000] {dag.py:2690} INFO - Sync 3 DAGs
[2023-02-13T12:29:20.977+0000] {logging_mixin.py:137} INFO - [2023-02-13T12:29:20.977+0000] {dag.py:3441} INFO - Setting next_dagrun for example_branch_datetime_operator to 2023-02-12T00:00:00+00:00, run_after=2023-02-13T00:00:00+00:00
[2023-02-13T12:29:20.985+0000] {logging_mixin.py:137} INFO - [2023-02-13T12:29:20.985+0000] {dag.py:3441} INFO - Setting next_dagrun for example_branch_datetime_operator_2 to 2023-02-12T00:00:00+00:00, run_after=2023-02-13T00:00:00+00:00
[2023-02-13T12:29:20.989+0000] {logging_mixin.py:137} INFO - [2023-02-13T12:29:20.989+0000] {dag.py:3441} INFO - Setting next_dagrun for example_branch_datetime_operator_3 to 2023-02-12T00:00:00+00:00, run_after=2023-02-13T00:00:00+00:00
[2023-02-13T12:29:21.050+0000] {processor.py:175} INFO - Processing /home/airflow/.local/lib/python3.7/site-packages/airflow/example_dags/example_branch_datetime_operator.py took 0.265 seconds
