[2023-02-13T12:21:36.424+0000] {processor.py:153} INFO - Started process (PID=345) to work on /home/airflow/.local/lib/python3.7/site-packages/airflow/example_dags/example_subdag_operator.py
[2023-02-13T12:21:36.425+0000] {processor.py:743} INFO - Processing file /home/airflow/.local/lib/python3.7/site-packages/airflow/example_dags/example_subdag_operator.py for tasks to queue
[2023-02-13T12:21:36.426+0000] {logging_mixin.py:137} INFO - [2023-02-13T12:21:36.426+0000] {dagbag.py:538} INFO - Filling up the DagBag from /home/airflow/.local/lib/python3.7/site-packages/airflow/example_dags/example_subdag_operator.py
[2023-02-13T12:21:36.494+0000] {processor.py:753} INFO - DAG(s) dict_keys(['example_subdag_operator.section-1', 'example_subdag_operator.section-2', 'example_subdag_operator']) retrieved from /home/airflow/.local/lib/python3.7/site-packages/airflow/example_dags/example_subdag_operator.py
[2023-02-13T12:21:36.522+0000] {logging_mixin.py:137} INFO - [2023-02-13T12:21:36.522+0000] {dag.py:2690} INFO - Sync 3 DAGs
[2023-02-13T12:21:36.563+0000] {logging_mixin.py:137} INFO - [2023-02-13T12:21:36.563+0000] {dag.py:3441} INFO - Setting next_dagrun for example_subdag_operator to 2022-01-01T00:00:00+00:00, run_after=2022-01-01T00:00:00+00:00
[2023-02-13T12:21:36.570+0000] {logging_mixin.py:137} INFO - [2023-02-13T12:21:36.569+0000] {dag.py:3441} INFO - Setting next_dagrun for example_subdag_operator.section-1 to None, run_after=None
[2023-02-13T12:21:36.573+0000] {logging_mixin.py:137} INFO - [2023-02-13T12:21:36.573+0000] {dag.py:3441} INFO - Setting next_dagrun for example_subdag_operator.section-2 to None, run_after=None
[2023-02-13T12:21:36.583+0000] {logging_mixin.py:137} INFO - [2023-02-13T12:21:36.583+0000] {dag.py:2690} INFO - Sync 2 DAGs
[2023-02-13T12:21:36.592+0000] {logging_mixin.py:137} INFO - [2023-02-13T12:21:36.592+0000] {dag.py:3441} INFO - Setting next_dagrun for example_subdag_operator.section-1 to None, run_after=None
[2023-02-13T12:21:36.593+0000] {logging_mixin.py:137} INFO - [2023-02-13T12:21:36.593+0000] {dag.py:3441} INFO - Setting next_dagrun for example_subdag_operator.section-2 to None, run_after=None
[2023-02-13T12:21:36.691+0000] {processor.py:175} INFO - Processing /home/airflow/.local/lib/python3.7/site-packages/airflow/example_dags/example_subdag_operator.py took 0.272 seconds
[2023-02-13T12:22:07.404+0000] {processor.py:153} INFO - Started process (PID=575) to work on /home/airflow/.local/lib/python3.7/site-packages/airflow/example_dags/example_subdag_operator.py
[2023-02-13T12:22:07.563+0000] {processor.py:743} INFO - Processing file /home/airflow/.local/lib/python3.7/site-packages/airflow/example_dags/example_subdag_operator.py for tasks to queue
[2023-02-13T12:22:07.566+0000] {logging_mixin.py:137} INFO - [2023-02-13T12:22:07.565+0000] {dagbag.py:538} INFO - Filling up the DagBag from /home/airflow/.local/lib/python3.7/site-packages/airflow/example_dags/example_subdag_operator.py
[2023-02-13T12:22:07.628+0000] {processor.py:753} INFO - DAG(s) dict_keys(['example_subdag_operator.section-1', 'example_subdag_operator.section-2', 'example_subdag_operator']) retrieved from /home/airflow/.local/lib/python3.7/site-packages/airflow/example_dags/example_subdag_operator.py
[2023-02-13T12:22:07.649+0000] {logging_mixin.py:137} INFO - [2023-02-13T12:22:07.648+0000] {dag.py:2690} INFO - Sync 3 DAGs
[2023-02-13T12:22:07.682+0000] {logging_mixin.py:137} INFO - [2023-02-13T12:22:07.682+0000] {dag.py:3441} INFO - Setting next_dagrun for example_subdag_operator to 2022-01-01T00:00:00+00:00, run_after=2022-01-01T00:00:00+00:00
[2023-02-13T12:22:07.686+0000] {logging_mixin.py:137} INFO - [2023-02-13T12:22:07.686+0000] {dag.py:3441} INFO - Setting next_dagrun for example_subdag_operator.section-1 to None, run_after=None
[2023-02-13T12:22:07.687+0000] {logging_mixin.py:137} INFO - [2023-02-13T12:22:07.687+0000] {dag.py:3441} INFO - Setting next_dagrun for example_subdag_operator.section-2 to None, run_after=None
[2023-02-13T12:22:07.696+0000] {logging_mixin.py:137} INFO - [2023-02-13T12:22:07.696+0000] {dag.py:2690} INFO - Sync 2 DAGs
[2023-02-13T12:22:07.702+0000] {logging_mixin.py:137} INFO - [2023-02-13T12:22:07.702+0000] {dag.py:3441} INFO - Setting next_dagrun for example_subdag_operator.section-1 to None, run_after=None
[2023-02-13T12:22:07.702+0000] {logging_mixin.py:137} INFO - [2023-02-13T12:22:07.702+0000] {dag.py:3441} INFO - Setting next_dagrun for example_subdag_operator.section-2 to None, run_after=None
[2023-02-13T12:22:08.005+0000] {processor.py:175} INFO - Processing /home/airflow/.local/lib/python3.7/site-packages/airflow/example_dags/example_subdag_operator.py took 0.605 seconds
[2023-02-13T12:24:13.413+0000] {processor.py:153} INFO - Started process (PID=343) to work on /home/airflow/.local/lib/python3.7/site-packages/airflow/example_dags/example_subdag_operator.py
[2023-02-13T12:24:13.453+0000] {processor.py:743} INFO - Processing file /home/airflow/.local/lib/python3.7/site-packages/airflow/example_dags/example_subdag_operator.py for tasks to queue
[2023-02-13T12:24:13.454+0000] {logging_mixin.py:137} INFO - [2023-02-13T12:24:13.454+0000] {dagbag.py:538} INFO - Filling up the DagBag from /home/airflow/.local/lib/python3.7/site-packages/airflow/example_dags/example_subdag_operator.py
[2023-02-13T12:24:13.522+0000] {processor.py:753} INFO - DAG(s) dict_keys(['example_subdag_operator.section-1', 'example_subdag_operator.section-2', 'example_subdag_operator']) retrieved from /home/airflow/.local/lib/python3.7/site-packages/airflow/example_dags/example_subdag_operator.py
[2023-02-13T12:24:13.563+0000] {logging_mixin.py:137} INFO - [2023-02-13T12:24:13.563+0000] {dag.py:2690} INFO - Sync 3 DAGs
[2023-02-13T12:24:13.621+0000] {logging_mixin.py:137} INFO - [2023-02-13T12:24:13.620+0000] {dag.py:3441} INFO - Setting next_dagrun for example_subdag_operator to 2022-01-01T00:00:00+00:00, run_after=2022-01-01T00:00:00+00:00
[2023-02-13T12:24:13.626+0000] {logging_mixin.py:137} INFO - [2023-02-13T12:24:13.626+0000] {dag.py:3441} INFO - Setting next_dagrun for example_subdag_operator.section-1 to None, run_after=None
[2023-02-13T12:24:13.630+0000] {logging_mixin.py:137} INFO - [2023-02-13T12:24:13.630+0000] {dag.py:3441} INFO - Setting next_dagrun for example_subdag_operator.section-2 to None, run_after=None
[2023-02-13T12:24:13.646+0000] {logging_mixin.py:137} INFO - [2023-02-13T12:24:13.646+0000] {dag.py:2690} INFO - Sync 2 DAGs
[2023-02-13T12:24:13.657+0000] {logging_mixin.py:137} INFO - [2023-02-13T12:24:13.656+0000] {dag.py:3441} INFO - Setting next_dagrun for example_subdag_operator.section-1 to None, run_after=None
[2023-02-13T12:24:13.657+0000] {logging_mixin.py:137} INFO - [2023-02-13T12:24:13.657+0000] {dag.py:3441} INFO - Setting next_dagrun for example_subdag_operator.section-2 to None, run_after=None
[2023-02-13T12:24:13.708+0000] {processor.py:175} INFO - Processing /home/airflow/.local/lib/python3.7/site-packages/airflow/example_dags/example_subdag_operator.py took 0.302 seconds
[2023-02-13T12:24:44.842+0000] {processor.py:153} INFO - Started process (PID=570) to work on /home/airflow/.local/lib/python3.7/site-packages/airflow/example_dags/example_subdag_operator.py
[2023-02-13T12:24:44.875+0000] {processor.py:743} INFO - Processing file /home/airflow/.local/lib/python3.7/site-packages/airflow/example_dags/example_subdag_operator.py for tasks to queue
[2023-02-13T12:24:44.876+0000] {logging_mixin.py:137} INFO - [2023-02-13T12:24:44.876+0000] {dagbag.py:538} INFO - Filling up the DagBag from /home/airflow/.local/lib/python3.7/site-packages/airflow/example_dags/example_subdag_operator.py
[2023-02-13T12:24:44.927+0000] {processor.py:753} INFO - DAG(s) dict_keys(['example_subdag_operator.section-1', 'example_subdag_operator.section-2', 'example_subdag_operator']) retrieved from /home/airflow/.local/lib/python3.7/site-packages/airflow/example_dags/example_subdag_operator.py
[2023-02-13T12:24:44.956+0000] {logging_mixin.py:137} INFO - [2023-02-13T12:24:44.956+0000] {dag.py:2690} INFO - Sync 3 DAGs
[2023-02-13T12:24:45.004+0000] {logging_mixin.py:137} INFO - [2023-02-13T12:24:45.004+0000] {dag.py:3441} INFO - Setting next_dagrun for example_subdag_operator to 2022-01-01T00:00:00+00:00, run_after=2022-01-01T00:00:00+00:00
[2023-02-13T12:24:45.012+0000] {logging_mixin.py:137} INFO - [2023-02-13T12:24:45.011+0000] {dag.py:3441} INFO - Setting next_dagrun for example_subdag_operator.section-1 to None, run_after=None
[2023-02-13T12:24:45.015+0000] {logging_mixin.py:137} INFO - [2023-02-13T12:24:45.014+0000] {dag.py:3441} INFO - Setting next_dagrun for example_subdag_operator.section-2 to None, run_after=None
[2023-02-13T12:24:45.028+0000] {logging_mixin.py:137} INFO - [2023-02-13T12:24:45.027+0000] {dag.py:2690} INFO - Sync 2 DAGs
[2023-02-13T12:24:45.039+0000] {logging_mixin.py:137} INFO - [2023-02-13T12:24:45.039+0000] {dag.py:3441} INFO - Setting next_dagrun for example_subdag_operator.section-1 to None, run_after=None
[2023-02-13T12:24:45.040+0000] {logging_mixin.py:137} INFO - [2023-02-13T12:24:45.040+0000] {dag.py:3441} INFO - Setting next_dagrun for example_subdag_operator.section-2 to None, run_after=None
[2023-02-13T12:24:45.088+0000] {processor.py:175} INFO - Processing /home/airflow/.local/lib/python3.7/site-packages/airflow/example_dags/example_subdag_operator.py took 0.251 seconds
[2023-02-13T12:25:15.495+0000] {processor.py:153} INFO - Started process (PID=797) to work on /home/airflow/.local/lib/python3.7/site-packages/airflow/example_dags/example_subdag_operator.py
[2023-02-13T12:25:15.496+0000] {processor.py:743} INFO - Processing file /home/airflow/.local/lib/python3.7/site-packages/airflow/example_dags/example_subdag_operator.py for tasks to queue
[2023-02-13T12:25:15.497+0000] {logging_mixin.py:137} INFO - [2023-02-13T12:25:15.497+0000] {dagbag.py:538} INFO - Filling up the DagBag from /home/airflow/.local/lib/python3.7/site-packages/airflow/example_dags/example_subdag_operator.py
[2023-02-13T12:25:15.533+0000] {processor.py:753} INFO - DAG(s) dict_keys(['example_subdag_operator.section-1', 'example_subdag_operator.section-2', 'example_subdag_operator']) retrieved from /home/airflow/.local/lib/python3.7/site-packages/airflow/example_dags/example_subdag_operator.py
[2023-02-13T12:25:15.554+0000] {logging_mixin.py:137} INFO - [2023-02-13T12:25:15.553+0000] {dag.py:2690} INFO - Sync 3 DAGs
[2023-02-13T12:25:15.608+0000] {logging_mixin.py:137} INFO - [2023-02-13T12:25:15.607+0000] {dag.py:3441} INFO - Setting next_dagrun for example_subdag_operator to 2022-01-01T00:00:00+00:00, run_after=2022-01-01T00:00:00+00:00
[2023-02-13T12:25:15.615+0000] {logging_mixin.py:137} INFO - [2023-02-13T12:25:15.615+0000] {dag.py:3441} INFO - Setting next_dagrun for example_subdag_operator.section-1 to None, run_after=None
[2023-02-13T12:25:15.617+0000] {logging_mixin.py:137} INFO - [2023-02-13T12:25:15.617+0000] {dag.py:3441} INFO - Setting next_dagrun for example_subdag_operator.section-2 to None, run_after=None
[2023-02-13T12:25:15.631+0000] {logging_mixin.py:137} INFO - [2023-02-13T12:25:15.630+0000] {dag.py:2690} INFO - Sync 2 DAGs
[2023-02-13T12:25:15.640+0000] {logging_mixin.py:137} INFO - [2023-02-13T12:25:15.640+0000] {dag.py:3441} INFO - Setting next_dagrun for example_subdag_operator.section-1 to None, run_after=None
[2023-02-13T12:25:15.640+0000] {logging_mixin.py:137} INFO - [2023-02-13T12:25:15.640+0000] {dag.py:3441} INFO - Setting next_dagrun for example_subdag_operator.section-2 to None, run_after=None
[2023-02-13T12:25:15.716+0000] {processor.py:175} INFO - Processing /home/airflow/.local/lib/python3.7/site-packages/airflow/example_dags/example_subdag_operator.py took 0.224 seconds
[2023-02-13T12:25:47.000+0000] {processor.py:153} INFO - Started process (PID=1026) to work on /home/airflow/.local/lib/python3.7/site-packages/airflow/example_dags/example_subdag_operator.py
[2023-02-13T12:25:47.001+0000] {processor.py:743} INFO - Processing file /home/airflow/.local/lib/python3.7/site-packages/airflow/example_dags/example_subdag_operator.py for tasks to queue
[2023-02-13T12:25:47.002+0000] {logging_mixin.py:137} INFO - [2023-02-13T12:25:47.002+0000] {dagbag.py:538} INFO - Filling up the DagBag from /home/airflow/.local/lib/python3.7/site-packages/airflow/example_dags/example_subdag_operator.py
[2023-02-13T12:25:47.057+0000] {processor.py:753} INFO - DAG(s) dict_keys(['example_subdag_operator.section-1', 'example_subdag_operator.section-2', 'example_subdag_operator']) retrieved from /home/airflow/.local/lib/python3.7/site-packages/airflow/example_dags/example_subdag_operator.py
[2023-02-13T12:25:47.089+0000] {logging_mixin.py:137} INFO - [2023-02-13T12:25:47.089+0000] {dag.py:2690} INFO - Sync 3 DAGs
[2023-02-13T12:25:47.138+0000] {logging_mixin.py:137} INFO - [2023-02-13T12:25:47.138+0000] {dag.py:3441} INFO - Setting next_dagrun for example_subdag_operator to 2022-01-01T00:00:00+00:00, run_after=2022-01-01T00:00:00+00:00
[2023-02-13T12:25:47.144+0000] {logging_mixin.py:137} INFO - [2023-02-13T12:25:47.143+0000] {dag.py:3441} INFO - Setting next_dagrun for example_subdag_operator.section-1 to None, run_after=None
[2023-02-13T12:25:47.148+0000] {logging_mixin.py:137} INFO - [2023-02-13T12:25:47.147+0000] {dag.py:3441} INFO - Setting next_dagrun for example_subdag_operator.section-2 to None, run_after=None
[2023-02-13T12:25:47.158+0000] {logging_mixin.py:137} INFO - [2023-02-13T12:25:47.157+0000] {dag.py:2690} INFO - Sync 2 DAGs
[2023-02-13T12:25:47.169+0000] {logging_mixin.py:137} INFO - [2023-02-13T12:25:47.169+0000] {dag.py:3441} INFO - Setting next_dagrun for example_subdag_operator.section-1 to None, run_after=None
[2023-02-13T12:25:47.169+0000] {logging_mixin.py:137} INFO - [2023-02-13T12:25:47.169+0000] {dag.py:3441} INFO - Setting next_dagrun for example_subdag_operator.section-2 to None, run_after=None
[2023-02-13T12:25:47.234+0000] {processor.py:175} INFO - Processing /home/airflow/.local/lib/python3.7/site-packages/airflow/example_dags/example_subdag_operator.py took 0.238 seconds
[2023-02-13T12:26:17.717+0000] {processor.py:153} INFO - Started process (PID=1251) to work on /home/airflow/.local/lib/python3.7/site-packages/airflow/example_dags/example_subdag_operator.py
[2023-02-13T12:26:17.718+0000] {processor.py:743} INFO - Processing file /home/airflow/.local/lib/python3.7/site-packages/airflow/example_dags/example_subdag_operator.py for tasks to queue
[2023-02-13T12:26:17.719+0000] {logging_mixin.py:137} INFO - [2023-02-13T12:26:17.719+0000] {dagbag.py:538} INFO - Filling up the DagBag from /home/airflow/.local/lib/python3.7/site-packages/airflow/example_dags/example_subdag_operator.py
[2023-02-13T12:26:17.773+0000] {processor.py:753} INFO - DAG(s) dict_keys(['example_subdag_operator.section-1', 'example_subdag_operator.section-2', 'example_subdag_operator']) retrieved from /home/airflow/.local/lib/python3.7/site-packages/airflow/example_dags/example_subdag_operator.py
[2023-02-13T12:26:17.806+0000] {logging_mixin.py:137} INFO - [2023-02-13T12:26:17.805+0000] {dag.py:2690} INFO - Sync 3 DAGs
[2023-02-13T12:26:17.856+0000] {logging_mixin.py:137} INFO - [2023-02-13T12:26:17.856+0000] {dag.py:3441} INFO - Setting next_dagrun for example_subdag_operator to 2022-01-01T00:00:00+00:00, run_after=2022-01-01T00:00:00+00:00
[2023-02-13T12:26:17.865+0000] {logging_mixin.py:137} INFO - [2023-02-13T12:26:17.864+0000] {dag.py:3441} INFO - Setting next_dagrun for example_subdag_operator.section-1 to None, run_after=None
[2023-02-13T12:26:17.866+0000] {logging_mixin.py:137} INFO - [2023-02-13T12:26:17.866+0000] {dag.py:3441} INFO - Setting next_dagrun for example_subdag_operator.section-2 to None, run_after=None
[2023-02-13T12:26:17.881+0000] {logging_mixin.py:137} INFO - [2023-02-13T12:26:17.880+0000] {dag.py:2690} INFO - Sync 2 DAGs
[2023-02-13T12:26:17.889+0000] {logging_mixin.py:137} INFO - [2023-02-13T12:26:17.888+0000] {dag.py:3441} INFO - Setting next_dagrun for example_subdag_operator.section-1 to None, run_after=None
[2023-02-13T12:26:17.889+0000] {logging_mixin.py:137} INFO - [2023-02-13T12:26:17.889+0000] {dag.py:3441} INFO - Setting next_dagrun for example_subdag_operator.section-2 to None, run_after=None
[2023-02-13T12:26:17.939+0000] {processor.py:175} INFO - Processing /home/airflow/.local/lib/python3.7/site-packages/airflow/example_dags/example_subdag_operator.py took 0.225 seconds
[2023-02-13T12:26:47.990+0000] {processor.py:153} INFO - Started process (PID=1472) to work on /home/airflow/.local/lib/python3.7/site-packages/airflow/example_dags/example_subdag_operator.py
[2023-02-13T12:26:47.992+0000] {processor.py:743} INFO - Processing file /home/airflow/.local/lib/python3.7/site-packages/airflow/example_dags/example_subdag_operator.py for tasks to queue
[2023-02-13T12:26:47.993+0000] {logging_mixin.py:137} INFO - [2023-02-13T12:26:47.992+0000] {dagbag.py:538} INFO - Filling up the DagBag from /home/airflow/.local/lib/python3.7/site-packages/airflow/example_dags/example_subdag_operator.py
[2023-02-13T12:26:48.033+0000] {processor.py:753} INFO - DAG(s) dict_keys(['example_subdag_operator.section-1', 'example_subdag_operator.section-2', 'example_subdag_operator']) retrieved from /home/airflow/.local/lib/python3.7/site-packages/airflow/example_dags/example_subdag_operator.py
[2023-02-13T12:26:48.055+0000] {logging_mixin.py:137} INFO - [2023-02-13T12:26:48.055+0000] {dag.py:2690} INFO - Sync 3 DAGs
[2023-02-13T12:26:48.084+0000] {logging_mixin.py:137} INFO - [2023-02-13T12:26:48.084+0000] {dag.py:3441} INFO - Setting next_dagrun for example_subdag_operator to 2022-01-01T00:00:00+00:00, run_after=2022-01-01T00:00:00+00:00
[2023-02-13T12:26:48.089+0000] {logging_mixin.py:137} INFO - [2023-02-13T12:26:48.088+0000] {dag.py:3441} INFO - Setting next_dagrun for example_subdag_operator.section-1 to None, run_after=None
[2023-02-13T12:26:48.090+0000] {logging_mixin.py:137} INFO - [2023-02-13T12:26:48.090+0000] {dag.py:3441} INFO - Setting next_dagrun for example_subdag_operator.section-2 to None, run_after=None
[2023-02-13T12:26:48.099+0000] {logging_mixin.py:137} INFO - [2023-02-13T12:26:48.098+0000] {dag.py:2690} INFO - Sync 2 DAGs
[2023-02-13T12:26:48.106+0000] {logging_mixin.py:137} INFO - [2023-02-13T12:26:48.106+0000] {dag.py:3441} INFO - Setting next_dagrun for example_subdag_operator.section-1 to None, run_after=None
[2023-02-13T12:26:48.106+0000] {logging_mixin.py:137} INFO - [2023-02-13T12:26:48.106+0000] {dag.py:3441} INFO - Setting next_dagrun for example_subdag_operator.section-2 to None, run_after=None
[2023-02-13T12:26:48.149+0000] {processor.py:175} INFO - Processing /home/airflow/.local/lib/python3.7/site-packages/airflow/example_dags/example_subdag_operator.py took 0.163 seconds
[2023-02-13T12:27:18.491+0000] {processor.py:153} INFO - Started process (PID=1705) to work on /home/airflow/.local/lib/python3.7/site-packages/airflow/example_dags/example_subdag_operator.py
[2023-02-13T12:27:18.491+0000] {processor.py:743} INFO - Processing file /home/airflow/.local/lib/python3.7/site-packages/airflow/example_dags/example_subdag_operator.py for tasks to queue
[2023-02-13T12:27:18.492+0000] {logging_mixin.py:137} INFO - [2023-02-13T12:27:18.492+0000] {dagbag.py:538} INFO - Filling up the DagBag from /home/airflow/.local/lib/python3.7/site-packages/airflow/example_dags/example_subdag_operator.py
[2023-02-13T12:27:18.532+0000] {processor.py:753} INFO - DAG(s) dict_keys(['example_subdag_operator.section-1', 'example_subdag_operator.section-2', 'example_subdag_operator']) retrieved from /home/airflow/.local/lib/python3.7/site-packages/airflow/example_dags/example_subdag_operator.py
[2023-02-13T12:27:18.554+0000] {logging_mixin.py:137} INFO - [2023-02-13T12:27:18.554+0000] {dag.py:2690} INFO - Sync 3 DAGs
[2023-02-13T12:27:18.583+0000] {logging_mixin.py:137} INFO - [2023-02-13T12:27:18.583+0000] {dag.py:3441} INFO - Setting next_dagrun for example_subdag_operator to 2022-01-01T00:00:00+00:00, run_after=2022-01-01T00:00:00+00:00
[2023-02-13T12:27:18.587+0000] {logging_mixin.py:137} INFO - [2023-02-13T12:27:18.587+0000] {dag.py:3441} INFO - Setting next_dagrun for example_subdag_operator.section-1 to None, run_after=None
[2023-02-13T12:27:18.588+0000] {logging_mixin.py:137} INFO - [2023-02-13T12:27:18.588+0000] {dag.py:3441} INFO - Setting next_dagrun for example_subdag_operator.section-2 to None, run_after=None
[2023-02-13T12:27:18.597+0000] {logging_mixin.py:137} INFO - [2023-02-13T12:27:18.596+0000] {dag.py:2690} INFO - Sync 2 DAGs
[2023-02-13T12:27:18.604+0000] {logging_mixin.py:137} INFO - [2023-02-13T12:27:18.604+0000] {dag.py:3441} INFO - Setting next_dagrun for example_subdag_operator.section-1 to None, run_after=None
[2023-02-13T12:27:18.604+0000] {logging_mixin.py:137} INFO - [2023-02-13T12:27:18.604+0000] {dag.py:3441} INFO - Setting next_dagrun for example_subdag_operator.section-2 to None, run_after=None
[2023-02-13T12:27:18.653+0000] {processor.py:175} INFO - Processing /home/airflow/.local/lib/python3.7/site-packages/airflow/example_dags/example_subdag_operator.py took 0.166 seconds
[2023-02-13T12:27:49.410+0000] {processor.py:153} INFO - Started process (PID=1932) to work on /home/airflow/.local/lib/python3.7/site-packages/airflow/example_dags/example_subdag_operator.py
[2023-02-13T12:27:49.412+0000] {processor.py:743} INFO - Processing file /home/airflow/.local/lib/python3.7/site-packages/airflow/example_dags/example_subdag_operator.py for tasks to queue
[2023-02-13T12:27:49.413+0000] {logging_mixin.py:137} INFO - [2023-02-13T12:27:49.413+0000] {dagbag.py:538} INFO - Filling up the DagBag from /home/airflow/.local/lib/python3.7/site-packages/airflow/example_dags/example_subdag_operator.py
[2023-02-13T12:27:49.457+0000] {processor.py:753} INFO - DAG(s) dict_keys(['example_subdag_operator.section-1', 'example_subdag_operator.section-2', 'example_subdag_operator']) retrieved from /home/airflow/.local/lib/python3.7/site-packages/airflow/example_dags/example_subdag_operator.py
[2023-02-13T12:27:49.488+0000] {logging_mixin.py:137} INFO - [2023-02-13T12:27:49.488+0000] {dag.py:2690} INFO - Sync 3 DAGs
[2023-02-13T12:27:49.536+0000] {logging_mixin.py:137} INFO - [2023-02-13T12:27:49.536+0000] {dag.py:3441} INFO - Setting next_dagrun for example_subdag_operator to 2022-01-01T00:00:00+00:00, run_after=2022-01-01T00:00:00+00:00
[2023-02-13T12:27:49.540+0000] {logging_mixin.py:137} INFO - [2023-02-13T12:27:49.540+0000] {dag.py:3441} INFO - Setting next_dagrun for example_subdag_operator.section-1 to None, run_after=None
[2023-02-13T12:27:49.542+0000] {logging_mixin.py:137} INFO - [2023-02-13T12:27:49.542+0000] {dag.py:3441} INFO - Setting next_dagrun for example_subdag_operator.section-2 to None, run_after=None
[2023-02-13T12:27:49.553+0000] {logging_mixin.py:137} INFO - [2023-02-13T12:27:49.552+0000] {dag.py:2690} INFO - Sync 2 DAGs
[2023-02-13T12:27:49.560+0000] {logging_mixin.py:137} INFO - [2023-02-13T12:27:49.560+0000] {dag.py:3441} INFO - Setting next_dagrun for example_subdag_operator.section-1 to None, run_after=None
[2023-02-13T12:27:49.560+0000] {logging_mixin.py:137} INFO - [2023-02-13T12:27:49.560+0000] {dag.py:3441} INFO - Setting next_dagrun for example_subdag_operator.section-2 to None, run_after=None
[2023-02-13T12:27:49.602+0000] {processor.py:175} INFO - Processing /home/airflow/.local/lib/python3.7/site-packages/airflow/example_dags/example_subdag_operator.py took 0.197 seconds
[2023-02-13T12:28:19.746+0000] {processor.py:153} INFO - Started process (PID=2166) to work on /home/airflow/.local/lib/python3.7/site-packages/airflow/example_dags/example_subdag_operator.py
[2023-02-13T12:28:19.748+0000] {processor.py:743} INFO - Processing file /home/airflow/.local/lib/python3.7/site-packages/airflow/example_dags/example_subdag_operator.py for tasks to queue
[2023-02-13T12:28:19.749+0000] {logging_mixin.py:137} INFO - [2023-02-13T12:28:19.749+0000] {dagbag.py:538} INFO - Filling up the DagBag from /home/airflow/.local/lib/python3.7/site-packages/airflow/example_dags/example_subdag_operator.py
[2023-02-13T12:28:19.795+0000] {processor.py:753} INFO - DAG(s) dict_keys(['example_subdag_operator.section-1', 'example_subdag_operator.section-2', 'example_subdag_operator']) retrieved from /home/airflow/.local/lib/python3.7/site-packages/airflow/example_dags/example_subdag_operator.py
[2023-02-13T12:28:19.823+0000] {logging_mixin.py:137} INFO - [2023-02-13T12:28:19.823+0000] {dag.py:2690} INFO - Sync 3 DAGs
[2023-02-13T12:28:19.867+0000] {logging_mixin.py:137} INFO - [2023-02-13T12:28:19.867+0000] {dag.py:3441} INFO - Setting next_dagrun for example_subdag_operator to 2022-01-01T00:00:00+00:00, run_after=2022-01-01T00:00:00+00:00
[2023-02-13T12:28:19.871+0000] {logging_mixin.py:137} INFO - [2023-02-13T12:28:19.871+0000] {dag.py:3441} INFO - Setting next_dagrun for example_subdag_operator.section-1 to None, run_after=None
[2023-02-13T12:28:19.873+0000] {logging_mixin.py:137} INFO - [2023-02-13T12:28:19.873+0000] {dag.py:3441} INFO - Setting next_dagrun for example_subdag_operator.section-2 to None, run_after=None
[2023-02-13T12:28:19.884+0000] {logging_mixin.py:137} INFO - [2023-02-13T12:28:19.884+0000] {dag.py:2690} INFO - Sync 2 DAGs
[2023-02-13T12:28:19.892+0000] {logging_mixin.py:137} INFO - [2023-02-13T12:28:19.892+0000] {dag.py:3441} INFO - Setting next_dagrun for example_subdag_operator.section-1 to None, run_after=None
[2023-02-13T12:28:19.892+0000] {logging_mixin.py:137} INFO - [2023-02-13T12:28:19.892+0000] {dag.py:3441} INFO - Setting next_dagrun for example_subdag_operator.section-2 to None, run_after=None
[2023-02-13T12:28:19.935+0000] {processor.py:175} INFO - Processing /home/airflow/.local/lib/python3.7/site-packages/airflow/example_dags/example_subdag_operator.py took 0.194 seconds
[2023-02-13T12:28:51.094+0000] {processor.py:153} INFO - Started process (PID=2403) to work on /home/airflow/.local/lib/python3.7/site-packages/airflow/example_dags/example_subdag_operator.py
[2023-02-13T12:28:51.095+0000] {processor.py:743} INFO - Processing file /home/airflow/.local/lib/python3.7/site-packages/airflow/example_dags/example_subdag_operator.py for tasks to queue
[2023-02-13T12:28:51.096+0000] {logging_mixin.py:137} INFO - [2023-02-13T12:28:51.096+0000] {dagbag.py:538} INFO - Filling up the DagBag from /home/airflow/.local/lib/python3.7/site-packages/airflow/example_dags/example_subdag_operator.py
[2023-02-13T12:28:51.139+0000] {processor.py:753} INFO - DAG(s) dict_keys(['example_subdag_operator.section-1', 'example_subdag_operator.section-2', 'example_subdag_operator']) retrieved from /home/airflow/.local/lib/python3.7/site-packages/airflow/example_dags/example_subdag_operator.py
[2023-02-13T12:28:51.166+0000] {logging_mixin.py:137} INFO - [2023-02-13T12:28:51.165+0000] {dag.py:2690} INFO - Sync 3 DAGs
[2023-02-13T12:28:51.197+0000] {logging_mixin.py:137} INFO - [2023-02-13T12:28:51.197+0000] {dag.py:3441} INFO - Setting next_dagrun for example_subdag_operator to 2022-01-01T00:00:00+00:00, run_after=2022-01-01T00:00:00+00:00
[2023-02-13T12:28:51.202+0000] {logging_mixin.py:137} INFO - [2023-02-13T12:28:51.201+0000] {dag.py:3441} INFO - Setting next_dagrun for example_subdag_operator.section-1 to None, run_after=None
[2023-02-13T12:28:51.203+0000] {logging_mixin.py:137} INFO - [2023-02-13T12:28:51.203+0000] {dag.py:3441} INFO - Setting next_dagrun for example_subdag_operator.section-2 to None, run_after=None
[2023-02-13T12:28:51.213+0000] {logging_mixin.py:137} INFO - [2023-02-13T12:28:51.213+0000] {dag.py:2690} INFO - Sync 2 DAGs
[2023-02-13T12:28:51.220+0000] {logging_mixin.py:137} INFO - [2023-02-13T12:28:51.220+0000] {dag.py:3441} INFO - Setting next_dagrun for example_subdag_operator.section-1 to None, run_after=None
[2023-02-13T12:28:51.221+0000] {logging_mixin.py:137} INFO - [2023-02-13T12:28:51.221+0000] {dag.py:3441} INFO - Setting next_dagrun for example_subdag_operator.section-2 to None, run_after=None
[2023-02-13T12:28:51.274+0000] {processor.py:175} INFO - Processing /home/airflow/.local/lib/python3.7/site-packages/airflow/example_dags/example_subdag_operator.py took 0.185 seconds
[2023-02-13T12:29:21.504+0000] {processor.py:153} INFO - Started process (PID=2630) to work on /home/airflow/.local/lib/python3.7/site-packages/airflow/example_dags/example_subdag_operator.py
[2023-02-13T12:29:21.505+0000] {processor.py:743} INFO - Processing file /home/airflow/.local/lib/python3.7/site-packages/airflow/example_dags/example_subdag_operator.py for tasks to queue
[2023-02-13T12:29:21.506+0000] {logging_mixin.py:137} INFO - [2023-02-13T12:29:21.506+0000] {dagbag.py:538} INFO - Filling up the DagBag from /home/airflow/.local/lib/python3.7/site-packages/airflow/example_dags/example_subdag_operator.py
[2023-02-13T12:29:21.543+0000] {processor.py:753} INFO - DAG(s) dict_keys(['example_subdag_operator.section-1', 'example_subdag_operator.section-2', 'example_subdag_operator']) retrieved from /home/airflow/.local/lib/python3.7/site-packages/airflow/example_dags/example_subdag_operator.py
[2023-02-13T12:29:21.563+0000] {logging_mixin.py:137} INFO - [2023-02-13T12:29:21.563+0000] {dag.py:2690} INFO - Sync 3 DAGs
[2023-02-13T12:29:21.593+0000] {logging_mixin.py:137} INFO - [2023-02-13T12:29:21.593+0000] {dag.py:3441} INFO - Setting next_dagrun for example_subdag_operator to 2022-01-01T00:00:00+00:00, run_after=2022-01-01T00:00:00+00:00
[2023-02-13T12:29:21.597+0000] {logging_mixin.py:137} INFO - [2023-02-13T12:29:21.597+0000] {dag.py:3441} INFO - Setting next_dagrun for example_subdag_operator.section-1 to None, run_after=None
[2023-02-13T12:29:21.598+0000] {logging_mixin.py:137} INFO - [2023-02-13T12:29:21.598+0000] {dag.py:3441} INFO - Setting next_dagrun for example_subdag_operator.section-2 to None, run_after=None
[2023-02-13T12:29:21.607+0000] {logging_mixin.py:137} INFO - [2023-02-13T12:29:21.607+0000] {dag.py:2690} INFO - Sync 2 DAGs
[2023-02-13T12:29:21.616+0000] {logging_mixin.py:137} INFO - [2023-02-13T12:29:21.616+0000] {dag.py:3441} INFO - Setting next_dagrun for example_subdag_operator.section-1 to None, run_after=None
[2023-02-13T12:29:21.616+0000] {logging_mixin.py:137} INFO - [2023-02-13T12:29:21.616+0000] {dag.py:3441} INFO - Setting next_dagrun for example_subdag_operator.section-2 to None, run_after=None
[2023-02-13T12:29:21.663+0000] {processor.py:175} INFO - Processing /home/airflow/.local/lib/python3.7/site-packages/airflow/example_dags/example_subdag_operator.py took 0.163 seconds
