[2023-02-13T12:21:34.400+0000] {processor.py:153} INFO - Started process (PID=263) to work on /home/airflow/.local/lib/python3.7/site-packages/airflow/example_dags/example_python_operator.py
[2023-02-13T12:21:34.401+0000] {processor.py:743} INFO - Processing file /home/airflow/.local/lib/python3.7/site-packages/airflow/example_dags/example_python_operator.py for tasks to queue
[2023-02-13T12:21:34.403+0000] {logging_mixin.py:137} INFO - [2023-02-13T12:21:34.403+0000] {dagbag.py:538} INFO - Filling up the DagBag from /home/airflow/.local/lib/python3.7/site-packages/airflow/example_dags/example_python_operator.py
[2023-02-13T12:21:34.441+0000] {logging_mixin.py:137} INFO - [2023-02-13T12:21:34.441+0000] {taskmixin.py:205} WARNING - Dependency <Task(_PythonDecoratedOperator): print_the_context>, log_sql_query already registered for DAG: example_python_operator
[2023-02-13T12:21:34.441+0000] {logging_mixin.py:137} INFO - [2023-02-13T12:21:34.441+0000] {taskmixin.py:205} WARNING - Dependency <Task(_PythonDecoratedOperator): log_sql_query>, print_the_context already registered for DAG: example_python_operator
[2023-02-13T12:21:34.443+0000] {logging_mixin.py:137} INFO - [2023-02-13T12:21:34.443+0000] {taskmixin.py:205} WARNING - Dependency <Task(_PythonDecoratedOperator): print_the_context>, log_sql_query already registered for DAG: example_python_operator
[2023-02-13T12:21:34.443+0000] {logging_mixin.py:137} INFO - [2023-02-13T12:21:34.443+0000] {taskmixin.py:205} WARNING - Dependency <Task(_PythonDecoratedOperator): log_sql_query>, print_the_context already registered for DAG: example_python_operator
[2023-02-13T12:21:34.445+0000] {logging_mixin.py:137} INFO - [2023-02-13T12:21:34.444+0000] {taskmixin.py:205} WARNING - Dependency <Task(_PythonDecoratedOperator): print_the_context>, log_sql_query already registered for DAG: example_python_operator
[2023-02-13T12:21:34.445+0000] {logging_mixin.py:137} INFO - [2023-02-13T12:21:34.445+0000] {taskmixin.py:205} WARNING - Dependency <Task(_PythonDecoratedOperator): log_sql_query>, print_the_context already registered for DAG: example_python_operator
[2023-02-13T12:21:34.447+0000] {logging_mixin.py:137} INFO - [2023-02-13T12:21:34.446+0000] {taskmixin.py:205} WARNING - Dependency <Task(_PythonDecoratedOperator): print_the_context>, log_sql_query already registered for DAG: example_python_operator
[2023-02-13T12:21:34.447+0000] {logging_mixin.py:137} INFO - [2023-02-13T12:21:34.447+0000] {taskmixin.py:205} WARNING - Dependency <Task(_PythonDecoratedOperator): log_sql_query>, print_the_context already registered for DAG: example_python_operator
[2023-02-13T12:21:34.459+0000] {processor.py:753} INFO - DAG(s) dict_keys(['example_python_operator']) retrieved from /home/airflow/.local/lib/python3.7/site-packages/airflow/example_dags/example_python_operator.py
[2023-02-13T12:21:34.552+0000] {logging_mixin.py:137} INFO - [2023-02-13T12:21:34.552+0000] {dag.py:2690} INFO - Sync 1 DAGs
[2023-02-13T12:21:34.580+0000] {logging_mixin.py:137} INFO - [2023-02-13T12:21:34.580+0000] {dag.py:3441} INFO - Setting next_dagrun for example_python_operator to None, run_after=None
[2023-02-13T12:21:34.708+0000] {processor.py:175} INFO - Processing /home/airflow/.local/lib/python3.7/site-packages/airflow/example_dags/example_python_operator.py took 0.314 seconds
[2023-02-13T12:22:05.077+0000] {processor.py:153} INFO - Started process (PID=500) to work on /home/airflow/.local/lib/python3.7/site-packages/airflow/example_dags/example_python_operator.py
[2023-02-13T12:22:05.078+0000] {processor.py:743} INFO - Processing file /home/airflow/.local/lib/python3.7/site-packages/airflow/example_dags/example_python_operator.py for tasks to queue
[2023-02-13T12:22:05.079+0000] {logging_mixin.py:137} INFO - [2023-02-13T12:22:05.079+0000] {dagbag.py:538} INFO - Filling up the DagBag from /home/airflow/.local/lib/python3.7/site-packages/airflow/example_dags/example_python_operator.py
[2023-02-13T12:22:05.106+0000] {logging_mixin.py:137} INFO - [2023-02-13T12:22:05.106+0000] {taskmixin.py:205} WARNING - Dependency <Task(_PythonDecoratedOperator): print_the_context>, log_sql_query already registered for DAG: example_python_operator
[2023-02-13T12:22:05.106+0000] {logging_mixin.py:137} INFO - [2023-02-13T12:22:05.106+0000] {taskmixin.py:205} WARNING - Dependency <Task(_PythonDecoratedOperator): log_sql_query>, print_the_context already registered for DAG: example_python_operator
[2023-02-13T12:22:05.108+0000] {logging_mixin.py:137} INFO - [2023-02-13T12:22:05.107+0000] {taskmixin.py:205} WARNING - Dependency <Task(_PythonDecoratedOperator): print_the_context>, log_sql_query already registered for DAG: example_python_operator
[2023-02-13T12:22:05.108+0000] {logging_mixin.py:137} INFO - [2023-02-13T12:22:05.108+0000] {taskmixin.py:205} WARNING - Dependency <Task(_PythonDecoratedOperator): log_sql_query>, print_the_context already registered for DAG: example_python_operator
[2023-02-13T12:22:05.109+0000] {logging_mixin.py:137} INFO - [2023-02-13T12:22:05.109+0000] {taskmixin.py:205} WARNING - Dependency <Task(_PythonDecoratedOperator): print_the_context>, log_sql_query already registered for DAG: example_python_operator
[2023-02-13T12:22:05.109+0000] {logging_mixin.py:137} INFO - [2023-02-13T12:22:05.109+0000] {taskmixin.py:205} WARNING - Dependency <Task(_PythonDecoratedOperator): log_sql_query>, print_the_context already registered for DAG: example_python_operator
[2023-02-13T12:22:05.110+0000] {logging_mixin.py:137} INFO - [2023-02-13T12:22:05.110+0000] {taskmixin.py:205} WARNING - Dependency <Task(_PythonDecoratedOperator): print_the_context>, log_sql_query already registered for DAG: example_python_operator
[2023-02-13T12:22:05.111+0000] {logging_mixin.py:137} INFO - [2023-02-13T12:22:05.111+0000] {taskmixin.py:205} WARNING - Dependency <Task(_PythonDecoratedOperator): log_sql_query>, print_the_context already registered for DAG: example_python_operator
[2023-02-13T12:22:05.122+0000] {processor.py:753} INFO - DAG(s) dict_keys(['example_python_operator']) retrieved from /home/airflow/.local/lib/python3.7/site-packages/airflow/example_dags/example_python_operator.py
[2023-02-13T12:22:05.155+0000] {logging_mixin.py:137} INFO - [2023-02-13T12:22:05.155+0000] {dag.py:2690} INFO - Sync 1 DAGs
[2023-02-13T12:22:05.185+0000] {logging_mixin.py:137} INFO - [2023-02-13T12:22:05.185+0000] {dag.py:3441} INFO - Setting next_dagrun for example_python_operator to None, run_after=None
[2023-02-13T12:22:05.241+0000] {processor.py:175} INFO - Processing /home/airflow/.local/lib/python3.7/site-packages/airflow/example_dags/example_python_operator.py took 0.168 seconds
[2023-02-13T12:22:36.749+0000] {processor.py:153} INFO - Started process (PID=706) to work on /home/airflow/.local/lib/python3.7/site-packages/airflow/example_dags/example_python_operator.py
[2023-02-13T12:22:36.802+0000] {processor.py:743} INFO - Processing file /home/airflow/.local/lib/python3.7/site-packages/airflow/example_dags/example_python_operator.py for tasks to queue
[2023-02-13T12:22:36.803+0000] {logging_mixin.py:137} INFO - [2023-02-13T12:22:36.803+0000] {dagbag.py:538} INFO - Filling up the DagBag from /home/airflow/.local/lib/python3.7/site-packages/airflow/example_dags/example_python_operator.py
[2023-02-13T12:22:36.843+0000] {logging_mixin.py:137} INFO - [2023-02-13T12:22:36.842+0000] {taskmixin.py:205} WARNING - Dependency <Task(_PythonDecoratedOperator): print_the_context>, log_sql_query already registered for DAG: example_python_operator
[2023-02-13T12:22:36.843+0000] {logging_mixin.py:137} INFO - [2023-02-13T12:22:36.843+0000] {taskmixin.py:205} WARNING - Dependency <Task(_PythonDecoratedOperator): log_sql_query>, print_the_context already registered for DAG: example_python_operator
[2023-02-13T12:22:36.845+0000] {logging_mixin.py:137} INFO - [2023-02-13T12:22:36.844+0000] {taskmixin.py:205} WARNING - Dependency <Task(_PythonDecoratedOperator): print_the_context>, log_sql_query already registered for DAG: example_python_operator
[2023-02-13T12:22:36.845+0000] {logging_mixin.py:137} INFO - [2023-02-13T12:22:36.845+0000] {taskmixin.py:205} WARNING - Dependency <Task(_PythonDecoratedOperator): log_sql_query>, print_the_context already registered for DAG: example_python_operator
[2023-02-13T12:22:36.847+0000] {logging_mixin.py:137} INFO - [2023-02-13T12:22:36.846+0000] {taskmixin.py:205} WARNING - Dependency <Task(_PythonDecoratedOperator): print_the_context>, log_sql_query already registered for DAG: example_python_operator
[2023-02-13T12:22:36.847+0000] {logging_mixin.py:137} INFO - [2023-02-13T12:22:36.847+0000] {taskmixin.py:205} WARNING - Dependency <Task(_PythonDecoratedOperator): log_sql_query>, print_the_context already registered for DAG: example_python_operator
[2023-02-13T12:22:36.849+0000] {logging_mixin.py:137} INFO - [2023-02-13T12:22:36.848+0000] {taskmixin.py:205} WARNING - Dependency <Task(_PythonDecoratedOperator): print_the_context>, log_sql_query already registered for DAG: example_python_operator
[2023-02-13T12:22:36.849+0000] {logging_mixin.py:137} INFO - [2023-02-13T12:22:36.849+0000] {taskmixin.py:205} WARNING - Dependency <Task(_PythonDecoratedOperator): log_sql_query>, print_the_context already registered for DAG: example_python_operator
[2023-02-13T12:22:37.744+0000] {logging_mixin.py:137} INFO - [2023-02-13T12:22:37.743+0000] {process_utils.py:256} INFO - Waiting up to 5 seconds for processes to exit...
[2023-02-13T12:24:10.484+0000] {processor.py:153} INFO - Started process (PID=268) to work on /home/airflow/.local/lib/python3.7/site-packages/airflow/example_dags/example_python_operator.py
[2023-02-13T12:24:10.508+0000] {processor.py:743} INFO - Processing file /home/airflow/.local/lib/python3.7/site-packages/airflow/example_dags/example_python_operator.py for tasks to queue
[2023-02-13T12:24:10.511+0000] {logging_mixin.py:137} INFO - [2023-02-13T12:24:10.511+0000] {dagbag.py:538} INFO - Filling up the DagBag from /home/airflow/.local/lib/python3.7/site-packages/airflow/example_dags/example_python_operator.py
[2023-02-13T12:24:10.546+0000] {logging_mixin.py:137} INFO - [2023-02-13T12:24:10.546+0000] {taskmixin.py:205} WARNING - Dependency <Task(_PythonDecoratedOperator): print_the_context>, log_sql_query already registered for DAG: example_python_operator
[2023-02-13T12:24:10.546+0000] {logging_mixin.py:137} INFO - [2023-02-13T12:24:10.546+0000] {taskmixin.py:205} WARNING - Dependency <Task(_PythonDecoratedOperator): log_sql_query>, print_the_context already registered for DAG: example_python_operator
[2023-02-13T12:24:10.547+0000] {logging_mixin.py:137} INFO - [2023-02-13T12:24:10.547+0000] {taskmixin.py:205} WARNING - Dependency <Task(_PythonDecoratedOperator): print_the_context>, log_sql_query already registered for DAG: example_python_operator
[2023-02-13T12:24:10.548+0000] {logging_mixin.py:137} INFO - [2023-02-13T12:24:10.548+0000] {taskmixin.py:205} WARNING - Dependency <Task(_PythonDecoratedOperator): log_sql_query>, print_the_context already registered for DAG: example_python_operator
[2023-02-13T12:24:10.549+0000] {logging_mixin.py:137} INFO - [2023-02-13T12:24:10.549+0000] {taskmixin.py:205} WARNING - Dependency <Task(_PythonDecoratedOperator): print_the_context>, log_sql_query already registered for DAG: example_python_operator
[2023-02-13T12:24:10.549+0000] {logging_mixin.py:137} INFO - [2023-02-13T12:24:10.549+0000] {taskmixin.py:205} WARNING - Dependency <Task(_PythonDecoratedOperator): log_sql_query>, print_the_context already registered for DAG: example_python_operator
[2023-02-13T12:24:10.550+0000] {logging_mixin.py:137} INFO - [2023-02-13T12:24:10.550+0000] {taskmixin.py:205} WARNING - Dependency <Task(_PythonDecoratedOperator): print_the_context>, log_sql_query already registered for DAG: example_python_operator
[2023-02-13T12:24:10.551+0000] {logging_mixin.py:137} INFO - [2023-02-13T12:24:10.551+0000] {taskmixin.py:205} WARNING - Dependency <Task(_PythonDecoratedOperator): log_sql_query>, print_the_context already registered for DAG: example_python_operator
[2023-02-13T12:24:10.568+0000] {processor.py:753} INFO - DAG(s) dict_keys(['example_python_operator']) retrieved from /home/airflow/.local/lib/python3.7/site-packages/airflow/example_dags/example_python_operator.py
[2023-02-13T12:24:10.760+0000] {logging_mixin.py:137} INFO - [2023-02-13T12:24:10.759+0000] {dag.py:2690} INFO - Sync 1 DAGs
[2023-02-13T12:24:10.833+0000] {logging_mixin.py:137} INFO - [2023-02-13T12:24:10.833+0000] {dag.py:3441} INFO - Setting next_dagrun for example_python_operator to None, run_after=None
[2023-02-13T12:24:11.000+0000] {processor.py:175} INFO - Processing /home/airflow/.local/lib/python3.7/site-packages/airflow/example_dags/example_python_operator.py took 0.520 seconds
[2023-02-13T12:24:41.949+0000] {processor.py:153} INFO - Started process (PID=495) to work on /home/airflow/.local/lib/python3.7/site-packages/airflow/example_dags/example_python_operator.py
[2023-02-13T12:24:41.985+0000] {processor.py:743} INFO - Processing file /home/airflow/.local/lib/python3.7/site-packages/airflow/example_dags/example_python_operator.py for tasks to queue
[2023-02-13T12:24:41.986+0000] {logging_mixin.py:137} INFO - [2023-02-13T12:24:41.986+0000] {dagbag.py:538} INFO - Filling up the DagBag from /home/airflow/.local/lib/python3.7/site-packages/airflow/example_dags/example_python_operator.py
[2023-02-13T12:24:42.210+0000] {logging_mixin.py:137} INFO - [2023-02-13T12:24:42.209+0000] {taskmixin.py:205} WARNING - Dependency <Task(_PythonDecoratedOperator): print_the_context>, log_sql_query already registered for DAG: example_python_operator
[2023-02-13T12:24:42.212+0000] {logging_mixin.py:137} INFO - [2023-02-13T12:24:42.211+0000] {taskmixin.py:205} WARNING - Dependency <Task(_PythonDecoratedOperator): log_sql_query>, print_the_context already registered for DAG: example_python_operator
[2023-02-13T12:24:42.217+0000] {logging_mixin.py:137} INFO - [2023-02-13T12:24:42.216+0000] {taskmixin.py:205} WARNING - Dependency <Task(_PythonDecoratedOperator): print_the_context>, log_sql_query already registered for DAG: example_python_operator
[2023-02-13T12:24:42.218+0000] {logging_mixin.py:137} INFO - [2023-02-13T12:24:42.217+0000] {taskmixin.py:205} WARNING - Dependency <Task(_PythonDecoratedOperator): log_sql_query>, print_the_context already registered for DAG: example_python_operator
[2023-02-13T12:24:42.220+0000] {logging_mixin.py:137} INFO - [2023-02-13T12:24:42.220+0000] {taskmixin.py:205} WARNING - Dependency <Task(_PythonDecoratedOperator): print_the_context>, log_sql_query already registered for DAG: example_python_operator
[2023-02-13T12:24:42.221+0000] {logging_mixin.py:137} INFO - [2023-02-13T12:24:42.221+0000] {taskmixin.py:205} WARNING - Dependency <Task(_PythonDecoratedOperator): log_sql_query>, print_the_context already registered for DAG: example_python_operator
[2023-02-13T12:24:42.225+0000] {logging_mixin.py:137} INFO - [2023-02-13T12:24:42.225+0000] {taskmixin.py:205} WARNING - Dependency <Task(_PythonDecoratedOperator): print_the_context>, log_sql_query already registered for DAG: example_python_operator
[2023-02-13T12:24:42.226+0000] {logging_mixin.py:137} INFO - [2023-02-13T12:24:42.226+0000] {taskmixin.py:205} WARNING - Dependency <Task(_PythonDecoratedOperator): log_sql_query>, print_the_context already registered for DAG: example_python_operator
[2023-02-13T12:24:42.267+0000] {processor.py:753} INFO - DAG(s) dict_keys(['example_python_operator']) retrieved from /home/airflow/.local/lib/python3.7/site-packages/airflow/example_dags/example_python_operator.py
[2023-02-13T12:24:42.326+0000] {logging_mixin.py:137} INFO - [2023-02-13T12:24:42.325+0000] {dag.py:2690} INFO - Sync 1 DAGs
[2023-02-13T12:24:42.382+0000] {logging_mixin.py:137} INFO - [2023-02-13T12:24:42.382+0000] {dag.py:3441} INFO - Setting next_dagrun for example_python_operator to None, run_after=None
[2023-02-13T12:24:42.441+0000] {processor.py:175} INFO - Processing /home/airflow/.local/lib/python3.7/site-packages/airflow/example_dags/example_python_operator.py took 0.501 seconds
[2023-02-13T12:25:12.723+0000] {processor.py:153} INFO - Started process (PID=722) to work on /home/airflow/.local/lib/python3.7/site-packages/airflow/example_dags/example_python_operator.py
[2023-02-13T12:25:12.729+0000] {processor.py:743} INFO - Processing file /home/airflow/.local/lib/python3.7/site-packages/airflow/example_dags/example_python_operator.py for tasks to queue
[2023-02-13T12:25:12.730+0000] {logging_mixin.py:137} INFO - [2023-02-13T12:25:12.730+0000] {dagbag.py:538} INFO - Filling up the DagBag from /home/airflow/.local/lib/python3.7/site-packages/airflow/example_dags/example_python_operator.py
[2023-02-13T12:25:12.761+0000] {logging_mixin.py:137} INFO - [2023-02-13T12:25:12.760+0000] {taskmixin.py:205} WARNING - Dependency <Task(_PythonDecoratedOperator): print_the_context>, log_sql_query already registered for DAG: example_python_operator
[2023-02-13T12:25:12.762+0000] {logging_mixin.py:137} INFO - [2023-02-13T12:25:12.761+0000] {taskmixin.py:205} WARNING - Dependency <Task(_PythonDecoratedOperator): log_sql_query>, print_the_context already registered for DAG: example_python_operator
[2023-02-13T12:25:12.765+0000] {logging_mixin.py:137} INFO - [2023-02-13T12:25:12.765+0000] {taskmixin.py:205} WARNING - Dependency <Task(_PythonDecoratedOperator): print_the_context>, log_sql_query already registered for DAG: example_python_operator
[2023-02-13T12:25:12.766+0000] {logging_mixin.py:137} INFO - [2023-02-13T12:25:12.766+0000] {taskmixin.py:205} WARNING - Dependency <Task(_PythonDecoratedOperator): log_sql_query>, print_the_context already registered for DAG: example_python_operator
[2023-02-13T12:25:12.768+0000] {logging_mixin.py:137} INFO - [2023-02-13T12:25:12.768+0000] {taskmixin.py:205} WARNING - Dependency <Task(_PythonDecoratedOperator): print_the_context>, log_sql_query already registered for DAG: example_python_operator
[2023-02-13T12:25:12.769+0000] {logging_mixin.py:137} INFO - [2023-02-13T12:25:12.769+0000] {taskmixin.py:205} WARNING - Dependency <Task(_PythonDecoratedOperator): log_sql_query>, print_the_context already registered for DAG: example_python_operator
[2023-02-13T12:25:12.772+0000] {logging_mixin.py:137} INFO - [2023-02-13T12:25:12.771+0000] {taskmixin.py:205} WARNING - Dependency <Task(_PythonDecoratedOperator): print_the_context>, log_sql_query already registered for DAG: example_python_operator
[2023-02-13T12:25:12.772+0000] {logging_mixin.py:137} INFO - [2023-02-13T12:25:12.772+0000] {taskmixin.py:205} WARNING - Dependency <Task(_PythonDecoratedOperator): log_sql_query>, print_the_context already registered for DAG: example_python_operator
[2023-02-13T12:25:12.786+0000] {processor.py:753} INFO - DAG(s) dict_keys(['example_python_operator']) retrieved from /home/airflow/.local/lib/python3.7/site-packages/airflow/example_dags/example_python_operator.py
[2023-02-13T12:25:12.821+0000] {logging_mixin.py:137} INFO - [2023-02-13T12:25:12.820+0000] {dag.py:2690} INFO - Sync 1 DAGs
[2023-02-13T12:25:12.851+0000] {logging_mixin.py:137} INFO - [2023-02-13T12:25:12.851+0000] {dag.py:3441} INFO - Setting next_dagrun for example_python_operator to None, run_after=None
[2023-02-13T12:25:12.903+0000] {processor.py:175} INFO - Processing /home/airflow/.local/lib/python3.7/site-packages/airflow/example_dags/example_python_operator.py took 0.184 seconds
[2023-02-13T12:25:43.492+0000] {processor.py:153} INFO - Started process (PID=949) to work on /home/airflow/.local/lib/python3.7/site-packages/airflow/example_dags/example_python_operator.py
[2023-02-13T12:25:43.500+0000] {processor.py:743} INFO - Processing file /home/airflow/.local/lib/python3.7/site-packages/airflow/example_dags/example_python_operator.py for tasks to queue
[2023-02-13T12:25:43.501+0000] {logging_mixin.py:137} INFO - [2023-02-13T12:25:43.501+0000] {dagbag.py:538} INFO - Filling up the DagBag from /home/airflow/.local/lib/python3.7/site-packages/airflow/example_dags/example_python_operator.py
[2023-02-13T12:25:43.575+0000] {logging_mixin.py:137} INFO - [2023-02-13T12:25:43.575+0000] {taskmixin.py:205} WARNING - Dependency <Task(_PythonDecoratedOperator): print_the_context>, log_sql_query already registered for DAG: example_python_operator
[2023-02-13T12:25:43.576+0000] {logging_mixin.py:137} INFO - [2023-02-13T12:25:43.575+0000] {taskmixin.py:205} WARNING - Dependency <Task(_PythonDecoratedOperator): log_sql_query>, print_the_context already registered for DAG: example_python_operator
[2023-02-13T12:25:43.579+0000] {logging_mixin.py:137} INFO - [2023-02-13T12:25:43.578+0000] {taskmixin.py:205} WARNING - Dependency <Task(_PythonDecoratedOperator): print_the_context>, log_sql_query already registered for DAG: example_python_operator
[2023-02-13T12:25:43.580+0000] {logging_mixin.py:137} INFO - [2023-02-13T12:25:43.580+0000] {taskmixin.py:205} WARNING - Dependency <Task(_PythonDecoratedOperator): log_sql_query>, print_the_context already registered for DAG: example_python_operator
[2023-02-13T12:25:43.585+0000] {logging_mixin.py:137} INFO - [2023-02-13T12:25:43.585+0000] {taskmixin.py:205} WARNING - Dependency <Task(_PythonDecoratedOperator): print_the_context>, log_sql_query already registered for DAG: example_python_operator
[2023-02-13T12:25:43.586+0000] {logging_mixin.py:137} INFO - [2023-02-13T12:25:43.585+0000] {taskmixin.py:205} WARNING - Dependency <Task(_PythonDecoratedOperator): log_sql_query>, print_the_context already registered for DAG: example_python_operator
[2023-02-13T12:25:43.589+0000] {logging_mixin.py:137} INFO - [2023-02-13T12:25:43.588+0000] {taskmixin.py:205} WARNING - Dependency <Task(_PythonDecoratedOperator): print_the_context>, log_sql_query already registered for DAG: example_python_operator
[2023-02-13T12:25:43.591+0000] {logging_mixin.py:137} INFO - [2023-02-13T12:25:43.590+0000] {taskmixin.py:205} WARNING - Dependency <Task(_PythonDecoratedOperator): log_sql_query>, print_the_context already registered for DAG: example_python_operator
[2023-02-13T12:25:43.622+0000] {processor.py:753} INFO - DAG(s) dict_keys(['example_python_operator']) retrieved from /home/airflow/.local/lib/python3.7/site-packages/airflow/example_dags/example_python_operator.py
[2023-02-13T12:25:43.709+0000] {logging_mixin.py:137} INFO - [2023-02-13T12:25:43.708+0000] {dag.py:2690} INFO - Sync 1 DAGs
[2023-02-13T12:25:43.815+0000] {logging_mixin.py:137} INFO - [2023-02-13T12:25:43.814+0000] {dag.py:3441} INFO - Setting next_dagrun for example_python_operator to None, run_after=None
[2023-02-13T12:25:44.003+0000] {processor.py:175} INFO - Processing /home/airflow/.local/lib/python3.7/site-packages/airflow/example_dags/example_python_operator.py took 0.519 seconds
[2023-02-13T12:26:14.559+0000] {processor.py:153} INFO - Started process (PID=1178) to work on /home/airflow/.local/lib/python3.7/site-packages/airflow/example_dags/example_python_operator.py
[2023-02-13T12:26:14.588+0000] {processor.py:743} INFO - Processing file /home/airflow/.local/lib/python3.7/site-packages/airflow/example_dags/example_python_operator.py for tasks to queue
[2023-02-13T12:26:14.591+0000] {logging_mixin.py:137} INFO - [2023-02-13T12:26:14.591+0000] {dagbag.py:538} INFO - Filling up the DagBag from /home/airflow/.local/lib/python3.7/site-packages/airflow/example_dags/example_python_operator.py
[2023-02-13T12:26:14.665+0000] {logging_mixin.py:137} INFO - [2023-02-13T12:26:14.665+0000] {taskmixin.py:205} WARNING - Dependency <Task(_PythonDecoratedOperator): print_the_context>, log_sql_query already registered for DAG: example_python_operator
[2023-02-13T12:26:14.665+0000] {logging_mixin.py:137} INFO - [2023-02-13T12:26:14.665+0000] {taskmixin.py:205} WARNING - Dependency <Task(_PythonDecoratedOperator): log_sql_query>, print_the_context already registered for DAG: example_python_operator
[2023-02-13T12:26:14.667+0000] {logging_mixin.py:137} INFO - [2023-02-13T12:26:14.666+0000] {taskmixin.py:205} WARNING - Dependency <Task(_PythonDecoratedOperator): print_the_context>, log_sql_query already registered for DAG: example_python_operator
[2023-02-13T12:26:14.667+0000] {logging_mixin.py:137} INFO - [2023-02-13T12:26:14.667+0000] {taskmixin.py:205} WARNING - Dependency <Task(_PythonDecoratedOperator): log_sql_query>, print_the_context already registered for DAG: example_python_operator
[2023-02-13T12:26:14.668+0000] {logging_mixin.py:137} INFO - [2023-02-13T12:26:14.668+0000] {taskmixin.py:205} WARNING - Dependency <Task(_PythonDecoratedOperator): print_the_context>, log_sql_query already registered for DAG: example_python_operator
[2023-02-13T12:26:14.668+0000] {logging_mixin.py:137} INFO - [2023-02-13T12:26:14.668+0000] {taskmixin.py:205} WARNING - Dependency <Task(_PythonDecoratedOperator): log_sql_query>, print_the_context already registered for DAG: example_python_operator
[2023-02-13T12:26:14.670+0000] {logging_mixin.py:137} INFO - [2023-02-13T12:26:14.670+0000] {taskmixin.py:205} WARNING - Dependency <Task(_PythonDecoratedOperator): print_the_context>, log_sql_query already registered for DAG: example_python_operator
[2023-02-13T12:26:14.670+0000] {logging_mixin.py:137} INFO - [2023-02-13T12:26:14.670+0000] {taskmixin.py:205} WARNING - Dependency <Task(_PythonDecoratedOperator): log_sql_query>, print_the_context already registered for DAG: example_python_operator
[2023-02-13T12:26:14.683+0000] {processor.py:753} INFO - DAG(s) dict_keys(['example_python_operator']) retrieved from /home/airflow/.local/lib/python3.7/site-packages/airflow/example_dags/example_python_operator.py
[2023-02-13T12:26:14.725+0000] {logging_mixin.py:137} INFO - [2023-02-13T12:26:14.725+0000] {dag.py:2690} INFO - Sync 1 DAGs
[2023-02-13T12:26:14.764+0000] {logging_mixin.py:137} INFO - [2023-02-13T12:26:14.764+0000] {dag.py:3441} INFO - Setting next_dagrun for example_python_operator to None, run_after=None
[2023-02-13T12:26:14.823+0000] {processor.py:175} INFO - Processing /home/airflow/.local/lib/python3.7/site-packages/airflow/example_dags/example_python_operator.py took 0.281 seconds
[2023-02-13T12:26:45.193+0000] {processor.py:153} INFO - Started process (PID=1402) to work on /home/airflow/.local/lib/python3.7/site-packages/airflow/example_dags/example_python_operator.py
[2023-02-13T12:26:45.238+0000] {processor.py:743} INFO - Processing file /home/airflow/.local/lib/python3.7/site-packages/airflow/example_dags/example_python_operator.py for tasks to queue
[2023-02-13T12:26:45.239+0000] {logging_mixin.py:137} INFO - [2023-02-13T12:26:45.239+0000] {dagbag.py:538} INFO - Filling up the DagBag from /home/airflow/.local/lib/python3.7/site-packages/airflow/example_dags/example_python_operator.py
[2023-02-13T12:26:45.271+0000] {logging_mixin.py:137} INFO - [2023-02-13T12:26:45.271+0000] {taskmixin.py:205} WARNING - Dependency <Task(_PythonDecoratedOperator): print_the_context>, log_sql_query already registered for DAG: example_python_operator
[2023-02-13T12:26:45.271+0000] {logging_mixin.py:137} INFO - [2023-02-13T12:26:45.271+0000] {taskmixin.py:205} WARNING - Dependency <Task(_PythonDecoratedOperator): log_sql_query>, print_the_context already registered for DAG: example_python_operator
[2023-02-13T12:26:45.273+0000] {logging_mixin.py:137} INFO - [2023-02-13T12:26:45.273+0000] {taskmixin.py:205} WARNING - Dependency <Task(_PythonDecoratedOperator): print_the_context>, log_sql_query already registered for DAG: example_python_operator
[2023-02-13T12:26:45.273+0000] {logging_mixin.py:137} INFO - [2023-02-13T12:26:45.273+0000] {taskmixin.py:205} WARNING - Dependency <Task(_PythonDecoratedOperator): log_sql_query>, print_the_context already registered for DAG: example_python_operator
[2023-02-13T12:26:45.274+0000] {logging_mixin.py:137} INFO - [2023-02-13T12:26:45.274+0000] {taskmixin.py:205} WARNING - Dependency <Task(_PythonDecoratedOperator): print_the_context>, log_sql_query already registered for DAG: example_python_operator
[2023-02-13T12:26:45.274+0000] {logging_mixin.py:137} INFO - [2023-02-13T12:26:45.274+0000] {taskmixin.py:205} WARNING - Dependency <Task(_PythonDecoratedOperator): log_sql_query>, print_the_context already registered for DAG: example_python_operator
[2023-02-13T12:26:45.276+0000] {logging_mixin.py:137} INFO - [2023-02-13T12:26:45.276+0000] {taskmixin.py:205} WARNING - Dependency <Task(_PythonDecoratedOperator): print_the_context>, log_sql_query already registered for DAG: example_python_operator
[2023-02-13T12:26:45.276+0000] {logging_mixin.py:137} INFO - [2023-02-13T12:26:45.276+0000] {taskmixin.py:205} WARNING - Dependency <Task(_PythonDecoratedOperator): log_sql_query>, print_the_context already registered for DAG: example_python_operator
[2023-02-13T12:26:45.288+0000] {processor.py:753} INFO - DAG(s) dict_keys(['example_python_operator']) retrieved from /home/airflow/.local/lib/python3.7/site-packages/airflow/example_dags/example_python_operator.py
[2023-02-13T12:26:45.335+0000] {logging_mixin.py:137} INFO - [2023-02-13T12:26:45.335+0000] {dag.py:2690} INFO - Sync 1 DAGs
[2023-02-13T12:26:45.379+0000] {logging_mixin.py:137} INFO - [2023-02-13T12:26:45.379+0000] {dag.py:3441} INFO - Setting next_dagrun for example_python_operator to None, run_after=None
[2023-02-13T12:26:45.603+0000] {processor.py:175} INFO - Processing /home/airflow/.local/lib/python3.7/site-packages/airflow/example_dags/example_python_operator.py took 0.415 seconds
[2023-02-13T12:27:15.978+0000] {processor.py:153} INFO - Started process (PID=1630) to work on /home/airflow/.local/lib/python3.7/site-packages/airflow/example_dags/example_python_operator.py
[2023-02-13T12:27:15.988+0000] {processor.py:743} INFO - Processing file /home/airflow/.local/lib/python3.7/site-packages/airflow/example_dags/example_python_operator.py for tasks to queue
[2023-02-13T12:27:15.989+0000] {logging_mixin.py:137} INFO - [2023-02-13T12:27:15.988+0000] {dagbag.py:538} INFO - Filling up the DagBag from /home/airflow/.local/lib/python3.7/site-packages/airflow/example_dags/example_python_operator.py
[2023-02-13T12:27:16.016+0000] {logging_mixin.py:137} INFO - [2023-02-13T12:27:16.016+0000] {taskmixin.py:205} WARNING - Dependency <Task(_PythonDecoratedOperator): print_the_context>, log_sql_query already registered for DAG: example_python_operator
[2023-02-13T12:27:16.017+0000] {logging_mixin.py:137} INFO - [2023-02-13T12:27:16.017+0000] {taskmixin.py:205} WARNING - Dependency <Task(_PythonDecoratedOperator): log_sql_query>, print_the_context already registered for DAG: example_python_operator
[2023-02-13T12:27:16.018+0000] {logging_mixin.py:137} INFO - [2023-02-13T12:27:16.018+0000] {taskmixin.py:205} WARNING - Dependency <Task(_PythonDecoratedOperator): print_the_context>, log_sql_query already registered for DAG: example_python_operator
[2023-02-13T12:27:16.018+0000] {logging_mixin.py:137} INFO - [2023-02-13T12:27:16.018+0000] {taskmixin.py:205} WARNING - Dependency <Task(_PythonDecoratedOperator): log_sql_query>, print_the_context already registered for DAG: example_python_operator
[2023-02-13T12:27:16.020+0000] {logging_mixin.py:137} INFO - [2023-02-13T12:27:16.020+0000] {taskmixin.py:205} WARNING - Dependency <Task(_PythonDecoratedOperator): print_the_context>, log_sql_query already registered for DAG: example_python_operator
[2023-02-13T12:27:16.020+0000] {logging_mixin.py:137} INFO - [2023-02-13T12:27:16.020+0000] {taskmixin.py:205} WARNING - Dependency <Task(_PythonDecoratedOperator): log_sql_query>, print_the_context already registered for DAG: example_python_operator
[2023-02-13T12:27:16.021+0000] {logging_mixin.py:137} INFO - [2023-02-13T12:27:16.021+0000] {taskmixin.py:205} WARNING - Dependency <Task(_PythonDecoratedOperator): print_the_context>, log_sql_query already registered for DAG: example_python_operator
[2023-02-13T12:27:16.022+0000] {logging_mixin.py:137} INFO - [2023-02-13T12:27:16.022+0000] {taskmixin.py:205} WARNING - Dependency <Task(_PythonDecoratedOperator): log_sql_query>, print_the_context already registered for DAG: example_python_operator
[2023-02-13T12:27:16.034+0000] {processor.py:753} INFO - DAG(s) dict_keys(['example_python_operator']) retrieved from /home/airflow/.local/lib/python3.7/site-packages/airflow/example_dags/example_python_operator.py
[2023-02-13T12:27:16.069+0000] {logging_mixin.py:137} INFO - [2023-02-13T12:27:16.068+0000] {dag.py:2690} INFO - Sync 1 DAGs
[2023-02-13T12:27:16.097+0000] {logging_mixin.py:137} INFO - [2023-02-13T12:27:16.097+0000] {dag.py:3441} INFO - Setting next_dagrun for example_python_operator to None, run_after=None
[2023-02-13T12:27:16.222+0000] {processor.py:175} INFO - Processing /home/airflow/.local/lib/python3.7/site-packages/airflow/example_dags/example_python_operator.py took 0.247 seconds
[2023-02-13T12:27:46.448+0000] {processor.py:153} INFO - Started process (PID=1857) to work on /home/airflow/.local/lib/python3.7/site-packages/airflow/example_dags/example_python_operator.py
[2023-02-13T12:27:46.451+0000] {processor.py:743} INFO - Processing file /home/airflow/.local/lib/python3.7/site-packages/airflow/example_dags/example_python_operator.py for tasks to queue
[2023-02-13T12:27:46.452+0000] {logging_mixin.py:137} INFO - [2023-02-13T12:27:46.452+0000] {dagbag.py:538} INFO - Filling up the DagBag from /home/airflow/.local/lib/python3.7/site-packages/airflow/example_dags/example_python_operator.py
[2023-02-13T12:27:46.492+0000] {logging_mixin.py:137} INFO - [2023-02-13T12:27:46.491+0000] {taskmixin.py:205} WARNING - Dependency <Task(_PythonDecoratedOperator): print_the_context>, log_sql_query already registered for DAG: example_python_operator
[2023-02-13T12:27:46.492+0000] {logging_mixin.py:137} INFO - [2023-02-13T12:27:46.492+0000] {taskmixin.py:205} WARNING - Dependency <Task(_PythonDecoratedOperator): log_sql_query>, print_the_context already registered for DAG: example_python_operator
[2023-02-13T12:27:46.494+0000] {logging_mixin.py:137} INFO - [2023-02-13T12:27:46.493+0000] {taskmixin.py:205} WARNING - Dependency <Task(_PythonDecoratedOperator): print_the_context>, log_sql_query already registered for DAG: example_python_operator
[2023-02-13T12:27:46.494+0000] {logging_mixin.py:137} INFO - [2023-02-13T12:27:46.494+0000] {taskmixin.py:205} WARNING - Dependency <Task(_PythonDecoratedOperator): log_sql_query>, print_the_context already registered for DAG: example_python_operator
[2023-02-13T12:27:46.497+0000] {logging_mixin.py:137} INFO - [2023-02-13T12:27:46.497+0000] {taskmixin.py:205} WARNING - Dependency <Task(_PythonDecoratedOperator): print_the_context>, log_sql_query already registered for DAG: example_python_operator
[2023-02-13T12:27:46.498+0000] {logging_mixin.py:137} INFO - [2023-02-13T12:27:46.498+0000] {taskmixin.py:205} WARNING - Dependency <Task(_PythonDecoratedOperator): log_sql_query>, print_the_context already registered for DAG: example_python_operator
[2023-02-13T12:27:46.501+0000] {logging_mixin.py:137} INFO - [2023-02-13T12:27:46.501+0000] {taskmixin.py:205} WARNING - Dependency <Task(_PythonDecoratedOperator): print_the_context>, log_sql_query already registered for DAG: example_python_operator
[2023-02-13T12:27:46.501+0000] {logging_mixin.py:137} INFO - [2023-02-13T12:27:46.501+0000] {taskmixin.py:205} WARNING - Dependency <Task(_PythonDecoratedOperator): log_sql_query>, print_the_context already registered for DAG: example_python_operator
[2023-02-13T12:27:46.515+0000] {processor.py:753} INFO - DAG(s) dict_keys(['example_python_operator']) retrieved from /home/airflow/.local/lib/python3.7/site-packages/airflow/example_dags/example_python_operator.py
[2023-02-13T12:27:46.561+0000] {logging_mixin.py:137} INFO - [2023-02-13T12:27:46.560+0000] {dag.py:2690} INFO - Sync 1 DAGs
[2023-02-13T12:27:46.614+0000] {logging_mixin.py:137} INFO - [2023-02-13T12:27:46.614+0000] {dag.py:3441} INFO - Setting next_dagrun for example_python_operator to None, run_after=None
[2023-02-13T12:27:46.673+0000] {processor.py:175} INFO - Processing /home/airflow/.local/lib/python3.7/site-packages/airflow/example_dags/example_python_operator.py took 0.234 seconds
[2023-02-13T12:28:16.836+0000] {processor.py:153} INFO - Started process (PID=2084) to work on /home/airflow/.local/lib/python3.7/site-packages/airflow/example_dags/example_python_operator.py
[2023-02-13T12:28:16.836+0000] {processor.py:743} INFO - Processing file /home/airflow/.local/lib/python3.7/site-packages/airflow/example_dags/example_python_operator.py for tasks to queue
[2023-02-13T12:28:16.837+0000] {logging_mixin.py:137} INFO - [2023-02-13T12:28:16.837+0000] {dagbag.py:538} INFO - Filling up the DagBag from /home/airflow/.local/lib/python3.7/site-packages/airflow/example_dags/example_python_operator.py
[2023-02-13T12:28:16.857+0000] {logging_mixin.py:137} INFO - [2023-02-13T12:28:16.857+0000] {taskmixin.py:205} WARNING - Dependency <Task(_PythonDecoratedOperator): print_the_context>, log_sql_query already registered for DAG: example_python_operator
[2023-02-13T12:28:16.857+0000] {logging_mixin.py:137} INFO - [2023-02-13T12:28:16.857+0000] {taskmixin.py:205} WARNING - Dependency <Task(_PythonDecoratedOperator): log_sql_query>, print_the_context already registered for DAG: example_python_operator
[2023-02-13T12:28:16.858+0000] {logging_mixin.py:137} INFO - [2023-02-13T12:28:16.858+0000] {taskmixin.py:205} WARNING - Dependency <Task(_PythonDecoratedOperator): print_the_context>, log_sql_query already registered for DAG: example_python_operator
[2023-02-13T12:28:16.858+0000] {logging_mixin.py:137} INFO - [2023-02-13T12:28:16.858+0000] {taskmixin.py:205} WARNING - Dependency <Task(_PythonDecoratedOperator): log_sql_query>, print_the_context already registered for DAG: example_python_operator
[2023-02-13T12:28:16.859+0000] {logging_mixin.py:137} INFO - [2023-02-13T12:28:16.859+0000] {taskmixin.py:205} WARNING - Dependency <Task(_PythonDecoratedOperator): print_the_context>, log_sql_query already registered for DAG: example_python_operator
[2023-02-13T12:28:16.859+0000] {logging_mixin.py:137} INFO - [2023-02-13T12:28:16.859+0000] {taskmixin.py:205} WARNING - Dependency <Task(_PythonDecoratedOperator): log_sql_query>, print_the_context already registered for DAG: example_python_operator
[2023-02-13T12:28:16.860+0000] {logging_mixin.py:137} INFO - [2023-02-13T12:28:16.860+0000] {taskmixin.py:205} WARNING - Dependency <Task(_PythonDecoratedOperator): print_the_context>, log_sql_query already registered for DAG: example_python_operator
[2023-02-13T12:28:16.860+0000] {logging_mixin.py:137} INFO - [2023-02-13T12:28:16.860+0000] {taskmixin.py:205} WARNING - Dependency <Task(_PythonDecoratedOperator): log_sql_query>, print_the_context already registered for DAG: example_python_operator
[2023-02-13T12:28:16.868+0000] {processor.py:753} INFO - DAG(s) dict_keys(['example_python_operator']) retrieved from /home/airflow/.local/lib/python3.7/site-packages/airflow/example_dags/example_python_operator.py
[2023-02-13T12:28:16.898+0000] {logging_mixin.py:137} INFO - [2023-02-13T12:28:16.897+0000] {dag.py:2690} INFO - Sync 1 DAGs
[2023-02-13T12:28:16.927+0000] {logging_mixin.py:137} INFO - [2023-02-13T12:28:16.927+0000] {dag.py:3441} INFO - Setting next_dagrun for example_python_operator to None, run_after=None
[2023-02-13T12:28:17.004+0000] {processor.py:175} INFO - Processing /home/airflow/.local/lib/python3.7/site-packages/airflow/example_dags/example_python_operator.py took 0.172 seconds
[2023-02-13T12:28:47.949+0000] {processor.py:153} INFO - Started process (PID=2321) to work on /home/airflow/.local/lib/python3.7/site-packages/airflow/example_dags/example_python_operator.py
[2023-02-13T12:28:47.950+0000] {processor.py:743} INFO - Processing file /home/airflow/.local/lib/python3.7/site-packages/airflow/example_dags/example_python_operator.py for tasks to queue
[2023-02-13T12:28:47.951+0000] {logging_mixin.py:137} INFO - [2023-02-13T12:28:47.950+0000] {dagbag.py:538} INFO - Filling up the DagBag from /home/airflow/.local/lib/python3.7/site-packages/airflow/example_dags/example_python_operator.py
[2023-02-13T12:28:47.980+0000] {logging_mixin.py:137} INFO - [2023-02-13T12:28:47.980+0000] {taskmixin.py:205} WARNING - Dependency <Task(_PythonDecoratedOperator): print_the_context>, log_sql_query already registered for DAG: example_python_operator
[2023-02-13T12:28:47.981+0000] {logging_mixin.py:137} INFO - [2023-02-13T12:28:47.981+0000] {taskmixin.py:205} WARNING - Dependency <Task(_PythonDecoratedOperator): log_sql_query>, print_the_context already registered for DAG: example_python_operator
[2023-02-13T12:28:47.982+0000] {logging_mixin.py:137} INFO - [2023-02-13T12:28:47.982+0000] {taskmixin.py:205} WARNING - Dependency <Task(_PythonDecoratedOperator): print_the_context>, log_sql_query already registered for DAG: example_python_operator
[2023-02-13T12:28:47.982+0000] {logging_mixin.py:137} INFO - [2023-02-13T12:28:47.982+0000] {taskmixin.py:205} WARNING - Dependency <Task(_PythonDecoratedOperator): log_sql_query>, print_the_context already registered for DAG: example_python_operator
[2023-02-13T12:28:47.984+0000] {logging_mixin.py:137} INFO - [2023-02-13T12:28:47.984+0000] {taskmixin.py:205} WARNING - Dependency <Task(_PythonDecoratedOperator): print_the_context>, log_sql_query already registered for DAG: example_python_operator
[2023-02-13T12:28:47.984+0000] {logging_mixin.py:137} INFO - [2023-02-13T12:28:47.984+0000] {taskmixin.py:205} WARNING - Dependency <Task(_PythonDecoratedOperator): log_sql_query>, print_the_context already registered for DAG: example_python_operator
[2023-02-13T12:28:47.986+0000] {logging_mixin.py:137} INFO - [2023-02-13T12:28:47.986+0000] {taskmixin.py:205} WARNING - Dependency <Task(_PythonDecoratedOperator): print_the_context>, log_sql_query already registered for DAG: example_python_operator
[2023-02-13T12:28:47.986+0000] {logging_mixin.py:137} INFO - [2023-02-13T12:28:47.986+0000] {taskmixin.py:205} WARNING - Dependency <Task(_PythonDecoratedOperator): log_sql_query>, print_the_context already registered for DAG: example_python_operator
[2023-02-13T12:28:48.001+0000] {processor.py:753} INFO - DAG(s) dict_keys(['example_python_operator']) retrieved from /home/airflow/.local/lib/python3.7/site-packages/airflow/example_dags/example_python_operator.py
[2023-02-13T12:28:48.057+0000] {logging_mixin.py:137} INFO - [2023-02-13T12:28:48.057+0000] {dag.py:2690} INFO - Sync 1 DAGs
[2023-02-13T12:28:48.115+0000] {logging_mixin.py:137} INFO - [2023-02-13T12:28:48.115+0000] {dag.py:3441} INFO - Setting next_dagrun for example_python_operator to None, run_after=None
[2023-02-13T12:28:48.178+0000] {processor.py:175} INFO - Processing /home/airflow/.local/lib/python3.7/site-packages/airflow/example_dags/example_python_operator.py took 0.234 seconds
[2023-02-13T12:29:18.542+0000] {processor.py:153} INFO - Started process (PID=2555) to work on /home/airflow/.local/lib/python3.7/site-packages/airflow/example_dags/example_python_operator.py
[2023-02-13T12:29:18.552+0000] {processor.py:743} INFO - Processing file /home/airflow/.local/lib/python3.7/site-packages/airflow/example_dags/example_python_operator.py for tasks to queue
[2023-02-13T12:29:18.553+0000] {logging_mixin.py:137} INFO - [2023-02-13T12:29:18.553+0000] {dagbag.py:538} INFO - Filling up the DagBag from /home/airflow/.local/lib/python3.7/site-packages/airflow/example_dags/example_python_operator.py
[2023-02-13T12:29:18.572+0000] {logging_mixin.py:137} INFO - [2023-02-13T12:29:18.572+0000] {taskmixin.py:205} WARNING - Dependency <Task(_PythonDecoratedOperator): print_the_context>, log_sql_query already registered for DAG: example_python_operator
[2023-02-13T12:29:18.573+0000] {logging_mixin.py:137} INFO - [2023-02-13T12:29:18.573+0000] {taskmixin.py:205} WARNING - Dependency <Task(_PythonDecoratedOperator): log_sql_query>, print_the_context already registered for DAG: example_python_operator
[2023-02-13T12:29:18.573+0000] {logging_mixin.py:137} INFO - [2023-02-13T12:29:18.573+0000] {taskmixin.py:205} WARNING - Dependency <Task(_PythonDecoratedOperator): print_the_context>, log_sql_query already registered for DAG: example_python_operator
[2023-02-13T12:29:18.574+0000] {logging_mixin.py:137} INFO - [2023-02-13T12:29:18.573+0000] {taskmixin.py:205} WARNING - Dependency <Task(_PythonDecoratedOperator): log_sql_query>, print_the_context already registered for DAG: example_python_operator
[2023-02-13T12:29:18.574+0000] {logging_mixin.py:137} INFO - [2023-02-13T12:29:18.574+0000] {taskmixin.py:205} WARNING - Dependency <Task(_PythonDecoratedOperator): print_the_context>, log_sql_query already registered for DAG: example_python_operator
[2023-02-13T12:29:18.574+0000] {logging_mixin.py:137} INFO - [2023-02-13T12:29:18.574+0000] {taskmixin.py:205} WARNING - Dependency <Task(_PythonDecoratedOperator): log_sql_query>, print_the_context already registered for DAG: example_python_operator
[2023-02-13T12:29:18.575+0000] {logging_mixin.py:137} INFO - [2023-02-13T12:29:18.575+0000] {taskmixin.py:205} WARNING - Dependency <Task(_PythonDecoratedOperator): print_the_context>, log_sql_query already registered for DAG: example_python_operator
[2023-02-13T12:29:18.575+0000] {logging_mixin.py:137} INFO - [2023-02-13T12:29:18.575+0000] {taskmixin.py:205} WARNING - Dependency <Task(_PythonDecoratedOperator): log_sql_query>, print_the_context already registered for DAG: example_python_operator
[2023-02-13T12:29:18.583+0000] {processor.py:753} INFO - DAG(s) dict_keys(['example_python_operator']) retrieved from /home/airflow/.local/lib/python3.7/site-packages/airflow/example_dags/example_python_operator.py
[2023-02-13T12:29:18.614+0000] {logging_mixin.py:137} INFO - [2023-02-13T12:29:18.614+0000] {dag.py:2690} INFO - Sync 1 DAGs
[2023-02-13T12:29:18.643+0000] {logging_mixin.py:137} INFO - [2023-02-13T12:29:18.642+0000] {dag.py:3441} INFO - Setting next_dagrun for example_python_operator to None, run_after=None
[2023-02-13T12:29:18.701+0000] {processor.py:175} INFO - Processing /home/airflow/.local/lib/python3.7/site-packages/airflow/example_dags/example_python_operator.py took 0.162 seconds
