[2023-02-13T12:21:34.870+0000] {processor.py:153} INFO - Started process (PID=278) to work on /home/airflow/.local/lib/python3.7/site-packages/airflow/example_dags/example_sla_dag.py
[2023-02-13T12:21:34.871+0000] {processor.py:743} INFO - Processing file /home/airflow/.local/lib/python3.7/site-packages/airflow/example_dags/example_sla_dag.py for tasks to queue
[2023-02-13T12:21:34.871+0000] {logging_mixin.py:137} INFO - [2023-02-13T12:21:34.871+0000] {dagbag.py:538} INFO - Filling up the DagBag from /home/airflow/.local/lib/python3.7/site-packages/airflow/example_dags/example_sla_dag.py
[2023-02-13T12:21:34.903+0000] {processor.py:753} INFO - DAG(s) dict_keys(['example_sla_dag']) retrieved from /home/airflow/.local/lib/python3.7/site-packages/airflow/example_dags/example_sla_dag.py
[2023-02-13T12:21:34.932+0000] {logging_mixin.py:137} INFO - [2023-02-13T12:21:34.932+0000] {dag.py:2690} INFO - Sync 1 DAGs
[2023-02-13T12:21:34.966+0000] {logging_mixin.py:137} INFO - [2023-02-13T12:21:34.966+0000] {dag.py:3441} INFO - Setting next_dagrun for example_sla_dag to 2023-02-13T12:18:00+00:00, run_after=2023-02-13T12:20:00+00:00
[2023-02-13T12:21:35.213+0000] {processor.py:175} INFO - Processing /home/airflow/.local/lib/python3.7/site-packages/airflow/example_dags/example_sla_dag.py took 0.347 seconds
[2023-02-13T12:22:05.500+0000] {processor.py:153} INFO - Started process (PID=515) to work on /home/airflow/.local/lib/python3.7/site-packages/airflow/example_dags/example_sla_dag.py
[2023-02-13T12:22:05.501+0000] {processor.py:743} INFO - Processing file /home/airflow/.local/lib/python3.7/site-packages/airflow/example_dags/example_sla_dag.py for tasks to queue
[2023-02-13T12:22:05.502+0000] {logging_mixin.py:137} INFO - [2023-02-13T12:22:05.502+0000] {dagbag.py:538} INFO - Filling up the DagBag from /home/airflow/.local/lib/python3.7/site-packages/airflow/example_dags/example_sla_dag.py
[2023-02-13T12:22:05.536+0000] {processor.py:753} INFO - DAG(s) dict_keys(['example_sla_dag']) retrieved from /home/airflow/.local/lib/python3.7/site-packages/airflow/example_dags/example_sla_dag.py
[2023-02-13T12:22:05.575+0000] {logging_mixin.py:137} INFO - [2023-02-13T12:22:05.574+0000] {dag.py:2690} INFO - Sync 1 DAGs
[2023-02-13T12:22:05.626+0000] {logging_mixin.py:137} INFO - [2023-02-13T12:22:05.626+0000] {dag.py:3441} INFO - Setting next_dagrun for example_sla_dag to 2023-02-13T12:20:00+00:00, run_after=2023-02-13T12:22:00+00:00
[2023-02-13T12:22:05.714+0000] {processor.py:175} INFO - Processing /home/airflow/.local/lib/python3.7/site-packages/airflow/example_dags/example_sla_dag.py took 0.220 seconds
[2023-02-13T12:24:11.513+0000] {processor.py:153} INFO - Started process (PID=283) to work on /home/airflow/.local/lib/python3.7/site-packages/airflow/example_dags/example_sla_dag.py
[2023-02-13T12:24:11.609+0000] {processor.py:743} INFO - Processing file /home/airflow/.local/lib/python3.7/site-packages/airflow/example_dags/example_sla_dag.py for tasks to queue
[2023-02-13T12:24:11.611+0000] {logging_mixin.py:137} INFO - [2023-02-13T12:24:11.610+0000] {dagbag.py:538} INFO - Filling up the DagBag from /home/airflow/.local/lib/python3.7/site-packages/airflow/example_dags/example_sla_dag.py
[2023-02-13T12:24:11.665+0000] {processor.py:753} INFO - DAG(s) dict_keys(['example_sla_dag']) retrieved from /home/airflow/.local/lib/python3.7/site-packages/airflow/example_dags/example_sla_dag.py
[2023-02-13T12:24:11.725+0000] {logging_mixin.py:137} INFO - [2023-02-13T12:24:11.724+0000] {dag.py:2690} INFO - Sync 1 DAGs
[2023-02-13T12:24:11.792+0000] {logging_mixin.py:137} INFO - [2023-02-13T12:24:11.792+0000] {dag.py:3441} INFO - Setting next_dagrun for example_sla_dag to 2023-02-13T12:22:00+00:00, run_after=2023-02-13T12:24:00+00:00
[2023-02-13T12:24:11.860+0000] {processor.py:175} INFO - Processing /home/airflow/.local/lib/python3.7/site-packages/airflow/example_dags/example_sla_dag.py took 0.352 seconds
[2023-02-13T12:24:42.630+0000] {processor.py:153} INFO - Started process (PID=510) to work on /home/airflow/.local/lib/python3.7/site-packages/airflow/example_dags/example_sla_dag.py
[2023-02-13T12:24:42.642+0000] {processor.py:743} INFO - Processing file /home/airflow/.local/lib/python3.7/site-packages/airflow/example_dags/example_sla_dag.py for tasks to queue
[2023-02-13T12:24:42.646+0000] {logging_mixin.py:137} INFO - [2023-02-13T12:24:42.645+0000] {dagbag.py:538} INFO - Filling up the DagBag from /home/airflow/.local/lib/python3.7/site-packages/airflow/example_dags/example_sla_dag.py
[2023-02-13T12:24:42.691+0000] {processor.py:753} INFO - DAG(s) dict_keys(['example_sla_dag']) retrieved from /home/airflow/.local/lib/python3.7/site-packages/airflow/example_dags/example_sla_dag.py
[2023-02-13T12:24:42.736+0000] {logging_mixin.py:137} INFO - [2023-02-13T12:24:42.736+0000] {dag.py:2690} INFO - Sync 1 DAGs
[2023-02-13T12:24:42.790+0000] {logging_mixin.py:137} INFO - [2023-02-13T12:24:42.789+0000] {dag.py:3441} INFO - Setting next_dagrun for example_sla_dag to 2023-02-13T12:22:00+00:00, run_after=2023-02-13T12:24:00+00:00
[2023-02-13T12:24:42.860+0000] {processor.py:175} INFO - Processing /home/airflow/.local/lib/python3.7/site-packages/airflow/example_dags/example_sla_dag.py took 0.239 seconds
[2023-02-13T12:25:13.199+0000] {processor.py:153} INFO - Started process (PID=737) to work on /home/airflow/.local/lib/python3.7/site-packages/airflow/example_dags/example_sla_dag.py
[2023-02-13T12:25:13.200+0000] {processor.py:743} INFO - Processing file /home/airflow/.local/lib/python3.7/site-packages/airflow/example_dags/example_sla_dag.py for tasks to queue
[2023-02-13T12:25:13.201+0000] {logging_mixin.py:137} INFO - [2023-02-13T12:25:13.201+0000] {dagbag.py:538} INFO - Filling up the DagBag from /home/airflow/.local/lib/python3.7/site-packages/airflow/example_dags/example_sla_dag.py
[2023-02-13T12:25:13.230+0000] {processor.py:753} INFO - DAG(s) dict_keys(['example_sla_dag']) retrieved from /home/airflow/.local/lib/python3.7/site-packages/airflow/example_dags/example_sla_dag.py
[2023-02-13T12:25:13.261+0000] {logging_mixin.py:137} INFO - [2023-02-13T12:25:13.260+0000] {dag.py:2690} INFO - Sync 1 DAGs
[2023-02-13T12:25:13.321+0000] {logging_mixin.py:137} INFO - [2023-02-13T12:25:13.321+0000] {dag.py:3441} INFO - Setting next_dagrun for example_sla_dag to 2023-02-13T12:22:00+00:00, run_after=2023-02-13T12:24:00+00:00
[2023-02-13T12:25:13.377+0000] {processor.py:175} INFO - Processing /home/airflow/.local/lib/python3.7/site-packages/airflow/example_dags/example_sla_dag.py took 0.182 seconds
[2023-02-13T12:25:44.616+0000] {processor.py:153} INFO - Started process (PID=966) to work on /home/airflow/.local/lib/python3.7/site-packages/airflow/example_dags/example_sla_dag.py
[2023-02-13T12:25:44.659+0000] {processor.py:743} INFO - Processing file /home/airflow/.local/lib/python3.7/site-packages/airflow/example_dags/example_sla_dag.py for tasks to queue
[2023-02-13T12:25:44.661+0000] {logging_mixin.py:137} INFO - [2023-02-13T12:25:44.660+0000] {dagbag.py:538} INFO - Filling up the DagBag from /home/airflow/.local/lib/python3.7/site-packages/airflow/example_dags/example_sla_dag.py
[2023-02-13T12:25:44.730+0000] {processor.py:753} INFO - DAG(s) dict_keys(['example_sla_dag']) retrieved from /home/airflow/.local/lib/python3.7/site-packages/airflow/example_dags/example_sla_dag.py
[2023-02-13T12:25:44.771+0000] {logging_mixin.py:137} INFO - [2023-02-13T12:25:44.771+0000] {dag.py:2690} INFO - Sync 1 DAGs
[2023-02-13T12:25:44.832+0000] {logging_mixin.py:137} INFO - [2023-02-13T12:25:44.832+0000] {dag.py:3441} INFO - Setting next_dagrun for example_sla_dag to 2023-02-13T12:22:00+00:00, run_after=2023-02-13T12:24:00+00:00
[2023-02-13T12:25:45.031+0000] {processor.py:175} INFO - Processing /home/airflow/.local/lib/python3.7/site-packages/airflow/example_dags/example_sla_dag.py took 0.424 seconds
[2023-02-13T12:26:15.113+0000] {processor.py:153} INFO - Started process (PID=1192) to work on /home/airflow/.local/lib/python3.7/site-packages/airflow/example_dags/example_sla_dag.py
[2023-02-13T12:26:15.121+0000] {processor.py:743} INFO - Processing file /home/airflow/.local/lib/python3.7/site-packages/airflow/example_dags/example_sla_dag.py for tasks to queue
[2023-02-13T12:26:15.123+0000] {logging_mixin.py:137} INFO - [2023-02-13T12:26:15.122+0000] {dagbag.py:538} INFO - Filling up the DagBag from /home/airflow/.local/lib/python3.7/site-packages/airflow/example_dags/example_sla_dag.py
[2023-02-13T12:26:15.167+0000] {processor.py:753} INFO - DAG(s) dict_keys(['example_sla_dag']) retrieved from /home/airflow/.local/lib/python3.7/site-packages/airflow/example_dags/example_sla_dag.py
[2023-02-13T12:26:15.212+0000] {logging_mixin.py:137} INFO - [2023-02-13T12:26:15.211+0000] {dag.py:2690} INFO - Sync 1 DAGs
[2023-02-13T12:26:15.278+0000] {logging_mixin.py:137} INFO - [2023-02-13T12:26:15.277+0000] {dag.py:3441} INFO - Setting next_dagrun for example_sla_dag to 2023-02-13T12:24:00+00:00, run_after=2023-02-13T12:26:00+00:00
[2023-02-13T12:26:15.335+0000] {processor.py:175} INFO - Processing /home/airflow/.local/lib/python3.7/site-packages/airflow/example_dags/example_sla_dag.py took 0.228 seconds
[2023-02-13T12:26:45.860+0000] {processor.py:153} INFO - Started process (PID=1417) to work on /home/airflow/.local/lib/python3.7/site-packages/airflow/example_dags/example_sla_dag.py
[2023-02-13T12:26:45.861+0000] {processor.py:743} INFO - Processing file /home/airflow/.local/lib/python3.7/site-packages/airflow/example_dags/example_sla_dag.py for tasks to queue
[2023-02-13T12:26:45.862+0000] {logging_mixin.py:137} INFO - [2023-02-13T12:26:45.862+0000] {dagbag.py:538} INFO - Filling up the DagBag from /home/airflow/.local/lib/python3.7/site-packages/airflow/example_dags/example_sla_dag.py
[2023-02-13T12:26:45.895+0000] {processor.py:753} INFO - DAG(s) dict_keys(['example_sla_dag']) retrieved from /home/airflow/.local/lib/python3.7/site-packages/airflow/example_dags/example_sla_dag.py
[2023-02-13T12:26:45.927+0000] {logging_mixin.py:137} INFO - [2023-02-13T12:26:45.927+0000] {dag.py:2690} INFO - Sync 1 DAGs
[2023-02-13T12:26:45.961+0000] {logging_mixin.py:137} INFO - [2023-02-13T12:26:45.961+0000] {dag.py:3441} INFO - Setting next_dagrun for example_sla_dag to 2023-02-13T12:24:00+00:00, run_after=2023-02-13T12:26:00+00:00
[2023-02-13T12:26:46.058+0000] {processor.py:175} INFO - Processing /home/airflow/.local/lib/python3.7/site-packages/airflow/example_dags/example_sla_dag.py took 0.203 seconds
[2023-02-13T12:27:16.459+0000] {processor.py:153} INFO - Started process (PID=1645) to work on /home/airflow/.local/lib/python3.7/site-packages/airflow/example_dags/example_sla_dag.py
[2023-02-13T12:27:16.460+0000] {processor.py:743} INFO - Processing file /home/airflow/.local/lib/python3.7/site-packages/airflow/example_dags/example_sla_dag.py for tasks to queue
[2023-02-13T12:27:16.461+0000] {logging_mixin.py:137} INFO - [2023-02-13T12:27:16.460+0000] {dagbag.py:538} INFO - Filling up the DagBag from /home/airflow/.local/lib/python3.7/site-packages/airflow/example_dags/example_sla_dag.py
[2023-02-13T12:27:16.492+0000] {processor.py:753} INFO - DAG(s) dict_keys(['example_sla_dag']) retrieved from /home/airflow/.local/lib/python3.7/site-packages/airflow/example_dags/example_sla_dag.py
[2023-02-13T12:27:16.519+0000] {logging_mixin.py:137} INFO - [2023-02-13T12:27:16.518+0000] {dag.py:2690} INFO - Sync 1 DAGs
[2023-02-13T12:27:16.552+0000] {logging_mixin.py:137} INFO - [2023-02-13T12:27:16.552+0000] {dag.py:3441} INFO - Setting next_dagrun for example_sla_dag to 2023-02-13T12:24:00+00:00, run_after=2023-02-13T12:26:00+00:00
[2023-02-13T12:27:16.597+0000] {processor.py:175} INFO - Processing /home/airflow/.local/lib/python3.7/site-packages/airflow/example_dags/example_sla_dag.py took 0.144 seconds
[2023-02-13T12:27:47.032+0000] {processor.py:153} INFO - Started process (PID=1874) to work on /home/airflow/.local/lib/python3.7/site-packages/airflow/example_dags/example_sla_dag.py
[2023-02-13T12:27:47.034+0000] {processor.py:743} INFO - Processing file /home/airflow/.local/lib/python3.7/site-packages/airflow/example_dags/example_sla_dag.py for tasks to queue
[2023-02-13T12:27:47.036+0000] {logging_mixin.py:137} INFO - [2023-02-13T12:27:47.036+0000] {dagbag.py:538} INFO - Filling up the DagBag from /home/airflow/.local/lib/python3.7/site-packages/airflow/example_dags/example_sla_dag.py
[2023-02-13T12:27:47.078+0000] {processor.py:753} INFO - DAG(s) dict_keys(['example_sla_dag']) retrieved from /home/airflow/.local/lib/python3.7/site-packages/airflow/example_dags/example_sla_dag.py
[2023-02-13T12:27:47.128+0000] {logging_mixin.py:137} INFO - [2023-02-13T12:27:47.128+0000] {dag.py:2690} INFO - Sync 1 DAGs
[2023-02-13T12:27:47.205+0000] {logging_mixin.py:137} INFO - [2023-02-13T12:27:47.204+0000] {dag.py:3441} INFO - Setting next_dagrun for example_sla_dag to 2023-02-13T12:24:00+00:00, run_after=2023-02-13T12:26:00+00:00
[2023-02-13T12:27:47.296+0000] {processor.py:175} INFO - Processing /home/airflow/.local/lib/python3.7/site-packages/airflow/example_dags/example_sla_dag.py took 0.270 seconds
[2023-02-13T12:28:17.538+0000] {processor.py:153} INFO - Started process (PID=2101) to work on /home/airflow/.local/lib/python3.7/site-packages/airflow/example_dags/example_sla_dag.py
[2023-02-13T12:28:17.539+0000] {processor.py:743} INFO - Processing file /home/airflow/.local/lib/python3.7/site-packages/airflow/example_dags/example_sla_dag.py for tasks to queue
[2023-02-13T12:28:17.540+0000] {logging_mixin.py:137} INFO - [2023-02-13T12:28:17.540+0000] {dagbag.py:538} INFO - Filling up the DagBag from /home/airflow/.local/lib/python3.7/site-packages/airflow/example_dags/example_sla_dag.py
[2023-02-13T12:28:17.576+0000] {processor.py:753} INFO - DAG(s) dict_keys(['example_sla_dag']) retrieved from /home/airflow/.local/lib/python3.7/site-packages/airflow/example_dags/example_sla_dag.py
[2023-02-13T12:28:17.609+0000] {logging_mixin.py:137} INFO - [2023-02-13T12:28:17.609+0000] {dag.py:2690} INFO - Sync 1 DAGs
[2023-02-13T12:28:17.641+0000] {logging_mixin.py:137} INFO - [2023-02-13T12:28:17.641+0000] {dag.py:3441} INFO - Setting next_dagrun for example_sla_dag to 2023-02-13T12:26:00+00:00, run_after=2023-02-13T12:28:00+00:00
[2023-02-13T12:28:17.734+0000] {processor.py:175} INFO - Processing /home/airflow/.local/lib/python3.7/site-packages/airflow/example_dags/example_sla_dag.py took 0.201 seconds
[2023-02-13T12:28:48.428+0000] {processor.py:153} INFO - Started process (PID=2343) to work on /home/airflow/.local/lib/python3.7/site-packages/airflow/example_dags/example_sla_dag.py
[2023-02-13T12:28:48.475+0000] {processor.py:743} INFO - Processing file /home/airflow/.local/lib/python3.7/site-packages/airflow/example_dags/example_sla_dag.py for tasks to queue
[2023-02-13T12:28:48.476+0000] {logging_mixin.py:137} INFO - [2023-02-13T12:28:48.476+0000] {dagbag.py:538} INFO - Filling up the DagBag from /home/airflow/.local/lib/python3.7/site-packages/airflow/example_dags/example_sla_dag.py
[2023-02-13T12:28:48.512+0000] {processor.py:753} INFO - DAG(s) dict_keys(['example_sla_dag']) retrieved from /home/airflow/.local/lib/python3.7/site-packages/airflow/example_dags/example_sla_dag.py
[2023-02-13T12:28:48.558+0000] {logging_mixin.py:137} INFO - [2023-02-13T12:28:48.558+0000] {dag.py:2690} INFO - Sync 1 DAGs
[2023-02-13T12:28:48.619+0000] {logging_mixin.py:137} INFO - [2023-02-13T12:28:48.619+0000] {dag.py:3441} INFO - Setting next_dagrun for example_sla_dag to 2023-02-13T12:26:00+00:00, run_after=2023-02-13T12:28:00+00:00
[2023-02-13T12:28:48.712+0000] {processor.py:175} INFO - Processing /home/airflow/.local/lib/python3.7/site-packages/airflow/example_dags/example_sla_dag.py took 0.289 seconds
[2023-02-13T12:29:18.800+0000] {processor.py:153} INFO - Started process (PID=2570) to work on /home/airflow/.local/lib/python3.7/site-packages/airflow/example_dags/example_sla_dag.py
[2023-02-13T12:29:18.895+0000] {processor.py:743} INFO - Processing file /home/airflow/.local/lib/python3.7/site-packages/airflow/example_dags/example_sla_dag.py for tasks to queue
[2023-02-13T12:29:18.896+0000] {logging_mixin.py:137} INFO - [2023-02-13T12:29:18.896+0000] {dagbag.py:538} INFO - Filling up the DagBag from /home/airflow/.local/lib/python3.7/site-packages/airflow/example_dags/example_sla_dag.py
[2023-02-13T12:29:18.945+0000] {processor.py:753} INFO - DAG(s) dict_keys(['example_sla_dag']) retrieved from /home/airflow/.local/lib/python3.7/site-packages/airflow/example_dags/example_sla_dag.py
[2023-02-13T12:29:18.972+0000] {logging_mixin.py:137} INFO - [2023-02-13T12:29:18.972+0000] {dag.py:2690} INFO - Sync 1 DAGs
[2023-02-13T12:29:19.004+0000] {logging_mixin.py:137} INFO - [2023-02-13T12:29:19.004+0000] {dag.py:3441} INFO - Setting next_dagrun for example_sla_dag to 2023-02-13T12:26:00+00:00, run_after=2023-02-13T12:28:00+00:00
[2023-02-13T12:29:19.203+0000] {processor.py:175} INFO - Processing /home/airflow/.local/lib/python3.7/site-packages/airflow/example_dags/example_sla_dag.py took 0.407 seconds
