[2023-02-13T12:21:35.902+0000] {processor.py:153} INFO - Started process (PID=320) to work on /home/airflow/.local/lib/python3.7/site-packages/airflow/example_dags/example_branch_labels.py
[2023-02-13T12:21:35.902+0000] {processor.py:743} INFO - Processing file /home/airflow/.local/lib/python3.7/site-packages/airflow/example_dags/example_branch_labels.py for tasks to queue
[2023-02-13T12:21:35.903+0000] {logging_mixin.py:137} INFO - [2023-02-13T12:21:35.903+0000] {dagbag.py:538} INFO - Filling up the DagBag from /home/airflow/.local/lib/python3.7/site-packages/airflow/example_dags/example_branch_labels.py
[2023-02-13T12:21:35.926+0000] {processor.py:753} INFO - DAG(s) dict_keys(['example_branch_labels']) retrieved from /home/airflow/.local/lib/python3.7/site-packages/airflow/example_dags/example_branch_labels.py
[2023-02-13T12:21:35.955+0000] {logging_mixin.py:137} INFO - [2023-02-13T12:21:35.955+0000] {dag.py:2690} INFO - Sync 1 DAGs
[2023-02-13T12:21:35.997+0000] {logging_mixin.py:137} INFO - [2023-02-13T12:21:35.996+0000] {dag.py:3441} INFO - Setting next_dagrun for example_branch_labels to 2023-02-12T00:00:00+00:00, run_after=2023-02-13T00:00:00+00:00
[2023-02-13T12:21:36.069+0000] {processor.py:175} INFO - Processing /home/airflow/.local/lib/python3.7/site-packages/airflow/example_dags/example_branch_labels.py took 0.171 seconds
[2023-02-13T12:22:06.181+0000] {processor.py:153} INFO - Started process (PID=548) to work on /home/airflow/.local/lib/python3.7/site-packages/airflow/example_dags/example_branch_labels.py
[2023-02-13T12:22:06.182+0000] {processor.py:743} INFO - Processing file /home/airflow/.local/lib/python3.7/site-packages/airflow/example_dags/example_branch_labels.py for tasks to queue
[2023-02-13T12:22:06.183+0000] {logging_mixin.py:137} INFO - [2023-02-13T12:22:06.183+0000] {dagbag.py:538} INFO - Filling up the DagBag from /home/airflow/.local/lib/python3.7/site-packages/airflow/example_dags/example_branch_labels.py
[2023-02-13T12:22:06.201+0000] {processor.py:753} INFO - DAG(s) dict_keys(['example_branch_labels']) retrieved from /home/airflow/.local/lib/python3.7/site-packages/airflow/example_dags/example_branch_labels.py
[2023-02-13T12:22:06.236+0000] {logging_mixin.py:137} INFO - [2023-02-13T12:22:06.236+0000] {dag.py:2690} INFO - Sync 1 DAGs
[2023-02-13T12:22:06.268+0000] {logging_mixin.py:137} INFO - [2023-02-13T12:22:06.268+0000] {dag.py:3441} INFO - Setting next_dagrun for example_branch_labels to 2023-02-12T00:00:00+00:00, run_after=2023-02-13T00:00:00+00:00
[2023-02-13T12:22:06.323+0000] {processor.py:175} INFO - Processing /home/airflow/.local/lib/python3.7/site-packages/airflow/example_dags/example_branch_labels.py took 0.147 seconds
[2023-02-13T12:24:12.467+0000] {processor.py:153} INFO - Started process (PID=318) to work on /home/airflow/.local/lib/python3.7/site-packages/airflow/example_dags/example_branch_labels.py
[2023-02-13T12:24:12.468+0000] {processor.py:743} INFO - Processing file /home/airflow/.local/lib/python3.7/site-packages/airflow/example_dags/example_branch_labels.py for tasks to queue
[2023-02-13T12:24:12.469+0000] {logging_mixin.py:137} INFO - [2023-02-13T12:24:12.469+0000] {dagbag.py:538} INFO - Filling up the DagBag from /home/airflow/.local/lib/python3.7/site-packages/airflow/example_dags/example_branch_labels.py
[2023-02-13T12:24:12.497+0000] {processor.py:753} INFO - DAG(s) dict_keys(['example_branch_labels']) retrieved from /home/airflow/.local/lib/python3.7/site-packages/airflow/example_dags/example_branch_labels.py
[2023-02-13T12:24:12.544+0000] {logging_mixin.py:137} INFO - [2023-02-13T12:24:12.543+0000] {dag.py:2690} INFO - Sync 1 DAGs
[2023-02-13T12:24:12.596+0000] {logging_mixin.py:137} INFO - [2023-02-13T12:24:12.596+0000] {dag.py:3441} INFO - Setting next_dagrun for example_branch_labels to 2023-02-12T00:00:00+00:00, run_after=2023-02-13T00:00:00+00:00
[2023-02-13T12:24:12.652+0000] {processor.py:175} INFO - Processing /home/airflow/.local/lib/python3.7/site-packages/airflow/example_dags/example_branch_labels.py took 0.192 seconds
[2023-02-13T12:24:43.842+0000] {processor.py:153} INFO - Started process (PID=547) to work on /home/airflow/.local/lib/python3.7/site-packages/airflow/example_dags/example_branch_labels.py
[2023-02-13T12:24:43.865+0000] {processor.py:743} INFO - Processing file /home/airflow/.local/lib/python3.7/site-packages/airflow/example_dags/example_branch_labels.py for tasks to queue
[2023-02-13T12:24:43.868+0000] {logging_mixin.py:137} INFO - [2023-02-13T12:24:43.867+0000] {dagbag.py:538} INFO - Filling up the DagBag from /home/airflow/.local/lib/python3.7/site-packages/airflow/example_dags/example_branch_labels.py
[2023-02-13T12:24:43.938+0000] {processor.py:753} INFO - DAG(s) dict_keys(['example_branch_labels']) retrieved from /home/airflow/.local/lib/python3.7/site-packages/airflow/example_dags/example_branch_labels.py
[2023-02-13T12:24:43.988+0000] {logging_mixin.py:137} INFO - [2023-02-13T12:24:43.988+0000] {dag.py:2690} INFO - Sync 1 DAGs
[2023-02-13T12:24:44.048+0000] {logging_mixin.py:137} INFO - [2023-02-13T12:24:44.048+0000] {dag.py:3441} INFO - Setting next_dagrun for example_branch_labels to 2023-02-12T00:00:00+00:00, run_after=2023-02-13T00:00:00+00:00
[2023-02-13T12:24:44.115+0000] {processor.py:175} INFO - Processing /home/airflow/.local/lib/python3.7/site-packages/airflow/example_dags/example_branch_labels.py took 0.290 seconds
[2023-02-13T12:25:15.050+0000] {processor.py:153} INFO - Started process (PID=774) to work on /home/airflow/.local/lib/python3.7/site-packages/airflow/example_dags/example_branch_labels.py
[2023-02-13T12:25:15.052+0000] {processor.py:743} INFO - Processing file /home/airflow/.local/lib/python3.7/site-packages/airflow/example_dags/example_branch_labels.py for tasks to queue
[2023-02-13T12:25:15.053+0000] {logging_mixin.py:137} INFO - [2023-02-13T12:25:15.053+0000] {dagbag.py:538} INFO - Filling up the DagBag from /home/airflow/.local/lib/python3.7/site-packages/airflow/example_dags/example_branch_labels.py
[2023-02-13T12:25:15.092+0000] {processor.py:753} INFO - DAG(s) dict_keys(['example_branch_labels']) retrieved from /home/airflow/.local/lib/python3.7/site-packages/airflow/example_dags/example_branch_labels.py
[2023-02-13T12:25:15.131+0000] {logging_mixin.py:137} INFO - [2023-02-13T12:25:15.131+0000] {dag.py:2690} INFO - Sync 1 DAGs
[2023-02-13T12:25:15.168+0000] {logging_mixin.py:137} INFO - [2023-02-13T12:25:15.168+0000] {dag.py:3441} INFO - Setting next_dagrun for example_branch_labels to 2023-02-12T00:00:00+00:00, run_after=2023-02-13T00:00:00+00:00
[2023-02-13T12:25:15.227+0000] {processor.py:175} INFO - Processing /home/airflow/.local/lib/python3.7/site-packages/airflow/example_dags/example_branch_labels.py took 0.184 seconds
[2023-02-13T12:25:46.090+0000] {processor.py:153} INFO - Started process (PID=999) to work on /home/airflow/.local/lib/python3.7/site-packages/airflow/example_dags/example_branch_labels.py
[2023-02-13T12:25:46.093+0000] {processor.py:743} INFO - Processing file /home/airflow/.local/lib/python3.7/site-packages/airflow/example_dags/example_branch_labels.py for tasks to queue
[2023-02-13T12:25:46.095+0000] {logging_mixin.py:137} INFO - [2023-02-13T12:25:46.094+0000] {dagbag.py:538} INFO - Filling up the DagBag from /home/airflow/.local/lib/python3.7/site-packages/airflow/example_dags/example_branch_labels.py
[2023-02-13T12:25:46.126+0000] {processor.py:753} INFO - DAG(s) dict_keys(['example_branch_labels']) retrieved from /home/airflow/.local/lib/python3.7/site-packages/airflow/example_dags/example_branch_labels.py
[2023-02-13T12:25:46.174+0000] {logging_mixin.py:137} INFO - [2023-02-13T12:25:46.174+0000] {dag.py:2690} INFO - Sync 1 DAGs
[2023-02-13T12:25:46.226+0000] {logging_mixin.py:137} INFO - [2023-02-13T12:25:46.226+0000] {dag.py:3441} INFO - Setting next_dagrun for example_branch_labels to 2023-02-12T00:00:00+00:00, run_after=2023-02-13T00:00:00+00:00
[2023-02-13T12:25:46.307+0000] {processor.py:175} INFO - Processing /home/airflow/.local/lib/python3.7/site-packages/airflow/example_dags/example_branch_labels.py took 0.223 seconds
[2023-02-13T12:26:16.914+0000] {processor.py:153} INFO - Started process (PID=1226) to work on /home/airflow/.local/lib/python3.7/site-packages/airflow/example_dags/example_branch_labels.py
[2023-02-13T12:26:16.916+0000] {processor.py:743} INFO - Processing file /home/airflow/.local/lib/python3.7/site-packages/airflow/example_dags/example_branch_labels.py for tasks to queue
[2023-02-13T12:26:16.917+0000] {logging_mixin.py:137} INFO - [2023-02-13T12:26:16.917+0000] {dagbag.py:538} INFO - Filling up the DagBag from /home/airflow/.local/lib/python3.7/site-packages/airflow/example_dags/example_branch_labels.py
[2023-02-13T12:26:16.943+0000] {processor.py:753} INFO - DAG(s) dict_keys(['example_branch_labels']) retrieved from /home/airflow/.local/lib/python3.7/site-packages/airflow/example_dags/example_branch_labels.py
[2023-02-13T12:26:16.993+0000] {logging_mixin.py:137} INFO - [2023-02-13T12:26:16.993+0000] {dag.py:2690} INFO - Sync 1 DAGs
[2023-02-13T12:26:17.051+0000] {logging_mixin.py:137} INFO - [2023-02-13T12:26:17.050+0000] {dag.py:3441} INFO - Setting next_dagrun for example_branch_labels to 2023-02-12T00:00:00+00:00, run_after=2023-02-13T00:00:00+00:00
[2023-02-13T12:26:17.127+0000] {processor.py:175} INFO - Processing /home/airflow/.local/lib/python3.7/site-packages/airflow/example_dags/example_branch_labels.py took 0.219 seconds
[2023-02-13T12:26:47.474+0000] {processor.py:153} INFO - Started process (PID=1452) to work on /home/airflow/.local/lib/python3.7/site-packages/airflow/example_dags/example_branch_labels.py
[2023-02-13T12:26:47.475+0000] {processor.py:743} INFO - Processing file /home/airflow/.local/lib/python3.7/site-packages/airflow/example_dags/example_branch_labels.py for tasks to queue
[2023-02-13T12:26:47.476+0000] {logging_mixin.py:137} INFO - [2023-02-13T12:26:47.476+0000] {dagbag.py:538} INFO - Filling up the DagBag from /home/airflow/.local/lib/python3.7/site-packages/airflow/example_dags/example_branch_labels.py
[2023-02-13T12:26:47.493+0000] {processor.py:753} INFO - DAG(s) dict_keys(['example_branch_labels']) retrieved from /home/airflow/.local/lib/python3.7/site-packages/airflow/example_dags/example_branch_labels.py
[2023-02-13T12:26:47.523+0000] {logging_mixin.py:137} INFO - [2023-02-13T12:26:47.522+0000] {dag.py:2690} INFO - Sync 1 DAGs
[2023-02-13T12:26:47.553+0000] {logging_mixin.py:137} INFO - [2023-02-13T12:26:47.553+0000] {dag.py:3441} INFO - Setting next_dagrun for example_branch_labels to 2023-02-12T00:00:00+00:00, run_after=2023-02-13T00:00:00+00:00
[2023-02-13T12:26:47.605+0000] {processor.py:175} INFO - Processing /home/airflow/.local/lib/python3.7/site-packages/airflow/example_dags/example_branch_labels.py took 0.135 seconds
[2023-02-13T12:27:18.016+0000] {processor.py:153} INFO - Started process (PID=1675) to work on /home/airflow/.local/lib/python3.7/site-packages/airflow/example_dags/example_branch_labels.py
[2023-02-13T12:27:18.017+0000] {processor.py:743} INFO - Processing file /home/airflow/.local/lib/python3.7/site-packages/airflow/example_dags/example_branch_labels.py for tasks to queue
[2023-02-13T12:27:18.018+0000] {logging_mixin.py:137} INFO - [2023-02-13T12:27:18.018+0000] {dagbag.py:538} INFO - Filling up the DagBag from /home/airflow/.local/lib/python3.7/site-packages/airflow/example_dags/example_branch_labels.py
[2023-02-13T12:27:18.037+0000] {processor.py:753} INFO - DAG(s) dict_keys(['example_branch_labels']) retrieved from /home/airflow/.local/lib/python3.7/site-packages/airflow/example_dags/example_branch_labels.py
[2023-02-13T12:27:18.065+0000] {logging_mixin.py:137} INFO - [2023-02-13T12:27:18.065+0000] {dag.py:2690} INFO - Sync 1 DAGs
[2023-02-13T12:27:18.097+0000] {logging_mixin.py:137} INFO - [2023-02-13T12:27:18.097+0000] {dag.py:3441} INFO - Setting next_dagrun for example_branch_labels to 2023-02-12T00:00:00+00:00, run_after=2023-02-13T00:00:00+00:00
[2023-02-13T12:27:18.141+0000] {processor.py:175} INFO - Processing /home/airflow/.local/lib/python3.7/site-packages/airflow/example_dags/example_branch_labels.py took 0.129 seconds
[2023-02-13T12:27:48.857+0000] {processor.py:153} INFO - Started process (PID=1907) to work on /home/airflow/.local/lib/python3.7/site-packages/airflow/example_dags/example_branch_labels.py
[2023-02-13T12:27:48.858+0000] {processor.py:743} INFO - Processing file /home/airflow/.local/lib/python3.7/site-packages/airflow/example_dags/example_branch_labels.py for tasks to queue
[2023-02-13T12:27:48.859+0000] {logging_mixin.py:137} INFO - [2023-02-13T12:27:48.859+0000] {dagbag.py:538} INFO - Filling up the DagBag from /home/airflow/.local/lib/python3.7/site-packages/airflow/example_dags/example_branch_labels.py
[2023-02-13T12:27:48.875+0000] {processor.py:753} INFO - DAG(s) dict_keys(['example_branch_labels']) retrieved from /home/airflow/.local/lib/python3.7/site-packages/airflow/example_dags/example_branch_labels.py
[2023-02-13T12:27:48.903+0000] {logging_mixin.py:137} INFO - [2023-02-13T12:27:48.903+0000] {dag.py:2690} INFO - Sync 1 DAGs
[2023-02-13T12:27:48.932+0000] {logging_mixin.py:137} INFO - [2023-02-13T12:27:48.932+0000] {dag.py:3441} INFO - Setting next_dagrun for example_branch_labels to 2023-02-12T00:00:00+00:00, run_after=2023-02-13T00:00:00+00:00
[2023-02-13T12:27:48.999+0000] {processor.py:175} INFO - Processing /home/airflow/.local/lib/python3.7/site-packages/airflow/example_dags/example_branch_labels.py took 0.146 seconds
[2023-02-13T12:28:19.175+0000] {processor.py:153} INFO - Started process (PID=2134) to work on /home/airflow/.local/lib/python3.7/site-packages/airflow/example_dags/example_branch_labels.py
[2023-02-13T12:28:19.175+0000] {processor.py:743} INFO - Processing file /home/airflow/.local/lib/python3.7/site-packages/airflow/example_dags/example_branch_labels.py for tasks to queue
[2023-02-13T12:28:19.176+0000] {logging_mixin.py:137} INFO - [2023-02-13T12:28:19.176+0000] {dagbag.py:538} INFO - Filling up the DagBag from /home/airflow/.local/lib/python3.7/site-packages/airflow/example_dags/example_branch_labels.py
[2023-02-13T12:28:19.193+0000] {processor.py:753} INFO - DAG(s) dict_keys(['example_branch_labels']) retrieved from /home/airflow/.local/lib/python3.7/site-packages/airflow/example_dags/example_branch_labels.py
[2023-02-13T12:28:19.221+0000] {logging_mixin.py:137} INFO - [2023-02-13T12:28:19.220+0000] {dag.py:2690} INFO - Sync 1 DAGs
[2023-02-13T12:28:19.254+0000] {logging_mixin.py:137} INFO - [2023-02-13T12:28:19.253+0000] {dag.py:3441} INFO - Setting next_dagrun for example_branch_labels to 2023-02-12T00:00:00+00:00, run_after=2023-02-13T00:00:00+00:00
[2023-02-13T12:28:19.307+0000] {processor.py:175} INFO - Processing /home/airflow/.local/lib/python3.7/site-packages/airflow/example_dags/example_branch_labels.py took 0.136 seconds
[2023-02-13T12:28:50.624+0000] {processor.py:153} INFO - Started process (PID=2378) to work on /home/airflow/.local/lib/python3.7/site-packages/airflow/example_dags/example_branch_labels.py
[2023-02-13T12:28:50.632+0000] {processor.py:743} INFO - Processing file /home/airflow/.local/lib/python3.7/site-packages/airflow/example_dags/example_branch_labels.py for tasks to queue
[2023-02-13T12:28:50.633+0000] {logging_mixin.py:137} INFO - [2023-02-13T12:28:50.633+0000] {dagbag.py:538} INFO - Filling up the DagBag from /home/airflow/.local/lib/python3.7/site-packages/airflow/example_dags/example_branch_labels.py
[2023-02-13T12:28:50.655+0000] {processor.py:753} INFO - DAG(s) dict_keys(['example_branch_labels']) retrieved from /home/airflow/.local/lib/python3.7/site-packages/airflow/example_dags/example_branch_labels.py
[2023-02-13T12:28:50.688+0000] {logging_mixin.py:137} INFO - [2023-02-13T12:28:50.687+0000] {dag.py:2690} INFO - Sync 1 DAGs
[2023-02-13T12:28:50.732+0000] {logging_mixin.py:137} INFO - [2023-02-13T12:28:50.732+0000] {dag.py:3441} INFO - Setting next_dagrun for example_branch_labels to 2023-02-12T00:00:00+00:00, run_after=2023-02-13T00:00:00+00:00
[2023-02-13T12:28:50.785+0000] {processor.py:175} INFO - Processing /home/airflow/.local/lib/python3.7/site-packages/airflow/example_dags/example_branch_labels.py took 0.166 seconds
[2023-02-13T12:29:21.059+0000] {processor.py:153} INFO - Started process (PID=2605) to work on /home/airflow/.local/lib/python3.7/site-packages/airflow/example_dags/example_branch_labels.py
[2023-02-13T12:29:21.072+0000] {processor.py:743} INFO - Processing file /home/airflow/.local/lib/python3.7/site-packages/airflow/example_dags/example_branch_labels.py for tasks to queue
[2023-02-13T12:29:21.073+0000] {logging_mixin.py:137} INFO - [2023-02-13T12:29:21.073+0000] {dagbag.py:538} INFO - Filling up the DagBag from /home/airflow/.local/lib/python3.7/site-packages/airflow/example_dags/example_branch_labels.py
[2023-02-13T12:29:21.103+0000] {processor.py:753} INFO - DAG(s) dict_keys(['example_branch_labels']) retrieved from /home/airflow/.local/lib/python3.7/site-packages/airflow/example_dags/example_branch_labels.py
[2023-02-13T12:29:21.139+0000] {logging_mixin.py:137} INFO - [2023-02-13T12:29:21.139+0000] {dag.py:2690} INFO - Sync 1 DAGs
[2023-02-13T12:29:21.177+0000] {logging_mixin.py:137} INFO - [2023-02-13T12:29:21.177+0000] {dag.py:3441} INFO - Setting next_dagrun for example_branch_labels to 2023-02-12T00:00:00+00:00, run_after=2023-02-13T00:00:00+00:00
[2023-02-13T12:29:21.233+0000] {processor.py:175} INFO - Processing /home/airflow/.local/lib/python3.7/site-packages/airflow/example_dags/example_branch_labels.py took 0.178 seconds
