[2023-02-13T12:21:33.654+0000] {processor.py:153} INFO - Started process (PID=235) to work on /home/airflow/.local/lib/python3.7/site-packages/airflow/example_dags/example_sensor_decorator.py
[2023-02-13T12:21:33.655+0000] {processor.py:743} INFO - Processing file /home/airflow/.local/lib/python3.7/site-packages/airflow/example_dags/example_sensor_decorator.py for tasks to queue
[2023-02-13T12:21:33.657+0000] {logging_mixin.py:137} INFO - [2023-02-13T12:21:33.656+0000] {dagbag.py:538} INFO - Filling up the DagBag from /home/airflow/.local/lib/python3.7/site-packages/airflow/example_dags/example_sensor_decorator.py
[2023-02-13T12:21:33.692+0000] {processor.py:753} INFO - DAG(s) dict_keys(['example_sensor_decorator']) retrieved from /home/airflow/.local/lib/python3.7/site-packages/airflow/example_dags/example_sensor_decorator.py
[2023-02-13T12:21:33.717+0000] {logging_mixin.py:137} INFO - [2023-02-13T12:21:33.717+0000] {dag.py:2690} INFO - Sync 1 DAGs
[2023-02-13T12:21:33.747+0000] {logging_mixin.py:137} INFO - [2023-02-13T12:21:33.747+0000] {dag.py:3441} INFO - Setting next_dagrun for example_sensor_decorator to None, run_after=None
[2023-02-13T12:21:33.838+0000] {processor.py:175} INFO - Processing /home/airflow/.local/lib/python3.7/site-packages/airflow/example_dags/example_sensor_decorator.py took 0.191 seconds
[2023-02-13T12:22:04.021+0000] {processor.py:153} INFO - Started process (PID=461) to work on /home/airflow/.local/lib/python3.7/site-packages/airflow/example_dags/example_sensor_decorator.py
[2023-02-13T12:22:04.023+0000] {processor.py:743} INFO - Processing file /home/airflow/.local/lib/python3.7/site-packages/airflow/example_dags/example_sensor_decorator.py for tasks to queue
[2023-02-13T12:22:04.024+0000] {logging_mixin.py:137} INFO - [2023-02-13T12:22:04.024+0000] {dagbag.py:538} INFO - Filling up the DagBag from /home/airflow/.local/lib/python3.7/site-packages/airflow/example_dags/example_sensor_decorator.py
[2023-02-13T12:22:04.069+0000] {processor.py:753} INFO - DAG(s) dict_keys(['example_sensor_decorator']) retrieved from /home/airflow/.local/lib/python3.7/site-packages/airflow/example_dags/example_sensor_decorator.py
[2023-02-13T12:22:04.110+0000] {logging_mixin.py:137} INFO - [2023-02-13T12:22:04.110+0000] {dag.py:2690} INFO - Sync 1 DAGs
[2023-02-13T12:22:04.157+0000] {logging_mixin.py:137} INFO - [2023-02-13T12:22:04.157+0000] {dag.py:3441} INFO - Setting next_dagrun for example_sensor_decorator to None, run_after=None
[2023-02-13T12:22:04.220+0000] {processor.py:175} INFO - Processing /home/airflow/.local/lib/python3.7/site-packages/airflow/example_dags/example_sensor_decorator.py took 0.205 seconds
[2023-02-13T12:22:35.821+0000] {processor.py:153} INFO - Started process (PID=697) to work on /home/airflow/.local/lib/python3.7/site-packages/airflow/example_dags/example_sensor_decorator.py
[2023-02-13T12:22:35.835+0000] {processor.py:743} INFO - Processing file /home/airflow/.local/lib/python3.7/site-packages/airflow/example_dags/example_sensor_decorator.py for tasks to queue
[2023-02-13T12:22:35.837+0000] {logging_mixin.py:137} INFO - [2023-02-13T12:22:35.836+0000] {dagbag.py:538} INFO - Filling up the DagBag from /home/airflow/.local/lib/python3.7/site-packages/airflow/example_dags/example_sensor_decorator.py
[2023-02-13T12:22:35.888+0000] {processor.py:753} INFO - DAG(s) dict_keys(['example_sensor_decorator']) retrieved from /home/airflow/.local/lib/python3.7/site-packages/airflow/example_dags/example_sensor_decorator.py
[2023-02-13T12:22:35.987+0000] {logging_mixin.py:137} INFO - [2023-02-13T12:22:35.986+0000] {dag.py:2690} INFO - Sync 1 DAGs
[2023-02-13T12:22:36.042+0000] {logging_mixin.py:137} INFO - [2023-02-13T12:22:36.041+0000] {dag.py:3441} INFO - Setting next_dagrun for example_sensor_decorator to None, run_after=None
[2023-02-13T12:22:36.103+0000] {processor.py:175} INFO - Processing /home/airflow/.local/lib/python3.7/site-packages/airflow/example_dags/example_sensor_decorator.py took 0.289 seconds
[2023-02-13T12:24:09.390+0000] {processor.py:153} INFO - Started process (PID=238) to work on /home/airflow/.local/lib/python3.7/site-packages/airflow/example_dags/example_sensor_decorator.py
[2023-02-13T12:24:09.409+0000] {processor.py:743} INFO - Processing file /home/airflow/.local/lib/python3.7/site-packages/airflow/example_dags/example_sensor_decorator.py for tasks to queue
[2023-02-13T12:24:09.410+0000] {logging_mixin.py:137} INFO - [2023-02-13T12:24:09.410+0000] {dagbag.py:538} INFO - Filling up the DagBag from /home/airflow/.local/lib/python3.7/site-packages/airflow/example_dags/example_sensor_decorator.py
[2023-02-13T12:24:09.469+0000] {processor.py:753} INFO - DAG(s) dict_keys(['example_sensor_decorator']) retrieved from /home/airflow/.local/lib/python3.7/site-packages/airflow/example_dags/example_sensor_decorator.py
[2023-02-13T12:24:09.527+0000] {logging_mixin.py:137} INFO - [2023-02-13T12:24:09.526+0000] {dag.py:2690} INFO - Sync 1 DAGs
[2023-02-13T12:24:09.597+0000] {logging_mixin.py:137} INFO - [2023-02-13T12:24:09.597+0000] {dag.py:3441} INFO - Setting next_dagrun for example_sensor_decorator to None, run_after=None
[2023-02-13T12:24:09.690+0000] {processor.py:175} INFO - Processing /home/airflow/.local/lib/python3.7/site-packages/airflow/example_dags/example_sensor_decorator.py took 0.308 seconds
[2023-02-13T12:24:39.769+0000] {processor.py:153} INFO - Started process (PID=465) to work on /home/airflow/.local/lib/python3.7/site-packages/airflow/example_dags/example_sensor_decorator.py
[2023-02-13T12:24:39.770+0000] {processor.py:743} INFO - Processing file /home/airflow/.local/lib/python3.7/site-packages/airflow/example_dags/example_sensor_decorator.py for tasks to queue
[2023-02-13T12:24:39.771+0000] {logging_mixin.py:137} INFO - [2023-02-13T12:24:39.771+0000] {dagbag.py:538} INFO - Filling up the DagBag from /home/airflow/.local/lib/python3.7/site-packages/airflow/example_dags/example_sensor_decorator.py
[2023-02-13T12:24:39.824+0000] {processor.py:753} INFO - DAG(s) dict_keys(['example_sensor_decorator']) retrieved from /home/airflow/.local/lib/python3.7/site-packages/airflow/example_dags/example_sensor_decorator.py
[2023-02-13T12:24:39.879+0000] {logging_mixin.py:137} INFO - [2023-02-13T12:24:39.879+0000] {dag.py:2690} INFO - Sync 1 DAGs
[2023-02-13T12:24:39.949+0000] {logging_mixin.py:137} INFO - [2023-02-13T12:24:39.949+0000] {dag.py:3441} INFO - Setting next_dagrun for example_sensor_decorator to None, run_after=None
[2023-02-13T12:24:40.018+0000] {processor.py:175} INFO - Processing /home/airflow/.local/lib/python3.7/site-packages/airflow/example_dags/example_sensor_decorator.py took 0.258 seconds
[2023-02-13T12:25:10.995+0000] {processor.py:153} INFO - Started process (PID=692) to work on /home/airflow/.local/lib/python3.7/site-packages/airflow/example_dags/example_sensor_decorator.py
[2023-02-13T12:25:10.998+0000] {processor.py:743} INFO - Processing file /home/airflow/.local/lib/python3.7/site-packages/airflow/example_dags/example_sensor_decorator.py for tasks to queue
[2023-02-13T12:25:11.000+0000] {logging_mixin.py:137} INFO - [2023-02-13T12:25:11.000+0000] {dagbag.py:538} INFO - Filling up the DagBag from /home/airflow/.local/lib/python3.7/site-packages/airflow/example_dags/example_sensor_decorator.py
[2023-02-13T12:25:11.044+0000] {processor.py:753} INFO - DAG(s) dict_keys(['example_sensor_decorator']) retrieved from /home/airflow/.local/lib/python3.7/site-packages/airflow/example_dags/example_sensor_decorator.py
[2023-02-13T12:25:11.072+0000] {logging_mixin.py:137} INFO - [2023-02-13T12:25:11.072+0000] {dag.py:2690} INFO - Sync 1 DAGs
[2023-02-13T12:25:11.109+0000] {logging_mixin.py:137} INFO - [2023-02-13T12:25:11.109+0000] {dag.py:3441} INFO - Setting next_dagrun for example_sensor_decorator to None, run_after=None
[2023-02-13T12:25:11.183+0000] {processor.py:175} INFO - Processing /home/airflow/.local/lib/python3.7/site-packages/airflow/example_dags/example_sensor_decorator.py took 0.198 seconds
[2023-02-13T12:25:42.115+0000] {processor.py:153} INFO - Started process (PID=919) to work on /home/airflow/.local/lib/python3.7/site-packages/airflow/example_dags/example_sensor_decorator.py
[2023-02-13T12:25:42.193+0000] {processor.py:743} INFO - Processing file /home/airflow/.local/lib/python3.7/site-packages/airflow/example_dags/example_sensor_decorator.py for tasks to queue
[2023-02-13T12:25:42.195+0000] {logging_mixin.py:137} INFO - [2023-02-13T12:25:42.194+0000] {dagbag.py:538} INFO - Filling up the DagBag from /home/airflow/.local/lib/python3.7/site-packages/airflow/example_dags/example_sensor_decorator.py
[2023-02-13T12:25:42.254+0000] {processor.py:753} INFO - DAG(s) dict_keys(['example_sensor_decorator']) retrieved from /home/airflow/.local/lib/python3.7/site-packages/airflow/example_dags/example_sensor_decorator.py
[2023-02-13T12:25:42.303+0000] {logging_mixin.py:137} INFO - [2023-02-13T12:25:42.303+0000] {dag.py:2690} INFO - Sync 1 DAGs
[2023-02-13T12:25:42.371+0000] {logging_mixin.py:137} INFO - [2023-02-13T12:25:42.371+0000] {dag.py:3441} INFO - Setting next_dagrun for example_sensor_decorator to None, run_after=None
[2023-02-13T12:25:42.586+0000] {processor.py:175} INFO - Processing /home/airflow/.local/lib/python3.7/site-packages/airflow/example_dags/example_sensor_decorator.py took 0.479 seconds
[2023-02-13T12:26:12.988+0000] {processor.py:153} INFO - Started process (PID=1146) to work on /home/airflow/.local/lib/python3.7/site-packages/airflow/example_dags/example_sensor_decorator.py
[2023-02-13T12:26:12.989+0000] {processor.py:743} INFO - Processing file /home/airflow/.local/lib/python3.7/site-packages/airflow/example_dags/example_sensor_decorator.py for tasks to queue
[2023-02-13T12:26:12.990+0000] {logging_mixin.py:137} INFO - [2023-02-13T12:26:12.990+0000] {dagbag.py:538} INFO - Filling up the DagBag from /home/airflow/.local/lib/python3.7/site-packages/airflow/example_dags/example_sensor_decorator.py
[2023-02-13T12:26:13.048+0000] {processor.py:753} INFO - DAG(s) dict_keys(['example_sensor_decorator']) retrieved from /home/airflow/.local/lib/python3.7/site-packages/airflow/example_dags/example_sensor_decorator.py
[2023-02-13T12:26:13.103+0000] {logging_mixin.py:137} INFO - [2023-02-13T12:26:13.102+0000] {dag.py:2690} INFO - Sync 1 DAGs
[2023-02-13T12:26:13.164+0000] {logging_mixin.py:137} INFO - [2023-02-13T12:26:13.164+0000] {dag.py:3441} INFO - Setting next_dagrun for example_sensor_decorator to None, run_after=None
[2023-02-13T12:26:13.237+0000] {processor.py:175} INFO - Processing /home/airflow/.local/lib/python3.7/site-packages/airflow/example_dags/example_sensor_decorator.py took 0.260 seconds
[2023-02-13T12:26:43.776+0000] {processor.py:153} INFO - Started process (PID=1372) to work on /home/airflow/.local/lib/python3.7/site-packages/airflow/example_dags/example_sensor_decorator.py
[2023-02-13T12:26:43.777+0000] {processor.py:743} INFO - Processing file /home/airflow/.local/lib/python3.7/site-packages/airflow/example_dags/example_sensor_decorator.py for tasks to queue
[2023-02-13T12:26:43.778+0000] {logging_mixin.py:137} INFO - [2023-02-13T12:26:43.778+0000] {dagbag.py:538} INFO - Filling up the DagBag from /home/airflow/.local/lib/python3.7/site-packages/airflow/example_dags/example_sensor_decorator.py
[2023-02-13T12:26:43.805+0000] {processor.py:753} INFO - DAG(s) dict_keys(['example_sensor_decorator']) retrieved from /home/airflow/.local/lib/python3.7/site-packages/airflow/example_dags/example_sensor_decorator.py
[2023-02-13T12:26:43.831+0000] {logging_mixin.py:137} INFO - [2023-02-13T12:26:43.831+0000] {dag.py:2690} INFO - Sync 1 DAGs
[2023-02-13T12:26:43.860+0000] {logging_mixin.py:137} INFO - [2023-02-13T12:26:43.860+0000] {dag.py:3441} INFO - Setting next_dagrun for example_sensor_decorator to None, run_after=None
[2023-02-13T12:26:43.911+0000] {processor.py:175} INFO - Processing /home/airflow/.local/lib/python3.7/site-packages/airflow/example_dags/example_sensor_decorator.py took 0.139 seconds
[2023-02-13T12:27:14.451+0000] {processor.py:153} INFO - Started process (PID=1600) to work on /home/airflow/.local/lib/python3.7/site-packages/airflow/example_dags/example_sensor_decorator.py
[2023-02-13T12:27:14.452+0000] {processor.py:743} INFO - Processing file /home/airflow/.local/lib/python3.7/site-packages/airflow/example_dags/example_sensor_decorator.py for tasks to queue
[2023-02-13T12:27:14.453+0000] {logging_mixin.py:137} INFO - [2023-02-13T12:27:14.453+0000] {dagbag.py:538} INFO - Filling up the DagBag from /home/airflow/.local/lib/python3.7/site-packages/airflow/example_dags/example_sensor_decorator.py
[2023-02-13T12:27:14.482+0000] {processor.py:753} INFO - DAG(s) dict_keys(['example_sensor_decorator']) retrieved from /home/airflow/.local/lib/python3.7/site-packages/airflow/example_dags/example_sensor_decorator.py
[2023-02-13T12:27:14.509+0000] {logging_mixin.py:137} INFO - [2023-02-13T12:27:14.509+0000] {dag.py:2690} INFO - Sync 1 DAGs
[2023-02-13T12:27:14.545+0000] {logging_mixin.py:137} INFO - [2023-02-13T12:27:14.544+0000] {dag.py:3441} INFO - Setting next_dagrun for example_sensor_decorator to None, run_after=None
[2023-02-13T12:27:14.613+0000] {processor.py:175} INFO - Processing /home/airflow/.local/lib/python3.7/site-packages/airflow/example_dags/example_sensor_decorator.py took 0.165 seconds
[2023-02-13T12:27:45.257+0000] {processor.py:153} INFO - Started process (PID=1827) to work on /home/airflow/.local/lib/python3.7/site-packages/airflow/example_dags/example_sensor_decorator.py
[2023-02-13T12:27:45.258+0000] {processor.py:743} INFO - Processing file /home/airflow/.local/lib/python3.7/site-packages/airflow/example_dags/example_sensor_decorator.py for tasks to queue
[2023-02-13T12:27:45.259+0000] {logging_mixin.py:137} INFO - [2023-02-13T12:27:45.259+0000] {dagbag.py:538} INFO - Filling up the DagBag from /home/airflow/.local/lib/python3.7/site-packages/airflow/example_dags/example_sensor_decorator.py
[2023-02-13T12:27:45.303+0000] {processor.py:753} INFO - DAG(s) dict_keys(['example_sensor_decorator']) retrieved from /home/airflow/.local/lib/python3.7/site-packages/airflow/example_dags/example_sensor_decorator.py
[2023-02-13T12:27:45.351+0000] {logging_mixin.py:137} INFO - [2023-02-13T12:27:45.350+0000] {dag.py:2690} INFO - Sync 1 DAGs
[2023-02-13T12:27:45.394+0000] {logging_mixin.py:137} INFO - [2023-02-13T12:27:45.394+0000] {dag.py:3441} INFO - Setting next_dagrun for example_sensor_decorator to None, run_after=None
[2023-02-13T12:27:45.456+0000] {processor.py:175} INFO - Processing /home/airflow/.local/lib/python3.7/site-packages/airflow/example_dags/example_sensor_decorator.py took 0.203 seconds
[2023-02-13T12:28:16.344+0000] {processor.py:153} INFO - Started process (PID=2054) to work on /home/airflow/.local/lib/python3.7/site-packages/airflow/example_dags/example_sensor_decorator.py
[2023-02-13T12:28:16.345+0000] {processor.py:743} INFO - Processing file /home/airflow/.local/lib/python3.7/site-packages/airflow/example_dags/example_sensor_decorator.py for tasks to queue
[2023-02-13T12:28:16.345+0000] {logging_mixin.py:137} INFO - [2023-02-13T12:28:16.345+0000] {dagbag.py:538} INFO - Filling up the DagBag from /home/airflow/.local/lib/python3.7/site-packages/airflow/example_dags/example_sensor_decorator.py
[2023-02-13T12:28:16.371+0000] {processor.py:753} INFO - DAG(s) dict_keys(['example_sensor_decorator']) retrieved from /home/airflow/.local/lib/python3.7/site-packages/airflow/example_dags/example_sensor_decorator.py
[2023-02-13T12:28:16.398+0000] {logging_mixin.py:137} INFO - [2023-02-13T12:28:16.398+0000] {dag.py:2690} INFO - Sync 1 DAGs
[2023-02-13T12:28:16.427+0000] {logging_mixin.py:137} INFO - [2023-02-13T12:28:16.427+0000] {dag.py:3441} INFO - Setting next_dagrun for example_sensor_decorator to None, run_after=None
[2023-02-13T12:28:16.472+0000] {processor.py:175} INFO - Processing /home/airflow/.local/lib/python3.7/site-packages/airflow/example_dags/example_sensor_decorator.py took 0.132 seconds
[2023-02-13T12:28:47.162+0000] {processor.py:153} INFO - Started process (PID=2291) to work on /home/airflow/.local/lib/python3.7/site-packages/airflow/example_dags/example_sensor_decorator.py
[2023-02-13T12:28:47.163+0000] {processor.py:743} INFO - Processing file /home/airflow/.local/lib/python3.7/site-packages/airflow/example_dags/example_sensor_decorator.py for tasks to queue
[2023-02-13T12:28:47.164+0000] {logging_mixin.py:137} INFO - [2023-02-13T12:28:47.164+0000] {dagbag.py:538} INFO - Filling up the DagBag from /home/airflow/.local/lib/python3.7/site-packages/airflow/example_dags/example_sensor_decorator.py
[2023-02-13T12:28:47.199+0000] {processor.py:753} INFO - DAG(s) dict_keys(['example_sensor_decorator']) retrieved from /home/airflow/.local/lib/python3.7/site-packages/airflow/example_dags/example_sensor_decorator.py
[2023-02-13T12:28:47.235+0000] {logging_mixin.py:137} INFO - [2023-02-13T12:28:47.235+0000] {dag.py:2690} INFO - Sync 1 DAGs
[2023-02-13T12:28:47.271+0000] {logging_mixin.py:137} INFO - [2023-02-13T12:28:47.271+0000] {dag.py:3441} INFO - Setting next_dagrun for example_sensor_decorator to None, run_after=None
[2023-02-13T12:28:47.410+0000] {processor.py:175} INFO - Processing /home/airflow/.local/lib/python3.7/site-packages/airflow/example_dags/example_sensor_decorator.py took 0.253 seconds
[2023-02-13T12:29:17.730+0000] {processor.py:153} INFO - Started process (PID=2525) to work on /home/airflow/.local/lib/python3.7/site-packages/airflow/example_dags/example_sensor_decorator.py
[2023-02-13T12:29:17.731+0000] {processor.py:743} INFO - Processing file /home/airflow/.local/lib/python3.7/site-packages/airflow/example_dags/example_sensor_decorator.py for tasks to queue
[2023-02-13T12:29:17.732+0000] {logging_mixin.py:137} INFO - [2023-02-13T12:29:17.732+0000] {dagbag.py:538} INFO - Filling up the DagBag from /home/airflow/.local/lib/python3.7/site-packages/airflow/example_dags/example_sensor_decorator.py
[2023-02-13T12:29:17.769+0000] {processor.py:753} INFO - DAG(s) dict_keys(['example_sensor_decorator']) retrieved from /home/airflow/.local/lib/python3.7/site-packages/airflow/example_dags/example_sensor_decorator.py
[2023-02-13T12:29:17.795+0000] {logging_mixin.py:137} INFO - [2023-02-13T12:29:17.795+0000] {dag.py:2690} INFO - Sync 1 DAGs
[2023-02-13T12:29:17.826+0000] {logging_mixin.py:137} INFO - [2023-02-13T12:29:17.826+0000] {dag.py:3441} INFO - Setting next_dagrun for example_sensor_decorator to None, run_after=None
[2023-02-13T12:29:18.103+0000] {processor.py:175} INFO - Processing /home/airflow/.local/lib/python3.7/site-packages/airflow/example_dags/example_sensor_decorator.py took 0.379 seconds
