[2023-02-13T12:21:35.319+0000] {processor.py:153} INFO - Started process (PID=293) to work on /home/airflow/.local/lib/python3.7/site-packages/airflow/example_dags/example_branch_operator.py
[2023-02-13T12:21:35.320+0000] {processor.py:743} INFO - Processing file /home/airflow/.local/lib/python3.7/site-packages/airflow/example_dags/example_branch_operator.py for tasks to queue
[2023-02-13T12:21:35.320+0000] {logging_mixin.py:137} INFO - [2023-02-13T12:21:35.320+0000] {dagbag.py:538} INFO - Filling up the DagBag from /home/airflow/.local/lib/python3.7/site-packages/airflow/example_dags/example_branch_operator.py
[2023-02-13T12:21:35.343+0000] {processor.py:753} INFO - DAG(s) dict_keys(['example_branch_operator']) retrieved from /home/airflow/.local/lib/python3.7/site-packages/airflow/example_dags/example_branch_operator.py
[2023-02-13T12:21:35.370+0000] {logging_mixin.py:137} INFO - [2023-02-13T12:21:35.370+0000] {dag.py:2690} INFO - Sync 1 DAGs
[2023-02-13T12:21:35.401+0000] {logging_mixin.py:137} INFO - [2023-02-13T12:21:35.400+0000] {dag.py:3441} INFO - Setting next_dagrun for example_branch_operator to 2023-02-12T00:00:00+00:00, run_after=2023-02-13T00:00:00+00:00
[2023-02-13T12:21:35.465+0000] {processor.py:175} INFO - Processing /home/airflow/.local/lib/python3.7/site-packages/airflow/example_dags/example_branch_operator.py took 0.150 seconds
[2023-02-13T12:22:05.707+0000] {processor.py:153} INFO - Started process (PID=523) to work on /home/airflow/.local/lib/python3.7/site-packages/airflow/example_dags/example_branch_operator.py
[2023-02-13T12:22:05.708+0000] {processor.py:743} INFO - Processing file /home/airflow/.local/lib/python3.7/site-packages/airflow/example_dags/example_branch_operator.py for tasks to queue
[2023-02-13T12:22:05.708+0000] {logging_mixin.py:137} INFO - [2023-02-13T12:22:05.708+0000] {dagbag.py:538} INFO - Filling up the DagBag from /home/airflow/.local/lib/python3.7/site-packages/airflow/example_dags/example_branch_operator.py
[2023-02-13T12:22:05.728+0000] {processor.py:753} INFO - DAG(s) dict_keys(['example_branch_operator']) retrieved from /home/airflow/.local/lib/python3.7/site-packages/airflow/example_dags/example_branch_operator.py
[2023-02-13T12:22:05.756+0000] {logging_mixin.py:137} INFO - [2023-02-13T12:22:05.756+0000] {dag.py:2690} INFO - Sync 1 DAGs
[2023-02-13T12:22:05.788+0000] {logging_mixin.py:137} INFO - [2023-02-13T12:22:05.788+0000] {dag.py:3441} INFO - Setting next_dagrun for example_branch_operator to 2023-02-12T00:00:00+00:00, run_after=2023-02-13T00:00:00+00:00
[2023-02-13T12:22:05.882+0000] {processor.py:175} INFO - Processing /home/airflow/.local/lib/python3.7/site-packages/airflow/example_dags/example_branch_operator.py took 0.179 seconds
[2023-02-13T12:24:11.933+0000] {processor.py:153} INFO - Started process (PID=298) to work on /home/airflow/.local/lib/python3.7/site-packages/airflow/example_dags/example_branch_operator.py
[2023-02-13T12:24:11.935+0000] {processor.py:743} INFO - Processing file /home/airflow/.local/lib/python3.7/site-packages/airflow/example_dags/example_branch_operator.py for tasks to queue
[2023-02-13T12:24:11.936+0000] {logging_mixin.py:137} INFO - [2023-02-13T12:24:11.935+0000] {dagbag.py:538} INFO - Filling up the DagBag from /home/airflow/.local/lib/python3.7/site-packages/airflow/example_dags/example_branch_operator.py
[2023-02-13T12:24:11.982+0000] {processor.py:753} INFO - DAG(s) dict_keys(['example_branch_operator']) retrieved from /home/airflow/.local/lib/python3.7/site-packages/airflow/example_dags/example_branch_operator.py
[2023-02-13T12:24:12.033+0000] {logging_mixin.py:137} INFO - [2023-02-13T12:24:12.033+0000] {dag.py:2690} INFO - Sync 1 DAGs
[2023-02-13T12:24:12.087+0000] {logging_mixin.py:137} INFO - [2023-02-13T12:24:12.087+0000] {dag.py:3441} INFO - Setting next_dagrun for example_branch_operator to 2023-02-12T00:00:00+00:00, run_after=2023-02-13T00:00:00+00:00
[2023-02-13T12:24:12.154+0000] {processor.py:175} INFO - Processing /home/airflow/.local/lib/python3.7/site-packages/airflow/example_dags/example_branch_operator.py took 0.228 seconds
[2023-02-13T12:24:43.117+0000] {processor.py:153} INFO - Started process (PID=525) to work on /home/airflow/.local/lib/python3.7/site-packages/airflow/example_dags/example_branch_operator.py
[2023-02-13T12:24:43.118+0000] {processor.py:743} INFO - Processing file /home/airflow/.local/lib/python3.7/site-packages/airflow/example_dags/example_branch_operator.py for tasks to queue
[2023-02-13T12:24:43.119+0000] {logging_mixin.py:137} INFO - [2023-02-13T12:24:43.119+0000] {dagbag.py:538} INFO - Filling up the DagBag from /home/airflow/.local/lib/python3.7/site-packages/airflow/example_dags/example_branch_operator.py
[2023-02-13T12:24:43.152+0000] {processor.py:753} INFO - DAG(s) dict_keys(['example_branch_operator']) retrieved from /home/airflow/.local/lib/python3.7/site-packages/airflow/example_dags/example_branch_operator.py
[2023-02-13T12:24:43.202+0000] {logging_mixin.py:137} INFO - [2023-02-13T12:24:43.202+0000] {dag.py:2690} INFO - Sync 1 DAGs
[2023-02-13T12:24:43.255+0000] {logging_mixin.py:137} INFO - [2023-02-13T12:24:43.255+0000] {dag.py:3441} INFO - Setting next_dagrun for example_branch_operator to 2023-02-12T00:00:00+00:00, run_after=2023-02-13T00:00:00+00:00
[2023-02-13T12:24:43.316+0000] {processor.py:175} INFO - Processing /home/airflow/.local/lib/python3.7/site-packages/airflow/example_dags/example_branch_operator.py took 0.206 seconds
[2023-02-13T12:25:13.435+0000] {processor.py:153} INFO - Started process (PID=752) to work on /home/airflow/.local/lib/python3.7/site-packages/airflow/example_dags/example_branch_operator.py
[2023-02-13T12:25:13.436+0000] {processor.py:743} INFO - Processing file /home/airflow/.local/lib/python3.7/site-packages/airflow/example_dags/example_branch_operator.py for tasks to queue
[2023-02-13T12:25:13.436+0000] {logging_mixin.py:137} INFO - [2023-02-13T12:25:13.436+0000] {dagbag.py:538} INFO - Filling up the DagBag from /home/airflow/.local/lib/python3.7/site-packages/airflow/example_dags/example_branch_operator.py
[2023-02-13T12:25:13.456+0000] {processor.py:753} INFO - DAG(s) dict_keys(['example_branch_operator']) retrieved from /home/airflow/.local/lib/python3.7/site-packages/airflow/example_dags/example_branch_operator.py
[2023-02-13T12:25:13.485+0000] {logging_mixin.py:137} INFO - [2023-02-13T12:25:13.484+0000] {dag.py:2690} INFO - Sync 1 DAGs
[2023-02-13T12:25:13.521+0000] {logging_mixin.py:137} INFO - [2023-02-13T12:25:13.520+0000] {dag.py:3441} INFO - Setting next_dagrun for example_branch_operator to 2023-02-12T00:00:00+00:00, run_after=2023-02-13T00:00:00+00:00
[2023-02-13T12:25:13.593+0000] {processor.py:175} INFO - Processing /home/airflow/.local/lib/python3.7/site-packages/airflow/example_dags/example_branch_operator.py took 0.162 seconds
[2023-02-13T12:25:45.085+0000] {processor.py:153} INFO - Started process (PID=979) to work on /home/airflow/.local/lib/python3.7/site-packages/airflow/example_dags/example_branch_operator.py
[2023-02-13T12:25:45.086+0000] {processor.py:743} INFO - Processing file /home/airflow/.local/lib/python3.7/site-packages/airflow/example_dags/example_branch_operator.py for tasks to queue
[2023-02-13T12:25:45.087+0000] {logging_mixin.py:137} INFO - [2023-02-13T12:25:45.087+0000] {dagbag.py:538} INFO - Filling up the DagBag from /home/airflow/.local/lib/python3.7/site-packages/airflow/example_dags/example_branch_operator.py
[2023-02-13T12:25:45.135+0000] {processor.py:753} INFO - DAG(s) dict_keys(['example_branch_operator']) retrieved from /home/airflow/.local/lib/python3.7/site-packages/airflow/example_dags/example_branch_operator.py
[2023-02-13T12:25:45.194+0000] {logging_mixin.py:137} INFO - [2023-02-13T12:25:45.193+0000] {dag.py:2690} INFO - Sync 1 DAGs
[2023-02-13T12:25:45.242+0000] {logging_mixin.py:137} INFO - [2023-02-13T12:25:45.241+0000] {dag.py:3441} INFO - Setting next_dagrun for example_branch_operator to 2023-02-12T00:00:00+00:00, run_after=2023-02-13T00:00:00+00:00
[2023-02-13T12:25:45.425+0000] {processor.py:175} INFO - Processing /home/airflow/.local/lib/python3.7/site-packages/airflow/example_dags/example_branch_operator.py took 0.352 seconds
[2023-02-13T12:26:16.406+0000] {processor.py:153} INFO - Started process (PID=1206) to work on /home/airflow/.local/lib/python3.7/site-packages/airflow/example_dags/example_branch_operator.py
[2023-02-13T12:26:16.407+0000] {processor.py:743} INFO - Processing file /home/airflow/.local/lib/python3.7/site-packages/airflow/example_dags/example_branch_operator.py for tasks to queue
[2023-02-13T12:26:16.409+0000] {logging_mixin.py:137} INFO - [2023-02-13T12:26:16.408+0000] {dagbag.py:538} INFO - Filling up the DagBag from /home/airflow/.local/lib/python3.7/site-packages/airflow/example_dags/example_branch_operator.py
[2023-02-13T12:26:16.442+0000] {processor.py:753} INFO - DAG(s) dict_keys(['example_branch_operator']) retrieved from /home/airflow/.local/lib/python3.7/site-packages/airflow/example_dags/example_branch_operator.py
[2023-02-13T12:26:16.486+0000] {logging_mixin.py:137} INFO - [2023-02-13T12:26:16.486+0000] {dag.py:2690} INFO - Sync 1 DAGs
[2023-02-13T12:26:16.535+0000] {logging_mixin.py:137} INFO - [2023-02-13T12:26:16.535+0000] {dag.py:3441} INFO - Setting next_dagrun for example_branch_operator to 2023-02-12T00:00:00+00:00, run_after=2023-02-13T00:00:00+00:00
[2023-02-13T12:26:16.595+0000] {processor.py:175} INFO - Processing /home/airflow/.local/lib/python3.7/site-packages/airflow/example_dags/example_branch_operator.py took 0.195 seconds
[2023-02-13T12:26:47.115+0000] {processor.py:153} INFO - Started process (PID=1432) to work on /home/airflow/.local/lib/python3.7/site-packages/airflow/example_dags/example_branch_operator.py
[2023-02-13T12:26:47.154+0000] {processor.py:743} INFO - Processing file /home/airflow/.local/lib/python3.7/site-packages/airflow/example_dags/example_branch_operator.py for tasks to queue
[2023-02-13T12:26:47.155+0000] {logging_mixin.py:137} INFO - [2023-02-13T12:26:47.155+0000] {dagbag.py:538} INFO - Filling up the DagBag from /home/airflow/.local/lib/python3.7/site-packages/airflow/example_dags/example_branch_operator.py
[2023-02-13T12:26:47.176+0000] {processor.py:753} INFO - DAG(s) dict_keys(['example_branch_operator']) retrieved from /home/airflow/.local/lib/python3.7/site-packages/airflow/example_dags/example_branch_operator.py
[2023-02-13T12:26:47.205+0000] {logging_mixin.py:137} INFO - [2023-02-13T12:26:47.205+0000] {dag.py:2690} INFO - Sync 1 DAGs
[2023-02-13T12:26:47.235+0000] {logging_mixin.py:137} INFO - [2023-02-13T12:26:47.235+0000] {dag.py:3441} INFO - Setting next_dagrun for example_branch_operator to 2023-02-12T00:00:00+00:00, run_after=2023-02-13T00:00:00+00:00
[2023-02-13T12:26:47.285+0000] {processor.py:175} INFO - Processing /home/airflow/.local/lib/python3.7/site-packages/airflow/example_dags/example_branch_operator.py took 0.175 seconds
[2023-02-13T12:27:17.662+0000] {processor.py:153} INFO - Started process (PID=1660) to work on /home/airflow/.local/lib/python3.7/site-packages/airflow/example_dags/example_branch_operator.py
[2023-02-13T12:27:17.662+0000] {processor.py:743} INFO - Processing file /home/airflow/.local/lib/python3.7/site-packages/airflow/example_dags/example_branch_operator.py for tasks to queue
[2023-02-13T12:27:17.663+0000] {logging_mixin.py:137} INFO - [2023-02-13T12:27:17.663+0000] {dagbag.py:538} INFO - Filling up the DagBag from /home/airflow/.local/lib/python3.7/site-packages/airflow/example_dags/example_branch_operator.py
[2023-02-13T12:27:17.690+0000] {processor.py:753} INFO - DAG(s) dict_keys(['example_branch_operator']) retrieved from /home/airflow/.local/lib/python3.7/site-packages/airflow/example_dags/example_branch_operator.py
[2023-02-13T12:27:17.725+0000] {logging_mixin.py:137} INFO - [2023-02-13T12:27:17.725+0000] {dag.py:2690} INFO - Sync 1 DAGs
[2023-02-13T12:27:17.767+0000] {logging_mixin.py:137} INFO - [2023-02-13T12:27:17.767+0000] {dag.py:3441} INFO - Setting next_dagrun for example_branch_operator to 2023-02-12T00:00:00+00:00, run_after=2023-02-13T00:00:00+00:00
[2023-02-13T12:27:17.842+0000] {processor.py:175} INFO - Processing /home/airflow/.local/lib/python3.7/site-packages/airflow/example_dags/example_branch_operator.py took 0.184 seconds
[2023-02-13T12:27:48.391+0000] {processor.py:153} INFO - Started process (PID=1887) to work on /home/airflow/.local/lib/python3.7/site-packages/airflow/example_dags/example_branch_operator.py
[2023-02-13T12:27:48.392+0000] {processor.py:743} INFO - Processing file /home/airflow/.local/lib/python3.7/site-packages/airflow/example_dags/example_branch_operator.py for tasks to queue
[2023-02-13T12:27:48.393+0000] {logging_mixin.py:137} INFO - [2023-02-13T12:27:48.393+0000] {dagbag.py:538} INFO - Filling up the DagBag from /home/airflow/.local/lib/python3.7/site-packages/airflow/example_dags/example_branch_operator.py
[2023-02-13T12:27:48.423+0000] {processor.py:753} INFO - DAG(s) dict_keys(['example_branch_operator']) retrieved from /home/airflow/.local/lib/python3.7/site-packages/airflow/example_dags/example_branch_operator.py
[2023-02-13T12:27:48.473+0000] {logging_mixin.py:137} INFO - [2023-02-13T12:27:48.473+0000] {dag.py:2690} INFO - Sync 1 DAGs
[2023-02-13T12:27:48.529+0000] {logging_mixin.py:137} INFO - [2023-02-13T12:27:48.529+0000] {dag.py:3441} INFO - Setting next_dagrun for example_branch_operator to 2023-02-12T00:00:00+00:00, run_after=2023-02-13T00:00:00+00:00
[2023-02-13T12:27:48.605+0000] {processor.py:175} INFO - Processing /home/airflow/.local/lib/python3.7/site-packages/airflow/example_dags/example_branch_operator.py took 0.219 seconds
[2023-02-13T12:28:18.788+0000] {processor.py:153} INFO - Started process (PID=2114) to work on /home/airflow/.local/lib/python3.7/site-packages/airflow/example_dags/example_branch_operator.py
[2023-02-13T12:28:18.789+0000] {processor.py:743} INFO - Processing file /home/airflow/.local/lib/python3.7/site-packages/airflow/example_dags/example_branch_operator.py for tasks to queue
[2023-02-13T12:28:18.790+0000] {logging_mixin.py:137} INFO - [2023-02-13T12:28:18.790+0000] {dagbag.py:538} INFO - Filling up the DagBag from /home/airflow/.local/lib/python3.7/site-packages/airflow/example_dags/example_branch_operator.py
[2023-02-13T12:28:18.822+0000] {processor.py:753} INFO - DAG(s) dict_keys(['example_branch_operator']) retrieved from /home/airflow/.local/lib/python3.7/site-packages/airflow/example_dags/example_branch_operator.py
[2023-02-13T12:28:18.857+0000] {logging_mixin.py:137} INFO - [2023-02-13T12:28:18.857+0000] {dag.py:2690} INFO - Sync 1 DAGs
[2023-02-13T12:28:18.889+0000] {logging_mixin.py:137} INFO - [2023-02-13T12:28:18.889+0000] {dag.py:3441} INFO - Setting next_dagrun for example_branch_operator to 2023-02-12T00:00:00+00:00, run_after=2023-02-13T00:00:00+00:00
[2023-02-13T12:28:18.964+0000] {processor.py:175} INFO - Processing /home/airflow/.local/lib/python3.7/site-packages/airflow/example_dags/example_branch_operator.py took 0.182 seconds
[2023-02-13T12:28:49.549+0000] {processor.py:153} INFO - Started process (PID=2358) to work on /home/airflow/.local/lib/python3.7/site-packages/airflow/example_dags/example_branch_operator.py
[2023-02-13T12:28:49.653+0000] {processor.py:743} INFO - Processing file /home/airflow/.local/lib/python3.7/site-packages/airflow/example_dags/example_branch_operator.py for tasks to queue
[2023-02-13T12:28:49.654+0000] {logging_mixin.py:137} INFO - [2023-02-13T12:28:49.654+0000] {dagbag.py:538} INFO - Filling up the DagBag from /home/airflow/.local/lib/python3.7/site-packages/airflow/example_dags/example_branch_operator.py
[2023-02-13T12:28:49.696+0000] {processor.py:753} INFO - DAG(s) dict_keys(['example_branch_operator']) retrieved from /home/airflow/.local/lib/python3.7/site-packages/airflow/example_dags/example_branch_operator.py
[2023-02-13T12:28:49.740+0000] {logging_mixin.py:137} INFO - [2023-02-13T12:28:49.740+0000] {dag.py:2690} INFO - Sync 1 DAGs
[2023-02-13T12:28:49.784+0000] {logging_mixin.py:137} INFO - [2023-02-13T12:28:49.784+0000] {dag.py:3441} INFO - Setting next_dagrun for example_branch_operator to 2023-02-12T00:00:00+00:00, run_after=2023-02-13T00:00:00+00:00
[2023-02-13T12:28:50.019+0000] {processor.py:175} INFO - Processing /home/airflow/.local/lib/python3.7/site-packages/airflow/example_dags/example_branch_operator.py took 0.479 seconds
[2023-02-13T12:29:20.246+0000] {processor.py:153} INFO - Started process (PID=2585) to work on /home/airflow/.local/lib/python3.7/site-packages/airflow/example_dags/example_branch_operator.py
[2023-02-13T12:29:20.357+0000] {processor.py:743} INFO - Processing file /home/airflow/.local/lib/python3.7/site-packages/airflow/example_dags/example_branch_operator.py for tasks to queue
[2023-02-13T12:29:20.360+0000] {logging_mixin.py:137} INFO - [2023-02-13T12:29:20.360+0000] {dagbag.py:538} INFO - Filling up the DagBag from /home/airflow/.local/lib/python3.7/site-packages/airflow/example_dags/example_branch_operator.py
[2023-02-13T12:29:20.405+0000] {processor.py:753} INFO - DAG(s) dict_keys(['example_branch_operator']) retrieved from /home/airflow/.local/lib/python3.7/site-packages/airflow/example_dags/example_branch_operator.py
[2023-02-13T12:29:20.441+0000] {logging_mixin.py:137} INFO - [2023-02-13T12:29:20.441+0000] {dag.py:2690} INFO - Sync 1 DAGs
[2023-02-13T12:29:20.482+0000] {logging_mixin.py:137} INFO - [2023-02-13T12:29:20.482+0000] {dag.py:3441} INFO - Setting next_dagrun for example_branch_operator to 2023-02-12T00:00:00+00:00, run_after=2023-02-13T00:00:00+00:00
[2023-02-13T12:29:20.541+0000] {processor.py:175} INFO - Processing /home/airflow/.local/lib/python3.7/site-packages/airflow/example_dags/example_branch_operator.py took 0.300 seconds
