[2023-02-13T12:21:31.563+0000] {processor.py:153} INFO - Started process (PID=179) to work on /home/airflow/.local/lib/python3.7/site-packages/airflow/example_dags/example_latest_only_with_trigger.py
[2023-02-13T12:21:31.565+0000] {processor.py:743} INFO - Processing file /home/airflow/.local/lib/python3.7/site-packages/airflow/example_dags/example_latest_only_with_trigger.py for tasks to queue
[2023-02-13T12:21:31.567+0000] {logging_mixin.py:137} INFO - [2023-02-13T12:21:31.567+0000] {dagbag.py:538} INFO - Filling up the DagBag from /home/airflow/.local/lib/python3.7/site-packages/airflow/example_dags/example_latest_only_with_trigger.py
[2023-02-13T12:21:31.714+0000] {processor.py:753} INFO - DAG(s) dict_keys(['latest_only_with_trigger']) retrieved from /home/airflow/.local/lib/python3.7/site-packages/airflow/example_dags/example_latest_only_with_trigger.py
[2023-02-13T12:21:31.756+0000] {logging_mixin.py:137} INFO - [2023-02-13T12:21:31.755+0000] {dag.py:2690} INFO - Sync 1 DAGs
[2023-02-13T12:21:31.785+0000] {logging_mixin.py:137} INFO - [2023-02-13T12:21:31.785+0000] {dag.py:3441} INFO - Setting next_dagrun for latest_only_with_trigger to 2023-02-13T08:21:31.785294+00:00, run_after=2023-02-13T12:21:31.785294+00:00
[2023-02-13T12:21:32.012+0000] {processor.py:175} INFO - Processing /home/airflow/.local/lib/python3.7/site-packages/airflow/example_dags/example_latest_only_with_trigger.py took 0.459 seconds
[2023-02-13T12:22:02.535+0000] {processor.py:153} INFO - Started process (PID=399) to work on /home/airflow/.local/lib/python3.7/site-packages/airflow/example_dags/example_latest_only_with_trigger.py
[2023-02-13T12:22:02.558+0000] {processor.py:743} INFO - Processing file /home/airflow/.local/lib/python3.7/site-packages/airflow/example_dags/example_latest_only_with_trigger.py for tasks to queue
[2023-02-13T12:22:02.559+0000] {logging_mixin.py:137} INFO - [2023-02-13T12:22:02.559+0000] {dagbag.py:538} INFO - Filling up the DagBag from /home/airflow/.local/lib/python3.7/site-packages/airflow/example_dags/example_latest_only_with_trigger.py
[2023-02-13T12:22:02.588+0000] {processor.py:753} INFO - DAG(s) dict_keys(['latest_only_with_trigger']) retrieved from /home/airflow/.local/lib/python3.7/site-packages/airflow/example_dags/example_latest_only_with_trigger.py
[2023-02-13T12:22:02.632+0000] {logging_mixin.py:137} INFO - [2023-02-13T12:22:02.632+0000] {dag.py:2690} INFO - Sync 1 DAGs
[2023-02-13T12:22:02.695+0000] {logging_mixin.py:137} INFO - [2023-02-13T12:22:02.694+0000] {dag.py:3441} INFO - Setting next_dagrun for latest_only_with_trigger to 2023-02-13T08:22:02.694420+00:00, run_after=2023-02-13T12:22:02.694420+00:00
[2023-02-13T12:22:02.936+0000] {processor.py:175} INFO - Processing /home/airflow/.local/lib/python3.7/site-packages/airflow/example_dags/example_latest_only_with_trigger.py took 0.407 seconds
[2023-02-13T12:22:33.683+0000] {processor.py:153} INFO - Started process (PID=642) to work on /home/airflow/.local/lib/python3.7/site-packages/airflow/example_dags/example_latest_only_with_trigger.py
[2023-02-13T12:22:33.697+0000] {processor.py:743} INFO - Processing file /home/airflow/.local/lib/python3.7/site-packages/airflow/example_dags/example_latest_only_with_trigger.py for tasks to queue
[2023-02-13T12:22:33.698+0000] {logging_mixin.py:137} INFO - [2023-02-13T12:22:33.698+0000] {dagbag.py:538} INFO - Filling up the DagBag from /home/airflow/.local/lib/python3.7/site-packages/airflow/example_dags/example_latest_only_with_trigger.py
[2023-02-13T12:22:33.719+0000] {processor.py:753} INFO - DAG(s) dict_keys(['latest_only_with_trigger']) retrieved from /home/airflow/.local/lib/python3.7/site-packages/airflow/example_dags/example_latest_only_with_trigger.py
[2023-02-13T12:22:33.756+0000] {logging_mixin.py:137} INFO - [2023-02-13T12:22:33.756+0000] {dag.py:2690} INFO - Sync 1 DAGs
[2023-02-13T12:22:33.786+0000] {logging_mixin.py:137} INFO - [2023-02-13T12:22:33.786+0000] {dag.py:3441} INFO - Setting next_dagrun for latest_only_with_trigger to 2023-02-13T08:22:33.786482+00:00, run_after=2023-02-13T12:22:33.786482+00:00
[2023-02-13T12:22:33.982+0000] {processor.py:175} INFO - Processing /home/airflow/.local/lib/python3.7/site-packages/airflow/example_dags/example_latest_only_with_trigger.py took 0.304 seconds
[2023-02-13T12:24:06.847+0000] {processor.py:153} INFO - Started process (PID=177) to work on /home/airflow/.local/lib/python3.7/site-packages/airflow/example_dags/example_latest_only_with_trigger.py
[2023-02-13T12:24:06.866+0000] {processor.py:743} INFO - Processing file /home/airflow/.local/lib/python3.7/site-packages/airflow/example_dags/example_latest_only_with_trigger.py for tasks to queue
[2023-02-13T12:24:06.867+0000] {logging_mixin.py:137} INFO - [2023-02-13T12:24:06.867+0000] {dagbag.py:538} INFO - Filling up the DagBag from /home/airflow/.local/lib/python3.7/site-packages/airflow/example_dags/example_latest_only_with_trigger.py
[2023-02-13T12:24:06.920+0000] {processor.py:753} INFO - DAG(s) dict_keys(['latest_only_with_trigger']) retrieved from /home/airflow/.local/lib/python3.7/site-packages/airflow/example_dags/example_latest_only_with_trigger.py
[2023-02-13T12:24:07.376+0000] {logging_mixin.py:137} INFO - [2023-02-13T12:24:07.376+0000] {dag.py:2690} INFO - Sync 1 DAGs
[2023-02-13T12:24:07.448+0000] {logging_mixin.py:137} INFO - [2023-02-13T12:24:07.447+0000] {dag.py:3441} INFO - Setting next_dagrun for latest_only_with_trigger to 2023-02-13T08:24:07.446906+00:00, run_after=2023-02-13T12:24:07.446906+00:00
[2023-02-13T12:24:07.680+0000] {processor.py:175} INFO - Processing /home/airflow/.local/lib/python3.7/site-packages/airflow/example_dags/example_latest_only_with_trigger.py took 0.841 seconds
[2023-02-13T12:24:37.770+0000] {processor.py:153} INFO - Started process (PID=405) to work on /home/airflow/.local/lib/python3.7/site-packages/airflow/example_dags/example_latest_only_with_trigger.py
[2023-02-13T12:24:37.781+0000] {processor.py:743} INFO - Processing file /home/airflow/.local/lib/python3.7/site-packages/airflow/example_dags/example_latest_only_with_trigger.py for tasks to queue
[2023-02-13T12:24:37.782+0000] {logging_mixin.py:137} INFO - [2023-02-13T12:24:37.781+0000] {dagbag.py:538} INFO - Filling up the DagBag from /home/airflow/.local/lib/python3.7/site-packages/airflow/example_dags/example_latest_only_with_trigger.py
[2023-02-13T12:24:37.818+0000] {processor.py:753} INFO - DAG(s) dict_keys(['latest_only_with_trigger']) retrieved from /home/airflow/.local/lib/python3.7/site-packages/airflow/example_dags/example_latest_only_with_trigger.py
[2023-02-13T12:24:37.869+0000] {logging_mixin.py:137} INFO - [2023-02-13T12:24:37.868+0000] {dag.py:2690} INFO - Sync 1 DAGs
[2023-02-13T12:24:37.936+0000] {logging_mixin.py:137} INFO - [2023-02-13T12:24:37.936+0000] {dag.py:3441} INFO - Setting next_dagrun for latest_only_with_trigger to 2023-02-13T08:24:37.935634+00:00, run_after=2023-02-13T12:24:37.935634+00:00
[2023-02-13T12:24:37.999+0000] {processor.py:175} INFO - Processing /home/airflow/.local/lib/python3.7/site-packages/airflow/example_dags/example_latest_only_with_trigger.py took 0.235 seconds
[2023-02-13T12:25:08.049+0000] {processor.py:153} INFO - Started process (PID=632) to work on /home/airflow/.local/lib/python3.7/site-packages/airflow/example_dags/example_latest_only_with_trigger.py
[2023-02-13T12:25:08.073+0000] {processor.py:743} INFO - Processing file /home/airflow/.local/lib/python3.7/site-packages/airflow/example_dags/example_latest_only_with_trigger.py for tasks to queue
[2023-02-13T12:25:08.076+0000] {logging_mixin.py:137} INFO - [2023-02-13T12:25:08.075+0000] {dagbag.py:538} INFO - Filling up the DagBag from /home/airflow/.local/lib/python3.7/site-packages/airflow/example_dags/example_latest_only_with_trigger.py
[2023-02-13T12:25:08.116+0000] {processor.py:753} INFO - DAG(s) dict_keys(['latest_only_with_trigger']) retrieved from /home/airflow/.local/lib/python3.7/site-packages/airflow/example_dags/example_latest_only_with_trigger.py
[2023-02-13T12:25:08.181+0000] {logging_mixin.py:137} INFO - [2023-02-13T12:25:08.180+0000] {dag.py:2690} INFO - Sync 1 DAGs
[2023-02-13T12:25:08.254+0000] {logging_mixin.py:137} INFO - [2023-02-13T12:25:08.254+0000] {dag.py:3441} INFO - Setting next_dagrun for latest_only_with_trigger to 2023-02-13T08:25:08.253926+00:00, run_after=2023-02-13T12:25:08.253926+00:00
[2023-02-13T12:25:08.340+0000] {processor.py:175} INFO - Processing /home/airflow/.local/lib/python3.7/site-packages/airflow/example_dags/example_latest_only_with_trigger.py took 0.303 seconds
[2023-02-13T12:25:38.687+0000] {processor.py:153} INFO - Started process (PID=859) to work on /home/airflow/.local/lib/python3.7/site-packages/airflow/example_dags/example_latest_only_with_trigger.py
[2023-02-13T12:25:38.719+0000] {processor.py:743} INFO - Processing file /home/airflow/.local/lib/python3.7/site-packages/airflow/example_dags/example_latest_only_with_trigger.py for tasks to queue
[2023-02-13T12:25:38.721+0000] {logging_mixin.py:137} INFO - [2023-02-13T12:25:38.720+0000] {dagbag.py:538} INFO - Filling up the DagBag from /home/airflow/.local/lib/python3.7/site-packages/airflow/example_dags/example_latest_only_with_trigger.py
[2023-02-13T12:25:38.756+0000] {processor.py:753} INFO - DAG(s) dict_keys(['latest_only_with_trigger']) retrieved from /home/airflow/.local/lib/python3.7/site-packages/airflow/example_dags/example_latest_only_with_trigger.py
[2023-02-13T12:25:38.823+0000] {logging_mixin.py:137} INFO - [2023-02-13T12:25:38.823+0000] {dag.py:2690} INFO - Sync 1 DAGs
[2023-02-13T12:25:38.917+0000] {logging_mixin.py:137} INFO - [2023-02-13T12:25:38.916+0000] {dag.py:3441} INFO - Setting next_dagrun for latest_only_with_trigger to 2023-02-13T08:25:38.915469+00:00, run_after=2023-02-13T12:25:38.915469+00:00
[2023-02-13T12:25:39.104+0000] {processor.py:175} INFO - Processing /home/airflow/.local/lib/python3.7/site-packages/airflow/example_dags/example_latest_only_with_trigger.py took 0.431 seconds
[2023-02-13T12:26:10.152+0000] {processor.py:153} INFO - Started process (PID=1086) to work on /home/airflow/.local/lib/python3.7/site-packages/airflow/example_dags/example_latest_only_with_trigger.py
[2023-02-13T12:26:10.185+0000] {processor.py:743} INFO - Processing file /home/airflow/.local/lib/python3.7/site-packages/airflow/example_dags/example_latest_only_with_trigger.py for tasks to queue
[2023-02-13T12:26:10.187+0000] {logging_mixin.py:137} INFO - [2023-02-13T12:26:10.187+0000] {dagbag.py:538} INFO - Filling up the DagBag from /home/airflow/.local/lib/python3.7/site-packages/airflow/example_dags/example_latest_only_with_trigger.py
[2023-02-13T12:26:10.212+0000] {processor.py:753} INFO - DAG(s) dict_keys(['latest_only_with_trigger']) retrieved from /home/airflow/.local/lib/python3.7/site-packages/airflow/example_dags/example_latest_only_with_trigger.py
[2023-02-13T12:26:10.278+0000] {logging_mixin.py:137} INFO - [2023-02-13T12:26:10.278+0000] {dag.py:2690} INFO - Sync 1 DAGs
[2023-02-13T12:26:10.351+0000] {logging_mixin.py:137} INFO - [2023-02-13T12:26:10.351+0000] {dag.py:3441} INFO - Setting next_dagrun for latest_only_with_trigger to 2023-02-13T08:26:10.351040+00:00, run_after=2023-02-13T12:26:10.351040+00:00
[2023-02-13T12:26:10.432+0000] {processor.py:175} INFO - Processing /home/airflow/.local/lib/python3.7/site-packages/airflow/example_dags/example_latest_only_with_trigger.py took 0.287 seconds
[2023-02-13T12:26:40.770+0000] {processor.py:153} INFO - Started process (PID=1312) to work on /home/airflow/.local/lib/python3.7/site-packages/airflow/example_dags/example_latest_only_with_trigger.py
[2023-02-13T12:26:40.869+0000] {processor.py:743} INFO - Processing file /home/airflow/.local/lib/python3.7/site-packages/airflow/example_dags/example_latest_only_with_trigger.py for tasks to queue
[2023-02-13T12:26:40.870+0000] {logging_mixin.py:137} INFO - [2023-02-13T12:26:40.870+0000] {dagbag.py:538} INFO - Filling up the DagBag from /home/airflow/.local/lib/python3.7/site-packages/airflow/example_dags/example_latest_only_with_trigger.py
[2023-02-13T12:26:40.891+0000] {processor.py:753} INFO - DAG(s) dict_keys(['latest_only_with_trigger']) retrieved from /home/airflow/.local/lib/python3.7/site-packages/airflow/example_dags/example_latest_only_with_trigger.py
[2023-02-13T12:26:40.935+0000] {logging_mixin.py:137} INFO - [2023-02-13T12:26:40.935+0000] {dag.py:2690} INFO - Sync 1 DAGs
[2023-02-13T12:26:41.054+0000] {logging_mixin.py:137} INFO - [2023-02-13T12:26:41.054+0000] {dag.py:3441} INFO - Setting next_dagrun for latest_only_with_trigger to 2023-02-13T08:26:41.053939+00:00, run_after=2023-02-13T12:26:41.053939+00:00
[2023-02-13T12:26:41.233+0000] {processor.py:175} INFO - Processing /home/airflow/.local/lib/python3.7/site-packages/airflow/example_dags/example_latest_only_with_trigger.py took 0.469 seconds
[2023-02-13T12:27:11.823+0000] {processor.py:153} INFO - Started process (PID=1547) to work on /home/airflow/.local/lib/python3.7/site-packages/airflow/example_dags/example_latest_only_with_trigger.py
[2023-02-13T12:27:11.824+0000] {processor.py:743} INFO - Processing file /home/airflow/.local/lib/python3.7/site-packages/airflow/example_dags/example_latest_only_with_trigger.py for tasks to queue
[2023-02-13T12:27:11.825+0000] {logging_mixin.py:137} INFO - [2023-02-13T12:27:11.824+0000] {dagbag.py:538} INFO - Filling up the DagBag from /home/airflow/.local/lib/python3.7/site-packages/airflow/example_dags/example_latest_only_with_trigger.py
[2023-02-13T12:27:11.855+0000] {processor.py:753} INFO - DAG(s) dict_keys(['latest_only_with_trigger']) retrieved from /home/airflow/.local/lib/python3.7/site-packages/airflow/example_dags/example_latest_only_with_trigger.py
[2023-02-13T12:27:11.905+0000] {logging_mixin.py:137} INFO - [2023-02-13T12:27:11.904+0000] {dag.py:2690} INFO - Sync 1 DAGs
[2023-02-13T12:27:11.967+0000] {logging_mixin.py:137} INFO - [2023-02-13T12:27:11.967+0000] {dag.py:3441} INFO - Setting next_dagrun for latest_only_with_trigger to 2023-02-13T08:27:11.967165+00:00, run_after=2023-02-13T12:27:11.967165+00:00
[2023-02-13T12:27:12.036+0000] {processor.py:175} INFO - Processing /home/airflow/.local/lib/python3.7/site-packages/airflow/example_dags/example_latest_only_with_trigger.py took 0.218 seconds
[2023-02-13T12:27:42.229+0000] {processor.py:153} INFO - Started process (PID=1774) to work on /home/airflow/.local/lib/python3.7/site-packages/airflow/example_dags/example_latest_only_with_trigger.py
[2023-02-13T12:27:42.250+0000] {processor.py:743} INFO - Processing file /home/airflow/.local/lib/python3.7/site-packages/airflow/example_dags/example_latest_only_with_trigger.py for tasks to queue
[2023-02-13T12:27:42.254+0000] {logging_mixin.py:137} INFO - [2023-02-13T12:27:42.253+0000] {dagbag.py:538} INFO - Filling up the DagBag from /home/airflow/.local/lib/python3.7/site-packages/airflow/example_dags/example_latest_only_with_trigger.py
[2023-02-13T12:27:42.308+0000] {processor.py:753} INFO - DAG(s) dict_keys(['latest_only_with_trigger']) retrieved from /home/airflow/.local/lib/python3.7/site-packages/airflow/example_dags/example_latest_only_with_trigger.py
[2023-02-13T12:27:42.351+0000] {logging_mixin.py:137} INFO - [2023-02-13T12:27:42.351+0000] {dag.py:2690} INFO - Sync 1 DAGs
[2023-02-13T12:27:42.404+0000] {logging_mixin.py:137} INFO - [2023-02-13T12:27:42.404+0000] {dag.py:3441} INFO - Setting next_dagrun for latest_only_with_trigger to 2023-02-13T08:27:42.404329+00:00, run_after=2023-02-13T12:27:42.404329+00:00
[2023-02-13T12:27:42.493+0000] {processor.py:175} INFO - Processing /home/airflow/.local/lib/python3.7/site-packages/airflow/example_dags/example_latest_only_with_trigger.py took 0.271 seconds
[2023-02-13T12:28:13.200+0000] {processor.py:153} INFO - Started process (PID=2001) to work on /home/airflow/.local/lib/python3.7/site-packages/airflow/example_dags/example_latest_only_with_trigger.py
[2023-02-13T12:28:13.201+0000] {processor.py:743} INFO - Processing file /home/airflow/.local/lib/python3.7/site-packages/airflow/example_dags/example_latest_only_with_trigger.py for tasks to queue
[2023-02-13T12:28:13.202+0000] {logging_mixin.py:137} INFO - [2023-02-13T12:28:13.202+0000] {dagbag.py:538} INFO - Filling up the DagBag from /home/airflow/.local/lib/python3.7/site-packages/airflow/example_dags/example_latest_only_with_trigger.py
[2023-02-13T12:28:13.220+0000] {processor.py:753} INFO - DAG(s) dict_keys(['latest_only_with_trigger']) retrieved from /home/airflow/.local/lib/python3.7/site-packages/airflow/example_dags/example_latest_only_with_trigger.py
[2023-02-13T12:28:13.255+0000] {logging_mixin.py:137} INFO - [2023-02-13T12:28:13.255+0000] {dag.py:2690} INFO - Sync 1 DAGs
[2023-02-13T12:28:13.288+0000] {logging_mixin.py:137} INFO - [2023-02-13T12:28:13.288+0000] {dag.py:3441} INFO - Setting next_dagrun for latest_only_with_trigger to 2023-02-13T08:28:13.287752+00:00, run_after=2023-02-13T12:28:13.287752+00:00
[2023-02-13T12:28:13.355+0000] {processor.py:175} INFO - Processing /home/airflow/.local/lib/python3.7/site-packages/airflow/example_dags/example_latest_only_with_trigger.py took 0.159 seconds
[2023-02-13T12:28:43.670+0000] {processor.py:153} INFO - Started process (PID=2228) to work on /home/airflow/.local/lib/python3.7/site-packages/airflow/example_dags/example_latest_only_with_trigger.py
[2023-02-13T12:28:43.674+0000] {processor.py:743} INFO - Processing file /home/airflow/.local/lib/python3.7/site-packages/airflow/example_dags/example_latest_only_with_trigger.py for tasks to queue
[2023-02-13T12:28:43.675+0000] {logging_mixin.py:137} INFO - [2023-02-13T12:28:43.675+0000] {dagbag.py:538} INFO - Filling up the DagBag from /home/airflow/.local/lib/python3.7/site-packages/airflow/example_dags/example_latest_only_with_trigger.py
[2023-02-13T12:28:43.703+0000] {processor.py:753} INFO - DAG(s) dict_keys(['latest_only_with_trigger']) retrieved from /home/airflow/.local/lib/python3.7/site-packages/airflow/example_dags/example_latest_only_with_trigger.py
[2023-02-13T12:28:43.737+0000] {logging_mixin.py:137} INFO - [2023-02-13T12:28:43.737+0000] {dag.py:2690} INFO - Sync 1 DAGs
[2023-02-13T12:28:43.771+0000] {logging_mixin.py:137} INFO - [2023-02-13T12:28:43.771+0000] {dag.py:3441} INFO - Setting next_dagrun for latest_only_with_trigger to 2023-02-13T08:28:43.771373+00:00, run_after=2023-02-13T12:28:43.771373+00:00
[2023-02-13T12:28:43.839+0000] {processor.py:175} INFO - Processing /home/airflow/.local/lib/python3.7/site-packages/airflow/example_dags/example_latest_only_with_trigger.py took 0.175 seconds
[2023-02-13T12:29:14.066+0000] {processor.py:153} INFO - Started process (PID=2463) to work on /home/airflow/.local/lib/python3.7/site-packages/airflow/example_dags/example_latest_only_with_trigger.py
[2023-02-13T12:29:14.072+0000] {processor.py:743} INFO - Processing file /home/airflow/.local/lib/python3.7/site-packages/airflow/example_dags/example_latest_only_with_trigger.py for tasks to queue
[2023-02-13T12:29:14.072+0000] {logging_mixin.py:137} INFO - [2023-02-13T12:29:14.072+0000] {dagbag.py:538} INFO - Filling up the DagBag from /home/airflow/.local/lib/python3.7/site-packages/airflow/example_dags/example_latest_only_with_trigger.py
[2023-02-13T12:29:14.093+0000] {processor.py:753} INFO - DAG(s) dict_keys(['latest_only_with_trigger']) retrieved from /home/airflow/.local/lib/python3.7/site-packages/airflow/example_dags/example_latest_only_with_trigger.py
[2023-02-13T12:29:14.140+0000] {logging_mixin.py:137} INFO - [2023-02-13T12:29:14.139+0000] {dag.py:2690} INFO - Sync 1 DAGs
[2023-02-13T12:29:14.192+0000] {logging_mixin.py:137} INFO - [2023-02-13T12:29:14.192+0000] {dag.py:3441} INFO - Setting next_dagrun for latest_only_with_trigger to 2023-02-13T08:29:14.192013+00:00, run_after=2023-02-13T12:29:14.192013+00:00
[2023-02-13T12:29:14.254+0000] {processor.py:175} INFO - Processing /home/airflow/.local/lib/python3.7/site-packages/airflow/example_dags/example_latest_only_with_trigger.py took 0.196 seconds
