[2023-02-13T12:21:36.723+0000] {processor.py:153} INFO - Started process (PID=355) to work on /home/airflow/.local/lib/python3.7/site-packages/airflow/example_dags/example_complex.py
[2023-02-13T12:21:36.724+0000] {processor.py:743} INFO - Processing file /home/airflow/.local/lib/python3.7/site-packages/airflow/example_dags/example_complex.py for tasks to queue
[2023-02-13T12:21:36.726+0000] {logging_mixin.py:137} INFO - [2023-02-13T12:21:36.725+0000] {dagbag.py:538} INFO - Filling up the DagBag from /home/airflow/.local/lib/python3.7/site-packages/airflow/example_dags/example_complex.py
[2023-02-13T12:21:36.758+0000] {logging_mixin.py:137} INFO - [2023-02-13T12:21:36.758+0000] {taskmixin.py:205} WARNING - Dependency <Task(BashOperator): create_entry_group>, delete_entry_group already registered for DAG: example_complex
[2023-02-13T12:21:36.758+0000] {logging_mixin.py:137} INFO - [2023-02-13T12:21:36.758+0000] {taskmixin.py:205} WARNING - Dependency <Task(BashOperator): delete_entry_group>, create_entry_group already registered for DAG: example_complex
[2023-02-13T12:21:36.759+0000] {logging_mixin.py:137} INFO - [2023-02-13T12:21:36.759+0000] {taskmixin.py:205} WARNING - Dependency <Task(BashOperator): create_entry_gcs>, delete_entry already registered for DAG: example_complex
[2023-02-13T12:21:36.759+0000] {logging_mixin.py:137} INFO - [2023-02-13T12:21:36.759+0000] {taskmixin.py:205} WARNING - Dependency <Task(BashOperator): delete_entry>, create_entry_gcs already registered for DAG: example_complex
[2023-02-13T12:21:36.760+0000] {logging_mixin.py:137} INFO - [2023-02-13T12:21:36.760+0000] {taskmixin.py:205} WARNING - Dependency <Task(BashOperator): create_tag>, delete_tag already registered for DAG: example_complex
[2023-02-13T12:21:36.760+0000] {logging_mixin.py:137} INFO - [2023-02-13T12:21:36.760+0000] {taskmixin.py:205} WARNING - Dependency <Task(BashOperator): delete_tag>, create_tag already registered for DAG: example_complex
[2023-02-13T12:21:36.774+0000] {processor.py:753} INFO - DAG(s) dict_keys(['example_complex']) retrieved from /home/airflow/.local/lib/python3.7/site-packages/airflow/example_dags/example_complex.py
[2023-02-13T12:21:36.925+0000] {logging_mixin.py:137} INFO - [2023-02-13T12:21:36.925+0000] {dag.py:2690} INFO - Sync 1 DAGs
[2023-02-13T12:21:37.008+0000] {logging_mixin.py:137} INFO - [2023-02-13T12:21:37.007+0000] {dag.py:3441} INFO - Setting next_dagrun for example_complex to None, run_after=None
[2023-02-13T12:21:37.082+0000] {processor.py:175} INFO - Processing /home/airflow/.local/lib/python3.7/site-packages/airflow/example_dags/example_complex.py took 0.364 seconds
[2023-02-13T12:22:08.034+0000] {processor.py:153} INFO - Started process (PID=585) to work on /home/airflow/.local/lib/python3.7/site-packages/airflow/example_dags/example_complex.py
[2023-02-13T12:22:08.035+0000] {processor.py:743} INFO - Processing file /home/airflow/.local/lib/python3.7/site-packages/airflow/example_dags/example_complex.py for tasks to queue
[2023-02-13T12:22:08.036+0000] {logging_mixin.py:137} INFO - [2023-02-13T12:22:08.035+0000] {dagbag.py:538} INFO - Filling up the DagBag from /home/airflow/.local/lib/python3.7/site-packages/airflow/example_dags/example_complex.py
[2023-02-13T12:22:08.051+0000] {logging_mixin.py:137} INFO - [2023-02-13T12:22:08.051+0000] {taskmixin.py:205} WARNING - Dependency <Task(BashOperator): create_entry_group>, delete_entry_group already registered for DAG: example_complex
[2023-02-13T12:22:08.052+0000] {logging_mixin.py:137} INFO - [2023-02-13T12:22:08.052+0000] {taskmixin.py:205} WARNING - Dependency <Task(BashOperator): delete_entry_group>, create_entry_group already registered for DAG: example_complex
[2023-02-13T12:22:08.052+0000] {logging_mixin.py:137} INFO - [2023-02-13T12:22:08.052+0000] {taskmixin.py:205} WARNING - Dependency <Task(BashOperator): create_entry_gcs>, delete_entry already registered for DAG: example_complex
[2023-02-13T12:22:08.052+0000] {logging_mixin.py:137} INFO - [2023-02-13T12:22:08.052+0000] {taskmixin.py:205} WARNING - Dependency <Task(BashOperator): delete_entry>, create_entry_gcs already registered for DAG: example_complex
[2023-02-13T12:22:08.053+0000] {logging_mixin.py:137} INFO - [2023-02-13T12:22:08.052+0000] {taskmixin.py:205} WARNING - Dependency <Task(BashOperator): create_tag>, delete_tag already registered for DAG: example_complex
[2023-02-13T12:22:08.053+0000] {logging_mixin.py:137} INFO - [2023-02-13T12:22:08.053+0000] {taskmixin.py:205} WARNING - Dependency <Task(BashOperator): delete_tag>, create_tag already registered for DAG: example_complex
[2023-02-13T12:22:08.061+0000] {processor.py:753} INFO - DAG(s) dict_keys(['example_complex']) retrieved from /home/airflow/.local/lib/python3.7/site-packages/airflow/example_dags/example_complex.py
[2023-02-13T12:22:08.096+0000] {logging_mixin.py:137} INFO - [2023-02-13T12:22:08.095+0000] {dag.py:2690} INFO - Sync 1 DAGs
[2023-02-13T12:22:08.124+0000] {logging_mixin.py:137} INFO - [2023-02-13T12:22:08.124+0000] {dag.py:3441} INFO - Setting next_dagrun for example_complex to None, run_after=None
[2023-02-13T12:22:08.191+0000] {processor.py:175} INFO - Processing /home/airflow/.local/lib/python3.7/site-packages/airflow/example_dags/example_complex.py took 0.161 seconds
[2023-02-13T12:24:13.783+0000] {processor.py:153} INFO - Started process (PID=353) to work on /home/airflow/.local/lib/python3.7/site-packages/airflow/example_dags/example_complex.py
[2023-02-13T12:24:13.791+0000] {processor.py:743} INFO - Processing file /home/airflow/.local/lib/python3.7/site-packages/airflow/example_dags/example_complex.py for tasks to queue
[2023-02-13T12:24:13.793+0000] {logging_mixin.py:137} INFO - [2023-02-13T12:24:13.792+0000] {dagbag.py:538} INFO - Filling up the DagBag from /home/airflow/.local/lib/python3.7/site-packages/airflow/example_dags/example_complex.py
[2023-02-13T12:24:13.826+0000] {logging_mixin.py:137} INFO - [2023-02-13T12:24:13.825+0000] {taskmixin.py:205} WARNING - Dependency <Task(BashOperator): create_entry_group>, delete_entry_group already registered for DAG: example_complex
[2023-02-13T12:24:13.826+0000] {logging_mixin.py:137} INFO - [2023-02-13T12:24:13.826+0000] {taskmixin.py:205} WARNING - Dependency <Task(BashOperator): delete_entry_group>, create_entry_group already registered for DAG: example_complex
[2023-02-13T12:24:13.828+0000] {logging_mixin.py:137} INFO - [2023-02-13T12:24:13.827+0000] {taskmixin.py:205} WARNING - Dependency <Task(BashOperator): create_entry_gcs>, delete_entry already registered for DAG: example_complex
[2023-02-13T12:24:13.828+0000] {logging_mixin.py:137} INFO - [2023-02-13T12:24:13.828+0000] {taskmixin.py:205} WARNING - Dependency <Task(BashOperator): delete_entry>, create_entry_gcs already registered for DAG: example_complex
[2023-02-13T12:24:13.831+0000] {logging_mixin.py:137} INFO - [2023-02-13T12:24:13.831+0000] {taskmixin.py:205} WARNING - Dependency <Task(BashOperator): create_tag>, delete_tag already registered for DAG: example_complex
[2023-02-13T12:24:13.832+0000] {logging_mixin.py:137} INFO - [2023-02-13T12:24:13.832+0000] {taskmixin.py:205} WARNING - Dependency <Task(BashOperator): delete_tag>, create_tag already registered for DAG: example_complex
[2023-02-13T12:24:13.852+0000] {processor.py:753} INFO - DAG(s) dict_keys(['example_complex']) retrieved from /home/airflow/.local/lib/python3.7/site-packages/airflow/example_dags/example_complex.py
[2023-02-13T12:24:13.919+0000] {logging_mixin.py:137} INFO - [2023-02-13T12:24:13.918+0000] {dag.py:2690} INFO - Sync 1 DAGs
[2023-02-13T12:24:13.972+0000] {logging_mixin.py:137} INFO - [2023-02-13T12:24:13.972+0000] {dag.py:3441} INFO - Setting next_dagrun for example_complex to None, run_after=None
[2023-02-13T12:24:14.150+0000] {processor.py:175} INFO - Processing /home/airflow/.local/lib/python3.7/site-packages/airflow/example_dags/example_complex.py took 0.377 seconds
[2023-02-13T12:24:45.132+0000] {processor.py:153} INFO - Started process (PID=580) to work on /home/airflow/.local/lib/python3.7/site-packages/airflow/example_dags/example_complex.py
[2023-02-13T12:24:45.133+0000] {processor.py:743} INFO - Processing file /home/airflow/.local/lib/python3.7/site-packages/airflow/example_dags/example_complex.py for tasks to queue
[2023-02-13T12:24:45.133+0000] {logging_mixin.py:137} INFO - [2023-02-13T12:24:45.133+0000] {dagbag.py:538} INFO - Filling up the DagBag from /home/airflow/.local/lib/python3.7/site-packages/airflow/example_dags/example_complex.py
[2023-02-13T12:24:45.153+0000] {logging_mixin.py:137} INFO - [2023-02-13T12:24:45.153+0000] {taskmixin.py:205} WARNING - Dependency <Task(BashOperator): create_entry_group>, delete_entry_group already registered for DAG: example_complex
[2023-02-13T12:24:45.154+0000] {logging_mixin.py:137} INFO - [2023-02-13T12:24:45.154+0000] {taskmixin.py:205} WARNING - Dependency <Task(BashOperator): delete_entry_group>, create_entry_group already registered for DAG: example_complex
[2023-02-13T12:24:45.154+0000] {logging_mixin.py:137} INFO - [2023-02-13T12:24:45.154+0000] {taskmixin.py:205} WARNING - Dependency <Task(BashOperator): create_entry_gcs>, delete_entry already registered for DAG: example_complex
[2023-02-13T12:24:45.154+0000] {logging_mixin.py:137} INFO - [2023-02-13T12:24:45.154+0000] {taskmixin.py:205} WARNING - Dependency <Task(BashOperator): delete_entry>, create_entry_gcs already registered for DAG: example_complex
[2023-02-13T12:24:45.155+0000] {logging_mixin.py:137} INFO - [2023-02-13T12:24:45.155+0000] {taskmixin.py:205} WARNING - Dependency <Task(BashOperator): create_tag>, delete_tag already registered for DAG: example_complex
[2023-02-13T12:24:45.155+0000] {logging_mixin.py:137} INFO - [2023-02-13T12:24:45.155+0000] {taskmixin.py:205} WARNING - Dependency <Task(BashOperator): delete_tag>, create_tag already registered for DAG: example_complex
[2023-02-13T12:24:45.170+0000] {processor.py:753} INFO - DAG(s) dict_keys(['example_complex']) retrieved from /home/airflow/.local/lib/python3.7/site-packages/airflow/example_dags/example_complex.py
[2023-02-13T12:24:45.232+0000] {logging_mixin.py:137} INFO - [2023-02-13T12:24:45.232+0000] {dag.py:2690} INFO - Sync 1 DAGs
[2023-02-13T12:24:45.282+0000] {logging_mixin.py:137} INFO - [2023-02-13T12:24:45.282+0000] {dag.py:3441} INFO - Setting next_dagrun for example_complex to None, run_after=None
[2023-02-13T12:24:45.343+0000] {processor.py:175} INFO - Processing /home/airflow/.local/lib/python3.7/site-packages/airflow/example_dags/example_complex.py took 0.218 seconds
[2023-02-13T12:25:15.985+0000] {processor.py:153} INFO - Started process (PID=809) to work on /home/airflow/.local/lib/python3.7/site-packages/airflow/example_dags/example_complex.py
[2023-02-13T12:25:15.986+0000] {processor.py:743} INFO - Processing file /home/airflow/.local/lib/python3.7/site-packages/airflow/example_dags/example_complex.py for tasks to queue
[2023-02-13T12:25:15.987+0000] {logging_mixin.py:137} INFO - [2023-02-13T12:25:15.987+0000] {dagbag.py:538} INFO - Filling up the DagBag from /home/airflow/.local/lib/python3.7/site-packages/airflow/example_dags/example_complex.py
[2023-02-13T12:25:16.003+0000] {logging_mixin.py:137} INFO - [2023-02-13T12:25:16.002+0000] {taskmixin.py:205} WARNING - Dependency <Task(BashOperator): create_entry_group>, delete_entry_group already registered for DAG: example_complex
[2023-02-13T12:25:16.003+0000] {logging_mixin.py:137} INFO - [2023-02-13T12:25:16.003+0000] {taskmixin.py:205} WARNING - Dependency <Task(BashOperator): delete_entry_group>, create_entry_group already registered for DAG: example_complex
[2023-02-13T12:25:16.003+0000] {logging_mixin.py:137} INFO - [2023-02-13T12:25:16.003+0000] {taskmixin.py:205} WARNING - Dependency <Task(BashOperator): create_entry_gcs>, delete_entry already registered for DAG: example_complex
[2023-02-13T12:25:16.003+0000] {logging_mixin.py:137} INFO - [2023-02-13T12:25:16.003+0000] {taskmixin.py:205} WARNING - Dependency <Task(BashOperator): delete_entry>, create_entry_gcs already registered for DAG: example_complex
[2023-02-13T12:25:16.004+0000] {logging_mixin.py:137} INFO - [2023-02-13T12:25:16.004+0000] {taskmixin.py:205} WARNING - Dependency <Task(BashOperator): create_tag>, delete_tag already registered for DAG: example_complex
[2023-02-13T12:25:16.004+0000] {logging_mixin.py:137} INFO - [2023-02-13T12:25:16.004+0000] {taskmixin.py:205} WARNING - Dependency <Task(BashOperator): delete_tag>, create_tag already registered for DAG: example_complex
[2023-02-13T12:25:16.014+0000] {processor.py:753} INFO - DAG(s) dict_keys(['example_complex']) retrieved from /home/airflow/.local/lib/python3.7/site-packages/airflow/example_dags/example_complex.py
[2023-02-13T12:25:16.050+0000] {logging_mixin.py:137} INFO - [2023-02-13T12:25:16.050+0000] {dag.py:2690} INFO - Sync 1 DAGs
[2023-02-13T12:25:16.089+0000] {logging_mixin.py:137} INFO - [2023-02-13T12:25:16.088+0000] {dag.py:3441} INFO - Setting next_dagrun for example_complex to None, run_after=None
[2023-02-13T12:25:16.145+0000] {processor.py:175} INFO - Processing /home/airflow/.local/lib/python3.7/site-packages/airflow/example_dags/example_complex.py took 0.164 seconds
[2023-02-13T12:25:47.284+0000] {processor.py:153} INFO - Started process (PID=1034) to work on /home/airflow/.local/lib/python3.7/site-packages/airflow/example_dags/example_complex.py
[2023-02-13T12:25:47.297+0000] {processor.py:743} INFO - Processing file /home/airflow/.local/lib/python3.7/site-packages/airflow/example_dags/example_complex.py for tasks to queue
[2023-02-13T12:25:47.298+0000] {logging_mixin.py:137} INFO - [2023-02-13T12:25:47.298+0000] {dagbag.py:538} INFO - Filling up the DagBag from /home/airflow/.local/lib/python3.7/site-packages/airflow/example_dags/example_complex.py
[2023-02-13T12:25:47.321+0000] {logging_mixin.py:137} INFO - [2023-02-13T12:25:47.320+0000] {taskmixin.py:205} WARNING - Dependency <Task(BashOperator): create_entry_group>, delete_entry_group already registered for DAG: example_complex
[2023-02-13T12:25:47.321+0000] {logging_mixin.py:137} INFO - [2023-02-13T12:25:47.321+0000] {taskmixin.py:205} WARNING - Dependency <Task(BashOperator): delete_entry_group>, create_entry_group already registered for DAG: example_complex
[2023-02-13T12:25:47.321+0000] {logging_mixin.py:137} INFO - [2023-02-13T12:25:47.321+0000] {taskmixin.py:205} WARNING - Dependency <Task(BashOperator): create_entry_gcs>, delete_entry already registered for DAG: example_complex
[2023-02-13T12:25:47.321+0000] {logging_mixin.py:137} INFO - [2023-02-13T12:25:47.321+0000] {taskmixin.py:205} WARNING - Dependency <Task(BashOperator): delete_entry>, create_entry_gcs already registered for DAG: example_complex
[2023-02-13T12:25:47.322+0000] {logging_mixin.py:137} INFO - [2023-02-13T12:25:47.322+0000] {taskmixin.py:205} WARNING - Dependency <Task(BashOperator): create_tag>, delete_tag already registered for DAG: example_complex
[2023-02-13T12:25:47.322+0000] {logging_mixin.py:137} INFO - [2023-02-13T12:25:47.322+0000] {taskmixin.py:205} WARNING - Dependency <Task(BashOperator): delete_tag>, create_tag already registered for DAG: example_complex
[2023-02-13T12:25:47.337+0000] {processor.py:753} INFO - DAG(s) dict_keys(['example_complex']) retrieved from /home/airflow/.local/lib/python3.7/site-packages/airflow/example_dags/example_complex.py
[2023-02-13T12:25:47.395+0000] {logging_mixin.py:137} INFO - [2023-02-13T12:25:47.394+0000] {dag.py:2690} INFO - Sync 1 DAGs
[2023-02-13T12:25:47.448+0000] {logging_mixin.py:137} INFO - [2023-02-13T12:25:47.448+0000] {dag.py:3441} INFO - Setting next_dagrun for example_complex to None, run_after=None
[2023-02-13T12:25:47.517+0000] {processor.py:175} INFO - Processing /home/airflow/.local/lib/python3.7/site-packages/airflow/example_dags/example_complex.py took 0.238 seconds
[2023-02-13T12:26:18.018+0000] {processor.py:153} INFO - Started process (PID=1261) to work on /home/airflow/.local/lib/python3.7/site-packages/airflow/example_dags/example_complex.py
[2023-02-13T12:26:18.019+0000] {processor.py:743} INFO - Processing file /home/airflow/.local/lib/python3.7/site-packages/airflow/example_dags/example_complex.py for tasks to queue
[2023-02-13T12:26:18.020+0000] {logging_mixin.py:137} INFO - [2023-02-13T12:26:18.020+0000] {dagbag.py:538} INFO - Filling up the DagBag from /home/airflow/.local/lib/python3.7/site-packages/airflow/example_dags/example_complex.py
[2023-02-13T12:26:18.043+0000] {logging_mixin.py:137} INFO - [2023-02-13T12:26:18.043+0000] {taskmixin.py:205} WARNING - Dependency <Task(BashOperator): create_entry_group>, delete_entry_group already registered for DAG: example_complex
[2023-02-13T12:26:18.044+0000] {logging_mixin.py:137} INFO - [2023-02-13T12:26:18.044+0000] {taskmixin.py:205} WARNING - Dependency <Task(BashOperator): delete_entry_group>, create_entry_group already registered for DAG: example_complex
[2023-02-13T12:26:18.045+0000] {logging_mixin.py:137} INFO - [2023-02-13T12:26:18.045+0000] {taskmixin.py:205} WARNING - Dependency <Task(BashOperator): create_entry_gcs>, delete_entry already registered for DAG: example_complex
[2023-02-13T12:26:18.046+0000] {logging_mixin.py:137} INFO - [2023-02-13T12:26:18.046+0000] {taskmixin.py:205} WARNING - Dependency <Task(BashOperator): delete_entry>, create_entry_gcs already registered for DAG: example_complex
[2023-02-13T12:26:18.048+0000] {logging_mixin.py:137} INFO - [2023-02-13T12:26:18.047+0000] {taskmixin.py:205} WARNING - Dependency <Task(BashOperator): create_tag>, delete_tag already registered for DAG: example_complex
[2023-02-13T12:26:18.048+0000] {logging_mixin.py:137} INFO - [2023-02-13T12:26:18.048+0000] {taskmixin.py:205} WARNING - Dependency <Task(BashOperator): delete_tag>, create_tag already registered for DAG: example_complex
[2023-02-13T12:26:18.065+0000] {processor.py:753} INFO - DAG(s) dict_keys(['example_complex']) retrieved from /home/airflow/.local/lib/python3.7/site-packages/airflow/example_dags/example_complex.py
[2023-02-13T12:26:18.129+0000] {logging_mixin.py:137} INFO - [2023-02-13T12:26:18.128+0000] {dag.py:2690} INFO - Sync 1 DAGs
[2023-02-13T12:26:18.180+0000] {logging_mixin.py:137} INFO - [2023-02-13T12:26:18.180+0000] {dag.py:3441} INFO - Setting next_dagrun for example_complex to None, run_after=None
[2023-02-13T12:26:18.245+0000] {processor.py:175} INFO - Processing /home/airflow/.local/lib/python3.7/site-packages/airflow/example_dags/example_complex.py took 0.234 seconds
[2023-02-13T12:26:49.188+0000] {processor.py:153} INFO - Started process (PID=1487) to work on /home/airflow/.local/lib/python3.7/site-packages/airflow/example_dags/example_complex.py
[2023-02-13T12:26:49.194+0000] {processor.py:743} INFO - Processing file /home/airflow/.local/lib/python3.7/site-packages/airflow/example_dags/example_complex.py for tasks to queue
[2023-02-13T12:26:49.195+0000] {logging_mixin.py:137} INFO - [2023-02-13T12:26:49.195+0000] {dagbag.py:538} INFO - Filling up the DagBag from /home/airflow/.local/lib/python3.7/site-packages/airflow/example_dags/example_complex.py
[2023-02-13T12:26:49.212+0000] {logging_mixin.py:137} INFO - [2023-02-13T12:26:49.212+0000] {taskmixin.py:205} WARNING - Dependency <Task(BashOperator): create_entry_group>, delete_entry_group already registered for DAG: example_complex
[2023-02-13T12:26:49.212+0000] {logging_mixin.py:137} INFO - [2023-02-13T12:26:49.212+0000] {taskmixin.py:205} WARNING - Dependency <Task(BashOperator): delete_entry_group>, create_entry_group already registered for DAG: example_complex
[2023-02-13T12:26:49.213+0000] {logging_mixin.py:137} INFO - [2023-02-13T12:26:49.213+0000] {taskmixin.py:205} WARNING - Dependency <Task(BashOperator): create_entry_gcs>, delete_entry already registered for DAG: example_complex
[2023-02-13T12:26:49.213+0000] {logging_mixin.py:137} INFO - [2023-02-13T12:26:49.213+0000] {taskmixin.py:205} WARNING - Dependency <Task(BashOperator): delete_entry>, create_entry_gcs already registered for DAG: example_complex
[2023-02-13T12:26:49.213+0000] {logging_mixin.py:137} INFO - [2023-02-13T12:26:49.213+0000] {taskmixin.py:205} WARNING - Dependency <Task(BashOperator): create_tag>, delete_tag already registered for DAG: example_complex
[2023-02-13T12:26:49.214+0000] {logging_mixin.py:137} INFO - [2023-02-13T12:26:49.213+0000] {taskmixin.py:205} WARNING - Dependency <Task(BashOperator): delete_tag>, create_tag already registered for DAG: example_complex
[2023-02-13T12:26:49.223+0000] {processor.py:753} INFO - DAG(s) dict_keys(['example_complex']) retrieved from /home/airflow/.local/lib/python3.7/site-packages/airflow/example_dags/example_complex.py
[2023-02-13T12:26:49.261+0000] {logging_mixin.py:137} INFO - [2023-02-13T12:26:49.261+0000] {dag.py:2690} INFO - Sync 1 DAGs
[2023-02-13T12:26:49.290+0000] {logging_mixin.py:137} INFO - [2023-02-13T12:26:49.290+0000] {dag.py:3441} INFO - Setting next_dagrun for example_complex to None, run_after=None
[2023-02-13T12:26:49.370+0000] {processor.py:175} INFO - Processing /home/airflow/.local/lib/python3.7/site-packages/airflow/example_dags/example_complex.py took 0.185 seconds
[2023-02-13T12:27:19.642+0000] {processor.py:153} INFO - Started process (PID=1715) to work on /home/airflow/.local/lib/python3.7/site-packages/airflow/example_dags/example_complex.py
[2023-02-13T12:27:19.643+0000] {processor.py:743} INFO - Processing file /home/airflow/.local/lib/python3.7/site-packages/airflow/example_dags/example_complex.py for tasks to queue
[2023-02-13T12:27:19.643+0000] {logging_mixin.py:137} INFO - [2023-02-13T12:27:19.643+0000] {dagbag.py:538} INFO - Filling up the DagBag from /home/airflow/.local/lib/python3.7/site-packages/airflow/example_dags/example_complex.py
[2023-02-13T12:27:19.659+0000] {logging_mixin.py:137} INFO - [2023-02-13T12:27:19.659+0000] {taskmixin.py:205} WARNING - Dependency <Task(BashOperator): create_entry_group>, delete_entry_group already registered for DAG: example_complex
[2023-02-13T12:27:19.660+0000] {logging_mixin.py:137} INFO - [2023-02-13T12:27:19.660+0000] {taskmixin.py:205} WARNING - Dependency <Task(BashOperator): delete_entry_group>, create_entry_group already registered for DAG: example_complex
[2023-02-13T12:27:19.660+0000] {logging_mixin.py:137} INFO - [2023-02-13T12:27:19.660+0000] {taskmixin.py:205} WARNING - Dependency <Task(BashOperator): create_entry_gcs>, delete_entry already registered for DAG: example_complex
[2023-02-13T12:27:19.660+0000] {logging_mixin.py:137} INFO - [2023-02-13T12:27:19.660+0000] {taskmixin.py:205} WARNING - Dependency <Task(BashOperator): delete_entry>, create_entry_gcs already registered for DAG: example_complex
[2023-02-13T12:27:19.661+0000] {logging_mixin.py:137} INFO - [2023-02-13T12:27:19.660+0000] {taskmixin.py:205} WARNING - Dependency <Task(BashOperator): create_tag>, delete_tag already registered for DAG: example_complex
[2023-02-13T12:27:19.661+0000] {logging_mixin.py:137} INFO - [2023-02-13T12:27:19.661+0000] {taskmixin.py:205} WARNING - Dependency <Task(BashOperator): delete_tag>, create_tag already registered for DAG: example_complex
[2023-02-13T12:27:19.669+0000] {processor.py:753} INFO - DAG(s) dict_keys(['example_complex']) retrieved from /home/airflow/.local/lib/python3.7/site-packages/airflow/example_dags/example_complex.py
[2023-02-13T12:27:19.705+0000] {logging_mixin.py:137} INFO - [2023-02-13T12:27:19.705+0000] {dag.py:2690} INFO - Sync 1 DAGs
[2023-02-13T12:27:19.736+0000] {logging_mixin.py:137} INFO - [2023-02-13T12:27:19.736+0000] {dag.py:3441} INFO - Setting next_dagrun for example_complex to None, run_after=None
[2023-02-13T12:27:19.806+0000] {processor.py:175} INFO - Processing /home/airflow/.local/lib/python3.7/site-packages/airflow/example_dags/example_complex.py took 0.168 seconds
[2023-02-13T12:27:50.562+0000] {processor.py:153} INFO - Started process (PID=1942) to work on /home/airflow/.local/lib/python3.7/site-packages/airflow/example_dags/example_complex.py
[2023-02-13T12:27:50.579+0000] {processor.py:743} INFO - Processing file /home/airflow/.local/lib/python3.7/site-packages/airflow/example_dags/example_complex.py for tasks to queue
[2023-02-13T12:27:50.580+0000] {logging_mixin.py:137} INFO - [2023-02-13T12:27:50.580+0000] {dagbag.py:538} INFO - Filling up the DagBag from /home/airflow/.local/lib/python3.7/site-packages/airflow/example_dags/example_complex.py
[2023-02-13T12:27:50.597+0000] {logging_mixin.py:137} INFO - [2023-02-13T12:27:50.597+0000] {taskmixin.py:205} WARNING - Dependency <Task(BashOperator): create_entry_group>, delete_entry_group already registered for DAG: example_complex
[2023-02-13T12:27:50.597+0000] {logging_mixin.py:137} INFO - [2023-02-13T12:27:50.597+0000] {taskmixin.py:205} WARNING - Dependency <Task(BashOperator): delete_entry_group>, create_entry_group already registered for DAG: example_complex
[2023-02-13T12:27:50.597+0000] {logging_mixin.py:137} INFO - [2023-02-13T12:27:50.597+0000] {taskmixin.py:205} WARNING - Dependency <Task(BashOperator): create_entry_gcs>, delete_entry already registered for DAG: example_complex
[2023-02-13T12:27:50.598+0000] {logging_mixin.py:137} INFO - [2023-02-13T12:27:50.598+0000] {taskmixin.py:205} WARNING - Dependency <Task(BashOperator): delete_entry>, create_entry_gcs already registered for DAG: example_complex
[2023-02-13T12:27:50.598+0000] {logging_mixin.py:137} INFO - [2023-02-13T12:27:50.598+0000] {taskmixin.py:205} WARNING - Dependency <Task(BashOperator): create_tag>, delete_tag already registered for DAG: example_complex
[2023-02-13T12:27:50.598+0000] {logging_mixin.py:137} INFO - [2023-02-13T12:27:50.598+0000] {taskmixin.py:205} WARNING - Dependency <Task(BashOperator): delete_tag>, create_tag already registered for DAG: example_complex
[2023-02-13T12:27:50.610+0000] {processor.py:753} INFO - DAG(s) dict_keys(['example_complex']) retrieved from /home/airflow/.local/lib/python3.7/site-packages/airflow/example_dags/example_complex.py
[2023-02-13T12:27:50.648+0000] {logging_mixin.py:137} INFO - [2023-02-13T12:27:50.648+0000] {dag.py:2690} INFO - Sync 1 DAGs
[2023-02-13T12:27:50.679+0000] {logging_mixin.py:137} INFO - [2023-02-13T12:27:50.679+0000] {dag.py:3441} INFO - Setting next_dagrun for example_complex to None, run_after=None
[2023-02-13T12:27:50.735+0000] {processor.py:175} INFO - Processing /home/airflow/.local/lib/python3.7/site-packages/airflow/example_dags/example_complex.py took 0.177 seconds
[2023-02-13T12:28:20.865+0000] {processor.py:153} INFO - Started process (PID=2178) to work on /home/airflow/.local/lib/python3.7/site-packages/airflow/example_dags/example_complex.py
[2023-02-13T12:28:20.866+0000] {processor.py:743} INFO - Processing file /home/airflow/.local/lib/python3.7/site-packages/airflow/example_dags/example_complex.py for tasks to queue
[2023-02-13T12:28:20.867+0000] {logging_mixin.py:137} INFO - [2023-02-13T12:28:20.867+0000] {dagbag.py:538} INFO - Filling up the DagBag from /home/airflow/.local/lib/python3.7/site-packages/airflow/example_dags/example_complex.py
[2023-02-13T12:28:20.889+0000] {logging_mixin.py:137} INFO - [2023-02-13T12:28:20.888+0000] {taskmixin.py:205} WARNING - Dependency <Task(BashOperator): create_entry_group>, delete_entry_group already registered for DAG: example_complex
[2023-02-13T12:28:20.889+0000] {logging_mixin.py:137} INFO - [2023-02-13T12:28:20.889+0000] {taskmixin.py:205} WARNING - Dependency <Task(BashOperator): delete_entry_group>, create_entry_group already registered for DAG: example_complex
[2023-02-13T12:28:20.890+0000] {logging_mixin.py:137} INFO - [2023-02-13T12:28:20.889+0000] {taskmixin.py:205} WARNING - Dependency <Task(BashOperator): create_entry_gcs>, delete_entry already registered for DAG: example_complex
[2023-02-13T12:28:20.890+0000] {logging_mixin.py:137} INFO - [2023-02-13T12:28:20.890+0000] {taskmixin.py:205} WARNING - Dependency <Task(BashOperator): delete_entry>, create_entry_gcs already registered for DAG: example_complex
[2023-02-13T12:28:20.891+0000] {logging_mixin.py:137} INFO - [2023-02-13T12:28:20.890+0000] {taskmixin.py:205} WARNING - Dependency <Task(BashOperator): create_tag>, delete_tag already registered for DAG: example_complex
[2023-02-13T12:28:20.891+0000] {logging_mixin.py:137} INFO - [2023-02-13T12:28:20.891+0000] {taskmixin.py:205} WARNING - Dependency <Task(BashOperator): delete_tag>, create_tag already registered for DAG: example_complex
[2023-02-13T12:28:20.905+0000] {processor.py:753} INFO - DAG(s) dict_keys(['example_complex']) retrieved from /home/airflow/.local/lib/python3.7/site-packages/airflow/example_dags/example_complex.py
[2023-02-13T12:28:20.960+0000] {logging_mixin.py:137} INFO - [2023-02-13T12:28:20.960+0000] {dag.py:2690} INFO - Sync 1 DAGs
[2023-02-13T12:28:21.009+0000] {logging_mixin.py:137} INFO - [2023-02-13T12:28:21.009+0000] {dag.py:3441} INFO - Setting next_dagrun for example_complex to None, run_after=None
[2023-02-13T12:28:21.079+0000] {processor.py:175} INFO - Processing /home/airflow/.local/lib/python3.7/site-packages/airflow/example_dags/example_complex.py took 0.222 seconds
[2023-02-13T12:28:51.309+0000] {processor.py:153} INFO - Started process (PID=2413) to work on /home/airflow/.local/lib/python3.7/site-packages/airflow/example_dags/example_complex.py
[2023-02-13T12:28:51.310+0000] {processor.py:743} INFO - Processing file /home/airflow/.local/lib/python3.7/site-packages/airflow/example_dags/example_complex.py for tasks to queue
[2023-02-13T12:28:51.312+0000] {logging_mixin.py:137} INFO - [2023-02-13T12:28:51.311+0000] {dagbag.py:538} INFO - Filling up the DagBag from /home/airflow/.local/lib/python3.7/site-packages/airflow/example_dags/example_complex.py
[2023-02-13T12:28:51.336+0000] {logging_mixin.py:137} INFO - [2023-02-13T12:28:51.336+0000] {taskmixin.py:205} WARNING - Dependency <Task(BashOperator): create_entry_group>, delete_entry_group already registered for DAG: example_complex
[2023-02-13T12:28:51.336+0000] {logging_mixin.py:137} INFO - [2023-02-13T12:28:51.336+0000] {taskmixin.py:205} WARNING - Dependency <Task(BashOperator): delete_entry_group>, create_entry_group already registered for DAG: example_complex
[2023-02-13T12:28:51.337+0000] {logging_mixin.py:137} INFO - [2023-02-13T12:28:51.337+0000] {taskmixin.py:205} WARNING - Dependency <Task(BashOperator): create_entry_gcs>, delete_entry already registered for DAG: example_complex
[2023-02-13T12:28:51.337+0000] {logging_mixin.py:137} INFO - [2023-02-13T12:28:51.337+0000] {taskmixin.py:205} WARNING - Dependency <Task(BashOperator): delete_entry>, create_entry_gcs already registered for DAG: example_complex
[2023-02-13T12:28:51.337+0000] {logging_mixin.py:137} INFO - [2023-02-13T12:28:51.337+0000] {taskmixin.py:205} WARNING - Dependency <Task(BashOperator): create_tag>, delete_tag already registered for DAG: example_complex
[2023-02-13T12:28:51.337+0000] {logging_mixin.py:137} INFO - [2023-02-13T12:28:51.337+0000] {taskmixin.py:205} WARNING - Dependency <Task(BashOperator): delete_tag>, create_tag already registered for DAG: example_complex
[2023-02-13T12:28:51.350+0000] {processor.py:753} INFO - DAG(s) dict_keys(['example_complex']) retrieved from /home/airflow/.local/lib/python3.7/site-packages/airflow/example_dags/example_complex.py
[2023-02-13T12:28:51.398+0000] {logging_mixin.py:137} INFO - [2023-02-13T12:28:51.398+0000] {dag.py:2690} INFO - Sync 1 DAGs
[2023-02-13T12:28:51.445+0000] {logging_mixin.py:137} INFO - [2023-02-13T12:28:51.445+0000] {dag.py:3441} INFO - Setting next_dagrun for example_complex to None, run_after=None
[2023-02-13T12:28:51.496+0000] {processor.py:175} INFO - Processing /home/airflow/.local/lib/python3.7/site-packages/airflow/example_dags/example_complex.py took 0.191 seconds
[2023-02-13T12:29:21.717+0000] {processor.py:153} INFO - Started process (PID=2640) to work on /home/airflow/.local/lib/python3.7/site-packages/airflow/example_dags/example_complex.py
[2023-02-13T12:29:21.739+0000] {processor.py:743} INFO - Processing file /home/airflow/.local/lib/python3.7/site-packages/airflow/example_dags/example_complex.py for tasks to queue
[2023-02-13T12:29:21.740+0000] {logging_mixin.py:137} INFO - [2023-02-13T12:29:21.740+0000] {dagbag.py:538} INFO - Filling up the DagBag from /home/airflow/.local/lib/python3.7/site-packages/airflow/example_dags/example_complex.py
[2023-02-13T12:29:21.754+0000] {logging_mixin.py:137} INFO - [2023-02-13T12:29:21.754+0000] {taskmixin.py:205} WARNING - Dependency <Task(BashOperator): create_entry_group>, delete_entry_group already registered for DAG: example_complex
[2023-02-13T12:29:21.754+0000] {logging_mixin.py:137} INFO - [2023-02-13T12:29:21.754+0000] {taskmixin.py:205} WARNING - Dependency <Task(BashOperator): delete_entry_group>, create_entry_group already registered for DAG: example_complex
[2023-02-13T12:29:21.755+0000] {logging_mixin.py:137} INFO - [2023-02-13T12:29:21.755+0000] {taskmixin.py:205} WARNING - Dependency <Task(BashOperator): create_entry_gcs>, delete_entry already registered for DAG: example_complex
[2023-02-13T12:29:21.755+0000] {logging_mixin.py:137} INFO - [2023-02-13T12:29:21.755+0000] {taskmixin.py:205} WARNING - Dependency <Task(BashOperator): delete_entry>, create_entry_gcs already registered for DAG: example_complex
[2023-02-13T12:29:21.755+0000] {logging_mixin.py:137} INFO - [2023-02-13T12:29:21.755+0000] {taskmixin.py:205} WARNING - Dependency <Task(BashOperator): create_tag>, delete_tag already registered for DAG: example_complex
[2023-02-13T12:29:21.755+0000] {logging_mixin.py:137} INFO - [2023-02-13T12:29:21.755+0000] {taskmixin.py:205} WARNING - Dependency <Task(BashOperator): delete_tag>, create_tag already registered for DAG: example_complex
[2023-02-13T12:29:21.764+0000] {processor.py:753} INFO - DAG(s) dict_keys(['example_complex']) retrieved from /home/airflow/.local/lib/python3.7/site-packages/airflow/example_dags/example_complex.py
[2023-02-13T12:29:21.800+0000] {logging_mixin.py:137} INFO - [2023-02-13T12:29:21.799+0000] {dag.py:2690} INFO - Sync 1 DAGs
[2023-02-13T12:29:21.829+0000] {logging_mixin.py:137} INFO - [2023-02-13T12:29:21.828+0000] {dag.py:3441} INFO - Setting next_dagrun for example_complex to None, run_after=None
[2023-02-13T12:29:21.891+0000] {processor.py:175} INFO - Processing /home/airflow/.local/lib/python3.7/site-packages/airflow/example_dags/example_complex.py took 0.178 seconds
