[2023-02-13T12:21:34.671+0000] {processor.py:153} INFO - Started process (PID=268) to work on /home/airflow/.local/lib/python3.7/site-packages/airflow/example_dags/example_branch_operator_decorator.py
[2023-02-13T12:21:34.672+0000] {processor.py:743} INFO - Processing file /home/airflow/.local/lib/python3.7/site-packages/airflow/example_dags/example_branch_operator_decorator.py for tasks to queue
[2023-02-13T12:21:34.673+0000] {logging_mixin.py:137} INFO - [2023-02-13T12:21:34.673+0000] {dagbag.py:538} INFO - Filling up the DagBag from /home/airflow/.local/lib/python3.7/site-packages/airflow/example_dags/example_branch_operator_decorator.py
[2023-02-13T12:21:34.706+0000] {processor.py:753} INFO - DAG(s) dict_keys(['example_branch_python_operator_decorator']) retrieved from /home/airflow/.local/lib/python3.7/site-packages/airflow/example_dags/example_branch_operator_decorator.py
[2023-02-13T12:21:34.736+0000] {logging_mixin.py:137} INFO - [2023-02-13T12:21:34.735+0000] {dag.py:2690} INFO - Sync 1 DAGs
[2023-02-13T12:21:34.767+0000] {logging_mixin.py:137} INFO - [2023-02-13T12:21:34.766+0000] {dag.py:3441} INFO - Setting next_dagrun for example_branch_python_operator_decorator to 2023-02-12T00:00:00+00:00, run_after=2023-02-13T00:00:00+00:00
[2023-02-13T12:21:34.843+0000] {processor.py:175} INFO - Processing /home/airflow/.local/lib/python3.7/site-packages/airflow/example_dags/example_branch_operator_decorator.py took 0.176 seconds
[2023-02-13T12:22:05.082+0000] {processor.py:153} INFO - Started process (PID=503) to work on /home/airflow/.local/lib/python3.7/site-packages/airflow/example_dags/example_branch_operator_decorator.py
[2023-02-13T12:22:05.083+0000] {processor.py:743} INFO - Processing file /home/airflow/.local/lib/python3.7/site-packages/airflow/example_dags/example_branch_operator_decorator.py for tasks to queue
[2023-02-13T12:22:05.083+0000] {logging_mixin.py:137} INFO - [2023-02-13T12:22:05.083+0000] {dagbag.py:538} INFO - Filling up the DagBag from /home/airflow/.local/lib/python3.7/site-packages/airflow/example_dags/example_branch_operator_decorator.py
[2023-02-13T12:22:05.111+0000] {processor.py:753} INFO - DAG(s) dict_keys(['example_branch_python_operator_decorator']) retrieved from /home/airflow/.local/lib/python3.7/site-packages/airflow/example_dags/example_branch_operator_decorator.py
[2023-02-13T12:22:05.148+0000] {logging_mixin.py:137} INFO - [2023-02-13T12:22:05.148+0000] {dag.py:2690} INFO - Sync 1 DAGs
[2023-02-13T12:22:05.185+0000] {logging_mixin.py:137} INFO - [2023-02-13T12:22:05.185+0000] {dag.py:3441} INFO - Setting next_dagrun for example_branch_python_operator_decorator to 2023-02-12T00:00:00+00:00, run_after=2023-02-13T00:00:00+00:00
[2023-02-13T12:22:05.241+0000] {processor.py:175} INFO - Processing /home/airflow/.local/lib/python3.7/site-packages/airflow/example_dags/example_branch_operator_decorator.py took 0.163 seconds
[2023-02-13T12:24:11.031+0000] {processor.py:153} INFO - Started process (PID=273) to work on /home/airflow/.local/lib/python3.7/site-packages/airflow/example_dags/example_branch_operator_decorator.py
[2023-02-13T12:24:11.144+0000] {processor.py:743} INFO - Processing file /home/airflow/.local/lib/python3.7/site-packages/airflow/example_dags/example_branch_operator_decorator.py for tasks to queue
[2023-02-13T12:24:11.145+0000] {logging_mixin.py:137} INFO - [2023-02-13T12:24:11.145+0000] {dagbag.py:538} INFO - Filling up the DagBag from /home/airflow/.local/lib/python3.7/site-packages/airflow/example_dags/example_branch_operator_decorator.py
[2023-02-13T12:24:11.189+0000] {processor.py:753} INFO - DAG(s) dict_keys(['example_branch_python_operator_decorator']) retrieved from /home/airflow/.local/lib/python3.7/site-packages/airflow/example_dags/example_branch_operator_decorator.py
[2023-02-13T12:24:11.243+0000] {logging_mixin.py:137} INFO - [2023-02-13T12:24:11.242+0000] {dag.py:2690} INFO - Sync 1 DAGs
[2023-02-13T12:24:11.298+0000] {logging_mixin.py:137} INFO - [2023-02-13T12:24:11.298+0000] {dag.py:3441} INFO - Setting next_dagrun for example_branch_python_operator_decorator to 2023-02-12T00:00:00+00:00, run_after=2023-02-13T00:00:00+00:00
[2023-02-13T12:24:11.472+0000] {processor.py:175} INFO - Processing /home/airflow/.local/lib/python3.7/site-packages/airflow/example_dags/example_branch_operator_decorator.py took 0.455 seconds
[2023-02-13T12:24:42.302+0000] {processor.py:153} INFO - Started process (PID=500) to work on /home/airflow/.local/lib/python3.7/site-packages/airflow/example_dags/example_branch_operator_decorator.py
[2023-02-13T12:24:42.303+0000] {processor.py:743} INFO - Processing file /home/airflow/.local/lib/python3.7/site-packages/airflow/example_dags/example_branch_operator_decorator.py for tasks to queue
[2023-02-13T12:24:42.304+0000] {logging_mixin.py:137} INFO - [2023-02-13T12:24:42.304+0000] {dagbag.py:538} INFO - Filling up the DagBag from /home/airflow/.local/lib/python3.7/site-packages/airflow/example_dags/example_branch_operator_decorator.py
[2023-02-13T12:24:42.353+0000] {processor.py:753} INFO - DAG(s) dict_keys(['example_branch_python_operator_decorator']) retrieved from /home/airflow/.local/lib/python3.7/site-packages/airflow/example_dags/example_branch_operator_decorator.py
[2023-02-13T12:24:42.401+0000] {logging_mixin.py:137} INFO - [2023-02-13T12:24:42.401+0000] {dag.py:2690} INFO - Sync 1 DAGs
[2023-02-13T12:24:42.462+0000] {logging_mixin.py:137} INFO - [2023-02-13T12:24:42.462+0000] {dag.py:3441} INFO - Setting next_dagrun for example_branch_python_operator_decorator to 2023-02-12T00:00:00+00:00, run_after=2023-02-13T00:00:00+00:00
[2023-02-13T12:24:42.547+0000] {processor.py:175} INFO - Processing /home/airflow/.local/lib/python3.7/site-packages/airflow/example_dags/example_branch_operator_decorator.py took 0.254 seconds
[2023-02-13T12:25:12.929+0000] {processor.py:153} INFO - Started process (PID=727) to work on /home/airflow/.local/lib/python3.7/site-packages/airflow/example_dags/example_branch_operator_decorator.py
[2023-02-13T12:25:12.930+0000] {processor.py:743} INFO - Processing file /home/airflow/.local/lib/python3.7/site-packages/airflow/example_dags/example_branch_operator_decorator.py for tasks to queue
[2023-02-13T12:25:12.931+0000] {logging_mixin.py:137} INFO - [2023-02-13T12:25:12.931+0000] {dagbag.py:538} INFO - Filling up the DagBag from /home/airflow/.local/lib/python3.7/site-packages/airflow/example_dags/example_branch_operator_decorator.py
[2023-02-13T12:25:12.963+0000] {processor.py:753} INFO - DAG(s) dict_keys(['example_branch_python_operator_decorator']) retrieved from /home/airflow/.local/lib/python3.7/site-packages/airflow/example_dags/example_branch_operator_decorator.py
[2023-02-13T12:25:12.991+0000] {logging_mixin.py:137} INFO - [2023-02-13T12:25:12.991+0000] {dag.py:2690} INFO - Sync 1 DAGs
[2023-02-13T12:25:13.043+0000] {logging_mixin.py:137} INFO - [2023-02-13T12:25:13.042+0000] {dag.py:3441} INFO - Setting next_dagrun for example_branch_python_operator_decorator to 2023-02-12T00:00:00+00:00, run_after=2023-02-13T00:00:00+00:00
[2023-02-13T12:25:13.170+0000] {processor.py:175} INFO - Processing /home/airflow/.local/lib/python3.7/site-packages/airflow/example_dags/example_branch_operator_decorator.py took 0.244 seconds
[2023-02-13T12:25:43.924+0000] {processor.py:153} INFO - Started process (PID=954) to work on /home/airflow/.local/lib/python3.7/site-packages/airflow/example_dags/example_branch_operator_decorator.py
[2023-02-13T12:25:43.980+0000] {processor.py:743} INFO - Processing file /home/airflow/.local/lib/python3.7/site-packages/airflow/example_dags/example_branch_operator_decorator.py for tasks to queue
[2023-02-13T12:25:43.981+0000] {logging_mixin.py:137} INFO - [2023-02-13T12:25:43.981+0000] {dagbag.py:538} INFO - Filling up the DagBag from /home/airflow/.local/lib/python3.7/site-packages/airflow/example_dags/example_branch_operator_decorator.py
[2023-02-13T12:25:44.060+0000] {processor.py:753} INFO - DAG(s) dict_keys(['example_branch_python_operator_decorator']) retrieved from /home/airflow/.local/lib/python3.7/site-packages/airflow/example_dags/example_branch_operator_decorator.py
[2023-02-13T12:25:44.116+0000] {logging_mixin.py:137} INFO - [2023-02-13T12:25:44.116+0000] {dag.py:2690} INFO - Sync 1 DAGs
[2023-02-13T12:25:44.177+0000] {logging_mixin.py:137} INFO - [2023-02-13T12:25:44.176+0000] {dag.py:3441} INFO - Setting next_dagrun for example_branch_python_operator_decorator to 2023-02-12T00:00:00+00:00, run_after=2023-02-13T00:00:00+00:00
[2023-02-13T12:25:44.526+0000] {processor.py:175} INFO - Processing /home/airflow/.local/lib/python3.7/site-packages/airflow/example_dags/example_branch_operator_decorator.py took 0.614 seconds
[2023-02-13T12:26:14.861+0000] {processor.py:153} INFO - Started process (PID=1183) to work on /home/airflow/.local/lib/python3.7/site-packages/airflow/example_dags/example_branch_operator_decorator.py
[2023-02-13T12:26:14.876+0000] {processor.py:743} INFO - Processing file /home/airflow/.local/lib/python3.7/site-packages/airflow/example_dags/example_branch_operator_decorator.py for tasks to queue
[2023-02-13T12:26:14.877+0000] {logging_mixin.py:137} INFO - [2023-02-13T12:26:14.877+0000] {dagbag.py:538} INFO - Filling up the DagBag from /home/airflow/.local/lib/python3.7/site-packages/airflow/example_dags/example_branch_operator_decorator.py
[2023-02-13T12:26:14.920+0000] {processor.py:753} INFO - DAG(s) dict_keys(['example_branch_python_operator_decorator']) retrieved from /home/airflow/.local/lib/python3.7/site-packages/airflow/example_dags/example_branch_operator_decorator.py
[2023-02-13T12:26:14.965+0000] {logging_mixin.py:137} INFO - [2023-02-13T12:26:14.965+0000] {dag.py:2690} INFO - Sync 1 DAGs
[2023-02-13T12:26:15.014+0000] {logging_mixin.py:137} INFO - [2023-02-13T12:26:15.014+0000] {dag.py:3441} INFO - Setting next_dagrun for example_branch_python_operator_decorator to 2023-02-12T00:00:00+00:00, run_after=2023-02-13T00:00:00+00:00
[2023-02-13T12:26:15.099+0000] {processor.py:175} INFO - Processing /home/airflow/.local/lib/python3.7/site-packages/airflow/example_dags/example_branch_operator_decorator.py took 0.244 seconds
[2023-02-13T12:26:45.642+0000] {processor.py:153} INFO - Started process (PID=1407) to work on /home/airflow/.local/lib/python3.7/site-packages/airflow/example_dags/example_branch_operator_decorator.py
[2023-02-13T12:26:45.671+0000] {processor.py:743} INFO - Processing file /home/airflow/.local/lib/python3.7/site-packages/airflow/example_dags/example_branch_operator_decorator.py for tasks to queue
[2023-02-13T12:26:45.672+0000] {logging_mixin.py:137} INFO - [2023-02-13T12:26:45.672+0000] {dagbag.py:538} INFO - Filling up the DagBag from /home/airflow/.local/lib/python3.7/site-packages/airflow/example_dags/example_branch_operator_decorator.py
[2023-02-13T12:26:45.716+0000] {processor.py:753} INFO - DAG(s) dict_keys(['example_branch_python_operator_decorator']) retrieved from /home/airflow/.local/lib/python3.7/site-packages/airflow/example_dags/example_branch_operator_decorator.py
[2023-02-13T12:26:45.746+0000] {logging_mixin.py:137} INFO - [2023-02-13T12:26:45.746+0000] {dag.py:2690} INFO - Sync 1 DAGs
[2023-02-13T12:26:45.778+0000] {logging_mixin.py:137} INFO - [2023-02-13T12:26:45.778+0000] {dag.py:3441} INFO - Setting next_dagrun for example_branch_python_operator_decorator to 2023-02-12T00:00:00+00:00, run_after=2023-02-13T00:00:00+00:00
[2023-02-13T12:26:45.853+0000] {processor.py:175} INFO - Processing /home/airflow/.local/lib/python3.7/site-packages/airflow/example_dags/example_branch_operator_decorator.py took 0.216 seconds
[2023-02-13T12:27:16.275+0000] {processor.py:153} INFO - Started process (PID=1635) to work on /home/airflow/.local/lib/python3.7/site-packages/airflow/example_dags/example_branch_operator_decorator.py
[2023-02-13T12:27:16.277+0000] {processor.py:743} INFO - Processing file /home/airflow/.local/lib/python3.7/site-packages/airflow/example_dags/example_branch_operator_decorator.py for tasks to queue
[2023-02-13T12:27:16.278+0000] {logging_mixin.py:137} INFO - [2023-02-13T12:27:16.278+0000] {dagbag.py:538} INFO - Filling up the DagBag from /home/airflow/.local/lib/python3.7/site-packages/airflow/example_dags/example_branch_operator_decorator.py
[2023-02-13T12:27:16.315+0000] {processor.py:753} INFO - DAG(s) dict_keys(['example_branch_python_operator_decorator']) retrieved from /home/airflow/.local/lib/python3.7/site-packages/airflow/example_dags/example_branch_operator_decorator.py
[2023-02-13T12:27:16.345+0000] {logging_mixin.py:137} INFO - [2023-02-13T12:27:16.345+0000] {dag.py:2690} INFO - Sync 1 DAGs
[2023-02-13T12:27:16.376+0000] {logging_mixin.py:137} INFO - [2023-02-13T12:27:16.376+0000] {dag.py:3441} INFO - Setting next_dagrun for example_branch_python_operator_decorator to 2023-02-12T00:00:00+00:00, run_after=2023-02-13T00:00:00+00:00
[2023-02-13T12:27:16.427+0000] {processor.py:175} INFO - Processing /home/airflow/.local/lib/python3.7/site-packages/airflow/example_dags/example_branch_operator_decorator.py took 0.161 seconds
[2023-02-13T12:27:46.714+0000] {processor.py:153} INFO - Started process (PID=1862) to work on /home/airflow/.local/lib/python3.7/site-packages/airflow/example_dags/example_branch_operator_decorator.py
[2023-02-13T12:27:46.746+0000] {processor.py:743} INFO - Processing file /home/airflow/.local/lib/python3.7/site-packages/airflow/example_dags/example_branch_operator_decorator.py for tasks to queue
[2023-02-13T12:27:46.748+0000] {logging_mixin.py:137} INFO - [2023-02-13T12:27:46.748+0000] {dagbag.py:538} INFO - Filling up the DagBag from /home/airflow/.local/lib/python3.7/site-packages/airflow/example_dags/example_branch_operator_decorator.py
[2023-02-13T12:27:46.812+0000] {processor.py:753} INFO - DAG(s) dict_keys(['example_branch_python_operator_decorator']) retrieved from /home/airflow/.local/lib/python3.7/site-packages/airflow/example_dags/example_branch_operator_decorator.py
[2023-02-13T12:27:46.861+0000] {logging_mixin.py:137} INFO - [2023-02-13T12:27:46.861+0000] {dag.py:2690} INFO - Sync 1 DAGs
[2023-02-13T12:27:46.924+0000] {logging_mixin.py:137} INFO - [2023-02-13T12:27:46.923+0000] {dag.py:3441} INFO - Setting next_dagrun for example_branch_python_operator_decorator to 2023-02-12T00:00:00+00:00, run_after=2023-02-13T00:00:00+00:00
[2023-02-13T12:27:46.990+0000] {processor.py:175} INFO - Processing /home/airflow/.local/lib/python3.7/site-packages/airflow/example_dags/example_branch_operator_decorator.py took 0.282 seconds
[2023-02-13T12:28:17.035+0000] {processor.py:153} INFO - Started process (PID=2091) to work on /home/airflow/.local/lib/python3.7/site-packages/airflow/example_dags/example_branch_operator_decorator.py
[2023-02-13T12:28:17.060+0000] {processor.py:743} INFO - Processing file /home/airflow/.local/lib/python3.7/site-packages/airflow/example_dags/example_branch_operator_decorator.py for tasks to queue
[2023-02-13T12:28:17.060+0000] {logging_mixin.py:137} INFO - [2023-02-13T12:28:17.060+0000] {dagbag.py:538} INFO - Filling up the DagBag from /home/airflow/.local/lib/python3.7/site-packages/airflow/example_dags/example_branch_operator_decorator.py
[2023-02-13T12:28:17.097+0000] {processor.py:753} INFO - DAG(s) dict_keys(['example_branch_python_operator_decorator']) retrieved from /home/airflow/.local/lib/python3.7/site-packages/airflow/example_dags/example_branch_operator_decorator.py
[2023-02-13T12:28:17.132+0000] {logging_mixin.py:137} INFO - [2023-02-13T12:28:17.131+0000] {dag.py:2690} INFO - Sync 1 DAGs
[2023-02-13T12:28:17.164+0000] {logging_mixin.py:137} INFO - [2023-02-13T12:28:17.164+0000] {dag.py:3441} INFO - Setting next_dagrun for example_branch_python_operator_decorator to 2023-02-12T00:00:00+00:00, run_after=2023-02-13T00:00:00+00:00
[2023-02-13T12:28:17.207+0000] {processor.py:175} INFO - Processing /home/airflow/.local/lib/python3.7/site-packages/airflow/example_dags/example_branch_operator_decorator.py took 0.176 seconds
[2023-02-13T12:28:48.207+0000] {processor.py:153} INFO - Started process (PID=2333) to work on /home/airflow/.local/lib/python3.7/site-packages/airflow/example_dags/example_branch_operator_decorator.py
[2023-02-13T12:28:48.234+0000] {processor.py:743} INFO - Processing file /home/airflow/.local/lib/python3.7/site-packages/airflow/example_dags/example_branch_operator_decorator.py for tasks to queue
[2023-02-13T12:28:48.235+0000] {logging_mixin.py:137} INFO - [2023-02-13T12:28:48.235+0000] {dagbag.py:538} INFO - Filling up the DagBag from /home/airflow/.local/lib/python3.7/site-packages/airflow/example_dags/example_branch_operator_decorator.py
[2023-02-13T12:28:48.264+0000] {processor.py:753} INFO - DAG(s) dict_keys(['example_branch_python_operator_decorator']) retrieved from /home/airflow/.local/lib/python3.7/site-packages/airflow/example_dags/example_branch_operator_decorator.py
[2023-02-13T12:28:48.296+0000] {logging_mixin.py:137} INFO - [2023-02-13T12:28:48.295+0000] {dag.py:2690} INFO - Sync 1 DAGs
[2023-02-13T12:28:48.345+0000] {logging_mixin.py:137} INFO - [2023-02-13T12:28:48.345+0000] {dag.py:3441} INFO - Setting next_dagrun for example_branch_python_operator_decorator to 2023-02-12T00:00:00+00:00, run_after=2023-02-13T00:00:00+00:00
[2023-02-13T12:28:48.397+0000] {processor.py:175} INFO - Processing /home/airflow/.local/lib/python3.7/site-packages/airflow/example_dags/example_branch_operator_decorator.py took 0.194 seconds
[2023-02-13T12:29:18.613+0000] {processor.py:153} INFO - Started process (PID=2560) to work on /home/airflow/.local/lib/python3.7/site-packages/airflow/example_dags/example_branch_operator_decorator.py
[2023-02-13T12:29:18.614+0000] {processor.py:743} INFO - Processing file /home/airflow/.local/lib/python3.7/site-packages/airflow/example_dags/example_branch_operator_decorator.py for tasks to queue
[2023-02-13T12:29:18.615+0000] {logging_mixin.py:137} INFO - [2023-02-13T12:29:18.615+0000] {dagbag.py:538} INFO - Filling up the DagBag from /home/airflow/.local/lib/python3.7/site-packages/airflow/example_dags/example_branch_operator_decorator.py
[2023-02-13T12:29:18.643+0000] {processor.py:753} INFO - DAG(s) dict_keys(['example_branch_python_operator_decorator']) retrieved from /home/airflow/.local/lib/python3.7/site-packages/airflow/example_dags/example_branch_operator_decorator.py
[2023-02-13T12:29:18.672+0000] {logging_mixin.py:137} INFO - [2023-02-13T12:29:18.672+0000] {dag.py:2690} INFO - Sync 1 DAGs
[2023-02-13T12:29:18.718+0000] {logging_mixin.py:137} INFO - [2023-02-13T12:29:18.717+0000] {dag.py:3441} INFO - Setting next_dagrun for example_branch_python_operator_decorator to 2023-02-12T00:00:00+00:00, run_after=2023-02-13T00:00:00+00:00
[2023-02-13T12:29:18.771+0000] {processor.py:175} INFO - Processing /home/airflow/.local/lib/python3.7/site-packages/airflow/example_dags/example_branch_operator_decorator.py took 0.161 seconds
