[2023-02-13T12:21:35.296+0000] {processor.py:153} INFO - Started process (PID=288) to work on /home/airflow/.local/lib/python3.7/site-packages/airflow/example_dags/example_short_circuit_decorator.py
[2023-02-13T12:21:35.297+0000] {processor.py:743} INFO - Processing file /home/airflow/.local/lib/python3.7/site-packages/airflow/example_dags/example_short_circuit_decorator.py for tasks to queue
[2023-02-13T12:21:35.297+0000] {logging_mixin.py:137} INFO - [2023-02-13T12:21:35.297+0000] {dagbag.py:538} INFO - Filling up the DagBag from /home/airflow/.local/lib/python3.7/site-packages/airflow/example_dags/example_short_circuit_decorator.py
[2023-02-13T12:21:35.332+0000] {processor.py:753} INFO - DAG(s) dict_keys(['example_short_circuit_decorator']) retrieved from /home/airflow/.local/lib/python3.7/site-packages/airflow/example_dags/example_short_circuit_decorator.py
[2023-02-13T12:21:35.359+0000] {logging_mixin.py:137} INFO - [2023-02-13T12:21:35.359+0000] {dag.py:2690} INFO - Sync 1 DAGs
[2023-02-13T12:21:35.388+0000] {logging_mixin.py:137} INFO - [2023-02-13T12:21:35.388+0000] {dag.py:3441} INFO - Setting next_dagrun for example_short_circuit_decorator to 2023-02-12T12:21:35.388385+00:00, run_after=2023-02-13T12:21:35.388385+00:00
[2023-02-13T12:21:35.471+0000] {processor.py:175} INFO - Processing /home/airflow/.local/lib/python3.7/site-packages/airflow/example_dags/example_short_circuit_decorator.py took 0.180 seconds
[2023-02-13T12:22:05.743+0000] {processor.py:153} INFO - Started process (PID=528) to work on /home/airflow/.local/lib/python3.7/site-packages/airflow/example_dags/example_short_circuit_decorator.py
[2023-02-13T12:22:05.744+0000] {processor.py:743} INFO - Processing file /home/airflow/.local/lib/python3.7/site-packages/airflow/example_dags/example_short_circuit_decorator.py for tasks to queue
[2023-02-13T12:22:05.745+0000] {logging_mixin.py:137} INFO - [2023-02-13T12:22:05.745+0000] {dagbag.py:538} INFO - Filling up the DagBag from /home/airflow/.local/lib/python3.7/site-packages/airflow/example_dags/example_short_circuit_decorator.py
[2023-02-13T12:22:05.773+0000] {processor.py:753} INFO - DAG(s) dict_keys(['example_short_circuit_decorator']) retrieved from /home/airflow/.local/lib/python3.7/site-packages/airflow/example_dags/example_short_circuit_decorator.py
[2023-02-13T12:22:05.800+0000] {logging_mixin.py:137} INFO - [2023-02-13T12:22:05.800+0000] {dag.py:2690} INFO - Sync 1 DAGs
[2023-02-13T12:22:05.841+0000] {logging_mixin.py:137} INFO - [2023-02-13T12:22:05.841+0000] {dag.py:3441} INFO - Setting next_dagrun for example_short_circuit_decorator to 2023-02-12T12:22:05.841116+00:00, run_after=2023-02-13T12:22:05.841116+00:00
[2023-02-13T12:22:05.929+0000] {processor.py:175} INFO - Processing /home/airflow/.local/lib/python3.7/site-packages/airflow/example_dags/example_short_circuit_decorator.py took 0.189 seconds
[2023-02-13T12:24:11.907+0000] {processor.py:153} INFO - Started process (PID=295) to work on /home/airflow/.local/lib/python3.7/site-packages/airflow/example_dags/example_short_circuit_decorator.py
[2023-02-13T12:24:11.909+0000] {processor.py:743} INFO - Processing file /home/airflow/.local/lib/python3.7/site-packages/airflow/example_dags/example_short_circuit_decorator.py for tasks to queue
[2023-02-13T12:24:11.911+0000] {logging_mixin.py:137} INFO - [2023-02-13T12:24:11.911+0000] {dagbag.py:538} INFO - Filling up the DagBag from /home/airflow/.local/lib/python3.7/site-packages/airflow/example_dags/example_short_circuit_decorator.py
[2023-02-13T12:24:11.969+0000] {processor.py:753} INFO - DAG(s) dict_keys(['example_short_circuit_decorator']) retrieved from /home/airflow/.local/lib/python3.7/site-packages/airflow/example_dags/example_short_circuit_decorator.py
[2023-02-13T12:24:12.017+0000] {logging_mixin.py:137} INFO - [2023-02-13T12:24:12.017+0000] {dag.py:2690} INFO - Sync 1 DAGs
[2023-02-13T12:24:12.067+0000] {logging_mixin.py:137} INFO - [2023-02-13T12:24:12.067+0000] {dag.py:3441} INFO - Setting next_dagrun for example_short_circuit_decorator to 2023-02-12T12:24:12.066913+00:00, run_after=2023-02-13T12:24:12.066913+00:00
[2023-02-13T12:24:12.127+0000] {processor.py:175} INFO - Processing /home/airflow/.local/lib/python3.7/site-packages/airflow/example_dags/example_short_circuit_decorator.py took 0.226 seconds
[2023-02-13T12:24:42.903+0000] {processor.py:153} INFO - Started process (PID=520) to work on /home/airflow/.local/lib/python3.7/site-packages/airflow/example_dags/example_short_circuit_decorator.py
[2023-02-13T12:24:42.920+0000] {processor.py:743} INFO - Processing file /home/airflow/.local/lib/python3.7/site-packages/airflow/example_dags/example_short_circuit_decorator.py for tasks to queue
[2023-02-13T12:24:42.921+0000] {logging_mixin.py:137} INFO - [2023-02-13T12:24:42.921+0000] {dagbag.py:538} INFO - Filling up the DagBag from /home/airflow/.local/lib/python3.7/site-packages/airflow/example_dags/example_short_circuit_decorator.py
[2023-02-13T12:24:42.968+0000] {processor.py:753} INFO - DAG(s) dict_keys(['example_short_circuit_decorator']) retrieved from /home/airflow/.local/lib/python3.7/site-packages/airflow/example_dags/example_short_circuit_decorator.py
[2023-02-13T12:24:43.009+0000] {logging_mixin.py:137} INFO - [2023-02-13T12:24:43.009+0000] {dag.py:2690} INFO - Sync 1 DAGs
[2023-02-13T12:24:43.054+0000] {logging_mixin.py:137} INFO - [2023-02-13T12:24:43.054+0000] {dag.py:3441} INFO - Setting next_dagrun for example_short_circuit_decorator to 2023-02-12T12:24:43.053844+00:00, run_after=2023-02-13T12:24:43.053844+00:00
[2023-02-13T12:24:43.121+0000] {processor.py:175} INFO - Processing /home/airflow/.local/lib/python3.7/site-packages/airflow/example_dags/example_short_circuit_decorator.py took 0.223 seconds
[2023-02-13T12:25:13.411+0000] {processor.py:153} INFO - Started process (PID=747) to work on /home/airflow/.local/lib/python3.7/site-packages/airflow/example_dags/example_short_circuit_decorator.py
[2023-02-13T12:25:13.434+0000] {processor.py:743} INFO - Processing file /home/airflow/.local/lib/python3.7/site-packages/airflow/example_dags/example_short_circuit_decorator.py for tasks to queue
[2023-02-13T12:25:13.435+0000] {logging_mixin.py:137} INFO - [2023-02-13T12:25:13.435+0000] {dagbag.py:538} INFO - Filling up the DagBag from /home/airflow/.local/lib/python3.7/site-packages/airflow/example_dags/example_short_circuit_decorator.py
[2023-02-13T12:25:13.465+0000] {processor.py:753} INFO - DAG(s) dict_keys(['example_short_circuit_decorator']) retrieved from /home/airflow/.local/lib/python3.7/site-packages/airflow/example_dags/example_short_circuit_decorator.py
[2023-02-13T12:25:13.492+0000] {logging_mixin.py:137} INFO - [2023-02-13T12:25:13.492+0000] {dag.py:2690} INFO - Sync 1 DAGs
[2023-02-13T12:25:13.538+0000] {logging_mixin.py:137} INFO - [2023-02-13T12:25:13.538+0000] {dag.py:3441} INFO - Setting next_dagrun for example_short_circuit_decorator to 2023-02-12T12:25:13.537257+00:00, run_after=2023-02-13T12:25:13.537257+00:00
[2023-02-13T12:25:13.621+0000] {processor.py:175} INFO - Processing /home/airflow/.local/lib/python3.7/site-packages/airflow/example_dags/example_short_circuit_decorator.py took 0.216 seconds
[2023-02-13T12:25:45.051+0000] {processor.py:153} INFO - Started process (PID=974) to work on /home/airflow/.local/lib/python3.7/site-packages/airflow/example_dags/example_short_circuit_decorator.py
[2023-02-13T12:25:45.053+0000] {processor.py:743} INFO - Processing file /home/airflow/.local/lib/python3.7/site-packages/airflow/example_dags/example_short_circuit_decorator.py for tasks to queue
[2023-02-13T12:25:45.054+0000] {logging_mixin.py:137} INFO - [2023-02-13T12:25:45.053+0000] {dagbag.py:538} INFO - Filling up the DagBag from /home/airflow/.local/lib/python3.7/site-packages/airflow/example_dags/example_short_circuit_decorator.py
[2023-02-13T12:25:45.123+0000] {processor.py:753} INFO - DAG(s) dict_keys(['example_short_circuit_decorator']) retrieved from /home/airflow/.local/lib/python3.7/site-packages/airflow/example_dags/example_short_circuit_decorator.py
[2023-02-13T12:25:45.174+0000] {logging_mixin.py:137} INFO - [2023-02-13T12:25:45.174+0000] {dag.py:2690} INFO - Sync 1 DAGs
[2023-02-13T12:25:45.226+0000] {logging_mixin.py:137} INFO - [2023-02-13T12:25:45.226+0000] {dag.py:3441} INFO - Setting next_dagrun for example_short_circuit_decorator to 2023-02-12T12:25:45.225203+00:00, run_after=2023-02-13T12:25:45.225203+00:00
[2023-02-13T12:25:45.389+0000] {processor.py:175} INFO - Processing /home/airflow/.local/lib/python3.7/site-packages/airflow/example_dags/example_short_circuit_decorator.py took 0.348 seconds
[2023-02-13T12:26:16.398+0000] {processor.py:153} INFO - Started process (PID=1203) to work on /home/airflow/.local/lib/python3.7/site-packages/airflow/example_dags/example_short_circuit_decorator.py
[2023-02-13T12:26:16.401+0000] {processor.py:743} INFO - Processing file /home/airflow/.local/lib/python3.7/site-packages/airflow/example_dags/example_short_circuit_decorator.py for tasks to queue
[2023-02-13T12:26:16.403+0000] {logging_mixin.py:137} INFO - [2023-02-13T12:26:16.402+0000] {dagbag.py:538} INFO - Filling up the DagBag from /home/airflow/.local/lib/python3.7/site-packages/airflow/example_dags/example_short_circuit_decorator.py
[2023-02-13T12:26:16.450+0000] {processor.py:753} INFO - DAG(s) dict_keys(['example_short_circuit_decorator']) retrieved from /home/airflow/.local/lib/python3.7/site-packages/airflow/example_dags/example_short_circuit_decorator.py
[2023-02-13T12:26:16.490+0000] {logging_mixin.py:137} INFO - [2023-02-13T12:26:16.490+0000] {dag.py:2690} INFO - Sync 1 DAGs
[2023-02-13T12:26:16.539+0000] {logging_mixin.py:137} INFO - [2023-02-13T12:26:16.538+0000] {dag.py:3441} INFO - Setting next_dagrun for example_short_circuit_decorator to 2023-02-12T12:26:16.538649+00:00, run_after=2023-02-13T12:26:16.538649+00:00
[2023-02-13T12:26:16.622+0000] {processor.py:175} INFO - Processing /home/airflow/.local/lib/python3.7/site-packages/airflow/example_dags/example_short_circuit_decorator.py took 0.231 seconds
[2023-02-13T12:26:47.106+0000] {processor.py:153} INFO - Started process (PID=1429) to work on /home/airflow/.local/lib/python3.7/site-packages/airflow/example_dags/example_short_circuit_decorator.py
[2023-02-13T12:26:47.108+0000] {processor.py:743} INFO - Processing file /home/airflow/.local/lib/python3.7/site-packages/airflow/example_dags/example_short_circuit_decorator.py for tasks to queue
[2023-02-13T12:26:47.108+0000] {logging_mixin.py:137} INFO - [2023-02-13T12:26:47.108+0000] {dagbag.py:538} INFO - Filling up the DagBag from /home/airflow/.local/lib/python3.7/site-packages/airflow/example_dags/example_short_circuit_decorator.py
[2023-02-13T12:26:47.141+0000] {processor.py:753} INFO - DAG(s) dict_keys(['example_short_circuit_decorator']) retrieved from /home/airflow/.local/lib/python3.7/site-packages/airflow/example_dags/example_short_circuit_decorator.py
[2023-02-13T12:26:47.171+0000] {logging_mixin.py:137} INFO - [2023-02-13T12:26:47.171+0000] {dag.py:2690} INFO - Sync 1 DAGs
[2023-02-13T12:26:47.203+0000] {logging_mixin.py:137} INFO - [2023-02-13T12:26:47.202+0000] {dag.py:3441} INFO - Setting next_dagrun for example_short_circuit_decorator to 2023-02-12T12:26:47.202561+00:00, run_after=2023-02-13T12:26:47.202561+00:00
[2023-02-13T12:26:47.247+0000] {processor.py:175} INFO - Processing /home/airflow/.local/lib/python3.7/site-packages/airflow/example_dags/example_short_circuit_decorator.py took 0.146 seconds
[2023-02-13T12:27:17.656+0000] {processor.py:153} INFO - Started process (PID=1657) to work on /home/airflow/.local/lib/python3.7/site-packages/airflow/example_dags/example_short_circuit_decorator.py
[2023-02-13T12:27:17.657+0000] {processor.py:743} INFO - Processing file /home/airflow/.local/lib/python3.7/site-packages/airflow/example_dags/example_short_circuit_decorator.py for tasks to queue
[2023-02-13T12:27:17.658+0000] {logging_mixin.py:137} INFO - [2023-02-13T12:27:17.657+0000] {dagbag.py:538} INFO - Filling up the DagBag from /home/airflow/.local/lib/python3.7/site-packages/airflow/example_dags/example_short_circuit_decorator.py
[2023-02-13T12:27:17.696+0000] {processor.py:753} INFO - DAG(s) dict_keys(['example_short_circuit_decorator']) retrieved from /home/airflow/.local/lib/python3.7/site-packages/airflow/example_dags/example_short_circuit_decorator.py
[2023-02-13T12:27:17.729+0000] {logging_mixin.py:137} INFO - [2023-02-13T12:27:17.729+0000] {dag.py:2690} INFO - Sync 1 DAGs
[2023-02-13T12:27:17.766+0000] {logging_mixin.py:137} INFO - [2023-02-13T12:27:17.766+0000] {dag.py:3441} INFO - Setting next_dagrun for example_short_circuit_decorator to 2023-02-12T12:27:17.766479+00:00, run_after=2023-02-13T12:27:17.766479+00:00
[2023-02-13T12:27:17.818+0000] {processor.py:175} INFO - Processing /home/airflow/.local/lib/python3.7/site-packages/airflow/example_dags/example_short_circuit_decorator.py took 0.168 seconds
[2023-02-13T12:27:48.382+0000] {processor.py:153} INFO - Started process (PID=1884) to work on /home/airflow/.local/lib/python3.7/site-packages/airflow/example_dags/example_short_circuit_decorator.py
[2023-02-13T12:27:48.384+0000] {processor.py:743} INFO - Processing file /home/airflow/.local/lib/python3.7/site-packages/airflow/example_dags/example_short_circuit_decorator.py for tasks to queue
[2023-02-13T12:27:48.385+0000] {logging_mixin.py:137} INFO - [2023-02-13T12:27:48.385+0000] {dagbag.py:538} INFO - Filling up the DagBag from /home/airflow/.local/lib/python3.7/site-packages/airflow/example_dags/example_short_circuit_decorator.py
[2023-02-13T12:27:48.426+0000] {processor.py:753} INFO - DAG(s) dict_keys(['example_short_circuit_decorator']) retrieved from /home/airflow/.local/lib/python3.7/site-packages/airflow/example_dags/example_short_circuit_decorator.py
[2023-02-13T12:27:48.472+0000] {logging_mixin.py:137} INFO - [2023-02-13T12:27:48.472+0000] {dag.py:2690} INFO - Sync 1 DAGs
[2023-02-13T12:27:48.521+0000] {logging_mixin.py:137} INFO - [2023-02-13T12:27:48.521+0000] {dag.py:3441} INFO - Setting next_dagrun for example_short_circuit_decorator to 2023-02-12T12:27:48.521190+00:00, run_after=2023-02-13T12:27:48.521190+00:00
[2023-02-13T12:27:48.576+0000] {processor.py:175} INFO - Processing /home/airflow/.local/lib/python3.7/site-packages/airflow/example_dags/example_short_circuit_decorator.py took 0.201 seconds
[2023-02-13T12:28:18.781+0000] {processor.py:153} INFO - Started process (PID=2111) to work on /home/airflow/.local/lib/python3.7/site-packages/airflow/example_dags/example_short_circuit_decorator.py
[2023-02-13T12:28:18.782+0000] {processor.py:743} INFO - Processing file /home/airflow/.local/lib/python3.7/site-packages/airflow/example_dags/example_short_circuit_decorator.py for tasks to queue
[2023-02-13T12:28:18.783+0000] {logging_mixin.py:137} INFO - [2023-02-13T12:28:18.783+0000] {dagbag.py:538} INFO - Filling up the DagBag from /home/airflow/.local/lib/python3.7/site-packages/airflow/example_dags/example_short_circuit_decorator.py
[2023-02-13T12:28:18.825+0000] {processor.py:753} INFO - DAG(s) dict_keys(['example_short_circuit_decorator']) retrieved from /home/airflow/.local/lib/python3.7/site-packages/airflow/example_dags/example_short_circuit_decorator.py
[2023-02-13T12:28:18.857+0000] {logging_mixin.py:137} INFO - [2023-02-13T12:28:18.857+0000] {dag.py:2690} INFO - Sync 1 DAGs
[2023-02-13T12:28:18.887+0000] {logging_mixin.py:137} INFO - [2023-02-13T12:28:18.887+0000] {dag.py:3441} INFO - Setting next_dagrun for example_short_circuit_decorator to 2023-02-12T12:28:18.887151+00:00, run_after=2023-02-13T12:28:18.887151+00:00
[2023-02-13T12:28:18.940+0000] {processor.py:175} INFO - Processing /home/airflow/.local/lib/python3.7/site-packages/airflow/example_dags/example_short_circuit_decorator.py took 0.164 seconds
[2023-02-13T12:28:49.537+0000] {processor.py:153} INFO - Started process (PID=2355) to work on /home/airflow/.local/lib/python3.7/site-packages/airflow/example_dags/example_short_circuit_decorator.py
[2023-02-13T12:28:49.642+0000] {processor.py:743} INFO - Processing file /home/airflow/.local/lib/python3.7/site-packages/airflow/example_dags/example_short_circuit_decorator.py for tasks to queue
[2023-02-13T12:28:49.643+0000] {logging_mixin.py:137} INFO - [2023-02-13T12:28:49.643+0000] {dagbag.py:538} INFO - Filling up the DagBag from /home/airflow/.local/lib/python3.7/site-packages/airflow/example_dags/example_short_circuit_decorator.py
[2023-02-13T12:28:49.707+0000] {processor.py:753} INFO - DAG(s) dict_keys(['example_short_circuit_decorator']) retrieved from /home/airflow/.local/lib/python3.7/site-packages/airflow/example_dags/example_short_circuit_decorator.py
[2023-02-13T12:28:49.752+0000] {logging_mixin.py:137} INFO - [2023-02-13T12:28:49.752+0000] {dag.py:2690} INFO - Sync 1 DAGs
[2023-02-13T12:28:49.791+0000] {logging_mixin.py:137} INFO - [2023-02-13T12:28:49.791+0000] {dag.py:3441} INFO - Setting next_dagrun for example_short_circuit_decorator to 2023-02-12T12:28:49.790792+00:00, run_after=2023-02-13T12:28:49.790792+00:00
[2023-02-13T12:28:50.021+0000] {processor.py:175} INFO - Processing /home/airflow/.local/lib/python3.7/site-packages/airflow/example_dags/example_short_circuit_decorator.py took 0.494 seconds
[2023-02-13T12:29:20.239+0000] {processor.py:153} INFO - Started process (PID=2582) to work on /home/airflow/.local/lib/python3.7/site-packages/airflow/example_dags/example_short_circuit_decorator.py
[2023-02-13T12:29:20.357+0000] {processor.py:743} INFO - Processing file /home/airflow/.local/lib/python3.7/site-packages/airflow/example_dags/example_short_circuit_decorator.py for tasks to queue
[2023-02-13T12:29:20.361+0000] {logging_mixin.py:137} INFO - [2023-02-13T12:29:20.360+0000] {dagbag.py:538} INFO - Filling up the DagBag from /home/airflow/.local/lib/python3.7/site-packages/airflow/example_dags/example_short_circuit_decorator.py
[2023-02-13T12:29:20.416+0000] {processor.py:753} INFO - DAG(s) dict_keys(['example_short_circuit_decorator']) retrieved from /home/airflow/.local/lib/python3.7/site-packages/airflow/example_dags/example_short_circuit_decorator.py
[2023-02-13T12:29:20.451+0000] {logging_mixin.py:137} INFO - [2023-02-13T12:29:20.450+0000] {dag.py:2690} INFO - Sync 1 DAGs
[2023-02-13T12:29:20.487+0000] {logging_mixin.py:137} INFO - [2023-02-13T12:29:20.487+0000] {dag.py:3441} INFO - Setting next_dagrun for example_short_circuit_decorator to 2023-02-12T12:29:20.487473+00:00, run_after=2023-02-13T12:29:20.487473+00:00
[2023-02-13T12:29:20.566+0000] {processor.py:175} INFO - Processing /home/airflow/.local/lib/python3.7/site-packages/airflow/example_dags/example_short_circuit_decorator.py took 0.331 seconds
