[2023-02-13T12:21:36.309+0000] {processor.py:153} INFO - Started process (PID=340) to work on /home/airflow/.local/lib/python3.7/site-packages/airflow/example_dags/example_datasets.py
[2023-02-13T12:21:36.310+0000] {processor.py:743} INFO - Processing file /home/airflow/.local/lib/python3.7/site-packages/airflow/example_dags/example_datasets.py for tasks to queue
[2023-02-13T12:21:36.311+0000] {logging_mixin.py:137} INFO - [2023-02-13T12:21:36.311+0000] {dagbag.py:538} INFO - Filling up the DagBag from /home/airflow/.local/lib/python3.7/site-packages/airflow/example_dags/example_datasets.py
[2023-02-13T12:21:36.334+0000] {processor.py:753} INFO - DAG(s) dict_keys(['dataset_consumes_1_never_scheduled', 'dataset_consumes_unknown_never_scheduled', 'dataset_produces_1', 'dataset_consumes_1', 'dataset_produces_2', 'dataset_consumes_1_and_2']) retrieved from /home/airflow/.local/lib/python3.7/site-packages/airflow/example_dags/example_datasets.py
[2023-02-13T12:21:36.464+0000] {logging_mixin.py:137} INFO - [2023-02-13T12:21:36.464+0000] {dag.py:2690} INFO - Sync 6 DAGs
[2023-02-13T12:21:36.510+0000] {logging_mixin.py:137} INFO - [2023-02-13T12:21:36.509+0000] {dag.py:3441} INFO - Setting next_dagrun for dataset_consumes_1 to None, run_after=None
[2023-02-13T12:21:36.514+0000] {logging_mixin.py:137} INFO - [2023-02-13T12:21:36.514+0000] {dag.py:3441} INFO - Setting next_dagrun for dataset_consumes_1_and_2 to None, run_after=None
[2023-02-13T12:21:36.517+0000] {logging_mixin.py:137} INFO - [2023-02-13T12:21:36.517+0000] {dag.py:3441} INFO - Setting next_dagrun for dataset_consumes_1_never_scheduled to None, run_after=None
[2023-02-13T12:21:36.520+0000] {logging_mixin.py:137} INFO - [2023-02-13T12:21:36.519+0000] {dag.py:3441} INFO - Setting next_dagrun for dataset_consumes_unknown_never_scheduled to None, run_after=None
[2023-02-13T12:21:36.525+0000] {logging_mixin.py:137} INFO - [2023-02-13T12:21:36.525+0000] {dag.py:3441} INFO - Setting next_dagrun for dataset_produces_1 to 2023-02-12T00:00:00+00:00, run_after=2023-02-13T00:00:00+00:00
[2023-02-13T12:21:36.527+0000] {logging_mixin.py:137} INFO - [2023-02-13T12:21:36.527+0000] {dag.py:3441} INFO - Setting next_dagrun for dataset_produces_2 to None, run_after=None
[2023-02-13T12:21:36.646+0000] {processor.py:175} INFO - Processing /home/airflow/.local/lib/python3.7/site-packages/airflow/example_dags/example_datasets.py took 0.341 seconds
[2023-02-13T12:22:06.982+0000] {processor.py:153} INFO - Started process (PID=570) to work on /home/airflow/.local/lib/python3.7/site-packages/airflow/example_dags/example_datasets.py
[2023-02-13T12:22:06.983+0000] {processor.py:743} INFO - Processing file /home/airflow/.local/lib/python3.7/site-packages/airflow/example_dags/example_datasets.py for tasks to queue
[2023-02-13T12:22:06.984+0000] {logging_mixin.py:137} INFO - [2023-02-13T12:22:06.983+0000] {dagbag.py:538} INFO - Filling up the DagBag from /home/airflow/.local/lib/python3.7/site-packages/airflow/example_dags/example_datasets.py
[2023-02-13T12:22:07.002+0000] {processor.py:753} INFO - DAG(s) dict_keys(['dataset_consumes_1_never_scheduled', 'dataset_consumes_1_and_2', 'dataset_produces_2', 'dataset_consumes_1', 'dataset_produces_1', 'dataset_consumes_unknown_never_scheduled']) retrieved from /home/airflow/.local/lib/python3.7/site-packages/airflow/example_dags/example_datasets.py
[2023-02-13T12:22:07.059+0000] {logging_mixin.py:137} INFO - [2023-02-13T12:22:07.059+0000] {dag.py:2690} INFO - Sync 6 DAGs
[2023-02-13T12:22:07.095+0000] {logging_mixin.py:137} INFO - [2023-02-13T12:22:07.095+0000] {dag.py:3441} INFO - Setting next_dagrun for dataset_consumes_1 to None, run_after=None
[2023-02-13T12:22:07.100+0000] {logging_mixin.py:137} INFO - [2023-02-13T12:22:07.100+0000] {dag.py:3441} INFO - Setting next_dagrun for dataset_consumes_1_and_2 to None, run_after=None
[2023-02-13T12:22:07.102+0000] {logging_mixin.py:137} INFO - [2023-02-13T12:22:07.102+0000] {dag.py:3441} INFO - Setting next_dagrun for dataset_consumes_1_never_scheduled to None, run_after=None
[2023-02-13T12:22:07.104+0000] {logging_mixin.py:137} INFO - [2023-02-13T12:22:07.104+0000] {dag.py:3441} INFO - Setting next_dagrun for dataset_consumes_unknown_never_scheduled to None, run_after=None
[2023-02-13T12:22:07.108+0000] {logging_mixin.py:137} INFO - [2023-02-13T12:22:07.108+0000] {dag.py:3441} INFO - Setting next_dagrun for dataset_produces_1 to 2023-02-12T00:00:00+00:00, run_after=2023-02-13T00:00:00+00:00
[2023-02-13T12:22:07.110+0000] {logging_mixin.py:137} INFO - [2023-02-13T12:22:07.110+0000] {dag.py:3441} INFO - Setting next_dagrun for dataset_produces_2 to None, run_after=None
[2023-02-13T12:22:07.352+0000] {processor.py:175} INFO - Processing /home/airflow/.local/lib/python3.7/site-packages/airflow/example_dags/example_datasets.py took 0.373 seconds
[2023-02-13T12:24:13.125+0000] {processor.py:153} INFO - Started process (PID=338) to work on /home/airflow/.local/lib/python3.7/site-packages/airflow/example_dags/example_datasets.py
[2023-02-13T12:24:13.235+0000] {processor.py:743} INFO - Processing file /home/airflow/.local/lib/python3.7/site-packages/airflow/example_dags/example_datasets.py for tasks to queue
[2023-02-13T12:24:13.236+0000] {logging_mixin.py:137} INFO - [2023-02-13T12:24:13.236+0000] {dagbag.py:538} INFO - Filling up the DagBag from /home/airflow/.local/lib/python3.7/site-packages/airflow/example_dags/example_datasets.py
[2023-02-13T12:24:13.263+0000] {processor.py:753} INFO - DAG(s) dict_keys(['dataset_consumes_1', 'dataset_produces_1', 'dataset_consumes_unknown_never_scheduled', 'dataset_consumes_1_and_2', 'dataset_produces_2', 'dataset_consumes_1_never_scheduled']) retrieved from /home/airflow/.local/lib/python3.7/site-packages/airflow/example_dags/example_datasets.py
[2023-02-13T12:24:13.446+0000] {logging_mixin.py:137} INFO - [2023-02-13T12:24:13.446+0000] {dag.py:2690} INFO - Sync 6 DAGs
[2023-02-13T12:24:13.507+0000] {logging_mixin.py:137} INFO - [2023-02-13T12:24:13.507+0000] {dag.py:3441} INFO - Setting next_dagrun for dataset_consumes_1 to None, run_after=None
[2023-02-13T12:24:13.516+0000] {logging_mixin.py:137} INFO - [2023-02-13T12:24:13.515+0000] {dag.py:3441} INFO - Setting next_dagrun for dataset_consumes_1_and_2 to None, run_after=None
[2023-02-13T12:24:13.518+0000] {logging_mixin.py:137} INFO - [2023-02-13T12:24:13.518+0000] {dag.py:3441} INFO - Setting next_dagrun for dataset_consumes_1_never_scheduled to None, run_after=None
[2023-02-13T12:24:13.520+0000] {logging_mixin.py:137} INFO - [2023-02-13T12:24:13.520+0000] {dag.py:3441} INFO - Setting next_dagrun for dataset_consumes_unknown_never_scheduled to None, run_after=None
[2023-02-13T12:24:13.528+0000] {logging_mixin.py:137} INFO - [2023-02-13T12:24:13.528+0000] {dag.py:3441} INFO - Setting next_dagrun for dataset_produces_1 to 2023-02-12T00:00:00+00:00, run_after=2023-02-13T00:00:00+00:00
[2023-02-13T12:24:13.532+0000] {logging_mixin.py:137} INFO - [2023-02-13T12:24:13.532+0000] {dag.py:3441} INFO - Setting next_dagrun for dataset_produces_2 to None, run_after=None
[2023-02-13T12:24:13.653+0000] {processor.py:175} INFO - Processing /home/airflow/.local/lib/python3.7/site-packages/airflow/example_dags/example_datasets.py took 0.534 seconds
[2023-02-13T12:24:44.594+0000] {processor.py:153} INFO - Started process (PID=565) to work on /home/airflow/.local/lib/python3.7/site-packages/airflow/example_dags/example_datasets.py
[2023-02-13T12:24:44.709+0000] {processor.py:743} INFO - Processing file /home/airflow/.local/lib/python3.7/site-packages/airflow/example_dags/example_datasets.py for tasks to queue
[2023-02-13T12:24:44.710+0000] {logging_mixin.py:137} INFO - [2023-02-13T12:24:44.710+0000] {dagbag.py:538} INFO - Filling up the DagBag from /home/airflow/.local/lib/python3.7/site-packages/airflow/example_dags/example_datasets.py
[2023-02-13T12:24:44.745+0000] {processor.py:753} INFO - DAG(s) dict_keys(['dataset_consumes_unknown_never_scheduled', 'dataset_consumes_1_never_scheduled', 'dataset_produces_1', 'dataset_consumes_1', 'dataset_consumes_1_and_2', 'dataset_produces_2']) retrieved from /home/airflow/.local/lib/python3.7/site-packages/airflow/example_dags/example_datasets.py
[2023-02-13T12:24:44.825+0000] {logging_mixin.py:137} INFO - [2023-02-13T12:24:44.825+0000] {dag.py:2690} INFO - Sync 6 DAGs
[2023-02-13T12:24:44.876+0000] {logging_mixin.py:137} INFO - [2023-02-13T12:24:44.876+0000] {dag.py:3441} INFO - Setting next_dagrun for dataset_consumes_1 to None, run_after=None
[2023-02-13T12:24:44.883+0000] {logging_mixin.py:137} INFO - [2023-02-13T12:24:44.883+0000] {dag.py:3441} INFO - Setting next_dagrun for dataset_consumes_1_and_2 to None, run_after=None
[2023-02-13T12:24:44.888+0000] {logging_mixin.py:137} INFO - [2023-02-13T12:24:44.887+0000] {dag.py:3441} INFO - Setting next_dagrun for dataset_consumes_1_never_scheduled to None, run_after=None
[2023-02-13T12:24:44.889+0000] {logging_mixin.py:137} INFO - [2023-02-13T12:24:44.889+0000] {dag.py:3441} INFO - Setting next_dagrun for dataset_consumes_unknown_never_scheduled to None, run_after=None
[2023-02-13T12:24:44.893+0000] {logging_mixin.py:137} INFO - [2023-02-13T12:24:44.893+0000] {dag.py:3441} INFO - Setting next_dagrun for dataset_produces_1 to 2023-02-12T00:00:00+00:00, run_after=2023-02-13T00:00:00+00:00
[2023-02-13T12:24:44.896+0000] {logging_mixin.py:137} INFO - [2023-02-13T12:24:44.895+0000] {dag.py:3441} INFO - Setting next_dagrun for dataset_produces_2 to None, run_after=None
[2023-02-13T12:24:45.013+0000] {processor.py:175} INFO - Processing /home/airflow/.local/lib/python3.7/site-packages/airflow/example_dags/example_datasets.py took 0.426 seconds
[2023-02-13T12:25:15.473+0000] {processor.py:153} INFO - Started process (PID=792) to work on /home/airflow/.local/lib/python3.7/site-packages/airflow/example_dags/example_datasets.py
[2023-02-13T12:25:15.474+0000] {processor.py:743} INFO - Processing file /home/airflow/.local/lib/python3.7/site-packages/airflow/example_dags/example_datasets.py for tasks to queue
[2023-02-13T12:25:15.475+0000] {logging_mixin.py:137} INFO - [2023-02-13T12:25:15.475+0000] {dagbag.py:538} INFO - Filling up the DagBag from /home/airflow/.local/lib/python3.7/site-packages/airflow/example_dags/example_datasets.py
[2023-02-13T12:25:15.496+0000] {processor.py:753} INFO - DAG(s) dict_keys(['dataset_produces_1', 'dataset_produces_2', 'dataset_consumes_unknown_never_scheduled', 'dataset_consumes_1', 'dataset_consumes_1_never_scheduled', 'dataset_consumes_1_and_2']) retrieved from /home/airflow/.local/lib/python3.7/site-packages/airflow/example_dags/example_datasets.py
[2023-02-13T12:25:15.547+0000] {logging_mixin.py:137} INFO - [2023-02-13T12:25:15.547+0000] {dag.py:2690} INFO - Sync 6 DAGs
[2023-02-13T12:25:15.606+0000] {logging_mixin.py:137} INFO - [2023-02-13T12:25:15.605+0000] {dag.py:3441} INFO - Setting next_dagrun for dataset_consumes_1 to None, run_after=None
[2023-02-13T12:25:15.614+0000] {logging_mixin.py:137} INFO - [2023-02-13T12:25:15.614+0000] {dag.py:3441} INFO - Setting next_dagrun for dataset_consumes_1_and_2 to None, run_after=None
[2023-02-13T12:25:15.617+0000] {logging_mixin.py:137} INFO - [2023-02-13T12:25:15.616+0000] {dag.py:3441} INFO - Setting next_dagrun for dataset_consumes_1_never_scheduled to None, run_after=None
[2023-02-13T12:25:15.619+0000] {logging_mixin.py:137} INFO - [2023-02-13T12:25:15.619+0000] {dag.py:3441} INFO - Setting next_dagrun for dataset_consumes_unknown_never_scheduled to None, run_after=None
[2023-02-13T12:25:15.625+0000] {logging_mixin.py:137} INFO - [2023-02-13T12:25:15.625+0000] {dag.py:3441} INFO - Setting next_dagrun for dataset_produces_1 to 2023-02-12T00:00:00+00:00, run_after=2023-02-13T00:00:00+00:00
[2023-02-13T12:25:15.627+0000] {logging_mixin.py:137} INFO - [2023-02-13T12:25:15.627+0000] {dag.py:3441} INFO - Setting next_dagrun for dataset_produces_2 to None, run_after=None
[2023-02-13T12:25:15.733+0000] {processor.py:175} INFO - Processing /home/airflow/.local/lib/python3.7/site-packages/airflow/example_dags/example_datasets.py took 0.263 seconds
[2023-02-13T12:25:46.699+0000] {processor.py:153} INFO - Started process (PID=1021) to work on /home/airflow/.local/lib/python3.7/site-packages/airflow/example_dags/example_datasets.py
[2023-02-13T12:25:46.700+0000] {processor.py:743} INFO - Processing file /home/airflow/.local/lib/python3.7/site-packages/airflow/example_dags/example_datasets.py for tasks to queue
[2023-02-13T12:25:46.701+0000] {logging_mixin.py:137} INFO - [2023-02-13T12:25:46.701+0000] {dagbag.py:538} INFO - Filling up the DagBag from /home/airflow/.local/lib/python3.7/site-packages/airflow/example_dags/example_datasets.py
[2023-02-13T12:25:46.735+0000] {processor.py:753} INFO - DAG(s) dict_keys(['dataset_consumes_1', 'dataset_produces_2', 'dataset_consumes_1_never_scheduled', 'dataset_consumes_unknown_never_scheduled', 'dataset_consumes_1_and_2', 'dataset_produces_1']) retrieved from /home/airflow/.local/lib/python3.7/site-packages/airflow/example_dags/example_datasets.py
[2023-02-13T12:25:46.805+0000] {logging_mixin.py:137} INFO - [2023-02-13T12:25:46.805+0000] {dag.py:2690} INFO - Sync 6 DAGs
[2023-02-13T12:25:46.855+0000] {logging_mixin.py:137} INFO - [2023-02-13T12:25:46.855+0000] {dag.py:3441} INFO - Setting next_dagrun for dataset_consumes_1 to None, run_after=None
[2023-02-13T12:25:46.864+0000] {logging_mixin.py:137} INFO - [2023-02-13T12:25:46.864+0000] {dag.py:3441} INFO - Setting next_dagrun for dataset_consumes_1_and_2 to None, run_after=None
[2023-02-13T12:25:46.866+0000] {logging_mixin.py:137} INFO - [2023-02-13T12:25:46.865+0000] {dag.py:3441} INFO - Setting next_dagrun for dataset_consumes_1_never_scheduled to None, run_after=None
[2023-02-13T12:25:46.867+0000] {logging_mixin.py:137} INFO - [2023-02-13T12:25:46.867+0000] {dag.py:3441} INFO - Setting next_dagrun for dataset_consumes_unknown_never_scheduled to None, run_after=None
[2023-02-13T12:25:46.871+0000] {logging_mixin.py:137} INFO - [2023-02-13T12:25:46.871+0000] {dag.py:3441} INFO - Setting next_dagrun for dataset_produces_1 to 2023-02-12T00:00:00+00:00, run_after=2023-02-13T00:00:00+00:00
[2023-02-13T12:25:46.873+0000] {logging_mixin.py:137} INFO - [2023-02-13T12:25:46.873+0000] {dag.py:3441} INFO - Setting next_dagrun for dataset_produces_2 to None, run_after=None
[2023-02-13T12:25:46.962+0000] {processor.py:175} INFO - Processing /home/airflow/.local/lib/python3.7/site-packages/airflow/example_dags/example_datasets.py took 0.272 seconds
[2023-02-13T12:26:17.691+0000] {processor.py:153} INFO - Started process (PID=1247) to work on /home/airflow/.local/lib/python3.7/site-packages/airflow/example_dags/example_datasets.py
[2023-02-13T12:26:17.695+0000] {processor.py:743} INFO - Processing file /home/airflow/.local/lib/python3.7/site-packages/airflow/example_dags/example_datasets.py for tasks to queue
[2023-02-13T12:26:17.696+0000] {logging_mixin.py:137} INFO - [2023-02-13T12:26:17.696+0000] {dagbag.py:538} INFO - Filling up the DagBag from /home/airflow/.local/lib/python3.7/site-packages/airflow/example_dags/example_datasets.py
[2023-02-13T12:26:17.724+0000] {processor.py:753} INFO - DAG(s) dict_keys(['dataset_consumes_unknown_never_scheduled', 'dataset_produces_2', 'dataset_produces_1', 'dataset_consumes_1', 'dataset_consumes_1_never_scheduled', 'dataset_consumes_1_and_2']) retrieved from /home/airflow/.local/lib/python3.7/site-packages/airflow/example_dags/example_datasets.py
[2023-02-13T12:26:17.801+0000] {logging_mixin.py:137} INFO - [2023-02-13T12:26:17.801+0000] {dag.py:2690} INFO - Sync 6 DAGs
[2023-02-13T12:26:17.852+0000] {logging_mixin.py:137} INFO - [2023-02-13T12:26:17.852+0000] {dag.py:3441} INFO - Setting next_dagrun for dataset_consumes_1 to None, run_after=None
[2023-02-13T12:26:17.858+0000] {logging_mixin.py:137} INFO - [2023-02-13T12:26:17.857+0000] {dag.py:3441} INFO - Setting next_dagrun for dataset_consumes_1_and_2 to None, run_after=None
[2023-02-13T12:26:17.862+0000] {logging_mixin.py:137} INFO - [2023-02-13T12:26:17.862+0000] {dag.py:3441} INFO - Setting next_dagrun for dataset_consumes_1_never_scheduled to None, run_after=None
[2023-02-13T12:26:17.864+0000] {logging_mixin.py:137} INFO - [2023-02-13T12:26:17.864+0000] {dag.py:3441} INFO - Setting next_dagrun for dataset_consumes_unknown_never_scheduled to None, run_after=None
[2023-02-13T12:26:17.868+0000] {logging_mixin.py:137} INFO - [2023-02-13T12:26:17.868+0000] {dag.py:3441} INFO - Setting next_dagrun for dataset_produces_1 to 2023-02-12T00:00:00+00:00, run_after=2023-02-13T00:00:00+00:00
[2023-02-13T12:26:17.870+0000] {logging_mixin.py:137} INFO - [2023-02-13T12:26:17.870+0000] {dag.py:3441} INFO - Setting next_dagrun for dataset_produces_2 to None, run_after=None
[2023-02-13T12:26:17.969+0000] {processor.py:175} INFO - Processing /home/airflow/.local/lib/python3.7/site-packages/airflow/example_dags/example_datasets.py took 0.285 seconds
[2023-02-13T12:26:48.015+0000] {processor.py:153} INFO - Started process (PID=1477) to work on /home/airflow/.local/lib/python3.7/site-packages/airflow/example_dags/example_datasets.py
[2023-02-13T12:26:48.016+0000] {processor.py:743} INFO - Processing file /home/airflow/.local/lib/python3.7/site-packages/airflow/example_dags/example_datasets.py for tasks to queue
[2023-02-13T12:26:48.017+0000] {logging_mixin.py:137} INFO - [2023-02-13T12:26:48.017+0000] {dagbag.py:538} INFO - Filling up the DagBag from /home/airflow/.local/lib/python3.7/site-packages/airflow/example_dags/example_datasets.py
[2023-02-13T12:26:48.037+0000] {processor.py:753} INFO - DAG(s) dict_keys(['dataset_consumes_1_and_2', 'dataset_consumes_1_never_scheduled', 'dataset_produces_1', 'dataset_consumes_unknown_never_scheduled', 'dataset_consumes_1', 'dataset_produces_2']) retrieved from /home/airflow/.local/lib/python3.7/site-packages/airflow/example_dags/example_datasets.py
[2023-02-13T12:26:48.083+0000] {logging_mixin.py:137} INFO - [2023-02-13T12:26:48.083+0000] {dag.py:2690} INFO - Sync 6 DAGs
[2023-02-13T12:26:48.115+0000] {logging_mixin.py:137} INFO - [2023-02-13T12:26:48.115+0000] {dag.py:3441} INFO - Setting next_dagrun for dataset_consumes_1 to None, run_after=None
[2023-02-13T12:26:48.119+0000] {logging_mixin.py:137} INFO - [2023-02-13T12:26:48.118+0000] {dag.py:3441} INFO - Setting next_dagrun for dataset_consumes_1_and_2 to None, run_after=None
[2023-02-13T12:26:48.120+0000] {logging_mixin.py:137} INFO - [2023-02-13T12:26:48.120+0000] {dag.py:3441} INFO - Setting next_dagrun for dataset_consumes_1_never_scheduled to None, run_after=None
[2023-02-13T12:26:48.121+0000] {logging_mixin.py:137} INFO - [2023-02-13T12:26:48.121+0000] {dag.py:3441} INFO - Setting next_dagrun for dataset_consumes_unknown_never_scheduled to None, run_after=None
[2023-02-13T12:26:48.124+0000] {logging_mixin.py:137} INFO - [2023-02-13T12:26:48.124+0000] {dag.py:3441} INFO - Setting next_dagrun for dataset_produces_1 to 2023-02-12T00:00:00+00:00, run_after=2023-02-13T00:00:00+00:00
[2023-02-13T12:26:48.125+0000] {logging_mixin.py:137} INFO - [2023-02-13T12:26:48.125+0000] {dag.py:3441} INFO - Setting next_dagrun for dataset_produces_2 to None, run_after=None
[2023-02-13T12:26:48.187+0000] {processor.py:175} INFO - Processing /home/airflow/.local/lib/python3.7/site-packages/airflow/example_dags/example_datasets.py took 0.176 seconds
[2023-02-13T12:27:18.412+0000] {processor.py:153} INFO - Started process (PID=1700) to work on /home/airflow/.local/lib/python3.7/site-packages/airflow/example_dags/example_datasets.py
[2023-02-13T12:27:18.412+0000] {processor.py:743} INFO - Processing file /home/airflow/.local/lib/python3.7/site-packages/airflow/example_dags/example_datasets.py for tasks to queue
[2023-02-13T12:27:18.413+0000] {logging_mixin.py:137} INFO - [2023-02-13T12:27:18.413+0000] {dagbag.py:538} INFO - Filling up the DagBag from /home/airflow/.local/lib/python3.7/site-packages/airflow/example_dags/example_datasets.py
[2023-02-13T12:27:18.432+0000] {processor.py:753} INFO - DAG(s) dict_keys(['dataset_produces_2', 'dataset_produces_1', 'dataset_consumes_1', 'dataset_consumes_1_never_scheduled', 'dataset_consumes_unknown_never_scheduled', 'dataset_consumes_1_and_2']) retrieved from /home/airflow/.local/lib/python3.7/site-packages/airflow/example_dags/example_datasets.py
[2023-02-13T12:27:18.479+0000] {logging_mixin.py:137} INFO - [2023-02-13T12:27:18.479+0000] {dag.py:2690} INFO - Sync 6 DAGs
[2023-02-13T12:27:18.514+0000] {logging_mixin.py:137} INFO - [2023-02-13T12:27:18.514+0000] {dag.py:3441} INFO - Setting next_dagrun for dataset_consumes_1 to None, run_after=None
[2023-02-13T12:27:18.519+0000] {logging_mixin.py:137} INFO - [2023-02-13T12:27:18.518+0000] {dag.py:3441} INFO - Setting next_dagrun for dataset_consumes_1_and_2 to None, run_after=None
[2023-02-13T12:27:18.520+0000] {logging_mixin.py:137} INFO - [2023-02-13T12:27:18.520+0000] {dag.py:3441} INFO - Setting next_dagrun for dataset_consumes_1_never_scheduled to None, run_after=None
[2023-02-13T12:27:18.522+0000] {logging_mixin.py:137} INFO - [2023-02-13T12:27:18.521+0000] {dag.py:3441} INFO - Setting next_dagrun for dataset_consumes_unknown_never_scheduled to None, run_after=None
[2023-02-13T12:27:18.525+0000] {logging_mixin.py:137} INFO - [2023-02-13T12:27:18.525+0000] {dag.py:3441} INFO - Setting next_dagrun for dataset_produces_1 to 2023-02-12T00:00:00+00:00, run_after=2023-02-13T00:00:00+00:00
[2023-02-13T12:27:18.526+0000] {logging_mixin.py:137} INFO - [2023-02-13T12:27:18.526+0000] {dag.py:3441} INFO - Setting next_dagrun for dataset_produces_2 to None, run_after=None
[2023-02-13T12:27:18.601+0000] {processor.py:175} INFO - Processing /home/airflow/.local/lib/python3.7/site-packages/airflow/example_dags/example_datasets.py took 0.193 seconds
[2023-02-13T12:27:49.226+0000] {processor.py:153} INFO - Started process (PID=1927) to work on /home/airflow/.local/lib/python3.7/site-packages/airflow/example_dags/example_datasets.py
[2023-02-13T12:27:49.227+0000] {processor.py:743} INFO - Processing file /home/airflow/.local/lib/python3.7/site-packages/airflow/example_dags/example_datasets.py for tasks to queue
[2023-02-13T12:27:49.228+0000] {logging_mixin.py:137} INFO - [2023-02-13T12:27:49.228+0000] {dagbag.py:538} INFO - Filling up the DagBag from /home/airflow/.local/lib/python3.7/site-packages/airflow/example_dags/example_datasets.py
[2023-02-13T12:27:49.254+0000] {processor.py:753} INFO - DAG(s) dict_keys(['dataset_consumes_unknown_never_scheduled', 'dataset_consumes_1_never_scheduled', 'dataset_produces_2', 'dataset_consumes_1_and_2', 'dataset_produces_1', 'dataset_consumes_1']) retrieved from /home/airflow/.local/lib/python3.7/site-packages/airflow/example_dags/example_datasets.py
[2023-02-13T12:27:49.318+0000] {logging_mixin.py:137} INFO - [2023-02-13T12:27:49.318+0000] {dag.py:2690} INFO - Sync 6 DAGs
[2023-02-13T12:27:49.371+0000] {logging_mixin.py:137} INFO - [2023-02-13T12:27:49.371+0000] {dag.py:3441} INFO - Setting next_dagrun for dataset_consumes_1 to None, run_after=None
[2023-02-13T12:27:49.378+0000] {logging_mixin.py:137} INFO - [2023-02-13T12:27:49.377+0000] {dag.py:3441} INFO - Setting next_dagrun for dataset_consumes_1_and_2 to None, run_after=None
[2023-02-13T12:27:49.380+0000] {logging_mixin.py:137} INFO - [2023-02-13T12:27:49.380+0000] {dag.py:3441} INFO - Setting next_dagrun for dataset_consumes_1_never_scheduled to None, run_after=None
[2023-02-13T12:27:49.381+0000] {logging_mixin.py:137} INFO - [2023-02-13T12:27:49.381+0000] {dag.py:3441} INFO - Setting next_dagrun for dataset_consumes_unknown_never_scheduled to None, run_after=None
[2023-02-13T12:27:49.385+0000] {logging_mixin.py:137} INFO - [2023-02-13T12:27:49.385+0000] {dag.py:3441} INFO - Setting next_dagrun for dataset_produces_1 to 2023-02-12T00:00:00+00:00, run_after=2023-02-13T00:00:00+00:00
[2023-02-13T12:27:49.387+0000] {logging_mixin.py:137} INFO - [2023-02-13T12:27:49.387+0000] {dag.py:3441} INFO - Setting next_dagrun for dataset_produces_2 to None, run_after=None
[2023-02-13T12:27:49.496+0000] {processor.py:175} INFO - Processing /home/airflow/.local/lib/python3.7/site-packages/airflow/example_dags/example_datasets.py took 0.275 seconds
[2023-02-13T12:28:19.578+0000] {processor.py:153} INFO - Started process (PID=2161) to work on /home/airflow/.local/lib/python3.7/site-packages/airflow/example_dags/example_datasets.py
[2023-02-13T12:28:19.580+0000] {processor.py:743} INFO - Processing file /home/airflow/.local/lib/python3.7/site-packages/airflow/example_dags/example_datasets.py for tasks to queue
[2023-02-13T12:28:19.580+0000] {logging_mixin.py:137} INFO - [2023-02-13T12:28:19.580+0000] {dagbag.py:538} INFO - Filling up the DagBag from /home/airflow/.local/lib/python3.7/site-packages/airflow/example_dags/example_datasets.py
[2023-02-13T12:28:19.603+0000] {processor.py:753} INFO - DAG(s) dict_keys(['dataset_consumes_1_never_scheduled', 'dataset_consumes_1_and_2', 'dataset_consumes_unknown_never_scheduled', 'dataset_produces_2', 'dataset_produces_1', 'dataset_consumes_1']) retrieved from /home/airflow/.local/lib/python3.7/site-packages/airflow/example_dags/example_datasets.py
[2023-02-13T12:28:19.663+0000] {logging_mixin.py:137} INFO - [2023-02-13T12:28:19.663+0000] {dag.py:2690} INFO - Sync 6 DAGs
[2023-02-13T12:28:19.704+0000] {logging_mixin.py:137} INFO - [2023-02-13T12:28:19.704+0000] {dag.py:3441} INFO - Setting next_dagrun for dataset_consumes_1 to None, run_after=None
[2023-02-13T12:28:19.708+0000] {logging_mixin.py:137} INFO - [2023-02-13T12:28:19.708+0000] {dag.py:3441} INFO - Setting next_dagrun for dataset_consumes_1_and_2 to None, run_after=None
[2023-02-13T12:28:19.712+0000] {logging_mixin.py:137} INFO - [2023-02-13T12:28:19.712+0000] {dag.py:3441} INFO - Setting next_dagrun for dataset_consumes_1_never_scheduled to None, run_after=None
[2023-02-13T12:28:19.716+0000] {logging_mixin.py:137} INFO - [2023-02-13T12:28:19.716+0000] {dag.py:3441} INFO - Setting next_dagrun for dataset_consumes_unknown_never_scheduled to None, run_after=None
[2023-02-13T12:28:19.724+0000] {logging_mixin.py:137} INFO - [2023-02-13T12:28:19.723+0000] {dag.py:3441} INFO - Setting next_dagrun for dataset_produces_1 to 2023-02-12T00:00:00+00:00, run_after=2023-02-13T00:00:00+00:00
[2023-02-13T12:28:19.725+0000] {logging_mixin.py:137} INFO - [2023-02-13T12:28:19.725+0000] {dag.py:3441} INFO - Setting next_dagrun for dataset_produces_2 to None, run_after=None
[2023-02-13T12:28:19.810+0000] {processor.py:175} INFO - Processing /home/airflow/.local/lib/python3.7/site-packages/airflow/example_dags/example_datasets.py took 0.237 seconds
[2023-02-13T12:28:51.037+0000] {processor.py:153} INFO - Started process (PID=2398) to work on /home/airflow/.local/lib/python3.7/site-packages/airflow/example_dags/example_datasets.py
[2023-02-13T12:28:51.049+0000] {processor.py:743} INFO - Processing file /home/airflow/.local/lib/python3.7/site-packages/airflow/example_dags/example_datasets.py for tasks to queue
[2023-02-13T12:28:51.049+0000] {logging_mixin.py:137} INFO - [2023-02-13T12:28:51.049+0000] {dagbag.py:538} INFO - Filling up the DagBag from /home/airflow/.local/lib/python3.7/site-packages/airflow/example_dags/example_datasets.py
[2023-02-13T12:28:51.073+0000] {processor.py:753} INFO - DAG(s) dict_keys(['dataset_consumes_unknown_never_scheduled', 'dataset_consumes_1_never_scheduled', 'dataset_consumes_1_and_2', 'dataset_produces_1', 'dataset_consumes_1', 'dataset_produces_2']) retrieved from /home/airflow/.local/lib/python3.7/site-packages/airflow/example_dags/example_datasets.py
[2023-02-13T12:28:51.134+0000] {logging_mixin.py:137} INFO - [2023-02-13T12:28:51.134+0000] {dag.py:2690} INFO - Sync 6 DAGs
[2023-02-13T12:28:51.168+0000] {logging_mixin.py:137} INFO - [2023-02-13T12:28:51.168+0000] {dag.py:3441} INFO - Setting next_dagrun for dataset_consumes_1 to None, run_after=None
[2023-02-13T12:28:51.172+0000] {logging_mixin.py:137} INFO - [2023-02-13T12:28:51.172+0000] {dag.py:3441} INFO - Setting next_dagrun for dataset_consumes_1_and_2 to None, run_after=None
[2023-02-13T12:28:51.173+0000] {logging_mixin.py:137} INFO - [2023-02-13T12:28:51.173+0000] {dag.py:3441} INFO - Setting next_dagrun for dataset_consumes_1_never_scheduled to None, run_after=None
[2023-02-13T12:28:51.175+0000] {logging_mixin.py:137} INFO - [2023-02-13T12:28:51.175+0000] {dag.py:3441} INFO - Setting next_dagrun for dataset_consumes_unknown_never_scheduled to None, run_after=None
[2023-02-13T12:28:51.180+0000] {logging_mixin.py:137} INFO - [2023-02-13T12:28:51.179+0000] {dag.py:3441} INFO - Setting next_dagrun for dataset_produces_1 to 2023-02-12T00:00:00+00:00, run_after=2023-02-13T00:00:00+00:00
[2023-02-13T12:28:51.181+0000] {logging_mixin.py:137} INFO - [2023-02-13T12:28:51.181+0000] {dag.py:3441} INFO - Setting next_dagrun for dataset_produces_2 to None, run_after=None
[2023-02-13T12:28:51.252+0000] {processor.py:175} INFO - Processing /home/airflow/.local/lib/python3.7/site-packages/airflow/example_dags/example_datasets.py took 0.220 seconds
[2023-02-13T12:29:21.480+0000] {processor.py:153} INFO - Started process (PID=2625) to work on /home/airflow/.local/lib/python3.7/site-packages/airflow/example_dags/example_datasets.py
[2023-02-13T12:29:21.496+0000] {processor.py:743} INFO - Processing file /home/airflow/.local/lib/python3.7/site-packages/airflow/example_dags/example_datasets.py for tasks to queue
[2023-02-13T12:29:21.497+0000] {logging_mixin.py:137} INFO - [2023-02-13T12:29:21.497+0000] {dagbag.py:538} INFO - Filling up the DagBag from /home/airflow/.local/lib/python3.7/site-packages/airflow/example_dags/example_datasets.py
[2023-02-13T12:29:21.517+0000] {processor.py:753} INFO - DAG(s) dict_keys(['dataset_consumes_1', 'dataset_consumes_1_and_2', 'dataset_produces_1', 'dataset_produces_2', 'dataset_consumes_unknown_never_scheduled', 'dataset_consumes_1_never_scheduled']) retrieved from /home/airflow/.local/lib/python3.7/site-packages/airflow/example_dags/example_datasets.py
[2023-02-13T12:29:21.565+0000] {logging_mixin.py:137} INFO - [2023-02-13T12:29:21.565+0000] {dag.py:2690} INFO - Sync 6 DAGs
[2023-02-13T12:29:21.595+0000] {logging_mixin.py:137} INFO - [2023-02-13T12:29:21.595+0000] {dag.py:3441} INFO - Setting next_dagrun for dataset_consumes_1 to None, run_after=None
[2023-02-13T12:29:21.599+0000] {logging_mixin.py:137} INFO - [2023-02-13T12:29:21.599+0000] {dag.py:3441} INFO - Setting next_dagrun for dataset_consumes_1_and_2 to None, run_after=None
[2023-02-13T12:29:21.601+0000] {logging_mixin.py:137} INFO - [2023-02-13T12:29:21.601+0000] {dag.py:3441} INFO - Setting next_dagrun for dataset_consumes_1_never_scheduled to None, run_after=None
[2023-02-13T12:29:21.602+0000] {logging_mixin.py:137} INFO - [2023-02-13T12:29:21.602+0000] {dag.py:3441} INFO - Setting next_dagrun for dataset_consumes_unknown_never_scheduled to None, run_after=None
[2023-02-13T12:29:21.605+0000] {logging_mixin.py:137} INFO - [2023-02-13T12:29:21.605+0000] {dag.py:3441} INFO - Setting next_dagrun for dataset_produces_1 to 2023-02-12T00:00:00+00:00, run_after=2023-02-13T00:00:00+00:00
[2023-02-13T12:29:21.607+0000] {logging_mixin.py:137} INFO - [2023-02-13T12:29:21.607+0000] {dag.py:3441} INFO - Setting next_dagrun for dataset_produces_2 to None, run_after=None
[2023-02-13T12:29:21.684+0000] {processor.py:175} INFO - Processing /home/airflow/.local/lib/python3.7/site-packages/airflow/example_dags/example_datasets.py took 0.209 seconds
