[2023-02-13T12:21:32.375+0000] {processor.py:153} INFO - Started process (PID=193) to work on /home/airflow/.local/lib/python3.7/site-packages/airflow/example_dags/example_branch_python_dop_operator_3.py
[2023-02-13T12:21:32.376+0000] {processor.py:743} INFO - Processing file /home/airflow/.local/lib/python3.7/site-packages/airflow/example_dags/example_branch_python_dop_operator_3.py for tasks to queue
[2023-02-13T12:21:32.377+0000] {logging_mixin.py:137} INFO - [2023-02-13T12:21:32.377+0000] {dagbag.py:538} INFO - Filling up the DagBag from /home/airflow/.local/lib/python3.7/site-packages/airflow/example_dags/example_branch_python_dop_operator_3.py
[2023-02-13T12:21:32.418+0000] {processor.py:753} INFO - DAG(s) dict_keys(['example_branch_dop_operator_v3']) retrieved from /home/airflow/.local/lib/python3.7/site-packages/airflow/example_dags/example_branch_python_dop_operator_3.py
[2023-02-13T12:21:32.480+0000] {logging_mixin.py:137} INFO - [2023-02-13T12:21:32.480+0000] {dag.py:2690} INFO - Sync 1 DAGs
[2023-02-13T12:21:32.518+0000] {logging_mixin.py:137} INFO - [2023-02-13T12:21:32.518+0000] {dag.py:3441} INFO - Setting next_dagrun for example_branch_dop_operator_v3 to 2023-02-13T12:20:00+00:00, run_after=2023-02-13T12:21:00+00:00
[2023-02-13T12:21:32.588+0000] {processor.py:175} INFO - Processing /home/airflow/.local/lib/python3.7/site-packages/airflow/example_dags/example_branch_python_dop_operator_3.py took 0.218 seconds
[2023-02-13T12:22:03.055+0000] {processor.py:153} INFO - Started process (PID=418) to work on /home/airflow/.local/lib/python3.7/site-packages/airflow/example_dags/example_branch_python_dop_operator_3.py
[2023-02-13T12:22:03.056+0000] {processor.py:743} INFO - Processing file /home/airflow/.local/lib/python3.7/site-packages/airflow/example_dags/example_branch_python_dop_operator_3.py for tasks to queue
[2023-02-13T12:22:03.058+0000] {logging_mixin.py:137} INFO - [2023-02-13T12:22:03.057+0000] {dagbag.py:538} INFO - Filling up the DagBag from /home/airflow/.local/lib/python3.7/site-packages/airflow/example_dags/example_branch_python_dop_operator_3.py
[2023-02-13T12:22:03.092+0000] {processor.py:753} INFO - DAG(s) dict_keys(['example_branch_dop_operator_v3']) retrieved from /home/airflow/.local/lib/python3.7/site-packages/airflow/example_dags/example_branch_python_dop_operator_3.py
[2023-02-13T12:22:03.123+0000] {logging_mixin.py:137} INFO - [2023-02-13T12:22:03.123+0000] {dag.py:2690} INFO - Sync 1 DAGs
[2023-02-13T12:22:03.160+0000] {logging_mixin.py:137} INFO - [2023-02-13T12:22:03.160+0000] {dag.py:3441} INFO - Setting next_dagrun for example_branch_dop_operator_v3 to 2023-02-13T12:21:00+00:00, run_after=2023-02-13T12:22:00+00:00
[2023-02-13T12:22:03.210+0000] {processor.py:175} INFO - Processing /home/airflow/.local/lib/python3.7/site-packages/airflow/example_dags/example_branch_python_dop_operator_3.py took 0.160 seconds
[2023-02-13T12:22:34.242+0000] {processor.py:153} INFO - Started process (PID=657) to work on /home/airflow/.local/lib/python3.7/site-packages/airflow/example_dags/example_branch_python_dop_operator_3.py
[2023-02-13T12:22:34.256+0000] {processor.py:743} INFO - Processing file /home/airflow/.local/lib/python3.7/site-packages/airflow/example_dags/example_branch_python_dop_operator_3.py for tasks to queue
[2023-02-13T12:22:34.257+0000] {logging_mixin.py:137} INFO - [2023-02-13T12:22:34.257+0000] {dagbag.py:538} INFO - Filling up the DagBag from /home/airflow/.local/lib/python3.7/site-packages/airflow/example_dags/example_branch_python_dop_operator_3.py
[2023-02-13T12:22:34.292+0000] {processor.py:753} INFO - DAG(s) dict_keys(['example_branch_dop_operator_v3']) retrieved from /home/airflow/.local/lib/python3.7/site-packages/airflow/example_dags/example_branch_python_dop_operator_3.py
[2023-02-13T12:22:34.328+0000] {logging_mixin.py:137} INFO - [2023-02-13T12:22:34.328+0000] {dag.py:2690} INFO - Sync 1 DAGs
[2023-02-13T12:22:34.372+0000] {logging_mixin.py:137} INFO - [2023-02-13T12:22:34.372+0000] {dag.py:3441} INFO - Setting next_dagrun for example_branch_dop_operator_v3 to 2023-02-13T12:21:00+00:00, run_after=2023-02-13T12:22:00+00:00
[2023-02-13T12:22:34.430+0000] {processor.py:175} INFO - Processing /home/airflow/.local/lib/python3.7/site-packages/airflow/example_dags/example_branch_python_dop_operator_3.py took 0.192 seconds
[2023-02-13T12:24:07.888+0000] {processor.py:153} INFO - Started process (PID=198) to work on /home/airflow/.local/lib/python3.7/site-packages/airflow/example_dags/example_branch_python_dop_operator_3.py
[2023-02-13T12:24:07.912+0000] {processor.py:743} INFO - Processing file /home/airflow/.local/lib/python3.7/site-packages/airflow/example_dags/example_branch_python_dop_operator_3.py for tasks to queue
[2023-02-13T12:24:07.914+0000] {logging_mixin.py:137} INFO - [2023-02-13T12:24:07.914+0000] {dagbag.py:538} INFO - Filling up the DagBag from /home/airflow/.local/lib/python3.7/site-packages/airflow/example_dags/example_branch_python_dop_operator_3.py
[2023-02-13T12:24:07.981+0000] {processor.py:753} INFO - DAG(s) dict_keys(['example_branch_dop_operator_v3']) retrieved from /home/airflow/.local/lib/python3.7/site-packages/airflow/example_dags/example_branch_python_dop_operator_3.py
[2023-02-13T12:24:08.040+0000] {logging_mixin.py:137} INFO - [2023-02-13T12:24:08.039+0000] {dag.py:2690} INFO - Sync 1 DAGs
[2023-02-13T12:24:08.178+0000] {logging_mixin.py:137} INFO - [2023-02-13T12:24:08.178+0000] {dag.py:3441} INFO - Setting next_dagrun for example_branch_dop_operator_v3 to 2023-02-13T12:23:00+00:00, run_after=2023-02-13T12:24:00+00:00
[2023-02-13T12:24:08.258+0000] {processor.py:175} INFO - Processing /home/airflow/.local/lib/python3.7/site-packages/airflow/example_dags/example_branch_python_dop_operator_3.py took 0.377 seconds
[2023-02-13T12:24:38.388+0000] {processor.py:153} INFO - Started process (PID=418) to work on /home/airflow/.local/lib/python3.7/site-packages/airflow/example_dags/example_branch_python_dop_operator_3.py
[2023-02-13T12:24:38.410+0000] {processor.py:743} INFO - Processing file /home/airflow/.local/lib/python3.7/site-packages/airflow/example_dags/example_branch_python_dop_operator_3.py for tasks to queue
[2023-02-13T12:24:38.412+0000] {logging_mixin.py:137} INFO - [2023-02-13T12:24:38.411+0000] {dagbag.py:538} INFO - Filling up the DagBag from /home/airflow/.local/lib/python3.7/site-packages/airflow/example_dags/example_branch_python_dop_operator_3.py
[2023-02-13T12:24:38.466+0000] {processor.py:753} INFO - DAG(s) dict_keys(['example_branch_dop_operator_v3']) retrieved from /home/airflow/.local/lib/python3.7/site-packages/airflow/example_dags/example_branch_python_dop_operator_3.py
[2023-02-13T12:24:38.514+0000] {logging_mixin.py:137} INFO - [2023-02-13T12:24:38.513+0000] {dag.py:2690} INFO - Sync 1 DAGs
[2023-02-13T12:24:38.587+0000] {logging_mixin.py:137} INFO - [2023-02-13T12:24:38.587+0000] {dag.py:3441} INFO - Setting next_dagrun for example_branch_dop_operator_v3 to 2023-02-13T12:23:00+00:00, run_after=2023-02-13T12:24:00+00:00
[2023-02-13T12:24:38.684+0000] {processor.py:175} INFO - Processing /home/airflow/.local/lib/python3.7/site-packages/airflow/example_dags/example_branch_python_dop_operator_3.py took 0.301 seconds
[2023-02-13T12:25:08.760+0000] {processor.py:153} INFO - Started process (PID=645) to work on /home/airflow/.local/lib/python3.7/site-packages/airflow/example_dags/example_branch_python_dop_operator_3.py
[2023-02-13T12:25:08.761+0000] {processor.py:743} INFO - Processing file /home/airflow/.local/lib/python3.7/site-packages/airflow/example_dags/example_branch_python_dop_operator_3.py for tasks to queue
[2023-02-13T12:25:08.764+0000] {logging_mixin.py:137} INFO - [2023-02-13T12:25:08.764+0000] {dagbag.py:538} INFO - Filling up the DagBag from /home/airflow/.local/lib/python3.7/site-packages/airflow/example_dags/example_branch_python_dop_operator_3.py
[2023-02-13T12:25:08.814+0000] {processor.py:753} INFO - DAG(s) dict_keys(['example_branch_dop_operator_v3']) retrieved from /home/airflow/.local/lib/python3.7/site-packages/airflow/example_dags/example_branch_python_dop_operator_3.py
[2023-02-13T12:25:08.868+0000] {logging_mixin.py:137} INFO - [2023-02-13T12:25:08.867+0000] {dag.py:2690} INFO - Sync 1 DAGs
[2023-02-13T12:25:08.932+0000] {logging_mixin.py:137} INFO - [2023-02-13T12:25:08.931+0000] {dag.py:3441} INFO - Setting next_dagrun for example_branch_dop_operator_v3 to 2023-02-13T12:24:00+00:00, run_after=2023-02-13T12:25:00+00:00
[2023-02-13T12:25:09.006+0000] {processor.py:175} INFO - Processing /home/airflow/.local/lib/python3.7/site-packages/airflow/example_dags/example_branch_python_dop_operator_3.py took 0.250 seconds
[2023-02-13T12:25:39.576+0000] {processor.py:153} INFO - Started process (PID=874) to work on /home/airflow/.local/lib/python3.7/site-packages/airflow/example_dags/example_branch_python_dop_operator_3.py
[2023-02-13T12:25:39.579+0000] {processor.py:743} INFO - Processing file /home/airflow/.local/lib/python3.7/site-packages/airflow/example_dags/example_branch_python_dop_operator_3.py for tasks to queue
[2023-02-13T12:25:39.582+0000] {logging_mixin.py:137} INFO - [2023-02-13T12:25:39.581+0000] {dagbag.py:538} INFO - Filling up the DagBag from /home/airflow/.local/lib/python3.7/site-packages/airflow/example_dags/example_branch_python_dop_operator_3.py
[2023-02-13T12:25:39.637+0000] {processor.py:753} INFO - DAG(s) dict_keys(['example_branch_dop_operator_v3']) retrieved from /home/airflow/.local/lib/python3.7/site-packages/airflow/example_dags/example_branch_python_dop_operator_3.py
[2023-02-13T12:25:39.690+0000] {logging_mixin.py:137} INFO - [2023-02-13T12:25:39.690+0000] {dag.py:2690} INFO - Sync 1 DAGs
[2023-02-13T12:25:39.773+0000] {logging_mixin.py:137} INFO - [2023-02-13T12:25:39.773+0000] {dag.py:3441} INFO - Setting next_dagrun for example_branch_dop_operator_v3 to 2023-02-13T12:24:00+00:00, run_after=2023-02-13T12:25:00+00:00
[2023-02-13T12:25:39.858+0000] {processor.py:175} INFO - Processing /home/airflow/.local/lib/python3.7/site-packages/airflow/example_dags/example_branch_python_dop_operator_3.py took 0.291 seconds
[2023-02-13T12:26:10.516+0000] {processor.py:153} INFO - Started process (PID=1099) to work on /home/airflow/.local/lib/python3.7/site-packages/airflow/example_dags/example_branch_python_dop_operator_3.py
[2023-02-13T12:26:10.517+0000] {processor.py:743} INFO - Processing file /home/airflow/.local/lib/python3.7/site-packages/airflow/example_dags/example_branch_python_dop_operator_3.py for tasks to queue
[2023-02-13T12:26:10.518+0000] {logging_mixin.py:137} INFO - [2023-02-13T12:26:10.518+0000] {dagbag.py:538} INFO - Filling up the DagBag from /home/airflow/.local/lib/python3.7/site-packages/airflow/example_dags/example_branch_python_dop_operator_3.py
[2023-02-13T12:26:10.573+0000] {processor.py:753} INFO - DAG(s) dict_keys(['example_branch_dop_operator_v3']) retrieved from /home/airflow/.local/lib/python3.7/site-packages/airflow/example_dags/example_branch_python_dop_operator_3.py
[2023-02-13T12:26:10.633+0000] {logging_mixin.py:137} INFO - [2023-02-13T12:26:10.632+0000] {dag.py:2690} INFO - Sync 1 DAGs
[2023-02-13T12:26:10.705+0000] {logging_mixin.py:137} INFO - [2023-02-13T12:26:10.704+0000] {dag.py:3441} INFO - Setting next_dagrun for example_branch_dop_operator_v3 to 2023-02-13T12:25:00+00:00, run_after=2023-02-13T12:26:00+00:00
[2023-02-13T12:26:10.773+0000] {processor.py:175} INFO - Processing /home/airflow/.local/lib/python3.7/site-packages/airflow/example_dags/example_branch_python_dop_operator_3.py took 0.266 seconds
[2023-02-13T12:26:41.304+0000] {processor.py:153} INFO - Started process (PID=1332) to work on /home/airflow/.local/lib/python3.7/site-packages/airflow/example_dags/example_branch_python_dop_operator_3.py
[2023-02-13T12:26:41.316+0000] {processor.py:743} INFO - Processing file /home/airflow/.local/lib/python3.7/site-packages/airflow/example_dags/example_branch_python_dop_operator_3.py for tasks to queue
[2023-02-13T12:26:41.317+0000] {logging_mixin.py:137} INFO - [2023-02-13T12:26:41.317+0000] {dagbag.py:538} INFO - Filling up the DagBag from /home/airflow/.local/lib/python3.7/site-packages/airflow/example_dags/example_branch_python_dop_operator_3.py
[2023-02-13T12:26:41.358+0000] {processor.py:753} INFO - DAG(s) dict_keys(['example_branch_dop_operator_v3']) retrieved from /home/airflow/.local/lib/python3.7/site-packages/airflow/example_dags/example_branch_python_dop_operator_3.py
[2023-02-13T12:26:41.393+0000] {logging_mixin.py:137} INFO - [2023-02-13T12:26:41.393+0000] {dag.py:2690} INFO - Sync 1 DAGs
[2023-02-13T12:26:41.448+0000] {logging_mixin.py:137} INFO - [2023-02-13T12:26:41.447+0000] {dag.py:3441} INFO - Setting next_dagrun for example_branch_dop_operator_v3 to 2023-02-13T12:25:00+00:00, run_after=2023-02-13T12:26:00+00:00
[2023-02-13T12:26:41.502+0000] {processor.py:175} INFO - Processing /home/airflow/.local/lib/python3.7/site-packages/airflow/example_dags/example_branch_python_dop_operator_3.py took 0.203 seconds
[2023-02-13T12:27:12.202+0000] {processor.py:153} INFO - Started process (PID=1560) to work on /home/airflow/.local/lib/python3.7/site-packages/airflow/example_dags/example_branch_python_dop_operator_3.py
[2023-02-13T12:27:12.203+0000] {processor.py:743} INFO - Processing file /home/airflow/.local/lib/python3.7/site-packages/airflow/example_dags/example_branch_python_dop_operator_3.py for tasks to queue
[2023-02-13T12:27:12.205+0000] {logging_mixin.py:137} INFO - [2023-02-13T12:27:12.204+0000] {dagbag.py:538} INFO - Filling up the DagBag from /home/airflow/.local/lib/python3.7/site-packages/airflow/example_dags/example_branch_python_dop_operator_3.py
[2023-02-13T12:27:12.253+0000] {processor.py:753} INFO - DAG(s) dict_keys(['example_branch_dop_operator_v3']) retrieved from /home/airflow/.local/lib/python3.7/site-packages/airflow/example_dags/example_branch_python_dop_operator_3.py
[2023-02-13T12:27:12.290+0000] {logging_mixin.py:137} INFO - [2023-02-13T12:27:12.290+0000] {dag.py:2690} INFO - Sync 1 DAGs
[2023-02-13T12:27:12.334+0000] {logging_mixin.py:137} INFO - [2023-02-13T12:27:12.334+0000] {dag.py:3441} INFO - Setting next_dagrun for example_branch_dop_operator_v3 to 2023-02-13T12:26:00+00:00, run_after=2023-02-13T12:27:00+00:00
[2023-02-13T12:27:12.544+0000] {processor.py:175} INFO - Processing /home/airflow/.local/lib/python3.7/site-packages/airflow/example_dags/example_branch_python_dop_operator_3.py took 0.354 seconds
[2023-02-13T12:27:42.726+0000] {processor.py:153} INFO - Started process (PID=1787) to work on /home/airflow/.local/lib/python3.7/site-packages/airflow/example_dags/example_branch_python_dop_operator_3.py
[2023-02-13T12:27:42.742+0000] {processor.py:743} INFO - Processing file /home/airflow/.local/lib/python3.7/site-packages/airflow/example_dags/example_branch_python_dop_operator_3.py for tasks to queue
[2023-02-13T12:27:42.743+0000] {logging_mixin.py:137} INFO - [2023-02-13T12:27:42.743+0000] {dagbag.py:538} INFO - Filling up the DagBag from /home/airflow/.local/lib/python3.7/site-packages/airflow/example_dags/example_branch_python_dop_operator_3.py
[2023-02-13T12:27:42.789+0000] {processor.py:753} INFO - DAG(s) dict_keys(['example_branch_dop_operator_v3']) retrieved from /home/airflow/.local/lib/python3.7/site-packages/airflow/example_dags/example_branch_python_dop_operator_3.py
[2023-02-13T12:27:42.834+0000] {logging_mixin.py:137} INFO - [2023-02-13T12:27:42.834+0000] {dag.py:2690} INFO - Sync 1 DAGs
[2023-02-13T12:27:42.889+0000] {logging_mixin.py:137} INFO - [2023-02-13T12:27:42.889+0000] {dag.py:3441} INFO - Setting next_dagrun for example_branch_dop_operator_v3 to 2023-02-13T12:26:00+00:00, run_after=2023-02-13T12:27:00+00:00
[2023-02-13T12:27:43.044+0000] {processor.py:175} INFO - Processing /home/airflow/.local/lib/python3.7/site-packages/airflow/example_dags/example_branch_python_dop_operator_3.py took 0.327 seconds
[2023-02-13T12:28:13.418+0000] {processor.py:153} INFO - Started process (PID=2014) to work on /home/airflow/.local/lib/python3.7/site-packages/airflow/example_dags/example_branch_python_dop_operator_3.py
[2023-02-13T12:28:13.419+0000] {processor.py:743} INFO - Processing file /home/airflow/.local/lib/python3.7/site-packages/airflow/example_dags/example_branch_python_dop_operator_3.py for tasks to queue
[2023-02-13T12:28:13.420+0000] {logging_mixin.py:137} INFO - [2023-02-13T12:28:13.419+0000] {dagbag.py:538} INFO - Filling up the DagBag from /home/airflow/.local/lib/python3.7/site-packages/airflow/example_dags/example_branch_python_dop_operator_3.py
[2023-02-13T12:28:13.459+0000] {processor.py:753} INFO - DAG(s) dict_keys(['example_branch_dop_operator_v3']) retrieved from /home/airflow/.local/lib/python3.7/site-packages/airflow/example_dags/example_branch_python_dop_operator_3.py
[2023-02-13T12:28:13.491+0000] {logging_mixin.py:137} INFO - [2023-02-13T12:28:13.491+0000] {dag.py:2690} INFO - Sync 1 DAGs
[2023-02-13T12:28:13.538+0000] {logging_mixin.py:137} INFO - [2023-02-13T12:28:13.537+0000] {dag.py:3441} INFO - Setting next_dagrun for example_branch_dop_operator_v3 to 2023-02-13T12:27:00+00:00, run_after=2023-02-13T12:28:00+00:00
[2023-02-13T12:28:13.595+0000] {processor.py:175} INFO - Processing /home/airflow/.local/lib/python3.7/site-packages/airflow/example_dags/example_branch_python_dop_operator_3.py took 0.181 seconds
[2023-02-13T12:28:43.897+0000] {processor.py:153} INFO - Started process (PID=2241) to work on /home/airflow/.local/lib/python3.7/site-packages/airflow/example_dags/example_branch_python_dop_operator_3.py
[2023-02-13T12:28:43.898+0000] {processor.py:743} INFO - Processing file /home/airflow/.local/lib/python3.7/site-packages/airflow/example_dags/example_branch_python_dop_operator_3.py for tasks to queue
[2023-02-13T12:28:43.899+0000] {logging_mixin.py:137} INFO - [2023-02-13T12:28:43.898+0000] {dagbag.py:538} INFO - Filling up the DagBag from /home/airflow/.local/lib/python3.7/site-packages/airflow/example_dags/example_branch_python_dop_operator_3.py
[2023-02-13T12:28:43.933+0000] {processor.py:753} INFO - DAG(s) dict_keys(['example_branch_dop_operator_v3']) retrieved from /home/airflow/.local/lib/python3.7/site-packages/airflow/example_dags/example_branch_python_dop_operator_3.py
[2023-02-13T12:28:43.967+0000] {logging_mixin.py:137} INFO - [2023-02-13T12:28:43.966+0000] {dag.py:2690} INFO - Sync 1 DAGs
[2023-02-13T12:28:44.005+0000] {logging_mixin.py:137} INFO - [2023-02-13T12:28:44.005+0000] {dag.py:3441} INFO - Setting next_dagrun for example_branch_dop_operator_v3 to 2023-02-13T12:27:00+00:00, run_after=2023-02-13T12:28:00+00:00
[2023-02-13T12:28:44.068+0000] {processor.py:175} INFO - Processing /home/airflow/.local/lib/python3.7/site-packages/airflow/example_dags/example_branch_python_dop_operator_3.py took 0.176 seconds
[2023-02-13T12:29:14.321+0000] {processor.py:153} INFO - Started process (PID=2478) to work on /home/airflow/.local/lib/python3.7/site-packages/airflow/example_dags/example_branch_python_dop_operator_3.py
[2023-02-13T12:29:14.323+0000] {processor.py:743} INFO - Processing file /home/airflow/.local/lib/python3.7/site-packages/airflow/example_dags/example_branch_python_dop_operator_3.py for tasks to queue
[2023-02-13T12:29:14.324+0000] {logging_mixin.py:137} INFO - [2023-02-13T12:29:14.323+0000] {dagbag.py:538} INFO - Filling up the DagBag from /home/airflow/.local/lib/python3.7/site-packages/airflow/example_dags/example_branch_python_dop_operator_3.py
[2023-02-13T12:29:14.372+0000] {processor.py:753} INFO - DAG(s) dict_keys(['example_branch_dop_operator_v3']) retrieved from /home/airflow/.local/lib/python3.7/site-packages/airflow/example_dags/example_branch_python_dop_operator_3.py
[2023-02-13T12:29:14.413+0000] {logging_mixin.py:137} INFO - [2023-02-13T12:29:14.413+0000] {dag.py:2690} INFO - Sync 1 DAGs
[2023-02-13T12:29:14.469+0000] {logging_mixin.py:137} INFO - [2023-02-13T12:29:14.469+0000] {dag.py:3441} INFO - Setting next_dagrun for example_branch_dop_operator_v3 to 2023-02-13T12:28:00+00:00, run_after=2023-02-13T12:29:00+00:00
[2023-02-13T12:29:14.531+0000] {processor.py:175} INFO - Processing /home/airflow/.local/lib/python3.7/site-packages/airflow/example_dags/example_branch_python_dop_operator_3.py took 0.215 seconds
