[2023-02-13T12:21:32.691+0000] {processor.py:153} INFO - Started process (PID=208) to work on /home/airflow/.local/lib/python3.7/site-packages/airflow/example_dags/example_trigger_target_dag.py
[2023-02-13T12:21:32.693+0000] {processor.py:743} INFO - Processing file /home/airflow/.local/lib/python3.7/site-packages/airflow/example_dags/example_trigger_target_dag.py for tasks to queue
[2023-02-13T12:21:32.694+0000] {logging_mixin.py:137} INFO - [2023-02-13T12:21:32.694+0000] {dagbag.py:538} INFO - Filling up the DagBag from /home/airflow/.local/lib/python3.7/site-packages/airflow/example_dags/example_trigger_target_dag.py
[2023-02-13T12:21:32.741+0000] {processor.py:753} INFO - DAG(s) dict_keys(['example_trigger_target_dag']) retrieved from /home/airflow/.local/lib/python3.7/site-packages/airflow/example_dags/example_trigger_target_dag.py
[2023-02-13T12:21:32.772+0000] {logging_mixin.py:137} INFO - [2023-02-13T12:21:32.772+0000] {dag.py:2690} INFO - Sync 1 DAGs
[2023-02-13T12:21:32.810+0000] {logging_mixin.py:137} INFO - [2023-02-13T12:21:32.810+0000] {dag.py:3441} INFO - Setting next_dagrun for example_trigger_target_dag to None, run_after=None
[2023-02-13T12:21:32.992+0000] {processor.py:175} INFO - Processing /home/airflow/.local/lib/python3.7/site-packages/airflow/example_dags/example_trigger_target_dag.py took 0.307 seconds
[2023-02-13T12:22:03.424+0000] {processor.py:153} INFO - Started process (PID=434) to work on /home/airflow/.local/lib/python3.7/site-packages/airflow/example_dags/example_trigger_target_dag.py
[2023-02-13T12:22:03.425+0000] {processor.py:743} INFO - Processing file /home/airflow/.local/lib/python3.7/site-packages/airflow/example_dags/example_trigger_target_dag.py for tasks to queue
[2023-02-13T12:22:03.426+0000] {logging_mixin.py:137} INFO - [2023-02-13T12:22:03.426+0000] {dagbag.py:538} INFO - Filling up the DagBag from /home/airflow/.local/lib/python3.7/site-packages/airflow/example_dags/example_trigger_target_dag.py
[2023-02-13T12:22:03.464+0000] {processor.py:753} INFO - DAG(s) dict_keys(['example_trigger_target_dag']) retrieved from /home/airflow/.local/lib/python3.7/site-packages/airflow/example_dags/example_trigger_target_dag.py
[2023-02-13T12:22:03.504+0000] {logging_mixin.py:137} INFO - [2023-02-13T12:22:03.504+0000] {dag.py:2690} INFO - Sync 1 DAGs
[2023-02-13T12:22:03.554+0000] {logging_mixin.py:137} INFO - [2023-02-13T12:22:03.553+0000] {dag.py:3441} INFO - Setting next_dagrun for example_trigger_target_dag to None, run_after=None
[2023-02-13T12:22:03.619+0000] {processor.py:175} INFO - Processing /home/airflow/.local/lib/python3.7/site-packages/airflow/example_dags/example_trigger_target_dag.py took 0.202 seconds
[2023-02-13T12:22:34.497+0000] {processor.py:153} INFO - Started process (PID=670) to work on /home/airflow/.local/lib/python3.7/site-packages/airflow/example_dags/example_trigger_target_dag.py
[2023-02-13T12:22:34.633+0000] {processor.py:743} INFO - Processing file /home/airflow/.local/lib/python3.7/site-packages/airflow/example_dags/example_trigger_target_dag.py for tasks to queue
[2023-02-13T12:22:34.634+0000] {logging_mixin.py:137} INFO - [2023-02-13T12:22:34.634+0000] {dagbag.py:538} INFO - Filling up the DagBag from /home/airflow/.local/lib/python3.7/site-packages/airflow/example_dags/example_trigger_target_dag.py
[2023-02-13T12:22:34.664+0000] {processor.py:753} INFO - DAG(s) dict_keys(['example_trigger_target_dag']) retrieved from /home/airflow/.local/lib/python3.7/site-packages/airflow/example_dags/example_trigger_target_dag.py
[2023-02-13T12:22:34.692+0000] {logging_mixin.py:137} INFO - [2023-02-13T12:22:34.692+0000] {dag.py:2690} INFO - Sync 1 DAGs
[2023-02-13T12:22:34.719+0000] {logging_mixin.py:137} INFO - [2023-02-13T12:22:34.719+0000] {dag.py:3441} INFO - Setting next_dagrun for example_trigger_target_dag to None, run_after=None
[2023-02-13T12:22:34.854+0000] {processor.py:175} INFO - Processing /home/airflow/.local/lib/python3.7/site-packages/airflow/example_dags/example_trigger_target_dag.py took 0.363 seconds
[2023-02-13T12:24:08.477+0000] {processor.py:153} INFO - Started process (PID=213) to work on /home/airflow/.local/lib/python3.7/site-packages/airflow/example_dags/example_trigger_target_dag.py
[2023-02-13T12:24:08.488+0000] {processor.py:743} INFO - Processing file /home/airflow/.local/lib/python3.7/site-packages/airflow/example_dags/example_trigger_target_dag.py for tasks to queue
[2023-02-13T12:24:08.489+0000] {logging_mixin.py:137} INFO - [2023-02-13T12:24:08.489+0000] {dagbag.py:538} INFO - Filling up the DagBag from /home/airflow/.local/lib/python3.7/site-packages/airflow/example_dags/example_trigger_target_dag.py
[2023-02-13T12:24:08.531+0000] {processor.py:753} INFO - DAG(s) dict_keys(['example_trigger_target_dag']) retrieved from /home/airflow/.local/lib/python3.7/site-packages/airflow/example_dags/example_trigger_target_dag.py
[2023-02-13T12:24:08.583+0000] {logging_mixin.py:137} INFO - [2023-02-13T12:24:08.582+0000] {dag.py:2690} INFO - Sync 1 DAGs
[2023-02-13T12:24:08.659+0000] {logging_mixin.py:137} INFO - [2023-02-13T12:24:08.659+0000] {dag.py:3441} INFO - Setting next_dagrun for example_trigger_target_dag to None, run_after=None
[2023-02-13T12:24:08.757+0000] {processor.py:175} INFO - Processing /home/airflow/.local/lib/python3.7/site-packages/airflow/example_dags/example_trigger_target_dag.py took 0.286 seconds
[2023-02-13T12:24:39.071+0000] {processor.py:153} INFO - Started process (PID=440) to work on /home/airflow/.local/lib/python3.7/site-packages/airflow/example_dags/example_trigger_target_dag.py
[2023-02-13T12:24:39.081+0000] {processor.py:743} INFO - Processing file /home/airflow/.local/lib/python3.7/site-packages/airflow/example_dags/example_trigger_target_dag.py for tasks to queue
[2023-02-13T12:24:39.082+0000] {logging_mixin.py:137} INFO - [2023-02-13T12:24:39.082+0000] {dagbag.py:538} INFO - Filling up the DagBag from /home/airflow/.local/lib/python3.7/site-packages/airflow/example_dags/example_trigger_target_dag.py
[2023-02-13T12:24:39.139+0000] {processor.py:753} INFO - DAG(s) dict_keys(['example_trigger_target_dag']) retrieved from /home/airflow/.local/lib/python3.7/site-packages/airflow/example_dags/example_trigger_target_dag.py
[2023-02-13T12:24:39.190+0000] {logging_mixin.py:137} INFO - [2023-02-13T12:24:39.190+0000] {dag.py:2690} INFO - Sync 1 DAGs
[2023-02-13T12:24:39.251+0000] {logging_mixin.py:137} INFO - [2023-02-13T12:24:39.250+0000] {dag.py:3441} INFO - Setting next_dagrun for example_trigger_target_dag to None, run_after=None
[2023-02-13T12:24:39.323+0000] {processor.py:175} INFO - Processing /home/airflow/.local/lib/python3.7/site-packages/airflow/example_dags/example_trigger_target_dag.py took 0.258 seconds
[2023-02-13T12:25:10.446+0000] {processor.py:153} INFO - Started process (PID=667) to work on /home/airflow/.local/lib/python3.7/site-packages/airflow/example_dags/example_trigger_target_dag.py
[2023-02-13T12:25:10.452+0000] {processor.py:743} INFO - Processing file /home/airflow/.local/lib/python3.7/site-packages/airflow/example_dags/example_trigger_target_dag.py for tasks to queue
[2023-02-13T12:25:10.453+0000] {logging_mixin.py:137} INFO - [2023-02-13T12:25:10.453+0000] {dagbag.py:538} INFO - Filling up the DagBag from /home/airflow/.local/lib/python3.7/site-packages/airflow/example_dags/example_trigger_target_dag.py
[2023-02-13T12:25:10.509+0000] {processor.py:753} INFO - DAG(s) dict_keys(['example_trigger_target_dag']) retrieved from /home/airflow/.local/lib/python3.7/site-packages/airflow/example_dags/example_trigger_target_dag.py
[2023-02-13T12:25:10.542+0000] {logging_mixin.py:137} INFO - [2023-02-13T12:25:10.542+0000] {dag.py:2690} INFO - Sync 1 DAGs
[2023-02-13T12:25:10.579+0000] {logging_mixin.py:137} INFO - [2023-02-13T12:25:10.578+0000] {dag.py:3441} INFO - Setting next_dagrun for example_trigger_target_dag to None, run_after=None
[2023-02-13T12:25:10.631+0000] {processor.py:175} INFO - Processing /home/airflow/.local/lib/python3.7/site-packages/airflow/example_dags/example_trigger_target_dag.py took 0.194 seconds
[2023-02-13T12:25:41.034+0000] {processor.py:153} INFO - Started process (PID=894) to work on /home/airflow/.local/lib/python3.7/site-packages/airflow/example_dags/example_trigger_target_dag.py
[2023-02-13T12:25:41.119+0000] {processor.py:743} INFO - Processing file /home/airflow/.local/lib/python3.7/site-packages/airflow/example_dags/example_trigger_target_dag.py for tasks to queue
[2023-02-13T12:25:41.122+0000] {logging_mixin.py:137} INFO - [2023-02-13T12:25:41.121+0000] {dagbag.py:538} INFO - Filling up the DagBag from /home/airflow/.local/lib/python3.7/site-packages/airflow/example_dags/example_trigger_target_dag.py
[2023-02-13T12:25:41.167+0000] {processor.py:753} INFO - DAG(s) dict_keys(['example_trigger_target_dag']) retrieved from /home/airflow/.local/lib/python3.7/site-packages/airflow/example_dags/example_trigger_target_dag.py
[2023-02-13T12:25:41.223+0000] {logging_mixin.py:137} INFO - [2023-02-13T12:25:41.223+0000] {dag.py:2690} INFO - Sync 1 DAGs
[2023-02-13T12:25:41.293+0000] {logging_mixin.py:137} INFO - [2023-02-13T12:25:41.293+0000] {dag.py:3441} INFO - Setting next_dagrun for example_trigger_target_dag to None, run_after=None
[2023-02-13T12:25:41.366+0000] {processor.py:175} INFO - Processing /home/airflow/.local/lib/python3.7/site-packages/airflow/example_dags/example_trigger_target_dag.py took 0.339 seconds
[2023-02-13T12:26:12.223+0000] {processor.py:153} INFO - Started process (PID=1121) to work on /home/airflow/.local/lib/python3.7/site-packages/airflow/example_dags/example_trigger_target_dag.py
[2023-02-13T12:26:12.243+0000] {processor.py:743} INFO - Processing file /home/airflow/.local/lib/python3.7/site-packages/airflow/example_dags/example_trigger_target_dag.py for tasks to queue
[2023-02-13T12:26:12.246+0000] {logging_mixin.py:137} INFO - [2023-02-13T12:26:12.245+0000] {dagbag.py:538} INFO - Filling up the DagBag from /home/airflow/.local/lib/python3.7/site-packages/airflow/example_dags/example_trigger_target_dag.py
[2023-02-13T12:26:12.298+0000] {processor.py:753} INFO - DAG(s) dict_keys(['example_trigger_target_dag']) retrieved from /home/airflow/.local/lib/python3.7/site-packages/airflow/example_dags/example_trigger_target_dag.py
[2023-02-13T12:26:12.347+0000] {logging_mixin.py:137} INFO - [2023-02-13T12:26:12.347+0000] {dag.py:2690} INFO - Sync 1 DAGs
[2023-02-13T12:26:12.405+0000] {logging_mixin.py:137} INFO - [2023-02-13T12:26:12.405+0000] {dag.py:3441} INFO - Setting next_dagrun for example_trigger_target_dag to None, run_after=None
[2023-02-13T12:26:12.475+0000] {processor.py:175} INFO - Processing /home/airflow/.local/lib/python3.7/site-packages/airflow/example_dags/example_trigger_target_dag.py took 0.256 seconds
[2023-02-13T12:26:42.737+0000] {processor.py:153} INFO - Started process (PID=1347) to work on /home/airflow/.local/lib/python3.7/site-packages/airflow/example_dags/example_trigger_target_dag.py
[2023-02-13T12:26:42.771+0000] {processor.py:743} INFO - Processing file /home/airflow/.local/lib/python3.7/site-packages/airflow/example_dags/example_trigger_target_dag.py for tasks to queue
[2023-02-13T12:26:42.774+0000] {logging_mixin.py:137} INFO - [2023-02-13T12:26:42.773+0000] {dagbag.py:538} INFO - Filling up the DagBag from /home/airflow/.local/lib/python3.7/site-packages/airflow/example_dags/example_trigger_target_dag.py
[2023-02-13T12:26:42.820+0000] {processor.py:753} INFO - DAG(s) dict_keys(['example_trigger_target_dag']) retrieved from /home/airflow/.local/lib/python3.7/site-packages/airflow/example_dags/example_trigger_target_dag.py
[2023-02-13T12:26:42.851+0000] {logging_mixin.py:137} INFO - [2023-02-13T12:26:42.850+0000] {dag.py:2690} INFO - Sync 1 DAGs
[2023-02-13T12:26:42.883+0000] {logging_mixin.py:137} INFO - [2023-02-13T12:26:42.883+0000] {dag.py:3441} INFO - Setting next_dagrun for example_trigger_target_dag to None, run_after=None
[2023-02-13T12:26:43.261+0000] {processor.py:175} INFO - Processing /home/airflow/.local/lib/python3.7/site-packages/airflow/example_dags/example_trigger_target_dag.py took 0.531 seconds
[2023-02-13T12:27:13.923+0000] {processor.py:153} INFO - Started process (PID=1577) to work on /home/airflow/.local/lib/python3.7/site-packages/airflow/example_dags/example_trigger_target_dag.py
[2023-02-13T12:27:13.924+0000] {processor.py:743} INFO - Processing file /home/airflow/.local/lib/python3.7/site-packages/airflow/example_dags/example_trigger_target_dag.py for tasks to queue
[2023-02-13T12:27:13.925+0000] {logging_mixin.py:137} INFO - [2023-02-13T12:27:13.925+0000] {dagbag.py:538} INFO - Filling up the DagBag from /home/airflow/.local/lib/python3.7/site-packages/airflow/example_dags/example_trigger_target_dag.py
[2023-02-13T12:27:13.955+0000] {processor.py:753} INFO - DAG(s) dict_keys(['example_trigger_target_dag']) retrieved from /home/airflow/.local/lib/python3.7/site-packages/airflow/example_dags/example_trigger_target_dag.py
[2023-02-13T12:27:13.983+0000] {logging_mixin.py:137} INFO - [2023-02-13T12:27:13.983+0000] {dag.py:2690} INFO - Sync 1 DAGs
[2023-02-13T12:27:14.013+0000] {logging_mixin.py:137} INFO - [2023-02-13T12:27:14.012+0000] {dag.py:3441} INFO - Setting next_dagrun for example_trigger_target_dag to None, run_after=None
[2023-02-13T12:27:14.066+0000] {processor.py:175} INFO - Processing /home/airflow/.local/lib/python3.7/site-packages/airflow/example_dags/example_trigger_target_dag.py took 0.146 seconds
[2023-02-13T12:27:44.695+0000] {processor.py:153} INFO - Started process (PID=1802) to work on /home/airflow/.local/lib/python3.7/site-packages/airflow/example_dags/example_trigger_target_dag.py
[2023-02-13T12:27:44.708+0000] {processor.py:743} INFO - Processing file /home/airflow/.local/lib/python3.7/site-packages/airflow/example_dags/example_trigger_target_dag.py for tasks to queue
[2023-02-13T12:27:44.711+0000] {logging_mixin.py:137} INFO - [2023-02-13T12:27:44.710+0000] {dagbag.py:538} INFO - Filling up the DagBag from /home/airflow/.local/lib/python3.7/site-packages/airflow/example_dags/example_trigger_target_dag.py
[2023-02-13T12:27:44.763+0000] {processor.py:753} INFO - DAG(s) dict_keys(['example_trigger_target_dag']) retrieved from /home/airflow/.local/lib/python3.7/site-packages/airflow/example_dags/example_trigger_target_dag.py
[2023-02-13T12:27:44.805+0000] {logging_mixin.py:137} INFO - [2023-02-13T12:27:44.805+0000] {dag.py:2690} INFO - Sync 1 DAGs
[2023-02-13T12:27:44.852+0000] {logging_mixin.py:137} INFO - [2023-02-13T12:27:44.852+0000] {dag.py:3441} INFO - Setting next_dagrun for example_trigger_target_dag to None, run_after=None
[2023-02-13T12:27:44.919+0000] {processor.py:175} INFO - Processing /home/airflow/.local/lib/python3.7/site-packages/airflow/example_dags/example_trigger_target_dag.py took 0.238 seconds
[2023-02-13T12:28:15.915+0000] {processor.py:153} INFO - Started process (PID=2031) to work on /home/airflow/.local/lib/python3.7/site-packages/airflow/example_dags/example_trigger_target_dag.py
[2023-02-13T12:28:15.916+0000] {processor.py:743} INFO - Processing file /home/airflow/.local/lib/python3.7/site-packages/airflow/example_dags/example_trigger_target_dag.py for tasks to queue
[2023-02-13T12:28:15.916+0000] {logging_mixin.py:137} INFO - [2023-02-13T12:28:15.916+0000] {dagbag.py:538} INFO - Filling up the DagBag from /home/airflow/.local/lib/python3.7/site-packages/airflow/example_dags/example_trigger_target_dag.py
[2023-02-13T12:28:15.946+0000] {processor.py:753} INFO - DAG(s) dict_keys(['example_trigger_target_dag']) retrieved from /home/airflow/.local/lib/python3.7/site-packages/airflow/example_dags/example_trigger_target_dag.py
[2023-02-13T12:28:15.974+0000] {logging_mixin.py:137} INFO - [2023-02-13T12:28:15.974+0000] {dag.py:2690} INFO - Sync 1 DAGs
[2023-02-13T12:28:16.003+0000] {logging_mixin.py:137} INFO - [2023-02-13T12:28:16.003+0000] {dag.py:3441} INFO - Setting next_dagrun for example_trigger_target_dag to None, run_after=None
[2023-02-13T12:28:16.082+0000] {processor.py:175} INFO - Processing /home/airflow/.local/lib/python3.7/site-packages/airflow/example_dags/example_trigger_target_dag.py took 0.171 seconds
[2023-02-13T12:28:46.405+0000] {processor.py:153} INFO - Started process (PID=2258) to work on /home/airflow/.local/lib/python3.7/site-packages/airflow/example_dags/example_trigger_target_dag.py
[2023-02-13T12:28:46.431+0000] {processor.py:743} INFO - Processing file /home/airflow/.local/lib/python3.7/site-packages/airflow/example_dags/example_trigger_target_dag.py for tasks to queue
[2023-02-13T12:28:46.431+0000] {logging_mixin.py:137} INFO - [2023-02-13T12:28:46.431+0000] {dagbag.py:538} INFO - Filling up the DagBag from /home/airflow/.local/lib/python3.7/site-packages/airflow/example_dags/example_trigger_target_dag.py
[2023-02-13T12:28:46.459+0000] {processor.py:753} INFO - DAG(s) dict_keys(['example_trigger_target_dag']) retrieved from /home/airflow/.local/lib/python3.7/site-packages/airflow/example_dags/example_trigger_target_dag.py
[2023-02-13T12:28:46.489+0000] {logging_mixin.py:137} INFO - [2023-02-13T12:28:46.489+0000] {dag.py:2690} INFO - Sync 1 DAGs
[2023-02-13T12:28:46.519+0000] {logging_mixin.py:137} INFO - [2023-02-13T12:28:46.519+0000] {dag.py:3441} INFO - Setting next_dagrun for example_trigger_target_dag to None, run_after=None
[2023-02-13T12:28:46.745+0000] {processor.py:175} INFO - Processing /home/airflow/.local/lib/python3.7/site-packages/airflow/example_dags/example_trigger_target_dag.py took 0.345 seconds
[2023-02-13T12:29:16.864+0000] {processor.py:153} INFO - Started process (PID=2500) to work on /home/airflow/.local/lib/python3.7/site-packages/airflow/example_dags/example_trigger_target_dag.py
[2023-02-13T12:29:16.928+0000] {processor.py:743} INFO - Processing file /home/airflow/.local/lib/python3.7/site-packages/airflow/example_dags/example_trigger_target_dag.py for tasks to queue
[2023-02-13T12:29:16.930+0000] {logging_mixin.py:137} INFO - [2023-02-13T12:29:16.929+0000] {dagbag.py:538} INFO - Filling up the DagBag from /home/airflow/.local/lib/python3.7/site-packages/airflow/example_dags/example_trigger_target_dag.py
[2023-02-13T12:29:16.991+0000] {processor.py:753} INFO - DAG(s) dict_keys(['example_trigger_target_dag']) retrieved from /home/airflow/.local/lib/python3.7/site-packages/airflow/example_dags/example_trigger_target_dag.py
[2023-02-13T12:29:17.023+0000] {logging_mixin.py:137} INFO - [2023-02-13T12:29:17.023+0000] {dag.py:2690} INFO - Sync 1 DAGs
[2023-02-13T12:29:17.052+0000] {logging_mixin.py:137} INFO - [2023-02-13T12:29:17.052+0000] {dag.py:3441} INFO - Setting next_dagrun for example_trigger_target_dag to None, run_after=None
[2023-02-13T12:29:17.193+0000] {processor.py:175} INFO - Processing /home/airflow/.local/lib/python3.7/site-packages/airflow/example_dags/example_trigger_target_dag.py took 0.334 seconds
