[2023-02-13T12:21:33.921+0000] {processor.py:153} INFO - Started process (PID=240) to work on /home/airflow/.local/lib/python3.7/site-packages/airflow/example_dags/example_skip_dag.py
[2023-02-13T12:21:33.922+0000] {processor.py:743} INFO - Processing file /home/airflow/.local/lib/python3.7/site-packages/airflow/example_dags/example_skip_dag.py for tasks to queue
[2023-02-13T12:21:33.923+0000] {logging_mixin.py:137} INFO - [2023-02-13T12:21:33.923+0000] {dagbag.py:538} INFO - Filling up the DagBag from /home/airflow/.local/lib/python3.7/site-packages/airflow/example_dags/example_skip_dag.py
[2023-02-13T12:21:33.951+0000] {processor.py:753} INFO - DAG(s) dict_keys(['example_skip_dag']) retrieved from /home/airflow/.local/lib/python3.7/site-packages/airflow/example_dags/example_skip_dag.py
[2023-02-13T12:21:33.994+0000] {logging_mixin.py:137} INFO - [2023-02-13T12:21:33.994+0000] {dag.py:2690} INFO - Sync 1 DAGs
[2023-02-13T12:21:34.030+0000] {logging_mixin.py:137} INFO - [2023-02-13T12:21:34.030+0000] {dag.py:3441} INFO - Setting next_dagrun for example_skip_dag to 2023-02-12T12:21:34.030215+00:00, run_after=2023-02-13T12:21:34.030215+00:00
[2023-02-13T12:21:34.091+0000] {processor.py:175} INFO - Processing /home/airflow/.local/lib/python3.7/site-packages/airflow/example_dags/example_skip_dag.py took 0.176 seconds
[2023-02-13T12:22:04.207+0000] {processor.py:153} INFO - Started process (PID=466) to work on /home/airflow/.local/lib/python3.7/site-packages/airflow/example_dags/example_skip_dag.py
[2023-02-13T12:22:04.208+0000] {processor.py:743} INFO - Processing file /home/airflow/.local/lib/python3.7/site-packages/airflow/example_dags/example_skip_dag.py for tasks to queue
[2023-02-13T12:22:04.209+0000] {logging_mixin.py:137} INFO - [2023-02-13T12:22:04.209+0000] {dagbag.py:538} INFO - Filling up the DagBag from /home/airflow/.local/lib/python3.7/site-packages/airflow/example_dags/example_skip_dag.py
[2023-02-13T12:22:04.229+0000] {processor.py:753} INFO - DAG(s) dict_keys(['example_skip_dag']) retrieved from /home/airflow/.local/lib/python3.7/site-packages/airflow/example_dags/example_skip_dag.py
[2023-02-13T12:22:04.258+0000] {logging_mixin.py:137} INFO - [2023-02-13T12:22:04.258+0000] {dag.py:2690} INFO - Sync 1 DAGs
[2023-02-13T12:22:04.287+0000] {logging_mixin.py:137} INFO - [2023-02-13T12:22:04.287+0000] {dag.py:3441} INFO - Setting next_dagrun for example_skip_dag to 2023-02-12T12:22:04.287322+00:00, run_after=2023-02-13T12:22:04.287322+00:00
[2023-02-13T12:22:04.332+0000] {processor.py:175} INFO - Processing /home/airflow/.local/lib/python3.7/site-packages/airflow/example_dags/example_skip_dag.py took 0.130 seconds
[2023-02-13T12:22:36.138+0000] {processor.py:153} INFO - Started process (PID=701) to work on /home/airflow/.local/lib/python3.7/site-packages/airflow/example_dags/example_skip_dag.py
[2023-02-13T12:22:36.139+0000] {processor.py:743} INFO - Processing file /home/airflow/.local/lib/python3.7/site-packages/airflow/example_dags/example_skip_dag.py for tasks to queue
[2023-02-13T12:22:36.140+0000] {logging_mixin.py:137} INFO - [2023-02-13T12:22:36.140+0000] {dagbag.py:538} INFO - Filling up the DagBag from /home/airflow/.local/lib/python3.7/site-packages/airflow/example_dags/example_skip_dag.py
[2023-02-13T12:22:36.160+0000] {processor.py:753} INFO - DAG(s) dict_keys(['example_skip_dag']) retrieved from /home/airflow/.local/lib/python3.7/site-packages/airflow/example_dags/example_skip_dag.py
[2023-02-13T12:22:36.202+0000] {logging_mixin.py:137} INFO - [2023-02-13T12:22:36.202+0000] {dag.py:2690} INFO - Sync 1 DAGs
[2023-02-13T12:22:36.255+0000] {logging_mixin.py:137} INFO - [2023-02-13T12:22:36.255+0000] {dag.py:3441} INFO - Setting next_dagrun for example_skip_dag to 2023-02-12T12:22:36.255335+00:00, run_after=2023-02-13T12:22:36.255335+00:00
[2023-02-13T12:22:36.318+0000] {processor.py:175} INFO - Processing /home/airflow/.local/lib/python3.7/site-packages/airflow/example_dags/example_skip_dag.py took 0.184 seconds
[2023-02-13T12:24:09.513+0000] {processor.py:153} INFO - Started process (PID=243) to work on /home/airflow/.local/lib/python3.7/site-packages/airflow/example_dags/example_skip_dag.py
[2023-02-13T12:24:09.531+0000] {processor.py:743} INFO - Processing file /home/airflow/.local/lib/python3.7/site-packages/airflow/example_dags/example_skip_dag.py for tasks to queue
[2023-02-13T12:24:09.533+0000] {logging_mixin.py:137} INFO - [2023-02-13T12:24:09.532+0000] {dagbag.py:538} INFO - Filling up the DagBag from /home/airflow/.local/lib/python3.7/site-packages/airflow/example_dags/example_skip_dag.py
[2023-02-13T12:24:09.564+0000] {processor.py:753} INFO - DAG(s) dict_keys(['example_skip_dag']) retrieved from /home/airflow/.local/lib/python3.7/site-packages/airflow/example_dags/example_skip_dag.py
[2023-02-13T12:24:09.619+0000] {logging_mixin.py:137} INFO - [2023-02-13T12:24:09.618+0000] {dag.py:2690} INFO - Sync 1 DAGs
[2023-02-13T12:24:09.688+0000] {logging_mixin.py:137} INFO - [2023-02-13T12:24:09.688+0000] {dag.py:3441} INFO - Setting next_dagrun for example_skip_dag to 2023-02-12T12:24:09.688128+00:00, run_after=2023-02-13T12:24:09.688128+00:00
[2023-02-13T12:24:09.764+0000] {processor.py:175} INFO - Processing /home/airflow/.local/lib/python3.7/site-packages/airflow/example_dags/example_skip_dag.py took 0.257 seconds
[2023-02-13T12:24:39.958+0000] {processor.py:153} INFO - Started process (PID=470) to work on /home/airflow/.local/lib/python3.7/site-packages/airflow/example_dags/example_skip_dag.py
[2023-02-13T12:24:39.961+0000] {processor.py:743} INFO - Processing file /home/airflow/.local/lib/python3.7/site-packages/airflow/example_dags/example_skip_dag.py for tasks to queue
[2023-02-13T12:24:39.964+0000] {logging_mixin.py:137} INFO - [2023-02-13T12:24:39.963+0000] {dagbag.py:538} INFO - Filling up the DagBag from /home/airflow/.local/lib/python3.7/site-packages/airflow/example_dags/example_skip_dag.py
[2023-02-13T12:24:39.988+0000] {processor.py:753} INFO - DAG(s) dict_keys(['example_skip_dag']) retrieved from /home/airflow/.local/lib/python3.7/site-packages/airflow/example_dags/example_skip_dag.py
[2023-02-13T12:24:40.052+0000] {logging_mixin.py:137} INFO - [2023-02-13T12:24:40.052+0000] {dag.py:2690} INFO - Sync 1 DAGs
[2023-02-13T12:24:40.132+0000] {logging_mixin.py:137} INFO - [2023-02-13T12:24:40.132+0000] {dag.py:3441} INFO - Setting next_dagrun for example_skip_dag to 2023-02-12T12:24:40.131704+00:00, run_after=2023-02-13T12:24:40.131704+00:00
[2023-02-13T12:24:40.235+0000] {processor.py:175} INFO - Processing /home/airflow/.local/lib/python3.7/site-packages/airflow/example_dags/example_skip_dag.py took 0.283 seconds
[2023-02-13T12:25:11.106+0000] {processor.py:153} INFO - Started process (PID=697) to work on /home/airflow/.local/lib/python3.7/site-packages/airflow/example_dags/example_skip_dag.py
[2023-02-13T12:25:11.107+0000] {processor.py:743} INFO - Processing file /home/airflow/.local/lib/python3.7/site-packages/airflow/example_dags/example_skip_dag.py for tasks to queue
[2023-02-13T12:25:11.107+0000] {logging_mixin.py:137} INFO - [2023-02-13T12:25:11.107+0000] {dagbag.py:538} INFO - Filling up the DagBag from /home/airflow/.local/lib/python3.7/site-packages/airflow/example_dags/example_skip_dag.py
[2023-02-13T12:25:11.128+0000] {processor.py:753} INFO - DAG(s) dict_keys(['example_skip_dag']) retrieved from /home/airflow/.local/lib/python3.7/site-packages/airflow/example_dags/example_skip_dag.py
[2023-02-13T12:25:11.165+0000] {logging_mixin.py:137} INFO - [2023-02-13T12:25:11.165+0000] {dag.py:2690} INFO - Sync 1 DAGs
[2023-02-13T12:25:11.227+0000] {logging_mixin.py:137} INFO - [2023-02-13T12:25:11.226+0000] {dag.py:3441} INFO - Setting next_dagrun for example_skip_dag to 2023-02-12T12:25:11.226280+00:00, run_after=2023-02-13T12:25:11.226280+00:00
[2023-02-13T12:25:11.367+0000] {processor.py:175} INFO - Processing /home/airflow/.local/lib/python3.7/site-packages/airflow/example_dags/example_skip_dag.py took 0.267 seconds
[2023-02-13T12:25:42.264+0000] {processor.py:153} INFO - Started process (PID=924) to work on /home/airflow/.local/lib/python3.7/site-packages/airflow/example_dags/example_skip_dag.py
[2023-02-13T12:25:42.362+0000] {processor.py:743} INFO - Processing file /home/airflow/.local/lib/python3.7/site-packages/airflow/example_dags/example_skip_dag.py for tasks to queue
[2023-02-13T12:25:42.364+0000] {logging_mixin.py:137} INFO - [2023-02-13T12:25:42.363+0000] {dagbag.py:538} INFO - Filling up the DagBag from /home/airflow/.local/lib/python3.7/site-packages/airflow/example_dags/example_skip_dag.py
[2023-02-13T12:25:42.395+0000] {processor.py:753} INFO - DAG(s) dict_keys(['example_skip_dag']) retrieved from /home/airflow/.local/lib/python3.7/site-packages/airflow/example_dags/example_skip_dag.py
[2023-02-13T12:25:42.449+0000] {logging_mixin.py:137} INFO - [2023-02-13T12:25:42.449+0000] {dag.py:2690} INFO - Sync 1 DAGs
[2023-02-13T12:25:42.506+0000] {logging_mixin.py:137} INFO - [2023-02-13T12:25:42.506+0000] {dag.py:3441} INFO - Setting next_dagrun for example_skip_dag to 2023-02-12T12:25:42.506156+00:00, run_after=2023-02-13T12:25:42.506156+00:00
[2023-02-13T12:25:42.665+0000] {processor.py:175} INFO - Processing /home/airflow/.local/lib/python3.7/site-packages/airflow/example_dags/example_skip_dag.py took 0.411 seconds
[2023-02-13T12:26:13.195+0000] {processor.py:153} INFO - Started process (PID=1151) to work on /home/airflow/.local/lib/python3.7/site-packages/airflow/example_dags/example_skip_dag.py
[2023-02-13T12:26:13.219+0000] {processor.py:743} INFO - Processing file /home/airflow/.local/lib/python3.7/site-packages/airflow/example_dags/example_skip_dag.py for tasks to queue
[2023-02-13T12:26:13.220+0000] {logging_mixin.py:137} INFO - [2023-02-13T12:26:13.219+0000] {dagbag.py:538} INFO - Filling up the DagBag from /home/airflow/.local/lib/python3.7/site-packages/airflow/example_dags/example_skip_dag.py
[2023-02-13T12:26:13.254+0000] {processor.py:753} INFO - DAG(s) dict_keys(['example_skip_dag']) retrieved from /home/airflow/.local/lib/python3.7/site-packages/airflow/example_dags/example_skip_dag.py
[2023-02-13T12:26:13.313+0000] {logging_mixin.py:137} INFO - [2023-02-13T12:26:13.312+0000] {dag.py:2690} INFO - Sync 1 DAGs
[2023-02-13T12:26:13.381+0000] {logging_mixin.py:137} INFO - [2023-02-13T12:26:13.381+0000] {dag.py:3441} INFO - Setting next_dagrun for example_skip_dag to 2023-02-12T12:26:13.380383+00:00, run_after=2023-02-13T12:26:13.380383+00:00
[2023-02-13T12:26:13.454+0000] {processor.py:175} INFO - Processing /home/airflow/.local/lib/python3.7/site-packages/airflow/example_dags/example_skip_dag.py took 0.264 seconds
[2023-02-13T12:26:43.803+0000] {processor.py:153} INFO - Started process (PID=1377) to work on /home/airflow/.local/lib/python3.7/site-packages/airflow/example_dags/example_skip_dag.py
[2023-02-13T12:26:43.804+0000] {processor.py:743} INFO - Processing file /home/airflow/.local/lib/python3.7/site-packages/airflow/example_dags/example_skip_dag.py for tasks to queue
[2023-02-13T12:26:43.804+0000] {logging_mixin.py:137} INFO - [2023-02-13T12:26:43.804+0000] {dagbag.py:538} INFO - Filling up the DagBag from /home/airflow/.local/lib/python3.7/site-packages/airflow/example_dags/example_skip_dag.py
[2023-02-13T12:26:43.820+0000] {processor.py:753} INFO - DAG(s) dict_keys(['example_skip_dag']) retrieved from /home/airflow/.local/lib/python3.7/site-packages/airflow/example_dags/example_skip_dag.py
[2023-02-13T12:26:43.848+0000] {logging_mixin.py:137} INFO - [2023-02-13T12:26:43.848+0000] {dag.py:2690} INFO - Sync 1 DAGs
[2023-02-13T12:26:43.876+0000] {logging_mixin.py:137} INFO - [2023-02-13T12:26:43.876+0000] {dag.py:3441} INFO - Setting next_dagrun for example_skip_dag to 2023-02-12T12:26:43.876494+00:00, run_after=2023-02-13T12:26:43.876494+00:00
[2023-02-13T12:26:43.935+0000] {processor.py:175} INFO - Processing /home/airflow/.local/lib/python3.7/site-packages/airflow/example_dags/example_skip_dag.py took 0.135 seconds
[2023-02-13T12:27:14.592+0000] {processor.py:153} INFO - Started process (PID=1605) to work on /home/airflow/.local/lib/python3.7/site-packages/airflow/example_dags/example_skip_dag.py
[2023-02-13T12:27:14.592+0000] {processor.py:743} INFO - Processing file /home/airflow/.local/lib/python3.7/site-packages/airflow/example_dags/example_skip_dag.py for tasks to queue
[2023-02-13T12:27:14.593+0000] {logging_mixin.py:137} INFO - [2023-02-13T12:27:14.593+0000] {dagbag.py:538} INFO - Filling up the DagBag from /home/airflow/.local/lib/python3.7/site-packages/airflow/example_dags/example_skip_dag.py
[2023-02-13T12:27:14.610+0000] {processor.py:753} INFO - DAG(s) dict_keys(['example_skip_dag']) retrieved from /home/airflow/.local/lib/python3.7/site-packages/airflow/example_dags/example_skip_dag.py
[2023-02-13T12:27:14.641+0000] {logging_mixin.py:137} INFO - [2023-02-13T12:27:14.641+0000] {dag.py:2690} INFO - Sync 1 DAGs
[2023-02-13T12:27:14.674+0000] {logging_mixin.py:137} INFO - [2023-02-13T12:27:14.674+0000] {dag.py:3441} INFO - Setting next_dagrun for example_skip_dag to 2023-02-12T12:27:14.673757+00:00, run_after=2023-02-13T12:27:14.673757+00:00
[2023-02-13T12:27:14.730+0000] {processor.py:175} INFO - Processing /home/airflow/.local/lib/python3.7/site-packages/airflow/example_dags/example_skip_dag.py took 0.142 seconds
[2023-02-13T12:27:45.423+0000] {processor.py:153} INFO - Started process (PID=1832) to work on /home/airflow/.local/lib/python3.7/site-packages/airflow/example_dags/example_skip_dag.py
[2023-02-13T12:27:45.439+0000] {processor.py:743} INFO - Processing file /home/airflow/.local/lib/python3.7/site-packages/airflow/example_dags/example_skip_dag.py for tasks to queue
[2023-02-13T12:27:45.440+0000] {logging_mixin.py:137} INFO - [2023-02-13T12:27:45.440+0000] {dagbag.py:538} INFO - Filling up the DagBag from /home/airflow/.local/lib/python3.7/site-packages/airflow/example_dags/example_skip_dag.py
[2023-02-13T12:27:45.468+0000] {processor.py:753} INFO - DAG(s) dict_keys(['example_skip_dag']) retrieved from /home/airflow/.local/lib/python3.7/site-packages/airflow/example_dags/example_skip_dag.py
[2023-02-13T12:27:45.510+0000] {logging_mixin.py:137} INFO - [2023-02-13T12:27:45.510+0000] {dag.py:2690} INFO - Sync 1 DAGs
[2023-02-13T12:27:45.557+0000] {logging_mixin.py:137} INFO - [2023-02-13T12:27:45.557+0000] {dag.py:3441} INFO - Setting next_dagrun for example_skip_dag to 2023-02-12T12:27:45.556746+00:00, run_after=2023-02-13T12:27:45.556746+00:00
[2023-02-13T12:27:45.638+0000] {processor.py:175} INFO - Processing /home/airflow/.local/lib/python3.7/site-packages/airflow/example_dags/example_skip_dag.py took 0.218 seconds
[2023-02-13T12:28:16.464+0000] {processor.py:153} INFO - Started process (PID=2059) to work on /home/airflow/.local/lib/python3.7/site-packages/airflow/example_dags/example_skip_dag.py
[2023-02-13T12:28:16.465+0000] {processor.py:743} INFO - Processing file /home/airflow/.local/lib/python3.7/site-packages/airflow/example_dags/example_skip_dag.py for tasks to queue
[2023-02-13T12:28:16.465+0000] {logging_mixin.py:137} INFO - [2023-02-13T12:28:16.465+0000] {dagbag.py:538} INFO - Filling up the DagBag from /home/airflow/.local/lib/python3.7/site-packages/airflow/example_dags/example_skip_dag.py
[2023-02-13T12:28:16.486+0000] {processor.py:753} INFO - DAG(s) dict_keys(['example_skip_dag']) retrieved from /home/airflow/.local/lib/python3.7/site-packages/airflow/example_dags/example_skip_dag.py
[2023-02-13T12:28:16.516+0000] {logging_mixin.py:137} INFO - [2023-02-13T12:28:16.516+0000] {dag.py:2690} INFO - Sync 1 DAGs
[2023-02-13T12:28:16.549+0000] {logging_mixin.py:137} INFO - [2023-02-13T12:28:16.549+0000] {dag.py:3441} INFO - Setting next_dagrun for example_skip_dag to 2023-02-12T12:28:16.548893+00:00, run_after=2023-02-13T12:28:16.548893+00:00
[2023-02-13T12:28:16.610+0000] {processor.py:175} INFO - Processing /home/airflow/.local/lib/python3.7/site-packages/airflow/example_dags/example_skip_dag.py took 0.150 seconds
[2023-02-13T12:28:47.433+0000] {processor.py:153} INFO - Started process (PID=2298) to work on /home/airflow/.local/lib/python3.7/site-packages/airflow/example_dags/example_skip_dag.py
[2023-02-13T12:28:47.510+0000] {processor.py:743} INFO - Processing file /home/airflow/.local/lib/python3.7/site-packages/airflow/example_dags/example_skip_dag.py for tasks to queue
[2023-02-13T12:28:47.511+0000] {logging_mixin.py:137} INFO - [2023-02-13T12:28:47.511+0000] {dagbag.py:538} INFO - Filling up the DagBag from /home/airflow/.local/lib/python3.7/site-packages/airflow/example_dags/example_skip_dag.py
[2023-02-13T12:28:47.529+0000] {processor.py:753} INFO - DAG(s) dict_keys(['example_skip_dag']) retrieved from /home/airflow/.local/lib/python3.7/site-packages/airflow/example_dags/example_skip_dag.py
[2023-02-13T12:28:47.565+0000] {logging_mixin.py:137} INFO - [2023-02-13T12:28:47.564+0000] {dag.py:2690} INFO - Sync 1 DAGs
[2023-02-13T12:28:47.609+0000] {logging_mixin.py:137} INFO - [2023-02-13T12:28:47.609+0000] {dag.py:3441} INFO - Setting next_dagrun for example_skip_dag to 2023-02-12T12:28:47.609166+00:00, run_after=2023-02-13T12:28:47.609166+00:00
[2023-02-13T12:28:47.668+0000] {processor.py:175} INFO - Processing /home/airflow/.local/lib/python3.7/site-packages/airflow/example_dags/example_skip_dag.py took 0.240 seconds
[2023-02-13T12:29:17.755+0000] {processor.py:153} INFO - Started process (PID=2530) to work on /home/airflow/.local/lib/python3.7/site-packages/airflow/example_dags/example_skip_dag.py
[2023-02-13T12:29:17.756+0000] {processor.py:743} INFO - Processing file /home/airflow/.local/lib/python3.7/site-packages/airflow/example_dags/example_skip_dag.py for tasks to queue
[2023-02-13T12:29:17.756+0000] {logging_mixin.py:137} INFO - [2023-02-13T12:29:17.756+0000] {dagbag.py:538} INFO - Filling up the DagBag from /home/airflow/.local/lib/python3.7/site-packages/airflow/example_dags/example_skip_dag.py
[2023-02-13T12:29:17.771+0000] {processor.py:753} INFO - DAG(s) dict_keys(['example_skip_dag']) retrieved from /home/airflow/.local/lib/python3.7/site-packages/airflow/example_dags/example_skip_dag.py
[2023-02-13T12:29:17.797+0000] {logging_mixin.py:137} INFO - [2023-02-13T12:29:17.797+0000] {dag.py:2690} INFO - Sync 1 DAGs
[2023-02-13T12:29:17.827+0000] {logging_mixin.py:137} INFO - [2023-02-13T12:29:17.826+0000] {dag.py:3441} INFO - Setting next_dagrun for example_skip_dag to 2023-02-12T12:29:17.826623+00:00, run_after=2023-02-13T12:29:17.826623+00:00
[2023-02-13T12:29:18.055+0000] {processor.py:175} INFO - Processing /home/airflow/.local/lib/python3.7/site-packages/airflow/example_dags/example_skip_dag.py took 0.304 seconds
