[2023-02-13T12:21:32.400+0000] {processor.py:153} INFO - Started process (PID=198) to work on /home/airflow/.local/lib/python3.7/site-packages/airflow/example_dags/example_nested_branch_dag.py
[2023-02-13T12:21:32.401+0000] {processor.py:743} INFO - Processing file /home/airflow/.local/lib/python3.7/site-packages/airflow/example_dags/example_nested_branch_dag.py for tasks to queue
[2023-02-13T12:21:32.402+0000] {logging_mixin.py:137} INFO - [2023-02-13T12:21:32.401+0000] {dagbag.py:538} INFO - Filling up the DagBag from /home/airflow/.local/lib/python3.7/site-packages/airflow/example_dags/example_nested_branch_dag.py
[2023-02-13T12:21:32.438+0000] {processor.py:753} INFO - DAG(s) dict_keys(['example_nested_branch_dag']) retrieved from /home/airflow/.local/lib/python3.7/site-packages/airflow/example_dags/example_nested_branch_dag.py
[2023-02-13T12:21:32.479+0000] {logging_mixin.py:137} INFO - [2023-02-13T12:21:32.479+0000] {dag.py:2690} INFO - Sync 1 DAGs
[2023-02-13T12:21:32.523+0000] {logging_mixin.py:137} INFO - [2023-02-13T12:21:32.523+0000] {dag.py:3441} INFO - Setting next_dagrun for example_nested_branch_dag to 2023-02-12T00:00:00+00:00, run_after=2023-02-13T00:00:00+00:00
[2023-02-13T12:21:32.644+0000] {processor.py:175} INFO - Processing /home/airflow/.local/lib/python3.7/site-packages/airflow/example_dags/example_nested_branch_dag.py took 0.247 seconds
[2023-02-13T12:22:03.204+0000] {processor.py:153} INFO - Started process (PID=424) to work on /home/airflow/.local/lib/python3.7/site-packages/airflow/example_dags/example_nested_branch_dag.py
[2023-02-13T12:22:03.205+0000] {processor.py:743} INFO - Processing file /home/airflow/.local/lib/python3.7/site-packages/airflow/example_dags/example_nested_branch_dag.py for tasks to queue
[2023-02-13T12:22:03.206+0000] {logging_mixin.py:137} INFO - [2023-02-13T12:22:03.206+0000] {dagbag.py:538} INFO - Filling up the DagBag from /home/airflow/.local/lib/python3.7/site-packages/airflow/example_dags/example_nested_branch_dag.py
[2023-02-13T12:22:03.246+0000] {processor.py:753} INFO - DAG(s) dict_keys(['example_nested_branch_dag']) retrieved from /home/airflow/.local/lib/python3.7/site-packages/airflow/example_dags/example_nested_branch_dag.py
[2023-02-13T12:22:03.280+0000] {logging_mixin.py:137} INFO - [2023-02-13T12:22:03.280+0000] {dag.py:2690} INFO - Sync 1 DAGs
[2023-02-13T12:22:03.317+0000] {logging_mixin.py:137} INFO - [2023-02-13T12:22:03.316+0000] {dag.py:3441} INFO - Setting next_dagrun for example_nested_branch_dag to 2023-02-12T00:00:00+00:00, run_after=2023-02-13T00:00:00+00:00
[2023-02-13T12:22:03.387+0000] {processor.py:175} INFO - Processing /home/airflow/.local/lib/python3.7/site-packages/airflow/example_dags/example_nested_branch_dag.py took 0.188 seconds
[2023-02-13T12:22:34.248+0000] {processor.py:153} INFO - Started process (PID=660) to work on /home/airflow/.local/lib/python3.7/site-packages/airflow/example_dags/example_nested_branch_dag.py
[2023-02-13T12:22:34.267+0000] {processor.py:743} INFO - Processing file /home/airflow/.local/lib/python3.7/site-packages/airflow/example_dags/example_nested_branch_dag.py for tasks to queue
[2023-02-13T12:22:34.268+0000] {logging_mixin.py:137} INFO - [2023-02-13T12:22:34.268+0000] {dagbag.py:538} INFO - Filling up the DagBag from /home/airflow/.local/lib/python3.7/site-packages/airflow/example_dags/example_nested_branch_dag.py
[2023-02-13T12:22:34.305+0000] {processor.py:753} INFO - DAG(s) dict_keys(['example_nested_branch_dag']) retrieved from /home/airflow/.local/lib/python3.7/site-packages/airflow/example_dags/example_nested_branch_dag.py
[2023-02-13T12:22:34.341+0000] {logging_mixin.py:137} INFO - [2023-02-13T12:22:34.340+0000] {dag.py:2690} INFO - Sync 1 DAGs
[2023-02-13T12:22:34.380+0000] {logging_mixin.py:137} INFO - [2023-02-13T12:22:34.380+0000] {dag.py:3441} INFO - Setting next_dagrun for example_nested_branch_dag to 2023-02-12T00:00:00+00:00, run_after=2023-02-13T00:00:00+00:00
[2023-02-13T12:22:34.454+0000] {processor.py:175} INFO - Processing /home/airflow/.local/lib/python3.7/site-packages/airflow/example_dags/example_nested_branch_dag.py took 0.209 seconds
[2023-02-13T12:24:08.154+0000] {processor.py:153} INFO - Started process (PID=203) to work on /home/airflow/.local/lib/python3.7/site-packages/airflow/example_dags/example_nested_branch_dag.py
[2023-02-13T12:24:08.156+0000] {processor.py:743} INFO - Processing file /home/airflow/.local/lib/python3.7/site-packages/airflow/example_dags/example_nested_branch_dag.py for tasks to queue
[2023-02-13T12:24:08.158+0000] {logging_mixin.py:137} INFO - [2023-02-13T12:24:08.157+0000] {dagbag.py:538} INFO - Filling up the DagBag from /home/airflow/.local/lib/python3.7/site-packages/airflow/example_dags/example_nested_branch_dag.py
[2023-02-13T12:24:08.216+0000] {processor.py:753} INFO - DAG(s) dict_keys(['example_nested_branch_dag']) retrieved from /home/airflow/.local/lib/python3.7/site-packages/airflow/example_dags/example_nested_branch_dag.py
[2023-02-13T12:24:08.273+0000] {logging_mixin.py:137} INFO - [2023-02-13T12:24:08.272+0000] {dag.py:2690} INFO - Sync 1 DAGs
[2023-02-13T12:24:08.341+0000] {logging_mixin.py:137} INFO - [2023-02-13T12:24:08.341+0000] {dag.py:3441} INFO - Setting next_dagrun for example_nested_branch_dag to 2023-02-12T00:00:00+00:00, run_after=2023-02-13T00:00:00+00:00
[2023-02-13T12:24:08.426+0000] {processor.py:175} INFO - Processing /home/airflow/.local/lib/python3.7/site-packages/airflow/example_dags/example_nested_branch_dag.py took 0.278 seconds
[2023-02-13T12:24:38.671+0000] {processor.py:153} INFO - Started process (PID=423) to work on /home/airflow/.local/lib/python3.7/site-packages/airflow/example_dags/example_nested_branch_dag.py
[2023-02-13T12:24:38.672+0000] {processor.py:743} INFO - Processing file /home/airflow/.local/lib/python3.7/site-packages/airflow/example_dags/example_nested_branch_dag.py for tasks to queue
[2023-02-13T12:24:38.673+0000] {logging_mixin.py:137} INFO - [2023-02-13T12:24:38.672+0000] {dagbag.py:538} INFO - Filling up the DagBag from /home/airflow/.local/lib/python3.7/site-packages/airflow/example_dags/example_nested_branch_dag.py
[2023-02-13T12:24:38.833+0000] {processor.py:753} INFO - DAG(s) dict_keys(['example_nested_branch_dag']) retrieved from /home/airflow/.local/lib/python3.7/site-packages/airflow/example_dags/example_nested_branch_dag.py
[2023-02-13T12:24:38.889+0000] {logging_mixin.py:137} INFO - [2023-02-13T12:24:38.889+0000] {dag.py:2690} INFO - Sync 1 DAGs
[2023-02-13T12:24:38.953+0000] {logging_mixin.py:137} INFO - [2023-02-13T12:24:38.953+0000] {dag.py:3441} INFO - Setting next_dagrun for example_nested_branch_dag to 2023-02-12T00:00:00+00:00, run_after=2023-02-13T00:00:00+00:00
[2023-02-13T12:24:39.016+0000] {processor.py:175} INFO - Processing /home/airflow/.local/lib/python3.7/site-packages/airflow/example_dags/example_nested_branch_dag.py took 0.350 seconds
[2023-02-13T12:25:10.095+0000] {processor.py:153} INFO - Started process (PID=659) to work on /home/airflow/.local/lib/python3.7/site-packages/airflow/example_dags/example_nested_branch_dag.py
[2023-02-13T12:25:10.104+0000] {processor.py:743} INFO - Processing file /home/airflow/.local/lib/python3.7/site-packages/airflow/example_dags/example_nested_branch_dag.py for tasks to queue
[2023-02-13T12:25:10.105+0000] {logging_mixin.py:137} INFO - [2023-02-13T12:25:10.104+0000] {dagbag.py:538} INFO - Filling up the DagBag from /home/airflow/.local/lib/python3.7/site-packages/airflow/example_dags/example_nested_branch_dag.py
[2023-02-13T12:25:10.178+0000] {processor.py:753} INFO - DAG(s) dict_keys(['example_nested_branch_dag']) retrieved from /home/airflow/.local/lib/python3.7/site-packages/airflow/example_dags/example_nested_branch_dag.py
[2023-02-13T12:25:10.248+0000] {logging_mixin.py:137} INFO - [2023-02-13T12:25:10.248+0000] {dag.py:2690} INFO - Sync 1 DAGs
[2023-02-13T12:25:10.321+0000] {logging_mixin.py:137} INFO - [2023-02-13T12:25:10.321+0000] {dag.py:3441} INFO - Setting next_dagrun for example_nested_branch_dag to 2023-02-12T00:00:00+00:00, run_after=2023-02-13T00:00:00+00:00
[2023-02-13T12:25:10.399+0000] {processor.py:175} INFO - Processing /home/airflow/.local/lib/python3.7/site-packages/airflow/example_dags/example_nested_branch_dag.py took 0.321 seconds
[2023-02-13T12:25:40.620+0000] {processor.py:153} INFO - Started process (PID=886) to work on /home/airflow/.local/lib/python3.7/site-packages/airflow/example_dags/example_nested_branch_dag.py
[2023-02-13T12:25:40.646+0000] {processor.py:743} INFO - Processing file /home/airflow/.local/lib/python3.7/site-packages/airflow/example_dags/example_nested_branch_dag.py for tasks to queue
[2023-02-13T12:25:40.648+0000] {logging_mixin.py:137} INFO - [2023-02-13T12:25:40.648+0000] {dagbag.py:538} INFO - Filling up the DagBag from /home/airflow/.local/lib/python3.7/site-packages/airflow/example_dags/example_nested_branch_dag.py
[2023-02-13T12:25:40.706+0000] {processor.py:753} INFO - DAG(s) dict_keys(['example_nested_branch_dag']) retrieved from /home/airflow/.local/lib/python3.7/site-packages/airflow/example_dags/example_nested_branch_dag.py
[2023-02-13T12:25:40.761+0000] {logging_mixin.py:137} INFO - [2023-02-13T12:25:40.761+0000] {dag.py:2690} INFO - Sync 1 DAGs
[2023-02-13T12:25:40.819+0000] {logging_mixin.py:137} INFO - [2023-02-13T12:25:40.819+0000] {dag.py:3441} INFO - Setting next_dagrun for example_nested_branch_dag to 2023-02-12T00:00:00+00:00, run_after=2023-02-13T00:00:00+00:00
[2023-02-13T12:25:40.991+0000] {processor.py:175} INFO - Processing /home/airflow/.local/lib/python3.7/site-packages/airflow/example_dags/example_nested_branch_dag.py took 0.382 seconds
[2023-02-13T12:26:11.803+0000] {processor.py:153} INFO - Started process (PID=1113) to work on /home/airflow/.local/lib/python3.7/site-packages/airflow/example_dags/example_nested_branch_dag.py
[2023-02-13T12:26:11.908+0000] {processor.py:743} INFO - Processing file /home/airflow/.local/lib/python3.7/site-packages/airflow/example_dags/example_nested_branch_dag.py for tasks to queue
[2023-02-13T12:26:11.910+0000] {logging_mixin.py:137} INFO - [2023-02-13T12:26:11.909+0000] {dagbag.py:538} INFO - Filling up the DagBag from /home/airflow/.local/lib/python3.7/site-packages/airflow/example_dags/example_nested_branch_dag.py
[2023-02-13T12:26:11.974+0000] {processor.py:753} INFO - DAG(s) dict_keys(['example_nested_branch_dag']) retrieved from /home/airflow/.local/lib/python3.7/site-packages/airflow/example_dags/example_nested_branch_dag.py
[2023-02-13T12:26:12.037+0000] {logging_mixin.py:137} INFO - [2023-02-13T12:26:12.036+0000] {dag.py:2690} INFO - Sync 1 DAGs
[2023-02-13T12:26:12.111+0000] {logging_mixin.py:137} INFO - [2023-02-13T12:26:12.111+0000] {dag.py:3441} INFO - Setting next_dagrun for example_nested_branch_dag to 2023-02-12T00:00:00+00:00, run_after=2023-02-13T00:00:00+00:00
[2023-02-13T12:26:12.181+0000] {processor.py:175} INFO - Processing /home/airflow/.local/lib/python3.7/site-packages/airflow/example_dags/example_nested_branch_dag.py took 0.385 seconds
[2023-02-13T12:26:42.489+0000] {processor.py:153} INFO - Started process (PID=1339) to work on /home/airflow/.local/lib/python3.7/site-packages/airflow/example_dags/example_nested_branch_dag.py
[2023-02-13T12:26:42.490+0000] {processor.py:743} INFO - Processing file /home/airflow/.local/lib/python3.7/site-packages/airflow/example_dags/example_nested_branch_dag.py for tasks to queue
[2023-02-13T12:26:42.492+0000] {logging_mixin.py:137} INFO - [2023-02-13T12:26:42.492+0000] {dagbag.py:538} INFO - Filling up the DagBag from /home/airflow/.local/lib/python3.7/site-packages/airflow/example_dags/example_nested_branch_dag.py
[2023-02-13T12:26:42.539+0000] {processor.py:753} INFO - DAG(s) dict_keys(['example_nested_branch_dag']) retrieved from /home/airflow/.local/lib/python3.7/site-packages/airflow/example_dags/example_nested_branch_dag.py
[2023-02-13T12:26:42.581+0000] {logging_mixin.py:137} INFO - [2023-02-13T12:26:42.580+0000] {dag.py:2690} INFO - Sync 1 DAGs
[2023-02-13T12:26:42.629+0000] {logging_mixin.py:137} INFO - [2023-02-13T12:26:42.629+0000] {dag.py:3441} INFO - Setting next_dagrun for example_nested_branch_dag to 2023-02-12T00:00:00+00:00, run_after=2023-02-13T00:00:00+00:00
[2023-02-13T12:26:42.685+0000] {processor.py:175} INFO - Processing /home/airflow/.local/lib/python3.7/site-packages/airflow/example_dags/example_nested_branch_dag.py took 0.204 seconds
[2023-02-13T12:27:13.505+0000] {processor.py:153} INFO - Started process (PID=1567) to work on /home/airflow/.local/lib/python3.7/site-packages/airflow/example_dags/example_nested_branch_dag.py
[2023-02-13T12:27:13.506+0000] {processor.py:743} INFO - Processing file /home/airflow/.local/lib/python3.7/site-packages/airflow/example_dags/example_nested_branch_dag.py for tasks to queue
[2023-02-13T12:27:13.507+0000] {logging_mixin.py:137} INFO - [2023-02-13T12:27:13.507+0000] {dagbag.py:538} INFO - Filling up the DagBag from /home/airflow/.local/lib/python3.7/site-packages/airflow/example_dags/example_nested_branch_dag.py
[2023-02-13T12:27:13.543+0000] {processor.py:753} INFO - DAG(s) dict_keys(['example_nested_branch_dag']) retrieved from /home/airflow/.local/lib/python3.7/site-packages/airflow/example_dags/example_nested_branch_dag.py
[2023-02-13T12:27:13.573+0000] {logging_mixin.py:137} INFO - [2023-02-13T12:27:13.573+0000] {dag.py:2690} INFO - Sync 1 DAGs
[2023-02-13T12:27:13.607+0000] {logging_mixin.py:137} INFO - [2023-02-13T12:27:13.606+0000] {dag.py:3441} INFO - Setting next_dagrun for example_nested_branch_dag to 2023-02-12T00:00:00+00:00, run_after=2023-02-13T00:00:00+00:00
[2023-02-13T12:27:13.891+0000] {processor.py:175} INFO - Processing /home/airflow/.local/lib/python3.7/site-packages/airflow/example_dags/example_nested_branch_dag.py took 0.392 seconds
[2023-02-13T12:27:44.144+0000] {processor.py:153} INFO - Started process (PID=1794) to work on /home/airflow/.local/lib/python3.7/site-packages/airflow/example_dags/example_nested_branch_dag.py
[2023-02-13T12:27:44.221+0000] {processor.py:743} INFO - Processing file /home/airflow/.local/lib/python3.7/site-packages/airflow/example_dags/example_nested_branch_dag.py for tasks to queue
[2023-02-13T12:27:44.225+0000] {logging_mixin.py:137} INFO - [2023-02-13T12:27:44.224+0000] {dagbag.py:538} INFO - Filling up the DagBag from /home/airflow/.local/lib/python3.7/site-packages/airflow/example_dags/example_nested_branch_dag.py
[2023-02-13T12:27:44.280+0000] {processor.py:753} INFO - DAG(s) dict_keys(['example_nested_branch_dag']) retrieved from /home/airflow/.local/lib/python3.7/site-packages/airflow/example_dags/example_nested_branch_dag.py
[2023-02-13T12:27:44.333+0000] {logging_mixin.py:137} INFO - [2023-02-13T12:27:44.332+0000] {dag.py:2690} INFO - Sync 1 DAGs
[2023-02-13T12:27:44.402+0000] {logging_mixin.py:137} INFO - [2023-02-13T12:27:44.402+0000] {dag.py:3441} INFO - Setting next_dagrun for example_nested_branch_dag to 2023-02-12T00:00:00+00:00, run_after=2023-02-13T00:00:00+00:00
[2023-02-13T12:27:44.592+0000] {processor.py:175} INFO - Processing /home/airflow/.local/lib/python3.7/site-packages/airflow/example_dags/example_nested_branch_dag.py took 0.468 seconds
[2023-02-13T12:28:15.588+0000] {processor.py:153} INFO - Started process (PID=2021) to work on /home/airflow/.local/lib/python3.7/site-packages/airflow/example_dags/example_nested_branch_dag.py
[2023-02-13T12:28:15.589+0000] {processor.py:743} INFO - Processing file /home/airflow/.local/lib/python3.7/site-packages/airflow/example_dags/example_nested_branch_dag.py for tasks to queue
[2023-02-13T12:28:15.589+0000] {logging_mixin.py:137} INFO - [2023-02-13T12:28:15.589+0000] {dagbag.py:538} INFO - Filling up the DagBag from /home/airflow/.local/lib/python3.7/site-packages/airflow/example_dags/example_nested_branch_dag.py
[2023-02-13T12:28:15.620+0000] {processor.py:753} INFO - DAG(s) dict_keys(['example_nested_branch_dag']) retrieved from /home/airflow/.local/lib/python3.7/site-packages/airflow/example_dags/example_nested_branch_dag.py
[2023-02-13T12:28:15.649+0000] {logging_mixin.py:137} INFO - [2023-02-13T12:28:15.649+0000] {dag.py:2690} INFO - Sync 1 DAGs
[2023-02-13T12:28:15.682+0000] {logging_mixin.py:137} INFO - [2023-02-13T12:28:15.681+0000] {dag.py:3441} INFO - Setting next_dagrun for example_nested_branch_dag to 2023-02-12T00:00:00+00:00, run_after=2023-02-13T00:00:00+00:00
[2023-02-13T12:28:15.877+0000] {processor.py:175} INFO - Processing /home/airflow/.local/lib/python3.7/site-packages/airflow/example_dags/example_nested_branch_dag.py took 0.292 seconds
[2023-02-13T12:28:45.929+0000] {processor.py:153} INFO - Started process (PID=2248) to work on /home/airflow/.local/lib/python3.7/site-packages/airflow/example_dags/example_nested_branch_dag.py
[2023-02-13T12:28:45.930+0000] {processor.py:743} INFO - Processing file /home/airflow/.local/lib/python3.7/site-packages/airflow/example_dags/example_nested_branch_dag.py for tasks to queue
[2023-02-13T12:28:45.931+0000] {logging_mixin.py:137} INFO - [2023-02-13T12:28:45.930+0000] {dagbag.py:538} INFO - Filling up the DagBag from /home/airflow/.local/lib/python3.7/site-packages/airflow/example_dags/example_nested_branch_dag.py
[2023-02-13T12:28:45.965+0000] {processor.py:753} INFO - DAG(s) dict_keys(['example_nested_branch_dag']) retrieved from /home/airflow/.local/lib/python3.7/site-packages/airflow/example_dags/example_nested_branch_dag.py
[2023-02-13T12:28:45.995+0000] {logging_mixin.py:137} INFO - [2023-02-13T12:28:45.995+0000] {dag.py:2690} INFO - Sync 1 DAGs
[2023-02-13T12:28:46.026+0000] {logging_mixin.py:137} INFO - [2023-02-13T12:28:46.025+0000] {dag.py:3441} INFO - Setting next_dagrun for example_nested_branch_dag to 2023-02-12T00:00:00+00:00, run_after=2023-02-13T00:00:00+00:00
[2023-02-13T12:28:46.075+0000] {processor.py:175} INFO - Processing /home/airflow/.local/lib/python3.7/site-packages/airflow/example_dags/example_nested_branch_dag.py took 0.150 seconds
[2023-02-13T12:29:16.551+0000] {processor.py:153} INFO - Started process (PID=2492) to work on /home/airflow/.local/lib/python3.7/site-packages/airflow/example_dags/example_nested_branch_dag.py
[2023-02-13T12:29:16.553+0000] {processor.py:743} INFO - Processing file /home/airflow/.local/lib/python3.7/site-packages/airflow/example_dags/example_nested_branch_dag.py for tasks to queue
[2023-02-13T12:29:16.554+0000] {logging_mixin.py:137} INFO - [2023-02-13T12:29:16.554+0000] {dagbag.py:538} INFO - Filling up the DagBag from /home/airflow/.local/lib/python3.7/site-packages/airflow/example_dags/example_nested_branch_dag.py
[2023-02-13T12:29:16.603+0000] {processor.py:753} INFO - DAG(s) dict_keys(['example_nested_branch_dag']) retrieved from /home/airflow/.local/lib/python3.7/site-packages/airflow/example_dags/example_nested_branch_dag.py
[2023-02-13T12:29:16.648+0000] {logging_mixin.py:137} INFO - [2023-02-13T12:29:16.648+0000] {dag.py:2690} INFO - Sync 1 DAGs
[2023-02-13T12:29:16.702+0000] {logging_mixin.py:137} INFO - [2023-02-13T12:29:16.702+0000] {dag.py:3441} INFO - Setting next_dagrun for example_nested_branch_dag to 2023-02-12T00:00:00+00:00, run_after=2023-02-13T00:00:00+00:00
[2023-02-13T12:29:16.833+0000] {processor.py:175} INFO - Processing /home/airflow/.local/lib/python3.7/site-packages/airflow/example_dags/example_nested_branch_dag.py took 0.289 seconds
