[2023-02-13T12:21:34.156+0000] {processor.py:153} INFO - Started process (PID=253) to work on /home/airflow/.local/lib/python3.7/site-packages/airflow/example_dags/example_xcomargs.py
[2023-02-13T12:21:34.157+0000] {processor.py:743} INFO - Processing file /home/airflow/.local/lib/python3.7/site-packages/airflow/example_dags/example_xcomargs.py for tasks to queue
[2023-02-13T12:21:34.158+0000] {logging_mixin.py:137} INFO - [2023-02-13T12:21:34.157+0000] {dagbag.py:538} INFO - Filling up the DagBag from /home/airflow/.local/lib/python3.7/site-packages/airflow/example_dags/example_xcomargs.py
[2023-02-13T12:21:34.192+0000] {processor.py:753} INFO - DAG(s) dict_keys(['example_xcom_args', 'example_xcom_args_with_operators']) retrieved from /home/airflow/.local/lib/python3.7/site-packages/airflow/example_dags/example_xcomargs.py
[2023-02-13T12:21:34.235+0000] {logging_mixin.py:137} INFO - [2023-02-13T12:21:34.235+0000] {dag.py:2690} INFO - Sync 2 DAGs
[2023-02-13T12:21:34.269+0000] {logging_mixin.py:137} INFO - [2023-02-13T12:21:34.269+0000] {dag.py:3441} INFO - Setting next_dagrun for example_xcom_args to None, run_after=None
[2023-02-13T12:21:34.274+0000] {logging_mixin.py:137} INFO - [2023-02-13T12:21:34.273+0000] {dag.py:3441} INFO - Setting next_dagrun for example_xcom_args_with_operators to None, run_after=None
[2023-02-13T12:21:34.353+0000] {processor.py:175} INFO - Processing /home/airflow/.local/lib/python3.7/site-packages/airflow/example_dags/example_xcomargs.py took 0.201 seconds
[2023-02-13T12:22:04.467+0000] {processor.py:153} INFO - Started process (PID=481) to work on /home/airflow/.local/lib/python3.7/site-packages/airflow/example_dags/example_xcomargs.py
[2023-02-13T12:22:04.468+0000] {processor.py:743} INFO - Processing file /home/airflow/.local/lib/python3.7/site-packages/airflow/example_dags/example_xcomargs.py for tasks to queue
[2023-02-13T12:22:04.469+0000] {logging_mixin.py:137} INFO - [2023-02-13T12:22:04.469+0000] {dagbag.py:538} INFO - Filling up the DagBag from /home/airflow/.local/lib/python3.7/site-packages/airflow/example_dags/example_xcomargs.py
[2023-02-13T12:22:04.509+0000] {processor.py:753} INFO - DAG(s) dict_keys(['example_xcom_args', 'example_xcom_args_with_operators']) retrieved from /home/airflow/.local/lib/python3.7/site-packages/airflow/example_dags/example_xcomargs.py
[2023-02-13T12:22:04.549+0000] {logging_mixin.py:137} INFO - [2023-02-13T12:22:04.549+0000] {dag.py:2690} INFO - Sync 2 DAGs
[2023-02-13T12:22:04.589+0000] {logging_mixin.py:137} INFO - [2023-02-13T12:22:04.589+0000] {dag.py:3441} INFO - Setting next_dagrun for example_xcom_args to None, run_after=None
[2023-02-13T12:22:04.595+0000] {logging_mixin.py:137} INFO - [2023-02-13T12:22:04.595+0000] {dag.py:3441} INFO - Setting next_dagrun for example_xcom_args_with_operators to None, run_after=None
[2023-02-13T12:22:04.657+0000] {processor.py:175} INFO - Processing /home/airflow/.local/lib/python3.7/site-packages/airflow/example_dags/example_xcomargs.py took 0.197 seconds
[2023-02-13T12:22:36.389+0000] {processor.py:153} INFO - Started process (PID=704) to work on /home/airflow/.local/lib/python3.7/site-packages/airflow/example_dags/example_xcomargs.py
[2023-02-13T12:22:36.399+0000] {processor.py:743} INFO - Processing file /home/airflow/.local/lib/python3.7/site-packages/airflow/example_dags/example_xcomargs.py for tasks to queue
[2023-02-13T12:22:36.400+0000] {logging_mixin.py:137} INFO - [2023-02-13T12:22:36.400+0000] {dagbag.py:538} INFO - Filling up the DagBag from /home/airflow/.local/lib/python3.7/site-packages/airflow/example_dags/example_xcomargs.py
[2023-02-13T12:22:36.456+0000] {processor.py:753} INFO - DAG(s) dict_keys(['example_xcom_args_with_operators', 'example_xcom_args']) retrieved from /home/airflow/.local/lib/python3.7/site-packages/airflow/example_dags/example_xcomargs.py
[2023-02-13T12:22:36.538+0000] {logging_mixin.py:137} INFO - [2023-02-13T12:22:36.538+0000] {dag.py:2690} INFO - Sync 2 DAGs
[2023-02-13T12:22:36.607+0000] {logging_mixin.py:137} INFO - [2023-02-13T12:22:36.606+0000] {dag.py:3441} INFO - Setting next_dagrun for example_xcom_args to None, run_after=None
[2023-02-13T12:22:36.617+0000] {logging_mixin.py:137} INFO - [2023-02-13T12:22:36.617+0000] {dag.py:3441} INFO - Setting next_dagrun for example_xcom_args_with_operators to None, run_after=None
[2023-02-13T12:22:36.698+0000] {processor.py:175} INFO - Processing /home/airflow/.local/lib/python3.7/site-packages/airflow/example_dags/example_xcomargs.py took 0.315 seconds
[2023-02-13T12:24:10.066+0000] {processor.py:153} INFO - Started process (PID=258) to work on /home/airflow/.local/lib/python3.7/site-packages/airflow/example_dags/example_xcomargs.py
[2023-02-13T12:24:10.077+0000] {processor.py:743} INFO - Processing file /home/airflow/.local/lib/python3.7/site-packages/airflow/example_dags/example_xcomargs.py for tasks to queue
[2023-02-13T12:24:10.078+0000] {logging_mixin.py:137} INFO - [2023-02-13T12:24:10.078+0000] {dagbag.py:538} INFO - Filling up the DagBag from /home/airflow/.local/lib/python3.7/site-packages/airflow/example_dags/example_xcomargs.py
[2023-02-13T12:24:10.137+0000] {processor.py:753} INFO - DAG(s) dict_keys(['example_xcom_args_with_operators', 'example_xcom_args']) retrieved from /home/airflow/.local/lib/python3.7/site-packages/airflow/example_dags/example_xcomargs.py
[2023-02-13T12:24:10.204+0000] {logging_mixin.py:137} INFO - [2023-02-13T12:24:10.204+0000] {dag.py:2690} INFO - Sync 2 DAGs
[2023-02-13T12:24:10.265+0000] {logging_mixin.py:137} INFO - [2023-02-13T12:24:10.265+0000] {dag.py:3441} INFO - Setting next_dagrun for example_xcom_args to None, run_after=None
[2023-02-13T12:24:10.275+0000] {logging_mixin.py:137} INFO - [2023-02-13T12:24:10.274+0000] {dag.py:3441} INFO - Setting next_dagrun for example_xcom_args_with_operators to None, run_after=None
[2023-02-13T12:24:10.436+0000] {processor.py:175} INFO - Processing /home/airflow/.local/lib/python3.7/site-packages/airflow/example_dags/example_xcomargs.py took 0.377 seconds
[2023-02-13T12:24:41.305+0000] {processor.py:153} INFO - Started process (PID=485) to work on /home/airflow/.local/lib/python3.7/site-packages/airflow/example_dags/example_xcomargs.py
[2023-02-13T12:24:41.332+0000] {processor.py:743} INFO - Processing file /home/airflow/.local/lib/python3.7/site-packages/airflow/example_dags/example_xcomargs.py for tasks to queue
[2023-02-13T12:24:41.334+0000] {logging_mixin.py:137} INFO - [2023-02-13T12:24:41.333+0000] {dagbag.py:538} INFO - Filling up the DagBag from /home/airflow/.local/lib/python3.7/site-packages/airflow/example_dags/example_xcomargs.py
[2023-02-13T12:24:41.404+0000] {processor.py:753} INFO - DAG(s) dict_keys(['example_xcom_args_with_operators', 'example_xcom_args']) retrieved from /home/airflow/.local/lib/python3.7/site-packages/airflow/example_dags/example_xcomargs.py
[2023-02-13T12:24:41.464+0000] {logging_mixin.py:137} INFO - [2023-02-13T12:24:41.464+0000] {dag.py:2690} INFO - Sync 2 DAGs
[2023-02-13T12:24:41.525+0000] {logging_mixin.py:137} INFO - [2023-02-13T12:24:41.525+0000] {dag.py:3441} INFO - Setting next_dagrun for example_xcom_args to None, run_after=None
[2023-02-13T12:24:41.536+0000] {logging_mixin.py:137} INFO - [2023-02-13T12:24:41.536+0000] {dag.py:3441} INFO - Setting next_dagrun for example_xcom_args_with_operators to None, run_after=None
[2023-02-13T12:24:41.905+0000] {processor.py:175} INFO - Processing /home/airflow/.local/lib/python3.7/site-packages/airflow/example_dags/example_xcomargs.py took 0.607 seconds
[2023-02-13T12:25:12.435+0000] {processor.py:153} INFO - Started process (PID=712) to work on /home/airflow/.local/lib/python3.7/site-packages/airflow/example_dags/example_xcomargs.py
[2023-02-13T12:25:12.480+0000] {processor.py:743} INFO - Processing file /home/airflow/.local/lib/python3.7/site-packages/airflow/example_dags/example_xcomargs.py for tasks to queue
[2023-02-13T12:25:12.482+0000] {logging_mixin.py:137} INFO - [2023-02-13T12:25:12.481+0000] {dagbag.py:538} INFO - Filling up the DagBag from /home/airflow/.local/lib/python3.7/site-packages/airflow/example_dags/example_xcomargs.py
[2023-02-13T12:25:12.554+0000] {processor.py:753} INFO - DAG(s) dict_keys(['example_xcom_args', 'example_xcom_args_with_operators']) retrieved from /home/airflow/.local/lib/python3.7/site-packages/airflow/example_dags/example_xcomargs.py
[2023-02-13T12:25:12.592+0000] {logging_mixin.py:137} INFO - [2023-02-13T12:25:12.592+0000] {dag.py:2690} INFO - Sync 2 DAGs
[2023-02-13T12:25:12.623+0000] {logging_mixin.py:137} INFO - [2023-02-13T12:25:12.623+0000] {dag.py:3441} INFO - Setting next_dagrun for example_xcom_args to None, run_after=None
[2023-02-13T12:25:12.627+0000] {logging_mixin.py:137} INFO - [2023-02-13T12:25:12.627+0000] {dag.py:3441} INFO - Setting next_dagrun for example_xcom_args_with_operators to None, run_after=None
[2023-02-13T12:25:12.691+0000] {processor.py:175} INFO - Processing /home/airflow/.local/lib/python3.7/site-packages/airflow/example_dags/example_xcomargs.py took 0.261 seconds
[2023-02-13T12:25:42.986+0000] {processor.py:153} INFO - Started process (PID=941) to work on /home/airflow/.local/lib/python3.7/site-packages/airflow/example_dags/example_xcomargs.py
[2023-02-13T12:25:43.000+0000] {processor.py:743} INFO - Processing file /home/airflow/.local/lib/python3.7/site-packages/airflow/example_dags/example_xcomargs.py for tasks to queue
[2023-02-13T12:25:43.001+0000] {logging_mixin.py:137} INFO - [2023-02-13T12:25:43.001+0000] {dagbag.py:538} INFO - Filling up the DagBag from /home/airflow/.local/lib/python3.7/site-packages/airflow/example_dags/example_xcomargs.py
[2023-02-13T12:25:43.070+0000] {processor.py:753} INFO - DAG(s) dict_keys(['example_xcom_args', 'example_xcom_args_with_operators']) retrieved from /home/airflow/.local/lib/python3.7/site-packages/airflow/example_dags/example_xcomargs.py
[2023-02-13T12:25:43.159+0000] {logging_mixin.py:137} INFO - [2023-02-13T12:25:43.159+0000] {dag.py:2690} INFO - Sync 2 DAGs
[2023-02-13T12:25:43.281+0000] {logging_mixin.py:137} INFO - [2023-02-13T12:25:43.281+0000] {dag.py:3441} INFO - Setting next_dagrun for example_xcom_args to None, run_after=None
[2023-02-13T12:25:43.300+0000] {logging_mixin.py:137} INFO - [2023-02-13T12:25:43.300+0000] {dag.py:3441} INFO - Setting next_dagrun for example_xcom_args_with_operators to None, run_after=None
[2023-02-13T12:25:43.394+0000] {processor.py:175} INFO - Processing /home/airflow/.local/lib/python3.7/site-packages/airflow/example_dags/example_xcomargs.py took 0.415 seconds
[2023-02-13T12:26:13.584+0000] {processor.py:153} INFO - Started process (PID=1166) to work on /home/airflow/.local/lib/python3.7/site-packages/airflow/example_dags/example_xcomargs.py
[2023-02-13T12:26:13.586+0000] {processor.py:743} INFO - Processing file /home/airflow/.local/lib/python3.7/site-packages/airflow/example_dags/example_xcomargs.py for tasks to queue
[2023-02-13T12:26:13.587+0000] {logging_mixin.py:137} INFO - [2023-02-13T12:26:13.587+0000] {dagbag.py:538} INFO - Filling up the DagBag from /home/airflow/.local/lib/python3.7/site-packages/airflow/example_dags/example_xcomargs.py
[2023-02-13T12:26:13.649+0000] {processor.py:753} INFO - DAG(s) dict_keys(['example_xcom_args_with_operators', 'example_xcom_args']) retrieved from /home/airflow/.local/lib/python3.7/site-packages/airflow/example_dags/example_xcomargs.py
[2023-02-13T12:26:13.714+0000] {logging_mixin.py:137} INFO - [2023-02-13T12:26:13.714+0000] {dag.py:2690} INFO - Sync 2 DAGs
[2023-02-13T12:26:13.779+0000] {logging_mixin.py:137} INFO - [2023-02-13T12:26:13.779+0000] {dag.py:3441} INFO - Setting next_dagrun for example_xcom_args to None, run_after=None
[2023-02-13T12:26:13.795+0000] {logging_mixin.py:137} INFO - [2023-02-13T12:26:13.794+0000] {dag.py:3441} INFO - Setting next_dagrun for example_xcom_args_with_operators to None, run_after=None
[2023-02-13T12:26:13.876+0000] {processor.py:175} INFO - Processing /home/airflow/.local/lib/python3.7/site-packages/airflow/example_dags/example_xcomargs.py took 0.300 seconds
[2023-02-13T12:26:44.149+0000] {processor.py:153} INFO - Started process (PID=1392) to work on /home/airflow/.local/lib/python3.7/site-packages/airflow/example_dags/example_xcomargs.py
[2023-02-13T12:26:44.150+0000] {processor.py:743} INFO - Processing file /home/airflow/.local/lib/python3.7/site-packages/airflow/example_dags/example_xcomargs.py for tasks to queue
[2023-02-13T12:26:44.151+0000] {logging_mixin.py:137} INFO - [2023-02-13T12:26:44.151+0000] {dagbag.py:538} INFO - Filling up the DagBag from /home/airflow/.local/lib/python3.7/site-packages/airflow/example_dags/example_xcomargs.py
[2023-02-13T12:26:44.181+0000] {processor.py:753} INFO - DAG(s) dict_keys(['example_xcom_args_with_operators', 'example_xcom_args']) retrieved from /home/airflow/.local/lib/python3.7/site-packages/airflow/example_dags/example_xcomargs.py
[2023-02-13T12:26:44.227+0000] {logging_mixin.py:137} INFO - [2023-02-13T12:26:44.227+0000] {dag.py:2690} INFO - Sync 2 DAGs
[2023-02-13T12:26:44.257+0000] {logging_mixin.py:137} INFO - [2023-02-13T12:26:44.257+0000] {dag.py:3441} INFO - Setting next_dagrun for example_xcom_args to None, run_after=None
[2023-02-13T12:26:44.262+0000] {logging_mixin.py:137} INFO - [2023-02-13T12:26:44.262+0000] {dag.py:3441} INFO - Setting next_dagrun for example_xcom_args_with_operators to None, run_after=None
[2023-02-13T12:26:44.316+0000] {processor.py:175} INFO - Processing /home/airflow/.local/lib/python3.7/site-packages/airflow/example_dags/example_xcomargs.py took 0.171 seconds
[2023-02-13T12:27:14.828+0000] {processor.py:153} INFO - Started process (PID=1620) to work on /home/airflow/.local/lib/python3.7/site-packages/airflow/example_dags/example_xcomargs.py
[2023-02-13T12:27:14.828+0000] {processor.py:743} INFO - Processing file /home/airflow/.local/lib/python3.7/site-packages/airflow/example_dags/example_xcomargs.py for tasks to queue
[2023-02-13T12:27:14.829+0000] {logging_mixin.py:137} INFO - [2023-02-13T12:27:14.829+0000] {dagbag.py:538} INFO - Filling up the DagBag from /home/airflow/.local/lib/python3.7/site-packages/airflow/example_dags/example_xcomargs.py
[2023-02-13T12:27:14.857+0000] {processor.py:753} INFO - DAG(s) dict_keys(['example_xcom_args', 'example_xcom_args_with_operators']) retrieved from /home/airflow/.local/lib/python3.7/site-packages/airflow/example_dags/example_xcomargs.py
[2023-02-13T12:27:14.892+0000] {logging_mixin.py:137} INFO - [2023-02-13T12:27:14.891+0000] {dag.py:2690} INFO - Sync 2 DAGs
[2023-02-13T12:27:14.924+0000] {logging_mixin.py:137} INFO - [2023-02-13T12:27:14.924+0000] {dag.py:3441} INFO - Setting next_dagrun for example_xcom_args to None, run_after=None
[2023-02-13T12:27:14.928+0000] {logging_mixin.py:137} INFO - [2023-02-13T12:27:14.928+0000] {dag.py:3441} INFO - Setting next_dagrun for example_xcom_args_with_operators to None, run_after=None
[2023-02-13T12:27:15.133+0000] {processor.py:175} INFO - Processing /home/airflow/.local/lib/python3.7/site-packages/airflow/example_dags/example_xcomargs.py took 0.309 seconds
[2023-02-13T12:27:45.945+0000] {processor.py:153} INFO - Started process (PID=1847) to work on /home/airflow/.local/lib/python3.7/site-packages/airflow/example_dags/example_xcomargs.py
[2023-02-13T12:27:46.033+0000] {processor.py:743} INFO - Processing file /home/airflow/.local/lib/python3.7/site-packages/airflow/example_dags/example_xcomargs.py for tasks to queue
[2023-02-13T12:27:46.037+0000] {logging_mixin.py:137} INFO - [2023-02-13T12:27:46.036+0000] {dagbag.py:538} INFO - Filling up the DagBag from /home/airflow/.local/lib/python3.7/site-packages/airflow/example_dags/example_xcomargs.py
[2023-02-13T12:27:46.138+0000] {processor.py:753} INFO - DAG(s) dict_keys(['example_xcom_args_with_operators', 'example_xcom_args']) retrieved from /home/airflow/.local/lib/python3.7/site-packages/airflow/example_dags/example_xcomargs.py
[2023-02-13T12:27:46.188+0000] {logging_mixin.py:137} INFO - [2023-02-13T12:27:46.188+0000] {dag.py:2690} INFO - Sync 2 DAGs
[2023-02-13T12:27:46.236+0000] {logging_mixin.py:137} INFO - [2023-02-13T12:27:46.235+0000] {dag.py:3441} INFO - Setting next_dagrun for example_xcom_args to None, run_after=None
[2023-02-13T12:27:46.240+0000] {logging_mixin.py:137} INFO - [2023-02-13T12:27:46.240+0000] {dag.py:3441} INFO - Setting next_dagrun for example_xcom_args_with_operators to None, run_after=None
[2023-02-13T12:27:46.389+0000] {processor.py:175} INFO - Processing /home/airflow/.local/lib/python3.7/site-packages/airflow/example_dags/example_xcomargs.py took 0.455 seconds
[2023-02-13T12:28:16.666+0000] {processor.py:153} INFO - Started process (PID=2074) to work on /home/airflow/.local/lib/python3.7/site-packages/airflow/example_dags/example_xcomargs.py
[2023-02-13T12:28:16.667+0000] {processor.py:743} INFO - Processing file /home/airflow/.local/lib/python3.7/site-packages/airflow/example_dags/example_xcomargs.py for tasks to queue
[2023-02-13T12:28:16.668+0000] {logging_mixin.py:137} INFO - [2023-02-13T12:28:16.667+0000] {dagbag.py:538} INFO - Filling up the DagBag from /home/airflow/.local/lib/python3.7/site-packages/airflow/example_dags/example_xcomargs.py
[2023-02-13T12:28:16.699+0000] {processor.py:753} INFO - DAG(s) dict_keys(['example_xcom_args_with_operators', 'example_xcom_args']) retrieved from /home/airflow/.local/lib/python3.7/site-packages/airflow/example_dags/example_xcomargs.py
[2023-02-13T12:28:16.732+0000] {logging_mixin.py:137} INFO - [2023-02-13T12:28:16.732+0000] {dag.py:2690} INFO - Sync 2 DAGs
[2023-02-13T12:28:16.761+0000] {logging_mixin.py:137} INFO - [2023-02-13T12:28:16.760+0000] {dag.py:3441} INFO - Setting next_dagrun for example_xcom_args to None, run_after=None
[2023-02-13T12:28:16.765+0000] {logging_mixin.py:137} INFO - [2023-02-13T12:28:16.764+0000] {dag.py:3441} INFO - Setting next_dagrun for example_xcom_args_with_operators to None, run_after=None
[2023-02-13T12:28:16.808+0000] {processor.py:175} INFO - Processing /home/airflow/.local/lib/python3.7/site-packages/airflow/example_dags/example_xcomargs.py took 0.146 seconds
[2023-02-13T12:28:47.726+0000] {processor.py:153} INFO - Started process (PID=2311) to work on /home/airflow/.local/lib/python3.7/site-packages/airflow/example_dags/example_xcomargs.py
[2023-02-13T12:28:47.737+0000] {processor.py:743} INFO - Processing file /home/airflow/.local/lib/python3.7/site-packages/airflow/example_dags/example_xcomargs.py for tasks to queue
[2023-02-13T12:28:47.738+0000] {logging_mixin.py:137} INFO - [2023-02-13T12:28:47.737+0000] {dagbag.py:538} INFO - Filling up the DagBag from /home/airflow/.local/lib/python3.7/site-packages/airflow/example_dags/example_xcomargs.py
[2023-02-13T12:28:47.775+0000] {processor.py:753} INFO - DAG(s) dict_keys(['example_xcom_args_with_operators', 'example_xcom_args']) retrieved from /home/airflow/.local/lib/python3.7/site-packages/airflow/example_dags/example_xcomargs.py
[2023-02-13T12:28:47.817+0000] {logging_mixin.py:137} INFO - [2023-02-13T12:28:47.816+0000] {dag.py:2690} INFO - Sync 2 DAGs
[2023-02-13T12:28:47.849+0000] {logging_mixin.py:137} INFO - [2023-02-13T12:28:47.849+0000] {dag.py:3441} INFO - Setting next_dagrun for example_xcom_args to None, run_after=None
[2023-02-13T12:28:47.854+0000] {logging_mixin.py:137} INFO - [2023-02-13T12:28:47.853+0000] {dag.py:3441} INFO - Setting next_dagrun for example_xcom_args_with_operators to None, run_after=None
[2023-02-13T12:28:47.912+0000] {processor.py:175} INFO - Processing /home/airflow/.local/lib/python3.7/site-packages/airflow/example_dags/example_xcomargs.py took 0.189 seconds
[2023-02-13T12:29:18.367+0000] {processor.py:153} INFO - Started process (PID=2545) to work on /home/airflow/.local/lib/python3.7/site-packages/airflow/example_dags/example_xcomargs.py
[2023-02-13T12:29:18.372+0000] {processor.py:743} INFO - Processing file /home/airflow/.local/lib/python3.7/site-packages/airflow/example_dags/example_xcomargs.py for tasks to queue
[2023-02-13T12:29:18.373+0000] {logging_mixin.py:137} INFO - [2023-02-13T12:29:18.373+0000] {dagbag.py:538} INFO - Filling up the DagBag from /home/airflow/.local/lib/python3.7/site-packages/airflow/example_dags/example_xcomargs.py
[2023-02-13T12:29:18.405+0000] {processor.py:753} INFO - DAG(s) dict_keys(['example_xcom_args', 'example_xcom_args_with_operators']) retrieved from /home/airflow/.local/lib/python3.7/site-packages/airflow/example_dags/example_xcomargs.py
[2023-02-13T12:29:18.438+0000] {logging_mixin.py:137} INFO - [2023-02-13T12:29:18.438+0000] {dag.py:2690} INFO - Sync 2 DAGs
[2023-02-13T12:29:18.467+0000] {logging_mixin.py:137} INFO - [2023-02-13T12:29:18.467+0000] {dag.py:3441} INFO - Setting next_dagrun for example_xcom_args to None, run_after=None
[2023-02-13T12:29:18.472+0000] {logging_mixin.py:137} INFO - [2023-02-13T12:29:18.472+0000] {dag.py:3441} INFO - Setting next_dagrun for example_xcom_args_with_operators to None, run_after=None
[2023-02-13T12:29:18.516+0000] {processor.py:175} INFO - Processing /home/airflow/.local/lib/python3.7/site-packages/airflow/example_dags/example_xcomargs.py took 0.156 seconds
