[2023-02-13T12:21:34.119+0000] {processor.py:153} INFO - Started process (PID=248) to work on /home/airflow/.local/lib/python3.7/site-packages/airflow/example_dags/example_external_task_marker_dag.py
[2023-02-13T12:21:34.120+0000] {processor.py:743} INFO - Processing file /home/airflow/.local/lib/python3.7/site-packages/airflow/example_dags/example_external_task_marker_dag.py for tasks to queue
[2023-02-13T12:21:34.120+0000] {logging_mixin.py:137} INFO - [2023-02-13T12:21:34.120+0000] {dagbag.py:538} INFO - Filling up the DagBag from /home/airflow/.local/lib/python3.7/site-packages/airflow/example_dags/example_external_task_marker_dag.py
[2023-02-13T12:21:34.148+0000] {processor.py:753} INFO - DAG(s) dict_keys(['example_external_task_marker_child', 'example_external_task_marker_parent']) retrieved from /home/airflow/.local/lib/python3.7/site-packages/airflow/example_dags/example_external_task_marker_dag.py
[2023-02-13T12:21:34.180+0000] {logging_mixin.py:137} INFO - [2023-02-13T12:21:34.180+0000] {dag.py:2690} INFO - Sync 2 DAGs
[2023-02-13T12:21:34.229+0000] {logging_mixin.py:137} INFO - [2023-02-13T12:21:34.229+0000] {dag.py:3441} INFO - Setting next_dagrun for example_external_task_marker_child to None, run_after=None
[2023-02-13T12:21:34.234+0000] {logging_mixin.py:137} INFO - [2023-02-13T12:21:34.234+0000] {dag.py:3441} INFO - Setting next_dagrun for example_external_task_marker_parent to None, run_after=None
[2023-02-13T12:21:34.324+0000] {processor.py:175} INFO - Processing /home/airflow/.local/lib/python3.7/site-packages/airflow/example_dags/example_external_task_marker_dag.py took 0.209 seconds
[2023-02-13T12:22:04.361+0000] {processor.py:153} INFO - Started process (PID=476) to work on /home/airflow/.local/lib/python3.7/site-packages/airflow/example_dags/example_external_task_marker_dag.py
[2023-02-13T12:22:04.362+0000] {processor.py:743} INFO - Processing file /home/airflow/.local/lib/python3.7/site-packages/airflow/example_dags/example_external_task_marker_dag.py for tasks to queue
[2023-02-13T12:22:04.363+0000] {logging_mixin.py:137} INFO - [2023-02-13T12:22:04.362+0000] {dagbag.py:538} INFO - Filling up the DagBag from /home/airflow/.local/lib/python3.7/site-packages/airflow/example_dags/example_external_task_marker_dag.py
[2023-02-13T12:22:04.381+0000] {processor.py:753} INFO - DAG(s) dict_keys(['example_external_task_marker_child', 'example_external_task_marker_parent']) retrieved from /home/airflow/.local/lib/python3.7/site-packages/airflow/example_dags/example_external_task_marker_dag.py
[2023-02-13T12:22:04.418+0000] {logging_mixin.py:137} INFO - [2023-02-13T12:22:04.418+0000] {dag.py:2690} INFO - Sync 2 DAGs
[2023-02-13T12:22:04.463+0000] {logging_mixin.py:137} INFO - [2023-02-13T12:22:04.463+0000] {dag.py:3441} INFO - Setting next_dagrun for example_external_task_marker_child to None, run_after=None
[2023-02-13T12:22:04.469+0000] {logging_mixin.py:137} INFO - [2023-02-13T12:22:04.469+0000] {dag.py:3441} INFO - Setting next_dagrun for example_external_task_marker_parent to None, run_after=None
[2023-02-13T12:22:04.522+0000] {processor.py:175} INFO - Processing /home/airflow/.local/lib/python3.7/site-packages/airflow/example_dags/example_external_task_marker_dag.py took 0.164 seconds
[2023-02-13T12:22:36.350+0000] {processor.py:153} INFO - Started process (PID=703) to work on /home/airflow/.local/lib/python3.7/site-packages/airflow/example_dags/example_external_task_marker_dag.py
[2023-02-13T12:22:36.362+0000] {processor.py:743} INFO - Processing file /home/airflow/.local/lib/python3.7/site-packages/airflow/example_dags/example_external_task_marker_dag.py for tasks to queue
[2023-02-13T12:22:36.363+0000] {logging_mixin.py:137} INFO - [2023-02-13T12:22:36.363+0000] {dagbag.py:538} INFO - Filling up the DagBag from /home/airflow/.local/lib/python3.7/site-packages/airflow/example_dags/example_external_task_marker_dag.py
[2023-02-13T12:22:36.395+0000] {processor.py:753} INFO - DAG(s) dict_keys(['example_external_task_marker_parent', 'example_external_task_marker_child']) retrieved from /home/airflow/.local/lib/python3.7/site-packages/airflow/example_dags/example_external_task_marker_dag.py
[2023-02-13T12:22:36.453+0000] {logging_mixin.py:137} INFO - [2023-02-13T12:22:36.453+0000] {dag.py:2690} INFO - Sync 2 DAGs
[2023-02-13T12:22:36.530+0000] {logging_mixin.py:137} INFO - [2023-02-13T12:22:36.530+0000] {dag.py:3441} INFO - Setting next_dagrun for example_external_task_marker_child to None, run_after=None
[2023-02-13T12:22:36.539+0000] {logging_mixin.py:137} INFO - [2023-02-13T12:22:36.539+0000] {dag.py:3441} INFO - Setting next_dagrun for example_external_task_marker_parent to None, run_after=None
[2023-02-13T12:22:36.597+0000] {processor.py:175} INFO - Processing /home/airflow/.local/lib/python3.7/site-packages/airflow/example_dags/example_external_task_marker_dag.py took 0.252 seconds
[2023-02-13T12:24:09.816+0000] {processor.py:153} INFO - Started process (PID=253) to work on /home/airflow/.local/lib/python3.7/site-packages/airflow/example_dags/example_external_task_marker_dag.py
[2023-02-13T12:24:09.817+0000] {processor.py:743} INFO - Processing file /home/airflow/.local/lib/python3.7/site-packages/airflow/example_dags/example_external_task_marker_dag.py for tasks to queue
[2023-02-13T12:24:09.819+0000] {logging_mixin.py:137} INFO - [2023-02-13T12:24:09.818+0000] {dagbag.py:538} INFO - Filling up the DagBag from /home/airflow/.local/lib/python3.7/site-packages/airflow/example_dags/example_external_task_marker_dag.py
[2023-02-13T12:24:09.852+0000] {processor.py:753} INFO - DAG(s) dict_keys(['example_external_task_marker_parent', 'example_external_task_marker_child']) retrieved from /home/airflow/.local/lib/python3.7/site-packages/airflow/example_dags/example_external_task_marker_dag.py
[2023-02-13T12:24:10.051+0000] {logging_mixin.py:137} INFO - [2023-02-13T12:24:10.050+0000] {dag.py:2690} INFO - Sync 2 DAGs
[2023-02-13T12:24:10.127+0000] {logging_mixin.py:137} INFO - [2023-02-13T12:24:10.126+0000] {dag.py:3441} INFO - Setting next_dagrun for example_external_task_marker_child to None, run_after=None
[2023-02-13T12:24:10.133+0000] {logging_mixin.py:137} INFO - [2023-02-13T12:24:10.133+0000] {dag.py:3441} INFO - Setting next_dagrun for example_external_task_marker_parent to None, run_after=None
[2023-02-13T12:24:10.392+0000] {processor.py:175} INFO - Processing /home/airflow/.local/lib/python3.7/site-packages/airflow/example_dags/example_external_task_marker_dag.py took 0.580 seconds
[2023-02-13T12:24:41.294+0000] {processor.py:153} INFO - Started process (PID=482) to work on /home/airflow/.local/lib/python3.7/site-packages/airflow/example_dags/example_external_task_marker_dag.py
[2023-02-13T12:24:41.332+0000] {processor.py:743} INFO - Processing file /home/airflow/.local/lib/python3.7/site-packages/airflow/example_dags/example_external_task_marker_dag.py for tasks to queue
[2023-02-13T12:24:41.334+0000] {logging_mixin.py:137} INFO - [2023-02-13T12:24:41.333+0000] {dagbag.py:538} INFO - Filling up the DagBag from /home/airflow/.local/lib/python3.7/site-packages/airflow/example_dags/example_external_task_marker_dag.py
[2023-02-13T12:24:41.370+0000] {processor.py:753} INFO - DAG(s) dict_keys(['example_external_task_marker_child', 'example_external_task_marker_parent']) retrieved from /home/airflow/.local/lib/python3.7/site-packages/airflow/example_dags/example_external_task_marker_dag.py
[2023-02-13T12:24:41.438+0000] {logging_mixin.py:137} INFO - [2023-02-13T12:24:41.437+0000] {dag.py:2690} INFO - Sync 2 DAGs
[2023-02-13T12:24:41.507+0000] {logging_mixin.py:137} INFO - [2023-02-13T12:24:41.507+0000] {dag.py:3441} INFO - Setting next_dagrun for example_external_task_marker_child to None, run_after=None
[2023-02-13T12:24:41.517+0000] {logging_mixin.py:137} INFO - [2023-02-13T12:24:41.517+0000] {dag.py:3441} INFO - Setting next_dagrun for example_external_task_marker_parent to None, run_after=None
[2023-02-13T12:24:41.699+0000] {processor.py:175} INFO - Processing /home/airflow/.local/lib/python3.7/site-packages/airflow/example_dags/example_external_task_marker_dag.py took 0.412 seconds
[2023-02-13T12:25:12.429+0000] {processor.py:153} INFO - Started process (PID=709) to work on /home/airflow/.local/lib/python3.7/site-packages/airflow/example_dags/example_external_task_marker_dag.py
[2023-02-13T12:25:12.480+0000] {processor.py:743} INFO - Processing file /home/airflow/.local/lib/python3.7/site-packages/airflow/example_dags/example_external_task_marker_dag.py for tasks to queue
[2023-02-13T12:25:12.482+0000] {logging_mixin.py:137} INFO - [2023-02-13T12:25:12.481+0000] {dagbag.py:538} INFO - Filling up the DagBag from /home/airflow/.local/lib/python3.7/site-packages/airflow/example_dags/example_external_task_marker_dag.py
[2023-02-13T12:25:12.522+0000] {processor.py:753} INFO - DAG(s) dict_keys(['example_external_task_marker_child', 'example_external_task_marker_parent']) retrieved from /home/airflow/.local/lib/python3.7/site-packages/airflow/example_dags/example_external_task_marker_dag.py
[2023-02-13T12:25:12.572+0000] {logging_mixin.py:137} INFO - [2023-02-13T12:25:12.571+0000] {dag.py:2690} INFO - Sync 2 DAGs
[2023-02-13T12:25:12.604+0000] {logging_mixin.py:137} INFO - [2023-02-13T12:25:12.604+0000] {dag.py:3441} INFO - Setting next_dagrun for example_external_task_marker_child to None, run_after=None
[2023-02-13T12:25:12.608+0000] {logging_mixin.py:137} INFO - [2023-02-13T12:25:12.608+0000] {dag.py:3441} INFO - Setting next_dagrun for example_external_task_marker_parent to None, run_after=None
[2023-02-13T12:25:12.662+0000] {processor.py:175} INFO - Processing /home/airflow/.local/lib/python3.7/site-packages/airflow/example_dags/example_external_task_marker_dag.py took 0.239 seconds
[2023-02-13T12:25:42.720+0000] {processor.py:153} INFO - Started process (PID=934) to work on /home/airflow/.local/lib/python3.7/site-packages/airflow/example_dags/example_external_task_marker_dag.py
[2023-02-13T12:25:42.722+0000] {processor.py:743} INFO - Processing file /home/airflow/.local/lib/python3.7/site-packages/airflow/example_dags/example_external_task_marker_dag.py for tasks to queue
[2023-02-13T12:25:42.723+0000] {logging_mixin.py:137} INFO - [2023-02-13T12:25:42.723+0000] {dagbag.py:538} INFO - Filling up the DagBag from /home/airflow/.local/lib/python3.7/site-packages/airflow/example_dags/example_external_task_marker_dag.py
[2023-02-13T12:25:42.753+0000] {processor.py:753} INFO - DAG(s) dict_keys(['example_external_task_marker_parent', 'example_external_task_marker_child']) retrieved from /home/airflow/.local/lib/python3.7/site-packages/airflow/example_dags/example_external_task_marker_dag.py
[2023-02-13T12:25:42.807+0000] {logging_mixin.py:137} INFO - [2023-02-13T12:25:42.807+0000] {dag.py:2690} INFO - Sync 2 DAGs
[2023-02-13T12:25:42.875+0000] {logging_mixin.py:137} INFO - [2023-02-13T12:25:42.874+0000] {dag.py:3441} INFO - Setting next_dagrun for example_external_task_marker_child to None, run_after=None
[2023-02-13T12:25:42.885+0000] {logging_mixin.py:137} INFO - [2023-02-13T12:25:42.885+0000] {dag.py:3441} INFO - Setting next_dagrun for example_external_task_marker_parent to None, run_after=None
[2023-02-13T12:25:42.951+0000] {processor.py:175} INFO - Processing /home/airflow/.local/lib/python3.7/site-packages/airflow/example_dags/example_external_task_marker_dag.py took 0.237 seconds
[2023-02-13T12:26:13.505+0000] {processor.py:153} INFO - Started process (PID=1161) to work on /home/airflow/.local/lib/python3.7/site-packages/airflow/example_dags/example_external_task_marker_dag.py
[2023-02-13T12:26:13.506+0000] {processor.py:743} INFO - Processing file /home/airflow/.local/lib/python3.7/site-packages/airflow/example_dags/example_external_task_marker_dag.py for tasks to queue
[2023-02-13T12:26:13.507+0000] {logging_mixin.py:137} INFO - [2023-02-13T12:26:13.506+0000] {dagbag.py:538} INFO - Filling up the DagBag from /home/airflow/.local/lib/python3.7/site-packages/airflow/example_dags/example_external_task_marker_dag.py
[2023-02-13T12:26:13.538+0000] {processor.py:753} INFO - DAG(s) dict_keys(['example_external_task_marker_parent', 'example_external_task_marker_child']) retrieved from /home/airflow/.local/lib/python3.7/site-packages/airflow/example_dags/example_external_task_marker_dag.py
[2023-02-13T12:26:13.604+0000] {logging_mixin.py:137} INFO - [2023-02-13T12:26:13.604+0000] {dag.py:2690} INFO - Sync 2 DAGs
[2023-02-13T12:26:13.675+0000] {logging_mixin.py:137} INFO - [2023-02-13T12:26:13.675+0000] {dag.py:3441} INFO - Setting next_dagrun for example_external_task_marker_child to None, run_after=None
[2023-02-13T12:26:13.683+0000] {logging_mixin.py:137} INFO - [2023-02-13T12:26:13.683+0000] {dag.py:3441} INFO - Setting next_dagrun for example_external_task_marker_parent to None, run_after=None
[2023-02-13T12:26:13.761+0000] {processor.py:175} INFO - Processing /home/airflow/.local/lib/python3.7/site-packages/airflow/example_dags/example_external_task_marker_dag.py took 0.263 seconds
[2023-02-13T12:26:43.966+0000] {processor.py:153} INFO - Started process (PID=1387) to work on /home/airflow/.local/lib/python3.7/site-packages/airflow/example_dags/example_external_task_marker_dag.py
[2023-02-13T12:26:43.980+0000] {processor.py:743} INFO - Processing file /home/airflow/.local/lib/python3.7/site-packages/airflow/example_dags/example_external_task_marker_dag.py for tasks to queue
[2023-02-13T12:26:43.981+0000] {logging_mixin.py:137} INFO - [2023-02-13T12:26:43.981+0000] {dagbag.py:538} INFO - Filling up the DagBag from /home/airflow/.local/lib/python3.7/site-packages/airflow/example_dags/example_external_task_marker_dag.py
[2023-02-13T12:26:44.004+0000] {processor.py:753} INFO - DAG(s) dict_keys(['example_external_task_marker_child', 'example_external_task_marker_parent']) retrieved from /home/airflow/.local/lib/python3.7/site-packages/airflow/example_dags/example_external_task_marker_dag.py
[2023-02-13T12:26:44.038+0000] {logging_mixin.py:137} INFO - [2023-02-13T12:26:44.038+0000] {dag.py:2690} INFO - Sync 2 DAGs
[2023-02-13T12:26:44.068+0000] {logging_mixin.py:137} INFO - [2023-02-13T12:26:44.068+0000] {dag.py:3441} INFO - Setting next_dagrun for example_external_task_marker_child to None, run_after=None
[2023-02-13T12:26:44.072+0000] {logging_mixin.py:137} INFO - [2023-02-13T12:26:44.072+0000] {dag.py:3441} INFO - Setting next_dagrun for example_external_task_marker_parent to None, run_after=None
[2023-02-13T12:26:44.142+0000] {processor.py:175} INFO - Processing /home/airflow/.local/lib/python3.7/site-packages/airflow/example_dags/example_external_task_marker_dag.py took 0.181 seconds
[2023-02-13T12:27:14.759+0000] {processor.py:153} INFO - Started process (PID=1615) to work on /home/airflow/.local/lib/python3.7/site-packages/airflow/example_dags/example_external_task_marker_dag.py
[2023-02-13T12:27:14.760+0000] {processor.py:743} INFO - Processing file /home/airflow/.local/lib/python3.7/site-packages/airflow/example_dags/example_external_task_marker_dag.py for tasks to queue
[2023-02-13T12:27:14.761+0000] {logging_mixin.py:137} INFO - [2023-02-13T12:27:14.761+0000] {dagbag.py:538} INFO - Filling up the DagBag from /home/airflow/.local/lib/python3.7/site-packages/airflow/example_dags/example_external_task_marker_dag.py
[2023-02-13T12:27:14.782+0000] {processor.py:753} INFO - DAG(s) dict_keys(['example_external_task_marker_child', 'example_external_task_marker_parent']) retrieved from /home/airflow/.local/lib/python3.7/site-packages/airflow/example_dags/example_external_task_marker_dag.py
[2023-02-13T12:27:14.816+0000] {logging_mixin.py:137} INFO - [2023-02-13T12:27:14.816+0000] {dag.py:2690} INFO - Sync 2 DAGs
[2023-02-13T12:27:14.848+0000] {logging_mixin.py:137} INFO - [2023-02-13T12:27:14.847+0000] {dag.py:3441} INFO - Setting next_dagrun for example_external_task_marker_child to None, run_after=None
[2023-02-13T12:27:14.851+0000] {logging_mixin.py:137} INFO - [2023-02-13T12:27:14.851+0000] {dag.py:3441} INFO - Setting next_dagrun for example_external_task_marker_parent to None, run_after=None
[2023-02-13T12:27:14.898+0000] {processor.py:175} INFO - Processing /home/airflow/.local/lib/python3.7/site-packages/airflow/example_dags/example_external_task_marker_dag.py took 0.142 seconds
[2023-02-13T12:27:45.677+0000] {processor.py:153} INFO - Started process (PID=1842) to work on /home/airflow/.local/lib/python3.7/site-packages/airflow/example_dags/example_external_task_marker_dag.py
[2023-02-13T12:27:45.759+0000] {processor.py:743} INFO - Processing file /home/airflow/.local/lib/python3.7/site-packages/airflow/example_dags/example_external_task_marker_dag.py for tasks to queue
[2023-02-13T12:27:45.759+0000] {logging_mixin.py:137} INFO - [2023-02-13T12:27:45.759+0000] {dagbag.py:538} INFO - Filling up the DagBag from /home/airflow/.local/lib/python3.7/site-packages/airflow/example_dags/example_external_task_marker_dag.py
[2023-02-13T12:27:45.781+0000] {processor.py:753} INFO - DAG(s) dict_keys(['example_external_task_marker_parent', 'example_external_task_marker_child']) retrieved from /home/airflow/.local/lib/python3.7/site-packages/airflow/example_dags/example_external_task_marker_dag.py
[2023-02-13T12:27:45.830+0000] {logging_mixin.py:137} INFO - [2023-02-13T12:27:45.830+0000] {dag.py:2690} INFO - Sync 2 DAGs
[2023-02-13T12:27:45.895+0000] {logging_mixin.py:137} INFO - [2023-02-13T12:27:45.895+0000] {dag.py:3441} INFO - Setting next_dagrun for example_external_task_marker_child to None, run_after=None
[2023-02-13T12:27:45.912+0000] {logging_mixin.py:137} INFO - [2023-02-13T12:27:45.911+0000] {dag.py:3441} INFO - Setting next_dagrun for example_external_task_marker_parent to None, run_after=None
[2023-02-13T12:27:46.123+0000] {processor.py:175} INFO - Processing /home/airflow/.local/lib/python3.7/site-packages/airflow/example_dags/example_external_task_marker_dag.py took 0.451 seconds
[2023-02-13T12:28:16.640+0000] {processor.py:153} INFO - Started process (PID=2069) to work on /home/airflow/.local/lib/python3.7/site-packages/airflow/example_dags/example_external_task_marker_dag.py
[2023-02-13T12:28:16.640+0000] {processor.py:743} INFO - Processing file /home/airflow/.local/lib/python3.7/site-packages/airflow/example_dags/example_external_task_marker_dag.py for tasks to queue
[2023-02-13T12:28:16.641+0000] {logging_mixin.py:137} INFO - [2023-02-13T12:28:16.641+0000] {dagbag.py:538} INFO - Filling up the DagBag from /home/airflow/.local/lib/python3.7/site-packages/airflow/example_dags/example_external_task_marker_dag.py
[2023-02-13T12:28:16.658+0000] {processor.py:753} INFO - DAG(s) dict_keys(['example_external_task_marker_child', 'example_external_task_marker_parent']) retrieved from /home/airflow/.local/lib/python3.7/site-packages/airflow/example_dags/example_external_task_marker_dag.py
[2023-02-13T12:28:16.693+0000] {logging_mixin.py:137} INFO - [2023-02-13T12:28:16.692+0000] {dag.py:2690} INFO - Sync 2 DAGs
[2023-02-13T12:28:16.727+0000] {logging_mixin.py:137} INFO - [2023-02-13T12:28:16.726+0000] {dag.py:3441} INFO - Setting next_dagrun for example_external_task_marker_child to None, run_after=None
[2023-02-13T12:28:16.731+0000] {logging_mixin.py:137} INFO - [2023-02-13T12:28:16.730+0000] {dag.py:3441} INFO - Setting next_dagrun for example_external_task_marker_parent to None, run_after=None
[2023-02-13T12:28:16.772+0000] {processor.py:175} INFO - Processing /home/airflow/.local/lib/python3.7/site-packages/airflow/example_dags/example_external_task_marker_dag.py took 0.136 seconds
[2023-02-13T12:28:47.695+0000] {processor.py:153} INFO - Started process (PID=2306) to work on /home/airflow/.local/lib/python3.7/site-packages/airflow/example_dags/example_external_task_marker_dag.py
[2023-02-13T12:28:47.726+0000] {processor.py:743} INFO - Processing file /home/airflow/.local/lib/python3.7/site-packages/airflow/example_dags/example_external_task_marker_dag.py for tasks to queue
[2023-02-13T12:28:47.727+0000] {logging_mixin.py:137} INFO - [2023-02-13T12:28:47.727+0000] {dagbag.py:538} INFO - Filling up the DagBag from /home/airflow/.local/lib/python3.7/site-packages/airflow/example_dags/example_external_task_marker_dag.py
[2023-02-13T12:28:47.743+0000] {processor.py:753} INFO - DAG(s) dict_keys(['example_external_task_marker_child', 'example_external_task_marker_parent']) retrieved from /home/airflow/.local/lib/python3.7/site-packages/airflow/example_dags/example_external_task_marker_dag.py
[2023-02-13T12:28:47.784+0000] {logging_mixin.py:137} INFO - [2023-02-13T12:28:47.783+0000] {dag.py:2690} INFO - Sync 2 DAGs
[2023-02-13T12:28:47.829+0000] {logging_mixin.py:137} INFO - [2023-02-13T12:28:47.829+0000] {dag.py:3441} INFO - Setting next_dagrun for example_external_task_marker_child to None, run_after=None
[2023-02-13T12:28:47.833+0000] {logging_mixin.py:137} INFO - [2023-02-13T12:28:47.833+0000] {dag.py:3441} INFO - Setting next_dagrun for example_external_task_marker_parent to None, run_after=None
[2023-02-13T12:28:47.884+0000] {processor.py:175} INFO - Processing /home/airflow/.local/lib/python3.7/site-packages/airflow/example_dags/example_external_task_marker_dag.py took 0.193 seconds
[2023-02-13T12:29:18.138+0000] {processor.py:153} INFO - Started process (PID=2540) to work on /home/airflow/.local/lib/python3.7/site-packages/airflow/example_dags/example_external_task_marker_dag.py
[2023-02-13T12:29:18.172+0000] {processor.py:743} INFO - Processing file /home/airflow/.local/lib/python3.7/site-packages/airflow/example_dags/example_external_task_marker_dag.py for tasks to queue
[2023-02-13T12:29:18.173+0000] {logging_mixin.py:137} INFO - [2023-02-13T12:29:18.173+0000] {dagbag.py:538} INFO - Filling up the DagBag from /home/airflow/.local/lib/python3.7/site-packages/airflow/example_dags/example_external_task_marker_dag.py
[2023-02-13T12:29:18.206+0000] {processor.py:753} INFO - DAG(s) dict_keys(['example_external_task_marker_parent', 'example_external_task_marker_child']) retrieved from /home/airflow/.local/lib/python3.7/site-packages/airflow/example_dags/example_external_task_marker_dag.py
[2023-02-13T12:29:18.241+0000] {logging_mixin.py:137} INFO - [2023-02-13T12:29:18.241+0000] {dag.py:2690} INFO - Sync 2 DAGs
[2023-02-13T12:29:18.271+0000] {logging_mixin.py:137} INFO - [2023-02-13T12:29:18.270+0000] {dag.py:3441} INFO - Setting next_dagrun for example_external_task_marker_child to None, run_after=None
[2023-02-13T12:29:18.274+0000] {logging_mixin.py:137} INFO - [2023-02-13T12:29:18.274+0000] {dag.py:3441} INFO - Setting next_dagrun for example_external_task_marker_parent to None, run_after=None
[2023-02-13T12:29:18.334+0000] {processor.py:175} INFO - Processing /home/airflow/.local/lib/python3.7/site-packages/airflow/example_dags/example_external_task_marker_dag.py took 0.200 seconds
