[2023-02-13T12:21:33.313+0000] {processor.py:153} INFO - Started process (PID=228) to work on /home/airflow/.local/lib/python3.7/site-packages/airflow/example_dags/example_latest_only.py
[2023-02-13T12:21:33.314+0000] {processor.py:743} INFO - Processing file /home/airflow/.local/lib/python3.7/site-packages/airflow/example_dags/example_latest_only.py for tasks to queue
[2023-02-13T12:21:33.315+0000] {logging_mixin.py:137} INFO - [2023-02-13T12:21:33.315+0000] {dagbag.py:538} INFO - Filling up the DagBag from /home/airflow/.local/lib/python3.7/site-packages/airflow/example_dags/example_latest_only.py
[2023-02-13T12:21:33.356+0000] {processor.py:753} INFO - DAG(s) dict_keys(['latest_only']) retrieved from /home/airflow/.local/lib/python3.7/site-packages/airflow/example_dags/example_latest_only.py
[2023-02-13T12:21:33.387+0000] {logging_mixin.py:137} INFO - [2023-02-13T12:21:33.387+0000] {dag.py:2690} INFO - Sync 1 DAGs
[2023-02-13T12:21:33.426+0000] {logging_mixin.py:137} INFO - [2023-02-13T12:21:33.426+0000] {dag.py:3441} INFO - Setting next_dagrun for latest_only to 2023-02-13T08:21:33.426296+00:00, run_after=2023-02-13T12:21:33.426296+00:00
[2023-02-13T12:21:33.573+0000] {processor.py:175} INFO - Processing /home/airflow/.local/lib/python3.7/site-packages/airflow/example_dags/example_latest_only.py took 0.267 seconds
[2023-02-13T12:22:03.997+0000] {processor.py:153} INFO - Started process (PID=458) to work on /home/airflow/.local/lib/python3.7/site-packages/airflow/example_dags/example_latest_only.py
[2023-02-13T12:22:03.998+0000] {processor.py:743} INFO - Processing file /home/airflow/.local/lib/python3.7/site-packages/airflow/example_dags/example_latest_only.py for tasks to queue
[2023-02-13T12:22:03.999+0000] {logging_mixin.py:137} INFO - [2023-02-13T12:22:03.999+0000] {dagbag.py:538} INFO - Filling up the DagBag from /home/airflow/.local/lib/python3.7/site-packages/airflow/example_dags/example_latest_only.py
[2023-02-13T12:22:04.019+0000] {processor.py:753} INFO - DAG(s) dict_keys(['latest_only']) retrieved from /home/airflow/.local/lib/python3.7/site-packages/airflow/example_dags/example_latest_only.py
[2023-02-13T12:22:04.059+0000] {logging_mixin.py:137} INFO - [2023-02-13T12:22:04.058+0000] {dag.py:2690} INFO - Sync 1 DAGs
[2023-02-13T12:22:04.100+0000] {logging_mixin.py:137} INFO - [2023-02-13T12:22:04.100+0000] {dag.py:3441} INFO - Setting next_dagrun for latest_only to 2023-02-13T08:22:04.099870+00:00, run_after=2023-02-13T12:22:04.099870+00:00
[2023-02-13T12:22:04.176+0000] {processor.py:175} INFO - Processing /home/airflow/.local/lib/python3.7/site-packages/airflow/example_dags/example_latest_only.py took 0.186 seconds
[2023-02-13T12:22:35.393+0000] {processor.py:153} INFO - Started process (PID=690) to work on /home/airflow/.local/lib/python3.7/site-packages/airflow/example_dags/example_latest_only.py
[2023-02-13T12:22:35.433+0000] {processor.py:743} INFO - Processing file /home/airflow/.local/lib/python3.7/site-packages/airflow/example_dags/example_latest_only.py for tasks to queue
[2023-02-13T12:22:35.434+0000] {logging_mixin.py:137} INFO - [2023-02-13T12:22:35.434+0000] {dagbag.py:538} INFO - Filling up the DagBag from /home/airflow/.local/lib/python3.7/site-packages/airflow/example_dags/example_latest_only.py
[2023-02-13T12:22:35.449+0000] {processor.py:753} INFO - DAG(s) dict_keys(['latest_only']) retrieved from /home/airflow/.local/lib/python3.7/site-packages/airflow/example_dags/example_latest_only.py
[2023-02-13T12:22:35.480+0000] {logging_mixin.py:137} INFO - [2023-02-13T12:22:35.480+0000] {dag.py:2690} INFO - Sync 1 DAGs
[2023-02-13T12:22:35.524+0000] {logging_mixin.py:137} INFO - [2023-02-13T12:22:35.524+0000] {dag.py:3441} INFO - Setting next_dagrun for latest_only to 2023-02-13T08:22:35.524509+00:00, run_after=2023-02-13T12:22:35.524509+00:00
[2023-02-13T12:22:35.720+0000] {processor.py:175} INFO - Processing /home/airflow/.local/lib/python3.7/site-packages/airflow/example_dags/example_latest_only.py took 0.332 seconds
[2023-02-13T12:24:09.195+0000] {processor.py:153} INFO - Started process (PID=233) to work on /home/airflow/.local/lib/python3.7/site-packages/airflow/example_dags/example_latest_only.py
[2023-02-13T12:24:09.207+0000] {processor.py:743} INFO - Processing file /home/airflow/.local/lib/python3.7/site-packages/airflow/example_dags/example_latest_only.py for tasks to queue
[2023-02-13T12:24:09.209+0000] {logging_mixin.py:137} INFO - [2023-02-13T12:24:09.209+0000] {dagbag.py:538} INFO - Filling up the DagBag from /home/airflow/.local/lib/python3.7/site-packages/airflow/example_dags/example_latest_only.py
[2023-02-13T12:24:09.246+0000] {processor.py:753} INFO - DAG(s) dict_keys(['latest_only']) retrieved from /home/airflow/.local/lib/python3.7/site-packages/airflow/example_dags/example_latest_only.py
[2023-02-13T12:24:09.302+0000] {logging_mixin.py:137} INFO - [2023-02-13T12:24:09.302+0000] {dag.py:2690} INFO - Sync 1 DAGs
[2023-02-13T12:24:09.369+0000] {logging_mixin.py:137} INFO - [2023-02-13T12:24:09.369+0000] {dag.py:3441} INFO - Setting next_dagrun for latest_only to 2023-02-13T08:24:09.369409+00:00, run_after=2023-02-13T12:24:09.369409+00:00
[2023-02-13T12:24:09.461+0000] {processor.py:175} INFO - Processing /home/airflow/.local/lib/python3.7/site-packages/airflow/example_dags/example_latest_only.py took 0.270 seconds
[2023-02-13T12:24:39.666+0000] {processor.py:153} INFO - Started process (PID=460) to work on /home/airflow/.local/lib/python3.7/site-packages/airflow/example_dags/example_latest_only.py
[2023-02-13T12:24:39.670+0000] {processor.py:743} INFO - Processing file /home/airflow/.local/lib/python3.7/site-packages/airflow/example_dags/example_latest_only.py for tasks to queue
[2023-02-13T12:24:39.671+0000] {logging_mixin.py:137} INFO - [2023-02-13T12:24:39.671+0000] {dagbag.py:538} INFO - Filling up the DagBag from /home/airflow/.local/lib/python3.7/site-packages/airflow/example_dags/example_latest_only.py
[2023-02-13T12:24:39.702+0000] {processor.py:753} INFO - DAG(s) dict_keys(['latest_only']) retrieved from /home/airflow/.local/lib/python3.7/site-packages/airflow/example_dags/example_latest_only.py
[2023-02-13T12:24:39.770+0000] {logging_mixin.py:137} INFO - [2023-02-13T12:24:39.770+0000] {dag.py:2690} INFO - Sync 1 DAGs
[2023-02-13T12:24:39.834+0000] {logging_mixin.py:137} INFO - [2023-02-13T12:24:39.833+0000] {dag.py:3441} INFO - Setting next_dagrun for latest_only to 2023-02-13T08:24:39.833512+00:00, run_after=2023-02-13T12:24:39.833512+00:00
[2023-02-13T12:24:39.907+0000] {processor.py:175} INFO - Processing /home/airflow/.local/lib/python3.7/site-packages/airflow/example_dags/example_latest_only.py took 0.250 seconds
[2023-02-13T12:25:10.881+0000] {processor.py:153} INFO - Started process (PID=687) to work on /home/airflow/.local/lib/python3.7/site-packages/airflow/example_dags/example_latest_only.py
[2023-02-13T12:25:10.882+0000] {processor.py:743} INFO - Processing file /home/airflow/.local/lib/python3.7/site-packages/airflow/example_dags/example_latest_only.py for tasks to queue
[2023-02-13T12:25:10.883+0000] {logging_mixin.py:137} INFO - [2023-02-13T12:25:10.883+0000] {dagbag.py:538} INFO - Filling up the DagBag from /home/airflow/.local/lib/python3.7/site-packages/airflow/example_dags/example_latest_only.py
[2023-02-13T12:25:10.909+0000] {processor.py:753} INFO - DAG(s) dict_keys(['latest_only']) retrieved from /home/airflow/.local/lib/python3.7/site-packages/airflow/example_dags/example_latest_only.py
[2023-02-13T12:25:10.946+0000] {logging_mixin.py:137} INFO - [2023-02-13T12:25:10.945+0000] {dag.py:2690} INFO - Sync 1 DAGs
[2023-02-13T12:25:11.023+0000] {logging_mixin.py:137} INFO - [2023-02-13T12:25:11.023+0000] {dag.py:3441} INFO - Setting next_dagrun for latest_only to 2023-02-13T08:25:11.023465+00:00, run_after=2023-02-13T12:25:11.023465+00:00
[2023-02-13T12:25:11.075+0000] {processor.py:175} INFO - Processing /home/airflow/.local/lib/python3.7/site-packages/airflow/example_dags/example_latest_only.py took 0.199 seconds
[2023-02-13T12:25:41.840+0000] {processor.py:153} INFO - Started process (PID=914) to work on /home/airflow/.local/lib/python3.7/site-packages/airflow/example_dags/example_latest_only.py
[2023-02-13T12:25:41.908+0000] {processor.py:743} INFO - Processing file /home/airflow/.local/lib/python3.7/site-packages/airflow/example_dags/example_latest_only.py for tasks to queue
[2023-02-13T12:25:41.911+0000] {logging_mixin.py:137} INFO - [2023-02-13T12:25:41.911+0000] {dagbag.py:538} INFO - Filling up the DagBag from /home/airflow/.local/lib/python3.7/site-packages/airflow/example_dags/example_latest_only.py
[2023-02-13T12:25:41.936+0000] {processor.py:753} INFO - DAG(s) dict_keys(['latest_only']) retrieved from /home/airflow/.local/lib/python3.7/site-packages/airflow/example_dags/example_latest_only.py
[2023-02-13T12:25:41.987+0000] {logging_mixin.py:137} INFO - [2023-02-13T12:25:41.987+0000] {dag.py:2690} INFO - Sync 1 DAGs
[2023-02-13T12:25:42.067+0000] {logging_mixin.py:137} INFO - [2023-02-13T12:25:42.067+0000] {dag.py:3441} INFO - Setting next_dagrun for latest_only to 2023-02-13T08:25:42.067063+00:00, run_after=2023-02-13T12:25:42.067063+00:00
[2023-02-13T12:25:42.212+0000] {processor.py:175} INFO - Processing /home/airflow/.local/lib/python3.7/site-packages/airflow/example_dags/example_latest_only.py took 0.382 seconds
[2023-02-13T12:26:12.909+0000] {processor.py:153} INFO - Started process (PID=1141) to work on /home/airflow/.local/lib/python3.7/site-packages/airflow/example_dags/example_latest_only.py
[2023-02-13T12:26:12.912+0000] {processor.py:743} INFO - Processing file /home/airflow/.local/lib/python3.7/site-packages/airflow/example_dags/example_latest_only.py for tasks to queue
[2023-02-13T12:26:12.914+0000] {logging_mixin.py:137} INFO - [2023-02-13T12:26:12.914+0000] {dagbag.py:538} INFO - Filling up the DagBag from /home/airflow/.local/lib/python3.7/site-packages/airflow/example_dags/example_latest_only.py
[2023-02-13T12:26:12.941+0000] {processor.py:753} INFO - DAG(s) dict_keys(['latest_only']) retrieved from /home/airflow/.local/lib/python3.7/site-packages/airflow/example_dags/example_latest_only.py
[2023-02-13T12:26:13.002+0000] {logging_mixin.py:137} INFO - [2023-02-13T12:26:13.001+0000] {dag.py:2690} INFO - Sync 1 DAGs
[2023-02-13T12:26:13.074+0000] {logging_mixin.py:137} INFO - [2023-02-13T12:26:13.074+0000] {dag.py:3441} INFO - Setting next_dagrun for latest_only to 2023-02-13T08:26:13.073782+00:00, run_after=2023-02-13T12:26:13.073782+00:00
[2023-02-13T12:26:13.149+0000] {processor.py:175} INFO - Processing /home/airflow/.local/lib/python3.7/site-packages/airflow/example_dags/example_latest_only.py took 0.245 seconds
[2023-02-13T12:26:43.610+0000] {processor.py:153} INFO - Started process (PID=1367) to work on /home/airflow/.local/lib/python3.7/site-packages/airflow/example_dags/example_latest_only.py
[2023-02-13T12:26:43.612+0000] {processor.py:743} INFO - Processing file /home/airflow/.local/lib/python3.7/site-packages/airflow/example_dags/example_latest_only.py for tasks to queue
[2023-02-13T12:26:43.613+0000] {logging_mixin.py:137} INFO - [2023-02-13T12:26:43.612+0000] {dagbag.py:538} INFO - Filling up the DagBag from /home/airflow/.local/lib/python3.7/site-packages/airflow/example_dags/example_latest_only.py
[2023-02-13T12:26:43.635+0000] {processor.py:753} INFO - DAG(s) dict_keys(['latest_only']) retrieved from /home/airflow/.local/lib/python3.7/site-packages/airflow/example_dags/example_latest_only.py
[2023-02-13T12:26:43.667+0000] {logging_mixin.py:137} INFO - [2023-02-13T12:26:43.667+0000] {dag.py:2690} INFO - Sync 1 DAGs
[2023-02-13T12:26:43.697+0000] {logging_mixin.py:137} INFO - [2023-02-13T12:26:43.697+0000] {dag.py:3441} INFO - Setting next_dagrun for latest_only to 2023-02-13T08:26:43.696994+00:00, run_after=2023-02-13T12:26:43.696994+00:00
[2023-02-13T12:26:43.748+0000] {processor.py:175} INFO - Processing /home/airflow/.local/lib/python3.7/site-packages/airflow/example_dags/example_latest_only.py took 0.144 seconds
[2023-02-13T12:27:14.424+0000] {processor.py:153} INFO - Started process (PID=1595) to work on /home/airflow/.local/lib/python3.7/site-packages/airflow/example_dags/example_latest_only.py
[2023-02-13T12:27:14.424+0000] {processor.py:743} INFO - Processing file /home/airflow/.local/lib/python3.7/site-packages/airflow/example_dags/example_latest_only.py for tasks to queue
[2023-02-13T12:27:14.425+0000] {logging_mixin.py:137} INFO - [2023-02-13T12:27:14.425+0000] {dagbag.py:538} INFO - Filling up the DagBag from /home/airflow/.local/lib/python3.7/site-packages/airflow/example_dags/example_latest_only.py
[2023-02-13T12:27:14.446+0000] {processor.py:753} INFO - DAG(s) dict_keys(['latest_only']) retrieved from /home/airflow/.local/lib/python3.7/site-packages/airflow/example_dags/example_latest_only.py
[2023-02-13T12:27:14.475+0000] {logging_mixin.py:137} INFO - [2023-02-13T12:27:14.475+0000] {dag.py:2690} INFO - Sync 1 DAGs
[2023-02-13T12:27:14.508+0000] {logging_mixin.py:137} INFO - [2023-02-13T12:27:14.507+0000] {dag.py:3441} INFO - Setting next_dagrun for latest_only to 2023-02-13T08:27:14.507726+00:00, run_after=2023-02-13T12:27:14.507726+00:00
[2023-02-13T12:27:14.564+0000] {processor.py:175} INFO - Processing /home/airflow/.local/lib/python3.7/site-packages/airflow/example_dags/example_latest_only.py took 0.145 seconds
[2023-02-13T12:27:45.206+0000] {processor.py:153} INFO - Started process (PID=1822) to work on /home/airflow/.local/lib/python3.7/site-packages/airflow/example_dags/example_latest_only.py
[2023-02-13T12:27:45.207+0000] {processor.py:743} INFO - Processing file /home/airflow/.local/lib/python3.7/site-packages/airflow/example_dags/example_latest_only.py for tasks to queue
[2023-02-13T12:27:45.208+0000] {logging_mixin.py:137} INFO - [2023-02-13T12:27:45.208+0000] {dagbag.py:538} INFO - Filling up the DagBag from /home/airflow/.local/lib/python3.7/site-packages/airflow/example_dags/example_latest_only.py
[2023-02-13T12:27:45.236+0000] {processor.py:753} INFO - DAG(s) dict_keys(['latest_only']) retrieved from /home/airflow/.local/lib/python3.7/site-packages/airflow/example_dags/example_latest_only.py
[2023-02-13T12:27:45.277+0000] {logging_mixin.py:137} INFO - [2023-02-13T12:27:45.277+0000] {dag.py:2690} INFO - Sync 1 DAGs
[2023-02-13T12:27:45.323+0000] {logging_mixin.py:137} INFO - [2023-02-13T12:27:45.323+0000] {dag.py:3441} INFO - Setting next_dagrun for latest_only to 2023-02-13T08:27:45.322762+00:00, run_after=2023-02-13T12:27:45.322762+00:00
[2023-02-13T12:27:45.384+0000] {processor.py:175} INFO - Processing /home/airflow/.local/lib/python3.7/site-packages/airflow/example_dags/example_latest_only.py took 0.184 seconds
[2023-02-13T12:28:16.308+0000] {processor.py:153} INFO - Started process (PID=2049) to work on /home/airflow/.local/lib/python3.7/site-packages/airflow/example_dags/example_latest_only.py
[2023-02-13T12:28:16.308+0000] {processor.py:743} INFO - Processing file /home/airflow/.local/lib/python3.7/site-packages/airflow/example_dags/example_latest_only.py for tasks to queue
[2023-02-13T12:28:16.309+0000] {logging_mixin.py:137} INFO - [2023-02-13T12:28:16.309+0000] {dagbag.py:538} INFO - Filling up the DagBag from /home/airflow/.local/lib/python3.7/site-packages/airflow/example_dags/example_latest_only.py
[2023-02-13T12:28:16.326+0000] {processor.py:753} INFO - DAG(s) dict_keys(['latest_only']) retrieved from /home/airflow/.local/lib/python3.7/site-packages/airflow/example_dags/example_latest_only.py
[2023-02-13T12:28:16.355+0000] {logging_mixin.py:137} INFO - [2023-02-13T12:28:16.354+0000] {dag.py:2690} INFO - Sync 1 DAGs
[2023-02-13T12:28:16.388+0000] {logging_mixin.py:137} INFO - [2023-02-13T12:28:16.387+0000] {dag.py:3441} INFO - Setting next_dagrun for latest_only to 2023-02-13T08:28:16.387703+00:00, run_after=2023-02-13T12:28:16.387703+00:00
[2023-02-13T12:28:16.436+0000] {processor.py:175} INFO - Processing /home/airflow/.local/lib/python3.7/site-packages/airflow/example_dags/example_latest_only.py took 0.133 seconds
[2023-02-13T12:28:47.155+0000] {processor.py:153} INFO - Started process (PID=2288) to work on /home/airflow/.local/lib/python3.7/site-packages/airflow/example_dags/example_latest_only.py
[2023-02-13T12:28:47.156+0000] {processor.py:743} INFO - Processing file /home/airflow/.local/lib/python3.7/site-packages/airflow/example_dags/example_latest_only.py for tasks to queue
[2023-02-13T12:28:47.157+0000] {logging_mixin.py:137} INFO - [2023-02-13T12:28:47.157+0000] {dagbag.py:538} INFO - Filling up the DagBag from /home/airflow/.local/lib/python3.7/site-packages/airflow/example_dags/example_latest_only.py
[2023-02-13T12:28:47.179+0000] {processor.py:753} INFO - DAG(s) dict_keys(['latest_only']) retrieved from /home/airflow/.local/lib/python3.7/site-packages/airflow/example_dags/example_latest_only.py
[2023-02-13T12:28:47.217+0000] {logging_mixin.py:137} INFO - [2023-02-13T12:28:47.216+0000] {dag.py:2690} INFO - Sync 1 DAGs
[2023-02-13T12:28:47.252+0000] {logging_mixin.py:137} INFO - [2023-02-13T12:28:47.251+0000] {dag.py:3441} INFO - Setting next_dagrun for latest_only to 2023-02-13T08:28:47.251634+00:00, run_after=2023-02-13T12:28:47.251634+00:00
[2023-02-13T12:28:47.372+0000] {processor.py:175} INFO - Processing /home/airflow/.local/lib/python3.7/site-packages/airflow/example_dags/example_latest_only.py took 0.223 seconds
[2023-02-13T12:29:17.548+0000] {processor.py:153} INFO - Started process (PID=2520) to work on /home/airflow/.local/lib/python3.7/site-packages/airflow/example_dags/example_latest_only.py
[2023-02-13T12:29:17.549+0000] {processor.py:743} INFO - Processing file /home/airflow/.local/lib/python3.7/site-packages/airflow/example_dags/example_latest_only.py for tasks to queue
[2023-02-13T12:29:17.550+0000] {logging_mixin.py:137} INFO - [2023-02-13T12:29:17.550+0000] {dagbag.py:538} INFO - Filling up the DagBag from /home/airflow/.local/lib/python3.7/site-packages/airflow/example_dags/example_latest_only.py
[2023-02-13T12:29:17.567+0000] {processor.py:753} INFO - DAG(s) dict_keys(['latest_only']) retrieved from /home/airflow/.local/lib/python3.7/site-packages/airflow/example_dags/example_latest_only.py
[2023-02-13T12:29:17.623+0000] {logging_mixin.py:137} INFO - [2023-02-13T12:29:17.623+0000] {dag.py:2690} INFO - Sync 1 DAGs
[2023-02-13T12:29:17.656+0000] {logging_mixin.py:137} INFO - [2023-02-13T12:29:17.656+0000] {dag.py:3441} INFO - Setting next_dagrun for latest_only to 2023-02-13T08:29:17.656096+00:00, run_after=2023-02-13T12:29:17.656096+00:00
[2023-02-13T12:29:17.723+0000] {processor.py:175} INFO - Processing /home/airflow/.local/lib/python3.7/site-packages/airflow/example_dags/example_latest_only.py took 0.182 seconds
