[2023-02-13T12:21:34.360+0000] {processor.py:153} INFO - Started process (PID=258) to work on /home/airflow/.local/lib/python3.7/site-packages/airflow/example_dags/example_dag_decorator.py
[2023-02-13T12:21:34.361+0000] {processor.py:743} INFO - Processing file /home/airflow/.local/lib/python3.7/site-packages/airflow/example_dags/example_dag_decorator.py for tasks to queue
[2023-02-13T12:21:34.362+0000] {logging_mixin.py:137} INFO - [2023-02-13T12:21:34.362+0000] {dagbag.py:538} INFO - Filling up the DagBag from /home/airflow/.local/lib/python3.7/site-packages/airflow/example_dags/example_dag_decorator.py
[2023-02-13T12:21:34.401+0000] {logging_mixin.py:137} INFO - [2023-02-13T12:21:34.401+0000] {taskmixin.py:205} WARNING - Dependency <Task(_PythonDecoratedOperator): prepare_email>, send_email already registered for DAG: example_dag_decorator
[2023-02-13T12:21:34.402+0000] {logging_mixin.py:137} INFO - [2023-02-13T12:21:34.402+0000] {taskmixin.py:205} WARNING - Dependency <Task(EmailOperator): send_email>, prepare_email already registered for DAG: example_dag_decorator
[2023-02-13T12:21:34.427+0000] {processor.py:753} INFO - DAG(s) dict_keys(['example_dag_decorator']) retrieved from /home/airflow/.local/lib/python3.7/site-packages/airflow/example_dags/example_dag_decorator.py
[2023-02-13T12:21:34.534+0000] {logging_mixin.py:137} INFO - [2023-02-13T12:21:34.534+0000] {dag.py:2690} INFO - Sync 1 DAGs
[2023-02-13T12:21:34.563+0000] {logging_mixin.py:137} INFO - [2023-02-13T12:21:34.562+0000] {dag.py:3441} INFO - Setting next_dagrun for example_dag_decorator to None, run_after=None
[2023-02-13T12:21:34.643+0000] {processor.py:175} INFO - Processing /home/airflow/.local/lib/python3.7/site-packages/airflow/example_dags/example_dag_decorator.py took 0.288 seconds
[2023-02-13T12:22:04.685+0000] {processor.py:153} INFO - Started process (PID=488) to work on /home/airflow/.local/lib/python3.7/site-packages/airflow/example_dags/example_dag_decorator.py
[2023-02-13T12:22:04.686+0000] {processor.py:743} INFO - Processing file /home/airflow/.local/lib/python3.7/site-packages/airflow/example_dags/example_dag_decorator.py for tasks to queue
[2023-02-13T12:22:04.687+0000] {logging_mixin.py:137} INFO - [2023-02-13T12:22:04.687+0000] {dagbag.py:538} INFO - Filling up the DagBag from /home/airflow/.local/lib/python3.7/site-packages/airflow/example_dags/example_dag_decorator.py
[2023-02-13T12:22:04.707+0000] {logging_mixin.py:137} INFO - [2023-02-13T12:22:04.707+0000] {taskmixin.py:205} WARNING - Dependency <Task(_PythonDecoratedOperator): prepare_email>, send_email already registered for DAG: example_dag_decorator
[2023-02-13T12:22:04.708+0000] {logging_mixin.py:137} INFO - [2023-02-13T12:22:04.708+0000] {taskmixin.py:205} WARNING - Dependency <Task(EmailOperator): send_email>, prepare_email already registered for DAG: example_dag_decorator
[2023-02-13T12:22:04.720+0000] {processor.py:753} INFO - DAG(s) dict_keys(['example_dag_decorator']) retrieved from /home/airflow/.local/lib/python3.7/site-packages/airflow/example_dags/example_dag_decorator.py
[2023-02-13T12:22:04.838+0000] {logging_mixin.py:137} INFO - [2023-02-13T12:22:04.838+0000] {dag.py:2690} INFO - Sync 1 DAGs
[2023-02-13T12:22:04.895+0000] {logging_mixin.py:137} INFO - [2023-02-13T12:22:04.894+0000] {dag.py:3441} INFO - Setting next_dagrun for example_dag_decorator to None, run_after=None
[2023-02-13T12:22:05.050+0000] {processor.py:175} INFO - Processing /home/airflow/.local/lib/python3.7/site-packages/airflow/example_dags/example_dag_decorator.py took 0.370 seconds
[2023-02-13T12:22:36.670+0000] {processor.py:153} INFO - Started process (PID=705) to work on /home/airflow/.local/lib/python3.7/site-packages/airflow/example_dags/example_dag_decorator.py
[2023-02-13T12:22:36.671+0000] {processor.py:743} INFO - Processing file /home/airflow/.local/lib/python3.7/site-packages/airflow/example_dags/example_dag_decorator.py for tasks to queue
[2023-02-13T12:22:36.673+0000] {logging_mixin.py:137} INFO - [2023-02-13T12:22:36.673+0000] {dagbag.py:538} INFO - Filling up the DagBag from /home/airflow/.local/lib/python3.7/site-packages/airflow/example_dags/example_dag_decorator.py
[2023-02-13T12:22:36.713+0000] {logging_mixin.py:137} INFO - [2023-02-13T12:22:36.713+0000] {taskmixin.py:205} WARNING - Dependency <Task(_PythonDecoratedOperator): prepare_email>, send_email already registered for DAG: example_dag_decorator
[2023-02-13T12:22:36.714+0000] {logging_mixin.py:137} INFO - [2023-02-13T12:22:36.714+0000] {taskmixin.py:205} WARNING - Dependency <Task(EmailOperator): send_email>, prepare_email already registered for DAG: example_dag_decorator
[2023-02-13T12:22:36.755+0000] {processor.py:753} INFO - DAG(s) dict_keys(['example_dag_decorator']) retrieved from /home/airflow/.local/lib/python3.7/site-packages/airflow/example_dags/example_dag_decorator.py
[2023-02-13T12:22:37.591+0000] {logging_mixin.py:137} INFO - [2023-02-13T12:22:37.591+0000] {process_utils.py:256} INFO - Waiting up to 5 seconds for processes to exit...
[2023-02-13T12:24:10.459+0000] {processor.py:153} INFO - Started process (PID=265) to work on /home/airflow/.local/lib/python3.7/site-packages/airflow/example_dags/example_dag_decorator.py
[2023-02-13T12:24:10.497+0000] {processor.py:743} INFO - Processing file /home/airflow/.local/lib/python3.7/site-packages/airflow/example_dags/example_dag_decorator.py for tasks to queue
[2023-02-13T12:24:10.498+0000] {logging_mixin.py:137} INFO - [2023-02-13T12:24:10.497+0000] {dagbag.py:538} INFO - Filling up the DagBag from /home/airflow/.local/lib/python3.7/site-packages/airflow/example_dags/example_dag_decorator.py
[2023-02-13T12:24:10.536+0000] {logging_mixin.py:137} INFO - [2023-02-13T12:24:10.536+0000] {taskmixin.py:205} WARNING - Dependency <Task(_PythonDecoratedOperator): prepare_email>, send_email already registered for DAG: example_dag_decorator
[2023-02-13T12:24:10.537+0000] {logging_mixin.py:137} INFO - [2023-02-13T12:24:10.537+0000] {taskmixin.py:205} WARNING - Dependency <Task(EmailOperator): send_email>, prepare_email already registered for DAG: example_dag_decorator
[2023-02-13T12:24:10.565+0000] {processor.py:753} INFO - DAG(s) dict_keys(['example_dag_decorator']) retrieved from /home/airflow/.local/lib/python3.7/site-packages/airflow/example_dags/example_dag_decorator.py
[2023-02-13T12:24:10.730+0000] {logging_mixin.py:137} INFO - [2023-02-13T12:24:10.729+0000] {dag.py:2690} INFO - Sync 1 DAGs
[2023-02-13T12:24:10.788+0000] {logging_mixin.py:137} INFO - [2023-02-13T12:24:10.788+0000] {dag.py:3441} INFO - Setting next_dagrun for example_dag_decorator to None, run_after=None
[2023-02-13T12:24:10.967+0000] {processor.py:175} INFO - Processing /home/airflow/.local/lib/python3.7/site-packages/airflow/example_dags/example_dag_decorator.py took 0.515 seconds
[2023-02-13T12:24:41.744+0000] {processor.py:153} INFO - Started process (PID=490) to work on /home/airflow/.local/lib/python3.7/site-packages/airflow/example_dags/example_dag_decorator.py
[2023-02-13T12:24:41.832+0000] {processor.py:743} INFO - Processing file /home/airflow/.local/lib/python3.7/site-packages/airflow/example_dags/example_dag_decorator.py for tasks to queue
[2023-02-13T12:24:41.833+0000] {logging_mixin.py:137} INFO - [2023-02-13T12:24:41.833+0000] {dagbag.py:538} INFO - Filling up the DagBag from /home/airflow/.local/lib/python3.7/site-packages/airflow/example_dags/example_dag_decorator.py
[2023-02-13T12:24:41.867+0000] {logging_mixin.py:137} INFO - [2023-02-13T12:24:41.867+0000] {taskmixin.py:205} WARNING - Dependency <Task(_PythonDecoratedOperator): prepare_email>, send_email already registered for DAG: example_dag_decorator
[2023-02-13T12:24:41.867+0000] {logging_mixin.py:137} INFO - [2023-02-13T12:24:41.867+0000] {taskmixin.py:205} WARNING - Dependency <Task(EmailOperator): send_email>, prepare_email already registered for DAG: example_dag_decorator
[2023-02-13T12:24:41.890+0000] {processor.py:753} INFO - DAG(s) dict_keys(['example_dag_decorator']) retrieved from /home/airflow/.local/lib/python3.7/site-packages/airflow/example_dags/example_dag_decorator.py
[2023-02-13T12:24:42.027+0000] {logging_mixin.py:137} INFO - [2023-02-13T12:24:42.026+0000] {dag.py:2690} INFO - Sync 1 DAGs
[2023-02-13T12:24:42.071+0000] {logging_mixin.py:137} INFO - [2023-02-13T12:24:42.071+0000] {dag.py:3441} INFO - Setting next_dagrun for example_dag_decorator to None, run_after=None
[2023-02-13T12:24:42.217+0000] {processor.py:175} INFO - Processing /home/airflow/.local/lib/python3.7/site-packages/airflow/example_dags/example_dag_decorator.py took 0.479 seconds
[2023-02-13T12:25:12.693+0000] {processor.py:153} INFO - Started process (PID=717) to work on /home/airflow/.local/lib/python3.7/site-packages/airflow/example_dags/example_dag_decorator.py
[2023-02-13T12:25:12.707+0000] {processor.py:743} INFO - Processing file /home/airflow/.local/lib/python3.7/site-packages/airflow/example_dags/example_dag_decorator.py for tasks to queue
[2023-02-13T12:25:12.708+0000] {logging_mixin.py:137} INFO - [2023-02-13T12:25:12.708+0000] {dagbag.py:538} INFO - Filling up the DagBag from /home/airflow/.local/lib/python3.7/site-packages/airflow/example_dags/example_dag_decorator.py
[2023-02-13T12:25:12.732+0000] {logging_mixin.py:137} INFO - [2023-02-13T12:25:12.732+0000] {taskmixin.py:205} WARNING - Dependency <Task(_PythonDecoratedOperator): prepare_email>, send_email already registered for DAG: example_dag_decorator
[2023-02-13T12:25:12.733+0000] {logging_mixin.py:137} INFO - [2023-02-13T12:25:12.733+0000] {taskmixin.py:205} WARNING - Dependency <Task(EmailOperator): send_email>, prepare_email already registered for DAG: example_dag_decorator
[2023-02-13T12:25:12.752+0000] {processor.py:753} INFO - DAG(s) dict_keys(['example_dag_decorator']) retrieved from /home/airflow/.local/lib/python3.7/site-packages/airflow/example_dags/example_dag_decorator.py
[2023-02-13T12:25:12.856+0000] {logging_mixin.py:137} INFO - [2023-02-13T12:25:12.856+0000] {dag.py:2690} INFO - Sync 1 DAGs
[2023-02-13T12:25:12.882+0000] {logging_mixin.py:137} INFO - [2023-02-13T12:25:12.882+0000] {dag.py:3441} INFO - Setting next_dagrun for example_dag_decorator to None, run_after=None
[2023-02-13T12:25:12.928+0000] {processor.py:175} INFO - Processing /home/airflow/.local/lib/python3.7/site-packages/airflow/example_dags/example_dag_decorator.py took 0.241 seconds
[2023-02-13T12:25:43.014+0000] {processor.py:153} INFO - Started process (PID=944) to work on /home/airflow/.local/lib/python3.7/site-packages/airflow/example_dags/example_dag_decorator.py
[2023-02-13T12:25:43.019+0000] {processor.py:743} INFO - Processing file /home/airflow/.local/lib/python3.7/site-packages/airflow/example_dags/example_dag_decorator.py for tasks to queue
[2023-02-13T12:25:43.020+0000] {logging_mixin.py:137} INFO - [2023-02-13T12:25:43.020+0000] {dagbag.py:538} INFO - Filling up the DagBag from /home/airflow/.local/lib/python3.7/site-packages/airflow/example_dags/example_dag_decorator.py
[2023-02-13T12:25:43.072+0000] {logging_mixin.py:137} INFO - [2023-02-13T12:25:43.072+0000] {taskmixin.py:205} WARNING - Dependency <Task(_PythonDecoratedOperator): prepare_email>, send_email already registered for DAG: example_dag_decorator
[2023-02-13T12:25:43.073+0000] {logging_mixin.py:137} INFO - [2023-02-13T12:25:43.073+0000] {taskmixin.py:205} WARNING - Dependency <Task(EmailOperator): send_email>, prepare_email already registered for DAG: example_dag_decorator
[2023-02-13T12:25:43.157+0000] {processor.py:753} INFO - DAG(s) dict_keys(['example_dag_decorator']) retrieved from /home/airflow/.local/lib/python3.7/site-packages/airflow/example_dags/example_dag_decorator.py
[2023-02-13T12:25:43.406+0000] {logging_mixin.py:137} INFO - [2023-02-13T12:25:43.406+0000] {dag.py:2690} INFO - Sync 1 DAGs
[2023-02-13T12:25:43.509+0000] {logging_mixin.py:137} INFO - [2023-02-13T12:25:43.509+0000] {dag.py:3441} INFO - Setting next_dagrun for example_dag_decorator to None, run_after=None
[2023-02-13T12:25:43.830+0000] {processor.py:175} INFO - Processing /home/airflow/.local/lib/python3.7/site-packages/airflow/example_dags/example_dag_decorator.py took 0.826 seconds
[2023-02-13T12:26:13.935+0000] {processor.py:153} INFO - Started process (PID=1173) to work on /home/airflow/.local/lib/python3.7/site-packages/airflow/example_dags/example_dag_decorator.py
[2023-02-13T12:26:13.944+0000] {processor.py:743} INFO - Processing file /home/airflow/.local/lib/python3.7/site-packages/airflow/example_dags/example_dag_decorator.py for tasks to queue
[2023-02-13T12:26:13.945+0000] {logging_mixin.py:137} INFO - [2023-02-13T12:26:13.945+0000] {dagbag.py:538} INFO - Filling up the DagBag from /home/airflow/.local/lib/python3.7/site-packages/airflow/example_dags/example_dag_decorator.py
[2023-02-13T12:26:13.991+0000] {logging_mixin.py:137} INFO - [2023-02-13T12:26:13.991+0000] {taskmixin.py:205} WARNING - Dependency <Task(_PythonDecoratedOperator): prepare_email>, send_email already registered for DAG: example_dag_decorator
[2023-02-13T12:26:13.991+0000] {logging_mixin.py:137} INFO - [2023-02-13T12:26:13.991+0000] {taskmixin.py:205} WARNING - Dependency <Task(EmailOperator): send_email>, prepare_email already registered for DAG: example_dag_decorator
[2023-02-13T12:26:14.016+0000] {processor.py:753} INFO - DAG(s) dict_keys(['example_dag_decorator']) retrieved from /home/airflow/.local/lib/python3.7/site-packages/airflow/example_dags/example_dag_decorator.py
[2023-02-13T12:26:14.168+0000] {logging_mixin.py:137} INFO - [2023-02-13T12:26:14.167+0000] {dag.py:2690} INFO - Sync 1 DAGs
[2023-02-13T12:26:14.212+0000] {logging_mixin.py:137} INFO - [2023-02-13T12:26:14.211+0000] {dag.py:3441} INFO - Setting next_dagrun for example_dag_decorator to None, run_after=None
[2023-02-13T12:26:14.462+0000] {processor.py:175} INFO - Processing /home/airflow/.local/lib/python3.7/site-packages/airflow/example_dags/example_dag_decorator.py took 0.535 seconds
[2023-02-13T12:26:45.187+0000] {processor.py:153} INFO - Started process (PID=1399) to work on /home/airflow/.local/lib/python3.7/site-packages/airflow/example_dags/example_dag_decorator.py
[2023-02-13T12:26:45.215+0000] {processor.py:743} INFO - Processing file /home/airflow/.local/lib/python3.7/site-packages/airflow/example_dags/example_dag_decorator.py for tasks to queue
[2023-02-13T12:26:45.216+0000] {logging_mixin.py:137} INFO - [2023-02-13T12:26:45.216+0000] {dagbag.py:538} INFO - Filling up the DagBag from /home/airflow/.local/lib/python3.7/site-packages/airflow/example_dags/example_dag_decorator.py
[2023-02-13T12:26:45.246+0000] {logging_mixin.py:137} INFO - [2023-02-13T12:26:45.245+0000] {taskmixin.py:205} WARNING - Dependency <Task(_PythonDecoratedOperator): prepare_email>, send_email already registered for DAG: example_dag_decorator
[2023-02-13T12:26:45.246+0000] {logging_mixin.py:137} INFO - [2023-02-13T12:26:45.246+0000] {taskmixin.py:205} WARNING - Dependency <Task(EmailOperator): send_email>, prepare_email already registered for DAG: example_dag_decorator
[2023-02-13T12:26:45.268+0000] {processor.py:753} INFO - DAG(s) dict_keys(['example_dag_decorator']) retrieved from /home/airflow/.local/lib/python3.7/site-packages/airflow/example_dags/example_dag_decorator.py
[2023-02-13T12:26:45.377+0000] {logging_mixin.py:137} INFO - [2023-02-13T12:26:45.377+0000] {dag.py:2690} INFO - Sync 1 DAGs
[2023-02-13T12:26:45.406+0000] {logging_mixin.py:137} INFO - [2023-02-13T12:26:45.406+0000] {dag.py:3441} INFO - Setting next_dagrun for example_dag_decorator to None, run_after=None
[2023-02-13T12:26:45.640+0000] {processor.py:175} INFO - Processing /home/airflow/.local/lib/python3.7/site-packages/airflow/example_dags/example_dag_decorator.py took 0.457 seconds
[2023-02-13T12:27:15.974+0000] {processor.py:153} INFO - Started process (PID=1627) to work on /home/airflow/.local/lib/python3.7/site-packages/airflow/example_dags/example_dag_decorator.py
[2023-02-13T12:27:15.987+0000] {processor.py:743} INFO - Processing file /home/airflow/.local/lib/python3.7/site-packages/airflow/example_dags/example_dag_decorator.py for tasks to queue
[2023-02-13T12:27:15.988+0000] {logging_mixin.py:137} INFO - [2023-02-13T12:27:15.988+0000] {dagbag.py:538} INFO - Filling up the DagBag from /home/airflow/.local/lib/python3.7/site-packages/airflow/example_dags/example_dag_decorator.py
[2023-02-13T12:27:16.015+0000] {logging_mixin.py:137} INFO - [2023-02-13T12:27:16.015+0000] {taskmixin.py:205} WARNING - Dependency <Task(_PythonDecoratedOperator): prepare_email>, send_email already registered for DAG: example_dag_decorator
[2023-02-13T12:27:16.016+0000] {logging_mixin.py:137} INFO - [2023-02-13T12:27:16.016+0000] {taskmixin.py:205} WARNING - Dependency <Task(EmailOperator): send_email>, prepare_email already registered for DAG: example_dag_decorator
[2023-02-13T12:27:16.035+0000] {processor.py:753} INFO - DAG(s) dict_keys(['example_dag_decorator']) retrieved from /home/airflow/.local/lib/python3.7/site-packages/airflow/example_dags/example_dag_decorator.py
[2023-02-13T12:27:16.116+0000] {logging_mixin.py:137} INFO - [2023-02-13T12:27:16.116+0000] {dag.py:2690} INFO - Sync 1 DAGs
[2023-02-13T12:27:16.144+0000] {logging_mixin.py:137} INFO - [2023-02-13T12:27:16.144+0000] {dag.py:3441} INFO - Setting next_dagrun for example_dag_decorator to None, run_after=None
[2023-02-13T12:27:16.292+0000] {processor.py:175} INFO - Processing /home/airflow/.local/lib/python3.7/site-packages/airflow/example_dags/example_dag_decorator.py took 0.323 seconds
[2023-02-13T12:27:46.438+0000] {processor.py:153} INFO - Started process (PID=1854) to work on /home/airflow/.local/lib/python3.7/site-packages/airflow/example_dags/example_dag_decorator.py
[2023-02-13T12:27:46.439+0000] {processor.py:743} INFO - Processing file /home/airflow/.local/lib/python3.7/site-packages/airflow/example_dags/example_dag_decorator.py for tasks to queue
[2023-02-13T12:27:46.440+0000] {logging_mixin.py:137} INFO - [2023-02-13T12:27:46.440+0000] {dagbag.py:538} INFO - Filling up the DagBag from /home/airflow/.local/lib/python3.7/site-packages/airflow/example_dags/example_dag_decorator.py
[2023-02-13T12:27:46.483+0000] {logging_mixin.py:137} INFO - [2023-02-13T12:27:46.482+0000] {taskmixin.py:205} WARNING - Dependency <Task(_PythonDecoratedOperator): prepare_email>, send_email already registered for DAG: example_dag_decorator
[2023-02-13T12:27:46.484+0000] {logging_mixin.py:137} INFO - [2023-02-13T12:27:46.483+0000] {taskmixin.py:205} WARNING - Dependency <Task(EmailOperator): send_email>, prepare_email already registered for DAG: example_dag_decorator
[2023-02-13T12:27:46.510+0000] {processor.py:753} INFO - DAG(s) dict_keys(['example_dag_decorator']) retrieved from /home/airflow/.local/lib/python3.7/site-packages/airflow/example_dags/example_dag_decorator.py
[2023-02-13T12:27:46.638+0000] {logging_mixin.py:137} INFO - [2023-02-13T12:27:46.638+0000] {dag.py:2690} INFO - Sync 1 DAGs
[2023-02-13T12:27:46.687+0000] {logging_mixin.py:137} INFO - [2023-02-13T12:27:46.687+0000] {dag.py:3441} INFO - Setting next_dagrun for example_dag_decorator to None, run_after=None
[2023-02-13T12:27:46.749+0000] {processor.py:175} INFO - Processing /home/airflow/.local/lib/python3.7/site-packages/airflow/example_dags/example_dag_decorator.py took 0.320 seconds
[2023-02-13T12:28:16.799+0000] {processor.py:153} INFO - Started process (PID=2079) to work on /home/airflow/.local/lib/python3.7/site-packages/airflow/example_dags/example_dag_decorator.py
[2023-02-13T12:28:16.800+0000] {processor.py:743} INFO - Processing file /home/airflow/.local/lib/python3.7/site-packages/airflow/example_dags/example_dag_decorator.py for tasks to queue
[2023-02-13T12:28:16.800+0000] {logging_mixin.py:137} INFO - [2023-02-13T12:28:16.800+0000] {dagbag.py:538} INFO - Filling up the DagBag from /home/airflow/.local/lib/python3.7/site-packages/airflow/example_dags/example_dag_decorator.py
[2023-02-13T12:28:16.822+0000] {logging_mixin.py:137} INFO - [2023-02-13T12:28:16.822+0000] {taskmixin.py:205} WARNING - Dependency <Task(_PythonDecoratedOperator): prepare_email>, send_email already registered for DAG: example_dag_decorator
[2023-02-13T12:28:16.822+0000] {logging_mixin.py:137} INFO - [2023-02-13T12:28:16.822+0000] {taskmixin.py:205} WARNING - Dependency <Task(EmailOperator): send_email>, prepare_email already registered for DAG: example_dag_decorator
[2023-02-13T12:28:16.837+0000] {processor.py:753} INFO - DAG(s) dict_keys(['example_dag_decorator']) retrieved from /home/airflow/.local/lib/python3.7/site-packages/airflow/example_dags/example_dag_decorator.py
[2023-02-13T12:28:16.916+0000] {logging_mixin.py:137} INFO - [2023-02-13T12:28:16.916+0000] {dag.py:2690} INFO - Sync 1 DAGs
[2023-02-13T12:28:16.945+0000] {logging_mixin.py:137} INFO - [2023-02-13T12:28:16.944+0000] {dag.py:3441} INFO - Setting next_dagrun for example_dag_decorator to None, run_after=None
[2023-02-13T12:28:17.004+0000] {processor.py:175} INFO - Processing /home/airflow/.local/lib/python3.7/site-packages/airflow/example_dags/example_dag_decorator.py took 0.208 seconds
[2023-02-13T12:28:47.913+0000] {processor.py:153} INFO - Started process (PID=2316) to work on /home/airflow/.local/lib/python3.7/site-packages/airflow/example_dags/example_dag_decorator.py
[2023-02-13T12:28:47.921+0000] {processor.py:743} INFO - Processing file /home/airflow/.local/lib/python3.7/site-packages/airflow/example_dags/example_dag_decorator.py for tasks to queue
[2023-02-13T12:28:47.923+0000] {logging_mixin.py:137} INFO - [2023-02-13T12:28:47.922+0000] {dagbag.py:538} INFO - Filling up the DagBag from /home/airflow/.local/lib/python3.7/site-packages/airflow/example_dags/example_dag_decorator.py
[2023-02-13T12:28:47.961+0000] {logging_mixin.py:137} INFO - [2023-02-13T12:28:47.958+0000] {taskmixin.py:205} WARNING - Dependency <Task(_PythonDecoratedOperator): prepare_email>, send_email already registered for DAG: example_dag_decorator
[2023-02-13T12:28:47.961+0000] {logging_mixin.py:137} INFO - [2023-02-13T12:28:47.961+0000] {taskmixin.py:205} WARNING - Dependency <Task(EmailOperator): send_email>, prepare_email already registered for DAG: example_dag_decorator
[2023-02-13T12:28:47.987+0000] {processor.py:753} INFO - DAG(s) dict_keys(['example_dag_decorator']) retrieved from /home/airflow/.local/lib/python3.7/site-packages/airflow/example_dags/example_dag_decorator.py
[2023-02-13T12:28:48.184+0000] {logging_mixin.py:137} INFO - [2023-02-13T12:28:48.184+0000] {dag.py:2690} INFO - Sync 1 DAGs
[2023-02-13T12:28:48.228+0000] {logging_mixin.py:137} INFO - [2023-02-13T12:28:48.228+0000] {dag.py:3441} INFO - Setting next_dagrun for example_dag_decorator to None, run_after=None
[2023-02-13T12:28:48.283+0000] {processor.py:175} INFO - Processing /home/airflow/.local/lib/python3.7/site-packages/airflow/example_dags/example_dag_decorator.py took 0.375 seconds
[2023-02-13T12:29:18.391+0000] {processor.py:153} INFO - Started process (PID=2550) to work on /home/airflow/.local/lib/python3.7/site-packages/airflow/example_dags/example_dag_decorator.py
[2023-02-13T12:29:18.394+0000] {processor.py:743} INFO - Processing file /home/airflow/.local/lib/python3.7/site-packages/airflow/example_dags/example_dag_decorator.py for tasks to queue
[2023-02-13T12:29:18.394+0000] {logging_mixin.py:137} INFO - [2023-02-13T12:29:18.394+0000] {dagbag.py:538} INFO - Filling up the DagBag from /home/airflow/.local/lib/python3.7/site-packages/airflow/example_dags/example_dag_decorator.py
[2023-02-13T12:29:18.414+0000] {logging_mixin.py:137} INFO - [2023-02-13T12:29:18.414+0000] {taskmixin.py:205} WARNING - Dependency <Task(_PythonDecoratedOperator): prepare_email>, send_email already registered for DAG: example_dag_decorator
[2023-02-13T12:29:18.414+0000] {logging_mixin.py:137} INFO - [2023-02-13T12:29:18.414+0000] {taskmixin.py:205} WARNING - Dependency <Task(EmailOperator): send_email>, prepare_email already registered for DAG: example_dag_decorator
[2023-02-13T12:29:18.429+0000] {processor.py:753} INFO - DAG(s) dict_keys(['example_dag_decorator']) retrieved from /home/airflow/.local/lib/python3.7/site-packages/airflow/example_dags/example_dag_decorator.py
[2023-02-13T12:29:18.509+0000] {logging_mixin.py:137} INFO - [2023-02-13T12:29:18.509+0000] {dag.py:2690} INFO - Sync 1 DAGs
[2023-02-13T12:29:18.537+0000] {logging_mixin.py:137} INFO - [2023-02-13T12:29:18.537+0000] {dag.py:3441} INFO - Setting next_dagrun for example_dag_decorator to None, run_after=None
[2023-02-13T12:29:18.587+0000] {processor.py:175} INFO - Processing /home/airflow/.local/lib/python3.7/site-packages/airflow/example_dags/example_dag_decorator.py took 0.200 seconds
