[2023-02-13T12:21:34.736+0000] {processor.py:153} INFO - Started process (PID=273) to work on /home/airflow/.local/lib/python3.7/site-packages/airflow/example_dags/example_sensors.py
[2023-02-13T12:21:34.737+0000] {processor.py:743} INFO - Processing file /home/airflow/.local/lib/python3.7/site-packages/airflow/example_dags/example_sensors.py for tasks to queue
[2023-02-13T12:21:34.738+0000] {logging_mixin.py:137} INFO - [2023-02-13T12:21:34.737+0000] {dagbag.py:538} INFO - Filling up the DagBag from /home/airflow/.local/lib/python3.7/site-packages/airflow/example_dags/example_sensors.py
[2023-02-13T12:21:34.771+0000] {processor.py:753} INFO - DAG(s) dict_keys(['example_sensors']) retrieved from /home/airflow/.local/lib/python3.7/site-packages/airflow/example_dags/example_sensors.py
[2023-02-13T12:21:34.801+0000] {logging_mixin.py:137} INFO - [2023-02-13T12:21:34.800+0000] {dag.py:2690} INFO - Sync 1 DAGs
[2023-02-13T12:21:34.829+0000] {logging_mixin.py:137} INFO - [2023-02-13T12:21:34.828+0000] {dag.py:3441} INFO - Setting next_dagrun for example_sensors to None, run_after=None
[2023-02-13T12:21:34.904+0000] {processor.py:175} INFO - Processing /home/airflow/.local/lib/python3.7/site-packages/airflow/example_dags/example_sensors.py took 0.173 seconds
[2023-02-13T12:22:05.297+0000] {processor.py:153} INFO - Started process (PID=510) to work on /home/airflow/.local/lib/python3.7/site-packages/airflow/example_dags/example_sensors.py
[2023-02-13T12:22:05.298+0000] {processor.py:743} INFO - Processing file /home/airflow/.local/lib/python3.7/site-packages/airflow/example_dags/example_sensors.py for tasks to queue
[2023-02-13T12:22:05.302+0000] {logging_mixin.py:137} INFO - [2023-02-13T12:22:05.301+0000] {dagbag.py:538} INFO - Filling up the DagBag from /home/airflow/.local/lib/python3.7/site-packages/airflow/example_dags/example_sensors.py
[2023-02-13T12:22:05.348+0000] {processor.py:753} INFO - DAG(s) dict_keys(['example_sensors']) retrieved from /home/airflow/.local/lib/python3.7/site-packages/airflow/example_dags/example_sensors.py
[2023-02-13T12:22:05.381+0000] {logging_mixin.py:137} INFO - [2023-02-13T12:22:05.381+0000] {dag.py:2690} INFO - Sync 1 DAGs
[2023-02-13T12:22:05.410+0000] {logging_mixin.py:137} INFO - [2023-02-13T12:22:05.409+0000] {dag.py:3441} INFO - Setting next_dagrun for example_sensors to None, run_after=None
[2023-02-13T12:22:05.463+0000] {processor.py:175} INFO - Processing /home/airflow/.local/lib/python3.7/site-packages/airflow/example_dags/example_sensors.py took 0.173 seconds
[2023-02-13T12:24:11.064+0000] {processor.py:153} INFO - Started process (PID=278) to work on /home/airflow/.local/lib/python3.7/site-packages/airflow/example_dags/example_sensors.py
[2023-02-13T12:24:11.155+0000] {processor.py:743} INFO - Processing file /home/airflow/.local/lib/python3.7/site-packages/airflow/example_dags/example_sensors.py for tasks to queue
[2023-02-13T12:24:11.158+0000] {logging_mixin.py:137} INFO - [2023-02-13T12:24:11.157+0000] {dagbag.py:538} INFO - Filling up the DagBag from /home/airflow/.local/lib/python3.7/site-packages/airflow/example_dags/example_sensors.py
[2023-02-13T12:24:11.195+0000] {processor.py:753} INFO - DAG(s) dict_keys(['example_sensors']) retrieved from /home/airflow/.local/lib/python3.7/site-packages/airflow/example_dags/example_sensors.py
[2023-02-13T12:24:11.248+0000] {logging_mixin.py:137} INFO - [2023-02-13T12:24:11.248+0000] {dag.py:2690} INFO - Sync 1 DAGs
[2023-02-13T12:24:11.303+0000] {logging_mixin.py:137} INFO - [2023-02-13T12:24:11.302+0000] {dag.py:3441} INFO - Setting next_dagrun for example_sensors to None, run_after=None
[2023-02-13T12:24:11.606+0000] {processor.py:175} INFO - Processing /home/airflow/.local/lib/python3.7/site-packages/airflow/example_dags/example_sensors.py took 0.551 seconds
[2023-02-13T12:24:42.482+0000] {processor.py:153} INFO - Started process (PID=505) to work on /home/airflow/.local/lib/python3.7/site-packages/airflow/example_dags/example_sensors.py
[2023-02-13T12:24:42.521+0000] {processor.py:743} INFO - Processing file /home/airflow/.local/lib/python3.7/site-packages/airflow/example_dags/example_sensors.py for tasks to queue
[2023-02-13T12:24:42.524+0000] {logging_mixin.py:137} INFO - [2023-02-13T12:24:42.523+0000] {dagbag.py:538} INFO - Filling up the DagBag from /home/airflow/.local/lib/python3.7/site-packages/airflow/example_dags/example_sensors.py
[2023-02-13T12:24:42.619+0000] {processor.py:753} INFO - DAG(s) dict_keys(['example_sensors']) retrieved from /home/airflow/.local/lib/python3.7/site-packages/airflow/example_dags/example_sensors.py
[2023-02-13T12:24:42.672+0000] {logging_mixin.py:137} INFO - [2023-02-13T12:24:42.672+0000] {dag.py:2690} INFO - Sync 1 DAGs
[2023-02-13T12:24:42.721+0000] {logging_mixin.py:137} INFO - [2023-02-13T12:24:42.721+0000] {dag.py:3441} INFO - Setting next_dagrun for example_sensors to None, run_after=None
[2023-02-13T12:24:42.790+0000] {processor.py:175} INFO - Processing /home/airflow/.local/lib/python3.7/site-packages/airflow/example_dags/example_sensors.py took 0.315 seconds
[2023-02-13T12:25:12.957+0000] {processor.py:153} INFO - Started process (PID=732) to work on /home/airflow/.local/lib/python3.7/site-packages/airflow/example_dags/example_sensors.py
[2023-02-13T12:25:13.046+0000] {processor.py:743} INFO - Processing file /home/airflow/.local/lib/python3.7/site-packages/airflow/example_dags/example_sensors.py for tasks to queue
[2023-02-13T12:25:13.048+0000] {logging_mixin.py:137} INFO - [2023-02-13T12:25:13.047+0000] {dagbag.py:538} INFO - Filling up the DagBag from /home/airflow/.local/lib/python3.7/site-packages/airflow/example_dags/example_sensors.py
[2023-02-13T12:25:13.077+0000] {processor.py:753} INFO - DAG(s) dict_keys(['example_sensors']) retrieved from /home/airflow/.local/lib/python3.7/site-packages/airflow/example_dags/example_sensors.py
[2023-02-13T12:25:13.110+0000] {logging_mixin.py:137} INFO - [2023-02-13T12:25:13.109+0000] {dag.py:2690} INFO - Sync 1 DAGs
[2023-02-13T12:25:13.139+0000] {logging_mixin.py:137} INFO - [2023-02-13T12:25:13.139+0000] {dag.py:3441} INFO - Setting next_dagrun for example_sensors to None, run_after=None
[2023-02-13T12:25:13.193+0000] {processor.py:175} INFO - Processing /home/airflow/.local/lib/python3.7/site-packages/airflow/example_dags/example_sensors.py took 0.239 seconds
[2023-02-13T12:25:44.074+0000] {processor.py:153} INFO - Started process (PID=959) to work on /home/airflow/.local/lib/python3.7/site-packages/airflow/example_dags/example_sensors.py
[2023-02-13T12:25:44.189+0000] {processor.py:743} INFO - Processing file /home/airflow/.local/lib/python3.7/site-packages/airflow/example_dags/example_sensors.py for tasks to queue
[2023-02-13T12:25:44.194+0000] {logging_mixin.py:137} INFO - [2023-02-13T12:25:44.193+0000] {dagbag.py:538} INFO - Filling up the DagBag from /home/airflow/.local/lib/python3.7/site-packages/airflow/example_dags/example_sensors.py
[2023-02-13T12:25:44.286+0000] {processor.py:753} INFO - DAG(s) dict_keys(['example_sensors']) retrieved from /home/airflow/.local/lib/python3.7/site-packages/airflow/example_dags/example_sensors.py
[2023-02-13T12:25:44.346+0000] {logging_mixin.py:137} INFO - [2023-02-13T12:25:44.346+0000] {dag.py:2690} INFO - Sync 1 DAGs
[2023-02-13T12:25:44.400+0000] {logging_mixin.py:137} INFO - [2023-02-13T12:25:44.400+0000] {dag.py:3441} INFO - Setting next_dagrun for example_sensors to None, run_after=None
[2023-02-13T12:25:44.573+0000] {processor.py:175} INFO - Processing /home/airflow/.local/lib/python3.7/site-packages/airflow/example_dags/example_sensors.py took 0.511 seconds
[2023-02-13T12:26:14.867+0000] {processor.py:153} INFO - Started process (PID=1186) to work on /home/airflow/.local/lib/python3.7/site-packages/airflow/example_dags/example_sensors.py
[2023-02-13T12:26:14.881+0000] {processor.py:743} INFO - Processing file /home/airflow/.local/lib/python3.7/site-packages/airflow/example_dags/example_sensors.py for tasks to queue
[2023-02-13T12:26:14.882+0000] {logging_mixin.py:137} INFO - [2023-02-13T12:26:14.882+0000] {dagbag.py:538} INFO - Filling up the DagBag from /home/airflow/.local/lib/python3.7/site-packages/airflow/example_dags/example_sensors.py
[2023-02-13T12:26:14.918+0000] {processor.py:753} INFO - DAG(s) dict_keys(['example_sensors']) retrieved from /home/airflow/.local/lib/python3.7/site-packages/airflow/example_dags/example_sensors.py
[2023-02-13T12:26:14.966+0000] {logging_mixin.py:137} INFO - [2023-02-13T12:26:14.966+0000] {dag.py:2690} INFO - Sync 1 DAGs
[2023-02-13T12:26:15.013+0000] {logging_mixin.py:137} INFO - [2023-02-13T12:26:15.013+0000] {dag.py:3441} INFO - Setting next_dagrun for example_sensors to None, run_after=None
[2023-02-13T12:26:15.072+0000] {processor.py:175} INFO - Processing /home/airflow/.local/lib/python3.7/site-packages/airflow/example_dags/example_sensors.py took 0.209 seconds
[2023-02-13T12:26:45.679+0000] {processor.py:153} INFO - Started process (PID=1412) to work on /home/airflow/.local/lib/python3.7/site-packages/airflow/example_dags/example_sensors.py
[2023-02-13T12:26:45.680+0000] {processor.py:743} INFO - Processing file /home/airflow/.local/lib/python3.7/site-packages/airflow/example_dags/example_sensors.py for tasks to queue
[2023-02-13T12:26:45.681+0000] {logging_mixin.py:137} INFO - [2023-02-13T12:26:45.680+0000] {dagbag.py:538} INFO - Filling up the DagBag from /home/airflow/.local/lib/python3.7/site-packages/airflow/example_dags/example_sensors.py
[2023-02-13T12:26:45.714+0000] {processor.py:753} INFO - DAG(s) dict_keys(['example_sensors']) retrieved from /home/airflow/.local/lib/python3.7/site-packages/airflow/example_dags/example_sensors.py
[2023-02-13T12:26:45.747+0000] {logging_mixin.py:137} INFO - [2023-02-13T12:26:45.747+0000] {dag.py:2690} INFO - Sync 1 DAGs
[2023-02-13T12:26:45.776+0000] {logging_mixin.py:137} INFO - [2023-02-13T12:26:45.776+0000] {dag.py:3441} INFO - Setting next_dagrun for example_sensors to None, run_after=None
[2023-02-13T12:26:45.828+0000] {processor.py:175} INFO - Processing /home/airflow/.local/lib/python3.7/site-packages/airflow/example_dags/example_sensors.py took 0.154 seconds
[2023-02-13T12:27:16.323+0000] {processor.py:153} INFO - Started process (PID=1640) to work on /home/airflow/.local/lib/python3.7/site-packages/airflow/example_dags/example_sensors.py
[2023-02-13T12:27:16.324+0000] {processor.py:743} INFO - Processing file /home/airflow/.local/lib/python3.7/site-packages/airflow/example_dags/example_sensors.py for tasks to queue
[2023-02-13T12:27:16.325+0000] {logging_mixin.py:137} INFO - [2023-02-13T12:27:16.325+0000] {dagbag.py:538} INFO - Filling up the DagBag from /home/airflow/.local/lib/python3.7/site-packages/airflow/example_dags/example_sensors.py
[2023-02-13T12:27:16.348+0000] {processor.py:753} INFO - DAG(s) dict_keys(['example_sensors']) retrieved from /home/airflow/.local/lib/python3.7/site-packages/airflow/example_dags/example_sensors.py
[2023-02-13T12:27:16.379+0000] {logging_mixin.py:137} INFO - [2023-02-13T12:27:16.379+0000] {dag.py:2690} INFO - Sync 1 DAGs
[2023-02-13T12:27:16.407+0000] {logging_mixin.py:137} INFO - [2023-02-13T12:27:16.407+0000] {dag.py:3441} INFO - Setting next_dagrun for example_sensors to None, run_after=None
[2023-02-13T12:27:16.455+0000] {processor.py:175} INFO - Processing /home/airflow/.local/lib/python3.7/site-packages/airflow/example_dags/example_sensors.py took 0.136 seconds
[2023-02-13T12:27:46.792+0000] {processor.py:153} INFO - Started process (PID=1867) to work on /home/airflow/.local/lib/python3.7/site-packages/airflow/example_dags/example_sensors.py
[2023-02-13T12:27:46.804+0000] {processor.py:743} INFO - Processing file /home/airflow/.local/lib/python3.7/site-packages/airflow/example_dags/example_sensors.py for tasks to queue
[2023-02-13T12:27:46.805+0000] {logging_mixin.py:137} INFO - [2023-02-13T12:27:46.805+0000] {dagbag.py:538} INFO - Filling up the DagBag from /home/airflow/.local/lib/python3.7/site-packages/airflow/example_dags/example_sensors.py
[2023-02-13T12:27:46.838+0000] {processor.py:753} INFO - DAG(s) dict_keys(['example_sensors']) retrieved from /home/airflow/.local/lib/python3.7/site-packages/airflow/example_dags/example_sensors.py
[2023-02-13T12:27:46.894+0000] {logging_mixin.py:137} INFO - [2023-02-13T12:27:46.894+0000] {dag.py:2690} INFO - Sync 1 DAGs
[2023-02-13T12:27:46.944+0000] {logging_mixin.py:137} INFO - [2023-02-13T12:27:46.944+0000] {dag.py:3441} INFO - Setting next_dagrun for example_sensors to None, run_after=None
[2023-02-13T12:27:47.016+0000] {processor.py:175} INFO - Processing /home/airflow/.local/lib/python3.7/site-packages/airflow/example_dags/example_sensors.py took 0.229 seconds
[2023-02-13T12:28:17.233+0000] {processor.py:153} INFO - Started process (PID=2096) to work on /home/airflow/.local/lib/python3.7/site-packages/airflow/example_dags/example_sensors.py
[2023-02-13T12:28:17.234+0000] {processor.py:743} INFO - Processing file /home/airflow/.local/lib/python3.7/site-packages/airflow/example_dags/example_sensors.py for tasks to queue
[2023-02-13T12:28:17.234+0000] {logging_mixin.py:137} INFO - [2023-02-13T12:28:17.234+0000] {dagbag.py:538} INFO - Filling up the DagBag from /home/airflow/.local/lib/python3.7/site-packages/airflow/example_dags/example_sensors.py
[2023-02-13T12:28:17.256+0000] {processor.py:753} INFO - DAG(s) dict_keys(['example_sensors']) retrieved from /home/airflow/.local/lib/python3.7/site-packages/airflow/example_dags/example_sensors.py
[2023-02-13T12:28:17.288+0000] {logging_mixin.py:137} INFO - [2023-02-13T12:28:17.288+0000] {dag.py:2690} INFO - Sync 1 DAGs
[2023-02-13T12:28:17.320+0000] {logging_mixin.py:137} INFO - [2023-02-13T12:28:17.320+0000] {dag.py:3441} INFO - Setting next_dagrun for example_sensors to None, run_after=None
[2023-02-13T12:28:17.473+0000] {processor.py:175} INFO - Processing /home/airflow/.local/lib/python3.7/site-packages/airflow/example_dags/example_sensors.py took 0.243 seconds
[2023-02-13T12:28:48.318+0000] {processor.py:153} INFO - Started process (PID=2338) to work on /home/airflow/.local/lib/python3.7/site-packages/airflow/example_dags/example_sensors.py
[2023-02-13T12:28:48.323+0000] {processor.py:743} INFO - Processing file /home/airflow/.local/lib/python3.7/site-packages/airflow/example_dags/example_sensors.py for tasks to queue
[2023-02-13T12:28:48.324+0000] {logging_mixin.py:137} INFO - [2023-02-13T12:28:48.324+0000] {dagbag.py:538} INFO - Filling up the DagBag from /home/airflow/.local/lib/python3.7/site-packages/airflow/example_dags/example_sensors.py
[2023-02-13T12:28:48.354+0000] {processor.py:753} INFO - DAG(s) dict_keys(['example_sensors']) retrieved from /home/airflow/.local/lib/python3.7/site-packages/airflow/example_dags/example_sensors.py
[2023-02-13T12:28:48.385+0000] {logging_mixin.py:137} INFO - [2023-02-13T12:28:48.385+0000] {dag.py:2690} INFO - Sync 1 DAGs
[2023-02-13T12:28:48.416+0000] {logging_mixin.py:137} INFO - [2023-02-13T12:28:48.416+0000] {dag.py:3441} INFO - Setting next_dagrun for example_sensors to None, run_after=None
[2023-02-13T12:28:48.477+0000] {processor.py:175} INFO - Processing /home/airflow/.local/lib/python3.7/site-packages/airflow/example_dags/example_sensors.py took 0.163 seconds
[2023-02-13T12:29:18.751+0000] {processor.py:153} INFO - Started process (PID=2565) to work on /home/airflow/.local/lib/python3.7/site-packages/airflow/example_dags/example_sensors.py
[2023-02-13T12:29:18.759+0000] {processor.py:743} INFO - Processing file /home/airflow/.local/lib/python3.7/site-packages/airflow/example_dags/example_sensors.py for tasks to queue
[2023-02-13T12:29:18.760+0000] {logging_mixin.py:137} INFO - [2023-02-13T12:29:18.760+0000] {dagbag.py:538} INFO - Filling up the DagBag from /home/airflow/.local/lib/python3.7/site-packages/airflow/example_dags/example_sensors.py
[2023-02-13T12:29:18.789+0000] {processor.py:753} INFO - DAG(s) dict_keys(['example_sensors']) retrieved from /home/airflow/.local/lib/python3.7/site-packages/airflow/example_dags/example_sensors.py
[2023-02-13T12:29:18.818+0000] {logging_mixin.py:137} INFO - [2023-02-13T12:29:18.818+0000] {dag.py:2690} INFO - Sync 1 DAGs
[2023-02-13T12:29:18.846+0000] {logging_mixin.py:137} INFO - [2023-02-13T12:29:18.845+0000] {dag.py:3441} INFO - Setting next_dagrun for example_sensors to None, run_after=None
[2023-02-13T12:29:19.011+0000] {processor.py:175} INFO - Processing /home/airflow/.local/lib/python3.7/site-packages/airflow/example_dags/example_sensors.py took 0.263 seconds
