[2023-02-13T12:21:33.064+0000] {processor.py:153} INFO - Started process (PID=218) to work on /home/airflow/.local/lib/python3.7/site-packages/airflow/example_dags/example_task_group.py
[2023-02-13T12:21:33.065+0000] {processor.py:743} INFO - Processing file /home/airflow/.local/lib/python3.7/site-packages/airflow/example_dags/example_task_group.py for tasks to queue
[2023-02-13T12:21:33.067+0000] {logging_mixin.py:137} INFO - [2023-02-13T12:21:33.067+0000] {dagbag.py:538} INFO - Filling up the DagBag from /home/airflow/.local/lib/python3.7/site-packages/airflow/example_dags/example_task_group.py
[2023-02-13T12:21:33.098+0000] {processor.py:753} INFO - DAG(s) dict_keys(['example_task_group']) retrieved from /home/airflow/.local/lib/python3.7/site-packages/airflow/example_dags/example_task_group.py
[2023-02-13T12:21:33.146+0000] {logging_mixin.py:137} INFO - [2023-02-13T12:21:33.146+0000] {dag.py:2690} INFO - Sync 1 DAGs
[2023-02-13T12:21:33.177+0000] {logging_mixin.py:137} INFO - [2023-02-13T12:21:33.177+0000] {dag.py:3441} INFO - Setting next_dagrun for example_task_group to 2023-02-12T12:21:33.177194+00:00, run_after=2023-02-13T12:21:33.177194+00:00
[2023-02-13T12:21:33.260+0000] {processor.py:175} INFO - Processing /home/airflow/.local/lib/python3.7/site-packages/airflow/example_dags/example_task_group.py took 0.205 seconds
[2023-02-13T12:22:03.656+0000] {processor.py:153} INFO - Started process (PID=446) to work on /home/airflow/.local/lib/python3.7/site-packages/airflow/example_dags/example_task_group.py
[2023-02-13T12:22:03.657+0000] {processor.py:743} INFO - Processing file /home/airflow/.local/lib/python3.7/site-packages/airflow/example_dags/example_task_group.py for tasks to queue
[2023-02-13T12:22:03.659+0000] {logging_mixin.py:137} INFO - [2023-02-13T12:22:03.658+0000] {dagbag.py:538} INFO - Filling up the DagBag from /home/airflow/.local/lib/python3.7/site-packages/airflow/example_dags/example_task_group.py
[2023-02-13T12:22:03.691+0000] {processor.py:753} INFO - DAG(s) dict_keys(['example_task_group']) retrieved from /home/airflow/.local/lib/python3.7/site-packages/airflow/example_dags/example_task_group.py
[2023-02-13T12:22:03.744+0000] {logging_mixin.py:137} INFO - [2023-02-13T12:22:03.744+0000] {dag.py:2690} INFO - Sync 1 DAGs
[2023-02-13T12:22:03.797+0000] {logging_mixin.py:137} INFO - [2023-02-13T12:22:03.797+0000] {dag.py:3441} INFO - Setting next_dagrun for example_task_group to 2023-02-12T12:22:03.796932+00:00, run_after=2023-02-13T12:22:03.796932+00:00
[2023-02-13T12:22:03.931+0000] {processor.py:175} INFO - Processing /home/airflow/.local/lib/python3.7/site-packages/airflow/example_dags/example_task_group.py took 0.280 seconds
[2023-02-13T12:22:34.898+0000] {processor.py:153} INFO - Started process (PID=680) to work on /home/airflow/.local/lib/python3.7/site-packages/airflow/example_dags/example_task_group.py
[2023-02-13T12:22:34.920+0000] {processor.py:743} INFO - Processing file /home/airflow/.local/lib/python3.7/site-packages/airflow/example_dags/example_task_group.py for tasks to queue
[2023-02-13T12:22:34.922+0000] {logging_mixin.py:137} INFO - [2023-02-13T12:22:34.921+0000] {dagbag.py:538} INFO - Filling up the DagBag from /home/airflow/.local/lib/python3.7/site-packages/airflow/example_dags/example_task_group.py
[2023-02-13T12:22:34.946+0000] {processor.py:753} INFO - DAG(s) dict_keys(['example_task_group']) retrieved from /home/airflow/.local/lib/python3.7/site-packages/airflow/example_dags/example_task_group.py
[2023-02-13T12:22:34.974+0000] {logging_mixin.py:137} INFO - [2023-02-13T12:22:34.974+0000] {dag.py:2690} INFO - Sync 1 DAGs
[2023-02-13T12:22:35.018+0000] {logging_mixin.py:137} INFO - [2023-02-13T12:22:35.017+0000] {dag.py:3441} INFO - Setting next_dagrun for example_task_group to 2023-02-12T12:22:35.017587+00:00, run_after=2023-02-13T12:22:35.017587+00:00
[2023-02-13T12:22:35.359+0000] {processor.py:175} INFO - Processing /home/airflow/.local/lib/python3.7/site-packages/airflow/example_dags/example_task_group.py took 0.466 seconds
[2023-02-13T12:24:08.864+0000] {processor.py:153} INFO - Started process (PID=223) to work on /home/airflow/.local/lib/python3.7/site-packages/airflow/example_dags/example_task_group.py
[2023-02-13T12:24:08.875+0000] {processor.py:743} INFO - Processing file /home/airflow/.local/lib/python3.7/site-packages/airflow/example_dags/example_task_group.py for tasks to queue
[2023-02-13T12:24:08.876+0000] {logging_mixin.py:137} INFO - [2023-02-13T12:24:08.876+0000] {dagbag.py:538} INFO - Filling up the DagBag from /home/airflow/.local/lib/python3.7/site-packages/airflow/example_dags/example_task_group.py
[2023-02-13T12:24:08.913+0000] {processor.py:753} INFO - DAG(s) dict_keys(['example_task_group']) retrieved from /home/airflow/.local/lib/python3.7/site-packages/airflow/example_dags/example_task_group.py
[2023-02-13T12:24:08.978+0000] {logging_mixin.py:137} INFO - [2023-02-13T12:24:08.978+0000] {dag.py:2690} INFO - Sync 1 DAGs
[2023-02-13T12:24:09.059+0000] {logging_mixin.py:137} INFO - [2023-02-13T12:24:09.058+0000] {dag.py:3441} INFO - Setting next_dagrun for example_task_group to 2023-02-12T12:24:09.058353+00:00, run_after=2023-02-13T12:24:09.058353+00:00
[2023-02-13T12:24:09.142+0000] {processor.py:175} INFO - Processing /home/airflow/.local/lib/python3.7/site-packages/airflow/example_dags/example_task_group.py took 0.287 seconds
[2023-02-13T12:24:39.373+0000] {processor.py:153} INFO - Started process (PID=452) to work on /home/airflow/.local/lib/python3.7/site-packages/airflow/example_dags/example_task_group.py
[2023-02-13T12:24:39.375+0000] {processor.py:743} INFO - Processing file /home/airflow/.local/lib/python3.7/site-packages/airflow/example_dags/example_task_group.py for tasks to queue
[2023-02-13T12:24:39.377+0000] {logging_mixin.py:137} INFO - [2023-02-13T12:24:39.377+0000] {dagbag.py:538} INFO - Filling up the DagBag from /home/airflow/.local/lib/python3.7/site-packages/airflow/example_dags/example_task_group.py
[2023-02-13T12:24:39.412+0000] {processor.py:753} INFO - DAG(s) dict_keys(['example_task_group']) retrieved from /home/airflow/.local/lib/python3.7/site-packages/airflow/example_dags/example_task_group.py
[2023-02-13T12:24:39.462+0000] {logging_mixin.py:137} INFO - [2023-02-13T12:24:39.462+0000] {dag.py:2690} INFO - Sync 1 DAGs
[2023-02-13T12:24:39.524+0000] {logging_mixin.py:137} INFO - [2023-02-13T12:24:39.524+0000] {dag.py:3441} INFO - Setting next_dagrun for example_task_group to 2023-02-12T12:24:39.523473+00:00, run_after=2023-02-13T12:24:39.523473+00:00
[2023-02-13T12:24:39.616+0000] {processor.py:175} INFO - Processing /home/airflow/.local/lib/python3.7/site-packages/airflow/example_dags/example_task_group.py took 0.249 seconds
[2023-02-13T12:25:10.659+0000] {processor.py:153} INFO - Started process (PID=677) to work on /home/airflow/.local/lib/python3.7/site-packages/airflow/example_dags/example_task_group.py
[2023-02-13T12:25:10.660+0000] {processor.py:743} INFO - Processing file /home/airflow/.local/lib/python3.7/site-packages/airflow/example_dags/example_task_group.py for tasks to queue
[2023-02-13T12:25:10.661+0000] {logging_mixin.py:137} INFO - [2023-02-13T12:25:10.661+0000] {dagbag.py:538} INFO - Filling up the DagBag from /home/airflow/.local/lib/python3.7/site-packages/airflow/example_dags/example_task_group.py
[2023-02-13T12:25:10.681+0000] {processor.py:753} INFO - DAG(s) dict_keys(['example_task_group']) retrieved from /home/airflow/.local/lib/python3.7/site-packages/airflow/example_dags/example_task_group.py
[2023-02-13T12:25:10.730+0000] {logging_mixin.py:137} INFO - [2023-02-13T12:25:10.730+0000] {dag.py:2690} INFO - Sync 1 DAGs
[2023-02-13T12:25:10.779+0000] {logging_mixin.py:137} INFO - [2023-02-13T12:25:10.779+0000] {dag.py:3441} INFO - Setting next_dagrun for example_task_group to 2023-02-12T12:25:10.778691+00:00, run_after=2023-02-13T12:25:10.778691+00:00
[2023-02-13T12:25:10.845+0000] {processor.py:175} INFO - Processing /home/airflow/.local/lib/python3.7/site-packages/airflow/example_dags/example_task_group.py took 0.189 seconds
[2023-02-13T12:25:41.443+0000] {processor.py:153} INFO - Started process (PID=906) to work on /home/airflow/.local/lib/python3.7/site-packages/airflow/example_dags/example_task_group.py
[2023-02-13T12:25:41.445+0000] {processor.py:743} INFO - Processing file /home/airflow/.local/lib/python3.7/site-packages/airflow/example_dags/example_task_group.py for tasks to queue
[2023-02-13T12:25:41.447+0000] {logging_mixin.py:137} INFO - [2023-02-13T12:25:41.447+0000] {dagbag.py:538} INFO - Filling up the DagBag from /home/airflow/.local/lib/python3.7/site-packages/airflow/example_dags/example_task_group.py
[2023-02-13T12:25:41.492+0000] {processor.py:753} INFO - DAG(s) dict_keys(['example_task_group']) retrieved from /home/airflow/.local/lib/python3.7/site-packages/airflow/example_dags/example_task_group.py
[2023-02-13T12:25:41.549+0000] {logging_mixin.py:137} INFO - [2023-02-13T12:25:41.548+0000] {dag.py:2690} INFO - Sync 1 DAGs
[2023-02-13T12:25:41.630+0000] {logging_mixin.py:137} INFO - [2023-02-13T12:25:41.630+0000] {dag.py:3441} INFO - Setting next_dagrun for example_task_group to 2023-02-12T12:25:41.629871+00:00, run_after=2023-02-13T12:25:41.629871+00:00
[2023-02-13T12:25:41.708+0000] {processor.py:175} INFO - Processing /home/airflow/.local/lib/python3.7/site-packages/airflow/example_dags/example_task_group.py took 0.277 seconds
[2023-02-13T12:26:12.526+0000] {processor.py:153} INFO - Started process (PID=1133) to work on /home/airflow/.local/lib/python3.7/site-packages/airflow/example_dags/example_task_group.py
[2023-02-13T12:26:12.644+0000] {processor.py:743} INFO - Processing file /home/airflow/.local/lib/python3.7/site-packages/airflow/example_dags/example_task_group.py for tasks to queue
[2023-02-13T12:26:12.645+0000] {logging_mixin.py:137} INFO - [2023-02-13T12:26:12.645+0000] {dagbag.py:538} INFO - Filling up the DagBag from /home/airflow/.local/lib/python3.7/site-packages/airflow/example_dags/example_task_group.py
[2023-02-13T12:26:12.673+0000] {processor.py:753} INFO - DAG(s) dict_keys(['example_task_group']) retrieved from /home/airflow/.local/lib/python3.7/site-packages/airflow/example_dags/example_task_group.py
[2023-02-13T12:26:12.721+0000] {logging_mixin.py:137} INFO - [2023-02-13T12:26:12.721+0000] {dag.py:2690} INFO - Sync 1 DAGs
[2023-02-13T12:26:12.781+0000] {logging_mixin.py:137} INFO - [2023-02-13T12:26:12.780+0000] {dag.py:3441} INFO - Setting next_dagrun for example_task_group to 2023-02-12T12:26:12.779868+00:00, run_after=2023-02-13T12:26:12.779868+00:00
[2023-02-13T12:26:12.863+0000] {processor.py:175} INFO - Processing /home/airflow/.local/lib/python3.7/site-packages/airflow/example_dags/example_task_group.py took 0.342 seconds
[2023-02-13T12:26:43.299+0000] {processor.py:153} INFO - Started process (PID=1359) to work on /home/airflow/.local/lib/python3.7/site-packages/airflow/example_dags/example_task_group.py
[2023-02-13T12:26:43.327+0000] {processor.py:743} INFO - Processing file /home/airflow/.local/lib/python3.7/site-packages/airflow/example_dags/example_task_group.py for tasks to queue
[2023-02-13T12:26:43.329+0000] {logging_mixin.py:137} INFO - [2023-02-13T12:26:43.329+0000] {dagbag.py:538} INFO - Filling up the DagBag from /home/airflow/.local/lib/python3.7/site-packages/airflow/example_dags/example_task_group.py
[2023-02-13T12:26:43.372+0000] {processor.py:753} INFO - DAG(s) dict_keys(['example_task_group']) retrieved from /home/airflow/.local/lib/python3.7/site-packages/airflow/example_dags/example_task_group.py
[2023-02-13T12:26:43.404+0000] {logging_mixin.py:137} INFO - [2023-02-13T12:26:43.404+0000] {dag.py:2690} INFO - Sync 1 DAGs
[2023-02-13T12:26:43.434+0000] {logging_mixin.py:137} INFO - [2023-02-13T12:26:43.434+0000] {dag.py:3441} INFO - Setting next_dagrun for example_task_group to 2023-02-12T12:26:43.434397+00:00, run_after=2023-02-13T12:26:43.434397+00:00
[2023-02-13T12:26:43.535+0000] {processor.py:175} INFO - Processing /home/airflow/.local/lib/python3.7/site-packages/airflow/example_dags/example_task_group.py took 0.240 seconds
[2023-02-13T12:27:14.254+0000] {processor.py:153} INFO - Started process (PID=1587) to work on /home/airflow/.local/lib/python3.7/site-packages/airflow/example_dags/example_task_group.py
[2023-02-13T12:27:14.254+0000] {processor.py:743} INFO - Processing file /home/airflow/.local/lib/python3.7/site-packages/airflow/example_dags/example_task_group.py for tasks to queue
[2023-02-13T12:27:14.256+0000] {logging_mixin.py:137} INFO - [2023-02-13T12:27:14.255+0000] {dagbag.py:538} INFO - Filling up the DagBag from /home/airflow/.local/lib/python3.7/site-packages/airflow/example_dags/example_task_group.py
[2023-02-13T12:27:14.277+0000] {processor.py:753} INFO - DAG(s) dict_keys(['example_task_group']) retrieved from /home/airflow/.local/lib/python3.7/site-packages/airflow/example_dags/example_task_group.py
[2023-02-13T12:27:14.308+0000] {logging_mixin.py:137} INFO - [2023-02-13T12:27:14.307+0000] {dag.py:2690} INFO - Sync 1 DAGs
[2023-02-13T12:27:14.338+0000] {logging_mixin.py:137} INFO - [2023-02-13T12:27:14.338+0000] {dag.py:3441} INFO - Setting next_dagrun for example_task_group to 2023-02-12T12:27:14.337919+00:00, run_after=2023-02-13T12:27:14.337919+00:00
[2023-02-13T12:27:14.393+0000] {processor.py:175} INFO - Processing /home/airflow/.local/lib/python3.7/site-packages/airflow/example_dags/example_task_group.py took 0.143 seconds
[2023-02-13T12:27:44.964+0000] {processor.py:153} INFO - Started process (PID=1812) to work on /home/airflow/.local/lib/python3.7/site-packages/airflow/example_dags/example_task_group.py
[2023-02-13T12:27:44.985+0000] {processor.py:743} INFO - Processing file /home/airflow/.local/lib/python3.7/site-packages/airflow/example_dags/example_task_group.py for tasks to queue
[2023-02-13T12:27:44.985+0000] {logging_mixin.py:137} INFO - [2023-02-13T12:27:44.985+0000] {dagbag.py:538} INFO - Filling up the DagBag from /home/airflow/.local/lib/python3.7/site-packages/airflow/example_dags/example_task_group.py
[2023-02-13T12:27:45.014+0000] {processor.py:753} INFO - DAG(s) dict_keys(['example_task_group']) retrieved from /home/airflow/.local/lib/python3.7/site-packages/airflow/example_dags/example_task_group.py
[2023-02-13T12:27:45.057+0000] {logging_mixin.py:137} INFO - [2023-02-13T12:27:45.056+0000] {dag.py:2690} INFO - Sync 1 DAGs
[2023-02-13T12:27:45.103+0000] {logging_mixin.py:137} INFO - [2023-02-13T12:27:45.103+0000] {dag.py:3441} INFO - Setting next_dagrun for example_task_group to 2023-02-12T12:27:45.103273+00:00, run_after=2023-02-13T12:27:45.103273+00:00
[2023-02-13T12:27:45.169+0000] {processor.py:175} INFO - Processing /home/airflow/.local/lib/python3.7/site-packages/airflow/example_dags/example_task_group.py took 0.213 seconds
[2023-02-13T12:28:16.138+0000] {processor.py:153} INFO - Started process (PID=2041) to work on /home/airflow/.local/lib/python3.7/site-packages/airflow/example_dags/example_task_group.py
[2023-02-13T12:28:16.139+0000] {processor.py:743} INFO - Processing file /home/airflow/.local/lib/python3.7/site-packages/airflow/example_dags/example_task_group.py for tasks to queue
[2023-02-13T12:28:16.140+0000] {logging_mixin.py:137} INFO - [2023-02-13T12:28:16.140+0000] {dagbag.py:538} INFO - Filling up the DagBag from /home/airflow/.local/lib/python3.7/site-packages/airflow/example_dags/example_task_group.py
[2023-02-13T12:28:16.162+0000] {processor.py:753} INFO - DAG(s) dict_keys(['example_task_group']) retrieved from /home/airflow/.local/lib/python3.7/site-packages/airflow/example_dags/example_task_group.py
[2023-02-13T12:28:16.192+0000] {logging_mixin.py:137} INFO - [2023-02-13T12:28:16.192+0000] {dag.py:2690} INFO - Sync 1 DAGs
[2023-02-13T12:28:16.223+0000] {logging_mixin.py:137} INFO - [2023-02-13T12:28:16.223+0000] {dag.py:3441} INFO - Setting next_dagrun for example_task_group to 2023-02-12T12:28:16.222853+00:00, run_after=2023-02-13T12:28:16.222853+00:00
[2023-02-13T12:28:16.276+0000] {processor.py:175} INFO - Processing /home/airflow/.local/lib/python3.7/site-packages/airflow/example_dags/example_task_group.py took 0.143 seconds
[2023-02-13T12:28:46.772+0000] {processor.py:153} INFO - Started process (PID=2276) to work on /home/airflow/.local/lib/python3.7/site-packages/airflow/example_dags/example_task_group.py
[2023-02-13T12:28:46.773+0000] {processor.py:743} INFO - Processing file /home/airflow/.local/lib/python3.7/site-packages/airflow/example_dags/example_task_group.py for tasks to queue
[2023-02-13T12:28:46.773+0000] {logging_mixin.py:137} INFO - [2023-02-13T12:28:46.773+0000] {dagbag.py:538} INFO - Filling up the DagBag from /home/airflow/.local/lib/python3.7/site-packages/airflow/example_dags/example_task_group.py
[2023-02-13T12:28:46.789+0000] {processor.py:753} INFO - DAG(s) dict_keys(['example_task_group']) retrieved from /home/airflow/.local/lib/python3.7/site-packages/airflow/example_dags/example_task_group.py
[2023-02-13T12:28:46.817+0000] {logging_mixin.py:137} INFO - [2023-02-13T12:28:46.817+0000] {dag.py:2690} INFO - Sync 1 DAGs
[2023-02-13T12:28:46.846+0000] {logging_mixin.py:137} INFO - [2023-02-13T12:28:46.845+0000] {dag.py:3441} INFO - Setting next_dagrun for example_task_group to 2023-02-12T12:28:46.845616+00:00, run_after=2023-02-13T12:28:46.845616+00:00
[2023-02-13T12:28:46.916+0000] {processor.py:175} INFO - Processing /home/airflow/.local/lib/python3.7/site-packages/airflow/example_dags/example_task_group.py took 0.148 seconds
[2023-02-13T12:29:17.236+0000] {processor.py:153} INFO - Started process (PID=2510) to work on /home/airflow/.local/lib/python3.7/site-packages/airflow/example_dags/example_task_group.py
[2023-02-13T12:29:17.272+0000] {processor.py:743} INFO - Processing file /home/airflow/.local/lib/python3.7/site-packages/airflow/example_dags/example_task_group.py for tasks to queue
[2023-02-13T12:29:17.273+0000] {logging_mixin.py:137} INFO - [2023-02-13T12:29:17.273+0000] {dagbag.py:538} INFO - Filling up the DagBag from /home/airflow/.local/lib/python3.7/site-packages/airflow/example_dags/example_task_group.py
[2023-02-13T12:29:17.290+0000] {processor.py:753} INFO - DAG(s) dict_keys(['example_task_group']) retrieved from /home/airflow/.local/lib/python3.7/site-packages/airflow/example_dags/example_task_group.py
[2023-02-13T12:29:17.318+0000] {logging_mixin.py:137} INFO - [2023-02-13T12:29:17.318+0000] {dag.py:2690} INFO - Sync 1 DAGs
[2023-02-13T12:29:17.346+0000] {logging_mixin.py:137} INFO - [2023-02-13T12:29:17.346+0000] {dag.py:3441} INFO - Setting next_dagrun for example_task_group to 2023-02-12T12:29:17.346151+00:00, run_after=2023-02-13T12:29:17.346151+00:00
[2023-02-13T12:29:17.511+0000] {processor.py:175} INFO - Processing /home/airflow/.local/lib/python3.7/site-packages/airflow/example_dags/example_task_group.py took 0.281 seconds
