[2023-02-13T12:21:32.623+0000] {processor.py:153} INFO - Started process (PID=203) to work on /home/airflow/.local/lib/python3.7/site-packages/airflow/example_dags/example_task_group_decorator.py
[2023-02-13T12:21:32.624+0000] {processor.py:743} INFO - Processing file /home/airflow/.local/lib/python3.7/site-packages/airflow/example_dags/example_task_group_decorator.py for tasks to queue
[2023-02-13T12:21:32.625+0000] {logging_mixin.py:137} INFO - [2023-02-13T12:21:32.625+0000] {dagbag.py:538} INFO - Filling up the DagBag from /home/airflow/.local/lib/python3.7/site-packages/airflow/example_dags/example_task_group_decorator.py
[2023-02-13T12:21:32.709+0000] {processor.py:753} INFO - DAG(s) dict_keys(['example_task_group_decorator']) retrieved from /home/airflow/.local/lib/python3.7/site-packages/airflow/example_dags/example_task_group_decorator.py
[2023-02-13T12:21:32.748+0000] {logging_mixin.py:137} INFO - [2023-02-13T12:21:32.748+0000] {dag.py:2690} INFO - Sync 1 DAGs
[2023-02-13T12:21:32.788+0000] {logging_mixin.py:137} INFO - [2023-02-13T12:21:32.788+0000] {dag.py:3441} INFO - Setting next_dagrun for example_task_group_decorator to 2023-02-12T12:21:32.788354+00:00, run_after=2023-02-13T12:21:32.788354+00:00
[2023-02-13T12:21:32.926+0000] {processor.py:175} INFO - Processing /home/airflow/.local/lib/python3.7/site-packages/airflow/example_dags/example_task_group_decorator.py took 0.308 seconds
[2023-02-13T12:22:03.238+0000] {processor.py:153} INFO - Started process (PID=429) to work on /home/airflow/.local/lib/python3.7/site-packages/airflow/example_dags/example_task_group_decorator.py
[2023-02-13T12:22:03.239+0000] {processor.py:743} INFO - Processing file /home/airflow/.local/lib/python3.7/site-packages/airflow/example_dags/example_task_group_decorator.py for tasks to queue
[2023-02-13T12:22:03.239+0000] {logging_mixin.py:137} INFO - [2023-02-13T12:22:03.239+0000] {dagbag.py:538} INFO - Filling up the DagBag from /home/airflow/.local/lib/python3.7/site-packages/airflow/example_dags/example_task_group_decorator.py
[2023-02-13T12:22:03.272+0000] {processor.py:753} INFO - DAG(s) dict_keys(['example_task_group_decorator']) retrieved from /home/airflow/.local/lib/python3.7/site-packages/airflow/example_dags/example_task_group_decorator.py
[2023-02-13T12:22:03.303+0000] {logging_mixin.py:137} INFO - [2023-02-13T12:22:03.302+0000] {dag.py:2690} INFO - Sync 1 DAGs
[2023-02-13T12:22:03.349+0000] {logging_mixin.py:137} INFO - [2023-02-13T12:22:03.348+0000] {dag.py:3441} INFO - Setting next_dagrun for example_task_group_decorator to 2023-02-12T12:22:03.348495+00:00, run_after=2023-02-13T12:22:03.348495+00:00
[2023-02-13T12:22:03.422+0000] {processor.py:175} INFO - Processing /home/airflow/.local/lib/python3.7/site-packages/airflow/example_dags/example_task_group_decorator.py took 0.187 seconds
[2023-02-13T12:22:34.470+0000] {processor.py:153} INFO - Started process (PID=665) to work on /home/airflow/.local/lib/python3.7/site-packages/airflow/example_dags/example_task_group_decorator.py
[2023-02-13T12:22:34.477+0000] {processor.py:743} INFO - Processing file /home/airflow/.local/lib/python3.7/site-packages/airflow/example_dags/example_task_group_decorator.py for tasks to queue
[2023-02-13T12:22:34.478+0000] {logging_mixin.py:137} INFO - [2023-02-13T12:22:34.478+0000] {dagbag.py:538} INFO - Filling up the DagBag from /home/airflow/.local/lib/python3.7/site-packages/airflow/example_dags/example_task_group_decorator.py
[2023-02-13T12:22:34.519+0000] {processor.py:753} INFO - DAG(s) dict_keys(['example_task_group_decorator']) retrieved from /home/airflow/.local/lib/python3.7/site-packages/airflow/example_dags/example_task_group_decorator.py
[2023-02-13T12:22:34.549+0000] {logging_mixin.py:137} INFO - [2023-02-13T12:22:34.549+0000] {dag.py:2690} INFO - Sync 1 DAGs
[2023-02-13T12:22:34.576+0000] {logging_mixin.py:137} INFO - [2023-02-13T12:22:34.576+0000] {dag.py:3441} INFO - Setting next_dagrun for example_task_group_decorator to 2023-02-12T12:22:34.576289+00:00, run_after=2023-02-13T12:22:34.576289+00:00
[2023-02-13T12:22:34.762+0000] {processor.py:175} INFO - Processing /home/airflow/.local/lib/python3.7/site-packages/airflow/example_dags/example_task_group_decorator.py took 0.300 seconds
[2023-02-13T12:24:08.310+0000] {processor.py:153} INFO - Started process (PID=208) to work on /home/airflow/.local/lib/python3.7/site-packages/airflow/example_dags/example_task_group_decorator.py
[2023-02-13T12:24:08.323+0000] {processor.py:743} INFO - Processing file /home/airflow/.local/lib/python3.7/site-packages/airflow/example_dags/example_task_group_decorator.py for tasks to queue
[2023-02-13T12:24:08.324+0000] {logging_mixin.py:137} INFO - [2023-02-13T12:24:08.324+0000] {dagbag.py:538} INFO - Filling up the DagBag from /home/airflow/.local/lib/python3.7/site-packages/airflow/example_dags/example_task_group_decorator.py
[2023-02-13T12:24:08.398+0000] {processor.py:753} INFO - DAG(s) dict_keys(['example_task_group_decorator']) retrieved from /home/airflow/.local/lib/python3.7/site-packages/airflow/example_dags/example_task_group_decorator.py
[2023-02-13T12:24:08.466+0000] {logging_mixin.py:137} INFO - [2023-02-13T12:24:08.466+0000] {dag.py:2690} INFO - Sync 1 DAGs
[2023-02-13T12:24:08.530+0000] {logging_mixin.py:137} INFO - [2023-02-13T12:24:08.530+0000] {dag.py:3441} INFO - Setting next_dagrun for example_task_group_decorator to 2023-02-12T12:24:08.529854+00:00, run_after=2023-02-13T12:24:08.529854+00:00
[2023-02-13T12:24:08.608+0000] {processor.py:175} INFO - Processing /home/airflow/.local/lib/python3.7/site-packages/airflow/example_dags/example_task_group_decorator.py took 0.305 seconds
[2023-02-13T12:24:38.794+0000] {processor.py:153} INFO - Started process (PID=435) to work on /home/airflow/.local/lib/python3.7/site-packages/airflow/example_dags/example_task_group_decorator.py
[2023-02-13T12:24:38.815+0000] {processor.py:743} INFO - Processing file /home/airflow/.local/lib/python3.7/site-packages/airflow/example_dags/example_task_group_decorator.py for tasks to queue
[2023-02-13T12:24:38.817+0000] {logging_mixin.py:137} INFO - [2023-02-13T12:24:38.817+0000] {dagbag.py:538} INFO - Filling up the DagBag from /home/airflow/.local/lib/python3.7/site-packages/airflow/example_dags/example_task_group_decorator.py
[2023-02-13T12:24:38.885+0000] {processor.py:753} INFO - DAG(s) dict_keys(['example_task_group_decorator']) retrieved from /home/airflow/.local/lib/python3.7/site-packages/airflow/example_dags/example_task_group_decorator.py
[2023-02-13T12:24:38.951+0000] {logging_mixin.py:137} INFO - [2023-02-13T12:24:38.951+0000] {dag.py:2690} INFO - Sync 1 DAGs
[2023-02-13T12:24:39.018+0000] {logging_mixin.py:137} INFO - [2023-02-13T12:24:39.018+0000] {dag.py:3441} INFO - Setting next_dagrun for example_task_group_decorator to 2023-02-12T12:24:39.018097+00:00, run_after=2023-02-13T12:24:39.018097+00:00
[2023-02-13T12:24:39.085+0000] {processor.py:175} INFO - Processing /home/airflow/.local/lib/python3.7/site-packages/airflow/example_dags/example_task_group_decorator.py took 0.299 seconds
[2023-02-13T12:25:10.113+0000] {processor.py:153} INFO - Started process (PID=660) to work on /home/airflow/.local/lib/python3.7/site-packages/airflow/example_dags/example_task_group_decorator.py
[2023-02-13T12:25:10.141+0000] {processor.py:743} INFO - Processing file /home/airflow/.local/lib/python3.7/site-packages/airflow/example_dags/example_task_group_decorator.py for tasks to queue
[2023-02-13T12:25:10.143+0000] {logging_mixin.py:137} INFO - [2023-02-13T12:25:10.142+0000] {dagbag.py:538} INFO - Filling up the DagBag from /home/airflow/.local/lib/python3.7/site-packages/airflow/example_dags/example_task_group_decorator.py
[2023-02-13T12:25:10.223+0000] {processor.py:753} INFO - DAG(s) dict_keys(['example_task_group_decorator']) retrieved from /home/airflow/.local/lib/python3.7/site-packages/airflow/example_dags/example_task_group_decorator.py
[2023-02-13T12:25:10.282+0000] {logging_mixin.py:137} INFO - [2023-02-13T12:25:10.282+0000] {dag.py:2690} INFO - Sync 1 DAGs
[2023-02-13T12:25:10.344+0000] {logging_mixin.py:137} INFO - [2023-02-13T12:25:10.344+0000] {dag.py:3441} INFO - Setting next_dagrun for example_task_group_decorator to 2023-02-12T12:25:10.343472+00:00, run_after=2023-02-13T12:25:10.343472+00:00
[2023-02-13T12:25:10.424+0000] {processor.py:175} INFO - Processing /home/airflow/.local/lib/python3.7/site-packages/airflow/example_dags/example_task_group_decorator.py took 0.329 seconds
[2023-02-13T12:25:40.629+0000] {processor.py:153} INFO - Started process (PID=889) to work on /home/airflow/.local/lib/python3.7/site-packages/airflow/example_dags/example_task_group_decorator.py
[2023-02-13T12:25:40.648+0000] {processor.py:743} INFO - Processing file /home/airflow/.local/lib/python3.7/site-packages/airflow/example_dags/example_task_group_decorator.py for tasks to queue
[2023-02-13T12:25:40.649+0000] {logging_mixin.py:137} INFO - [2023-02-13T12:25:40.649+0000] {dagbag.py:538} INFO - Filling up the DagBag from /home/airflow/.local/lib/python3.7/site-packages/airflow/example_dags/example_task_group_decorator.py
[2023-02-13T12:25:40.722+0000] {processor.py:753} INFO - DAG(s) dict_keys(['example_task_group_decorator']) retrieved from /home/airflow/.local/lib/python3.7/site-packages/airflow/example_dags/example_task_group_decorator.py
[2023-02-13T12:25:40.791+0000] {logging_mixin.py:137} INFO - [2023-02-13T12:25:40.791+0000] {dag.py:2690} INFO - Sync 1 DAGs
[2023-02-13T12:25:40.857+0000] {logging_mixin.py:137} INFO - [2023-02-13T12:25:40.857+0000] {dag.py:3441} INFO - Setting next_dagrun for example_task_group_decorator to 2023-02-12T12:25:40.856755+00:00, run_after=2023-02-13T12:25:40.856755+00:00
[2023-02-13T12:25:41.112+0000] {processor.py:175} INFO - Processing /home/airflow/.local/lib/python3.7/site-packages/airflow/example_dags/example_task_group_decorator.py took 0.489 seconds
[2023-02-13T12:26:11.811+0000] {processor.py:153} INFO - Started process (PID=1116) to work on /home/airflow/.local/lib/python3.7/site-packages/airflow/example_dags/example_task_group_decorator.py
[2023-02-13T12:26:11.920+0000] {processor.py:743} INFO - Processing file /home/airflow/.local/lib/python3.7/site-packages/airflow/example_dags/example_task_group_decorator.py for tasks to queue
[2023-02-13T12:26:11.921+0000] {logging_mixin.py:137} INFO - [2023-02-13T12:26:11.921+0000] {dagbag.py:538} INFO - Filling up the DagBag from /home/airflow/.local/lib/python3.7/site-packages/airflow/example_dags/example_task_group_decorator.py
[2023-02-13T12:26:11.987+0000] {processor.py:753} INFO - DAG(s) dict_keys(['example_task_group_decorator']) retrieved from /home/airflow/.local/lib/python3.7/site-packages/airflow/example_dags/example_task_group_decorator.py
[2023-02-13T12:26:12.052+0000] {logging_mixin.py:137} INFO - [2023-02-13T12:26:12.051+0000] {dag.py:2690} INFO - Sync 1 DAGs
[2023-02-13T12:26:12.120+0000] {logging_mixin.py:137} INFO - [2023-02-13T12:26:12.119+0000] {dag.py:3441} INFO - Setting next_dagrun for example_task_group_decorator to 2023-02-12T12:26:12.119577+00:00, run_after=2023-02-13T12:26:12.119577+00:00
[2023-02-13T12:26:12.205+0000] {processor.py:175} INFO - Processing /home/airflow/.local/lib/python3.7/site-packages/airflow/example_dags/example_task_group_decorator.py took 0.400 seconds
[2023-02-13T12:26:42.499+0000] {processor.py:153} INFO - Started process (PID=1342) to work on /home/airflow/.local/lib/python3.7/site-packages/airflow/example_dags/example_task_group_decorator.py
[2023-02-13T12:26:42.500+0000] {processor.py:743} INFO - Processing file /home/airflow/.local/lib/python3.7/site-packages/airflow/example_dags/example_task_group_decorator.py for tasks to queue
[2023-02-13T12:26:42.502+0000] {logging_mixin.py:137} INFO - [2023-02-13T12:26:42.501+0000] {dagbag.py:538} INFO - Filling up the DagBag from /home/airflow/.local/lib/python3.7/site-packages/airflow/example_dags/example_task_group_decorator.py
[2023-02-13T12:26:42.574+0000] {processor.py:753} INFO - DAG(s) dict_keys(['example_task_group_decorator']) retrieved from /home/airflow/.local/lib/python3.7/site-packages/airflow/example_dags/example_task_group_decorator.py
[2023-02-13T12:26:42.635+0000] {logging_mixin.py:137} INFO - [2023-02-13T12:26:42.634+0000] {dag.py:2690} INFO - Sync 1 DAGs
[2023-02-13T12:26:42.702+0000] {logging_mixin.py:137} INFO - [2023-02-13T12:26:42.701+0000] {dag.py:3441} INFO - Setting next_dagrun for example_task_group_decorator to 2023-02-12T12:26:42.701127+00:00, run_after=2023-02-13T12:26:42.701127+00:00
[2023-02-13T12:26:42.781+0000] {processor.py:175} INFO - Processing /home/airflow/.local/lib/python3.7/site-packages/airflow/example_dags/example_task_group_decorator.py took 0.290 seconds
[2023-02-13T12:27:13.511+0000] {processor.py:153} INFO - Started process (PID=1570) to work on /home/airflow/.local/lib/python3.7/site-packages/airflow/example_dags/example_task_group_decorator.py
[2023-02-13T12:27:13.512+0000] {processor.py:743} INFO - Processing file /home/airflow/.local/lib/python3.7/site-packages/airflow/example_dags/example_task_group_decorator.py for tasks to queue
[2023-02-13T12:27:13.513+0000] {logging_mixin.py:137} INFO - [2023-02-13T12:27:13.513+0000] {dagbag.py:538} INFO - Filling up the DagBag from /home/airflow/.local/lib/python3.7/site-packages/airflow/example_dags/example_task_group_decorator.py
[2023-02-13T12:27:13.556+0000] {processor.py:753} INFO - DAG(s) dict_keys(['example_task_group_decorator']) retrieved from /home/airflow/.local/lib/python3.7/site-packages/airflow/example_dags/example_task_group_decorator.py
[2023-02-13T12:27:13.587+0000] {logging_mixin.py:137} INFO - [2023-02-13T12:27:13.586+0000] {dag.py:2690} INFO - Sync 1 DAGs
[2023-02-13T12:27:13.616+0000] {logging_mixin.py:137} INFO - [2023-02-13T12:27:13.616+0000] {dag.py:3441} INFO - Setting next_dagrun for example_task_group_decorator to 2023-02-12T12:27:13.616361+00:00, run_after=2023-02-13T12:27:13.616361+00:00
[2023-02-13T12:27:13.893+0000] {processor.py:175} INFO - Processing /home/airflow/.local/lib/python3.7/site-packages/airflow/example_dags/example_task_group_decorator.py took 0.387 seconds
[2023-02-13T12:27:44.162+0000] {processor.py:153} INFO - Started process (PID=1797) to work on /home/airflow/.local/lib/python3.7/site-packages/airflow/example_dags/example_task_group_decorator.py
[2023-02-13T12:27:44.210+0000] {processor.py:743} INFO - Processing file /home/airflow/.local/lib/python3.7/site-packages/airflow/example_dags/example_task_group_decorator.py for tasks to queue
[2023-02-13T12:27:44.213+0000] {logging_mixin.py:137} INFO - [2023-02-13T12:27:44.212+0000] {dagbag.py:538} INFO - Filling up the DagBag from /home/airflow/.local/lib/python3.7/site-packages/airflow/example_dags/example_task_group_decorator.py
[2023-02-13T12:27:44.284+0000] {processor.py:753} INFO - DAG(s) dict_keys(['example_task_group_decorator']) retrieved from /home/airflow/.local/lib/python3.7/site-packages/airflow/example_dags/example_task_group_decorator.py
[2023-02-13T12:27:44.340+0000] {logging_mixin.py:137} INFO - [2023-02-13T12:27:44.340+0000] {dag.py:2690} INFO - Sync 1 DAGs
[2023-02-13T12:27:44.404+0000] {logging_mixin.py:137} INFO - [2023-02-13T12:27:44.404+0000] {dag.py:3441} INFO - Setting next_dagrun for example_task_group_decorator to 2023-02-12T12:27:44.403713+00:00, run_after=2023-02-13T12:27:44.403713+00:00
[2023-02-13T12:27:44.656+0000] {processor.py:175} INFO - Processing /home/airflow/.local/lib/python3.7/site-packages/airflow/example_dags/example_task_group_decorator.py took 0.510 seconds
[2023-02-13T12:28:15.596+0000] {processor.py:153} INFO - Started process (PID=2024) to work on /home/airflow/.local/lib/python3.7/site-packages/airflow/example_dags/example_task_group_decorator.py
[2023-02-13T12:28:15.596+0000] {processor.py:743} INFO - Processing file /home/airflow/.local/lib/python3.7/site-packages/airflow/example_dags/example_task_group_decorator.py for tasks to queue
[2023-02-13T12:28:15.597+0000] {logging_mixin.py:137} INFO - [2023-02-13T12:28:15.597+0000] {dagbag.py:538} INFO - Filling up the DagBag from /home/airflow/.local/lib/python3.7/site-packages/airflow/example_dags/example_task_group_decorator.py
[2023-02-13T12:28:15.645+0000] {processor.py:753} INFO - DAG(s) dict_keys(['example_task_group_decorator']) retrieved from /home/airflow/.local/lib/python3.7/site-packages/airflow/example_dags/example_task_group_decorator.py
[2023-02-13T12:28:15.676+0000] {logging_mixin.py:137} INFO - [2023-02-13T12:28:15.675+0000] {dag.py:2690} INFO - Sync 1 DAGs
[2023-02-13T12:28:15.705+0000] {logging_mixin.py:137} INFO - [2023-02-13T12:28:15.705+0000] {dag.py:3441} INFO - Setting next_dagrun for example_task_group_decorator to 2023-02-12T12:28:15.704846+00:00, run_after=2023-02-13T12:28:15.704846+00:00
[2023-02-13T12:28:15.899+0000] {processor.py:175} INFO - Processing /home/airflow/.local/lib/python3.7/site-packages/airflow/example_dags/example_task_group_decorator.py took 0.307 seconds
[2023-02-13T12:28:46.106+0000] {processor.py:153} INFO - Started process (PID=2253) to work on /home/airflow/.local/lib/python3.7/site-packages/airflow/example_dags/example_task_group_decorator.py
[2023-02-13T12:28:46.121+0000] {processor.py:743} INFO - Processing file /home/airflow/.local/lib/python3.7/site-packages/airflow/example_dags/example_task_group_decorator.py for tasks to queue
[2023-02-13T12:28:46.123+0000] {logging_mixin.py:137} INFO - [2023-02-13T12:28:46.122+0000] {dagbag.py:538} INFO - Filling up the DagBag from /home/airflow/.local/lib/python3.7/site-packages/airflow/example_dags/example_task_group_decorator.py
[2023-02-13T12:28:46.159+0000] {processor.py:753} INFO - DAG(s) dict_keys(['example_task_group_decorator']) retrieved from /home/airflow/.local/lib/python3.7/site-packages/airflow/example_dags/example_task_group_decorator.py
[2023-02-13T12:28:46.189+0000] {logging_mixin.py:137} INFO - [2023-02-13T12:28:46.189+0000] {dag.py:2690} INFO - Sync 1 DAGs
[2023-02-13T12:28:46.217+0000] {logging_mixin.py:137} INFO - [2023-02-13T12:28:46.217+0000] {dag.py:3441} INFO - Setting next_dagrun for example_task_group_decorator to 2023-02-12T12:28:46.217425+00:00, run_after=2023-02-13T12:28:46.217425+00:00
[2023-02-13T12:28:46.358+0000] {processor.py:175} INFO - Processing /home/airflow/.local/lib/python3.7/site-packages/airflow/example_dags/example_task_group_decorator.py took 0.256 seconds
[2023-02-13T12:29:16.558+0000] {processor.py:153} INFO - Started process (PID=2495) to work on /home/airflow/.local/lib/python3.7/site-packages/airflow/example_dags/example_task_group_decorator.py
[2023-02-13T12:29:16.559+0000] {processor.py:743} INFO - Processing file /home/airflow/.local/lib/python3.7/site-packages/airflow/example_dags/example_task_group_decorator.py for tasks to queue
[2023-02-13T12:29:16.560+0000] {logging_mixin.py:137} INFO - [2023-02-13T12:29:16.560+0000] {dagbag.py:538} INFO - Filling up the DagBag from /home/airflow/.local/lib/python3.7/site-packages/airflow/example_dags/example_task_group_decorator.py
[2023-02-13T12:29:16.607+0000] {processor.py:753} INFO - DAG(s) dict_keys(['example_task_group_decorator']) retrieved from /home/airflow/.local/lib/python3.7/site-packages/airflow/example_dags/example_task_group_decorator.py
[2023-02-13T12:29:16.654+0000] {logging_mixin.py:137} INFO - [2023-02-13T12:29:16.653+0000] {dag.py:2690} INFO - Sync 1 DAGs
[2023-02-13T12:29:16.703+0000] {logging_mixin.py:137} INFO - [2023-02-13T12:29:16.703+0000] {dag.py:3441} INFO - Setting next_dagrun for example_task_group_decorator to 2023-02-12T12:29:16.703191+00:00, run_after=2023-02-13T12:29:16.703191+00:00
[2023-02-13T12:29:16.936+0000] {processor.py:175} INFO - Processing /home/airflow/.local/lib/python3.7/site-packages/airflow/example_dags/example_task_group_decorator.py took 0.384 seconds
