[2023-02-13T12:21:36.191+0000] {processor.py:153} INFO - Started process (PID=335) to work on /home/airflow/.local/lib/python3.7/site-packages/airflow/example_dags/tutorial_taskflow_api.py
[2023-02-13T12:21:36.192+0000] {processor.py:743} INFO - Processing file /home/airflow/.local/lib/python3.7/site-packages/airflow/example_dags/tutorial_taskflow_api.py for tasks to queue
[2023-02-13T12:21:36.193+0000] {logging_mixin.py:137} INFO - [2023-02-13T12:21:36.193+0000] {dagbag.py:538} INFO - Filling up the DagBag from /home/airflow/.local/lib/python3.7/site-packages/airflow/example_dags/tutorial_taskflow_api.py
[2023-02-13T12:21:36.225+0000] {processor.py:753} INFO - DAG(s) dict_keys(['tutorial_taskflow_api']) retrieved from /home/airflow/.local/lib/python3.7/site-packages/airflow/example_dags/tutorial_taskflow_api.py
[2023-02-13T12:21:36.258+0000] {logging_mixin.py:137} INFO - [2023-02-13T12:21:36.257+0000] {dag.py:2690} INFO - Sync 1 DAGs
[2023-02-13T12:21:36.293+0000] {logging_mixin.py:137} INFO - [2023-02-13T12:21:36.293+0000] {dag.py:3441} INFO - Setting next_dagrun for tutorial_taskflow_api to None, run_after=None
[2023-02-13T12:21:36.394+0000] {processor.py:175} INFO - Processing /home/airflow/.local/lib/python3.7/site-packages/airflow/example_dags/tutorial_taskflow_api.py took 0.207 seconds
[2023-02-13T12:22:06.708+0000] {processor.py:153} INFO - Started process (PID=565) to work on /home/airflow/.local/lib/python3.7/site-packages/airflow/example_dags/tutorial_taskflow_api.py
[2023-02-13T12:22:06.709+0000] {processor.py:743} INFO - Processing file /home/airflow/.local/lib/python3.7/site-packages/airflow/example_dags/tutorial_taskflow_api.py for tasks to queue
[2023-02-13T12:22:06.709+0000] {logging_mixin.py:137} INFO - [2023-02-13T12:22:06.709+0000] {dagbag.py:538} INFO - Filling up the DagBag from /home/airflow/.local/lib/python3.7/site-packages/airflow/example_dags/tutorial_taskflow_api.py
[2023-02-13T12:22:06.734+0000] {processor.py:753} INFO - DAG(s) dict_keys(['tutorial_taskflow_api']) retrieved from /home/airflow/.local/lib/python3.7/site-packages/airflow/example_dags/tutorial_taskflow_api.py
[2023-02-13T12:22:06.763+0000] {logging_mixin.py:137} INFO - [2023-02-13T12:22:06.762+0000] {dag.py:2690} INFO - Sync 1 DAGs
[2023-02-13T12:22:06.791+0000] {logging_mixin.py:137} INFO - [2023-02-13T12:22:06.791+0000] {dag.py:3441} INFO - Setting next_dagrun for tutorial_taskflow_api to None, run_after=None
[2023-02-13T12:22:06.896+0000] {processor.py:175} INFO - Processing /home/airflow/.local/lib/python3.7/site-packages/airflow/example_dags/tutorial_taskflow_api.py took 0.192 seconds
[2023-02-13T12:24:12.990+0000] {processor.py:153} INFO - Started process (PID=333) to work on /home/airflow/.local/lib/python3.7/site-packages/airflow/example_dags/tutorial_taskflow_api.py
[2023-02-13T12:24:13.014+0000] {processor.py:743} INFO - Processing file /home/airflow/.local/lib/python3.7/site-packages/airflow/example_dags/tutorial_taskflow_api.py for tasks to queue
[2023-02-13T12:24:13.016+0000] {logging_mixin.py:137} INFO - [2023-02-13T12:24:13.015+0000] {dagbag.py:538} INFO - Filling up the DagBag from /home/airflow/.local/lib/python3.7/site-packages/airflow/example_dags/tutorial_taskflow_api.py
[2023-02-13T12:24:13.054+0000] {processor.py:753} INFO - DAG(s) dict_keys(['tutorial_taskflow_api']) retrieved from /home/airflow/.local/lib/python3.7/site-packages/airflow/example_dags/tutorial_taskflow_api.py
[2023-02-13T12:24:13.111+0000] {logging_mixin.py:137} INFO - [2023-02-13T12:24:13.110+0000] {dag.py:2690} INFO - Sync 1 DAGs
[2023-02-13T12:24:13.177+0000] {logging_mixin.py:137} INFO - [2023-02-13T12:24:13.177+0000] {dag.py:3441} INFO - Setting next_dagrun for tutorial_taskflow_api to None, run_after=None
[2023-02-13T12:24:13.371+0000] {processor.py:175} INFO - Processing /home/airflow/.local/lib/python3.7/site-packages/airflow/example_dags/tutorial_taskflow_api.py took 0.386 seconds
[2023-02-13T12:24:44.572+0000] {processor.py:153} INFO - Started process (PID=562) to work on /home/airflow/.local/lib/python3.7/site-packages/airflow/example_dags/tutorial_taskflow_api.py
[2023-02-13T12:24:44.597+0000] {processor.py:743} INFO - Processing file /home/airflow/.local/lib/python3.7/site-packages/airflow/example_dags/tutorial_taskflow_api.py for tasks to queue
[2023-02-13T12:24:44.598+0000] {logging_mixin.py:137} INFO - [2023-02-13T12:24:44.598+0000] {dagbag.py:538} INFO - Filling up the DagBag from /home/airflow/.local/lib/python3.7/site-packages/airflow/example_dags/tutorial_taskflow_api.py
[2023-02-13T12:24:44.633+0000] {processor.py:753} INFO - DAG(s) dict_keys(['tutorial_taskflow_api']) retrieved from /home/airflow/.local/lib/python3.7/site-packages/airflow/example_dags/tutorial_taskflow_api.py
[2023-02-13T12:24:44.676+0000] {logging_mixin.py:137} INFO - [2023-02-13T12:24:44.676+0000] {dag.py:2690} INFO - Sync 1 DAGs
[2023-02-13T12:24:44.727+0000] {logging_mixin.py:137} INFO - [2023-02-13T12:24:44.726+0000] {dag.py:3441} INFO - Setting next_dagrun for tutorial_taskflow_api to None, run_after=None
[2023-02-13T12:24:44.801+0000] {processor.py:175} INFO - Processing /home/airflow/.local/lib/python3.7/site-packages/airflow/example_dags/tutorial_taskflow_api.py took 0.233 seconds
[2023-02-13T12:25:15.285+0000] {processor.py:153} INFO - Started process (PID=787) to work on /home/airflow/.local/lib/python3.7/site-packages/airflow/example_dags/tutorial_taskflow_api.py
[2023-02-13T12:25:15.286+0000] {processor.py:743} INFO - Processing file /home/airflow/.local/lib/python3.7/site-packages/airflow/example_dags/tutorial_taskflow_api.py for tasks to queue
[2023-02-13T12:25:15.287+0000] {logging_mixin.py:137} INFO - [2023-02-13T12:25:15.287+0000] {dagbag.py:538} INFO - Filling up the DagBag from /home/airflow/.local/lib/python3.7/site-packages/airflow/example_dags/tutorial_taskflow_api.py
[2023-02-13T12:25:15.324+0000] {processor.py:753} INFO - DAG(s) dict_keys(['tutorial_taskflow_api']) retrieved from /home/airflow/.local/lib/python3.7/site-packages/airflow/example_dags/tutorial_taskflow_api.py
[2023-02-13T12:25:15.372+0000] {logging_mixin.py:137} INFO - [2023-02-13T12:25:15.372+0000] {dag.py:2690} INFO - Sync 1 DAGs
[2023-02-13T12:25:15.406+0000] {logging_mixin.py:137} INFO - [2023-02-13T12:25:15.406+0000] {dag.py:3441} INFO - Setting next_dagrun for tutorial_taskflow_api to None, run_after=None
[2023-02-13T12:25:15.467+0000] {processor.py:175} INFO - Processing /home/airflow/.local/lib/python3.7/site-packages/airflow/example_dags/tutorial_taskflow_api.py took 0.185 seconds
[2023-02-13T12:25:46.382+0000] {processor.py:153} INFO - Started process (PID=1014) to work on /home/airflow/.local/lib/python3.7/site-packages/airflow/example_dags/tutorial_taskflow_api.py
[2023-02-13T12:25:46.383+0000] {processor.py:743} INFO - Processing file /home/airflow/.local/lib/python3.7/site-packages/airflow/example_dags/tutorial_taskflow_api.py for tasks to queue
[2023-02-13T12:25:46.384+0000] {logging_mixin.py:137} INFO - [2023-02-13T12:25:46.384+0000] {dagbag.py:538} INFO - Filling up the DagBag from /home/airflow/.local/lib/python3.7/site-packages/airflow/example_dags/tutorial_taskflow_api.py
[2023-02-13T12:25:46.426+0000] {processor.py:753} INFO - DAG(s) dict_keys(['tutorial_taskflow_api']) retrieved from /home/airflow/.local/lib/python3.7/site-packages/airflow/example_dags/tutorial_taskflow_api.py
[2023-02-13T12:25:46.482+0000] {logging_mixin.py:137} INFO - [2023-02-13T12:25:46.481+0000] {dag.py:2690} INFO - Sync 1 DAGs
[2023-02-13T12:25:46.538+0000] {logging_mixin.py:137} INFO - [2023-02-13T12:25:46.538+0000] {dag.py:3441} INFO - Setting next_dagrun for tutorial_taskflow_api to None, run_after=None
[2023-02-13T12:25:46.643+0000] {processor.py:175} INFO - Processing /home/airflow/.local/lib/python3.7/site-packages/airflow/example_dags/tutorial_taskflow_api.py took 0.269 seconds
[2023-02-13T12:26:17.387+0000] {processor.py:153} INFO - Started process (PID=1241) to work on /home/airflow/.local/lib/python3.7/site-packages/airflow/example_dags/tutorial_taskflow_api.py
[2023-02-13T12:26:17.388+0000] {processor.py:743} INFO - Processing file /home/airflow/.local/lib/python3.7/site-packages/airflow/example_dags/tutorial_taskflow_api.py for tasks to queue
[2023-02-13T12:26:17.388+0000] {logging_mixin.py:137} INFO - [2023-02-13T12:26:17.388+0000] {dagbag.py:538} INFO - Filling up the DagBag from /home/airflow/.local/lib/python3.7/site-packages/airflow/example_dags/tutorial_taskflow_api.py
[2023-02-13T12:26:17.434+0000] {processor.py:753} INFO - DAG(s) dict_keys(['tutorial_taskflow_api']) retrieved from /home/airflow/.local/lib/python3.7/site-packages/airflow/example_dags/tutorial_taskflow_api.py
[2023-02-13T12:26:17.545+0000] {logging_mixin.py:137} INFO - [2023-02-13T12:26:17.545+0000] {dag.py:2690} INFO - Sync 1 DAGs
[2023-02-13T12:26:17.597+0000] {logging_mixin.py:137} INFO - [2023-02-13T12:26:17.597+0000] {dag.py:3441} INFO - Setting next_dagrun for tutorial_taskflow_api to None, run_after=None
[2023-02-13T12:26:17.674+0000] {processor.py:175} INFO - Processing /home/airflow/.local/lib/python3.7/site-packages/airflow/example_dags/tutorial_taskflow_api.py took 0.292 seconds
[2023-02-13T12:26:47.800+0000] {processor.py:153} INFO - Started process (PID=1467) to work on /home/airflow/.local/lib/python3.7/site-packages/airflow/example_dags/tutorial_taskflow_api.py
[2023-02-13T12:26:47.801+0000] {processor.py:743} INFO - Processing file /home/airflow/.local/lib/python3.7/site-packages/airflow/example_dags/tutorial_taskflow_api.py for tasks to queue
[2023-02-13T12:26:47.801+0000] {logging_mixin.py:137} INFO - [2023-02-13T12:26:47.801+0000] {dagbag.py:538} INFO - Filling up the DagBag from /home/airflow/.local/lib/python3.7/site-packages/airflow/example_dags/tutorial_taskflow_api.py
[2023-02-13T12:26:47.829+0000] {processor.py:753} INFO - DAG(s) dict_keys(['tutorial_taskflow_api']) retrieved from /home/airflow/.local/lib/python3.7/site-packages/airflow/example_dags/tutorial_taskflow_api.py
[2023-02-13T12:26:47.866+0000] {logging_mixin.py:137} INFO - [2023-02-13T12:26:47.865+0000] {dag.py:2690} INFO - Sync 1 DAGs
[2023-02-13T12:26:47.910+0000] {logging_mixin.py:137} INFO - [2023-02-13T12:26:47.909+0000] {dag.py:3441} INFO - Setting next_dagrun for tutorial_taskflow_api to None, run_after=None
[2023-02-13T12:26:47.955+0000] {processor.py:175} INFO - Processing /home/airflow/.local/lib/python3.7/site-packages/airflow/example_dags/tutorial_taskflow_api.py took 0.160 seconds
[2023-02-13T12:27:18.332+0000] {processor.py:153} INFO - Started process (PID=1695) to work on /home/airflow/.local/lib/python3.7/site-packages/airflow/example_dags/tutorial_taskflow_api.py
[2023-02-13T12:27:18.332+0000] {processor.py:743} INFO - Processing file /home/airflow/.local/lib/python3.7/site-packages/airflow/example_dags/tutorial_taskflow_api.py for tasks to queue
[2023-02-13T12:27:18.333+0000] {logging_mixin.py:137} INFO - [2023-02-13T12:27:18.333+0000] {dagbag.py:538} INFO - Filling up the DagBag from /home/airflow/.local/lib/python3.7/site-packages/airflow/example_dags/tutorial_taskflow_api.py
[2023-02-13T12:27:18.358+0000] {processor.py:753} INFO - DAG(s) dict_keys(['tutorial_taskflow_api']) retrieved from /home/airflow/.local/lib/python3.7/site-packages/airflow/example_dags/tutorial_taskflow_api.py
[2023-02-13T12:27:18.387+0000] {logging_mixin.py:137} INFO - [2023-02-13T12:27:18.387+0000] {dag.py:2690} INFO - Sync 1 DAGs
[2023-02-13T12:27:18.418+0000] {logging_mixin.py:137} INFO - [2023-02-13T12:27:18.418+0000] {dag.py:3441} INFO - Setting next_dagrun for tutorial_taskflow_api to None, run_after=None
[2023-02-13T12:27:18.463+0000] {processor.py:175} INFO - Processing /home/airflow/.local/lib/python3.7/site-packages/airflow/example_dags/tutorial_taskflow_api.py took 0.135 seconds
[2023-02-13T12:27:49.165+0000] {processor.py:153} INFO - Started process (PID=1922) to work on /home/airflow/.local/lib/python3.7/site-packages/airflow/example_dags/tutorial_taskflow_api.py
[2023-02-13T12:27:49.181+0000] {processor.py:743} INFO - Processing file /home/airflow/.local/lib/python3.7/site-packages/airflow/example_dags/tutorial_taskflow_api.py for tasks to queue
[2023-02-13T12:27:49.182+0000] {logging_mixin.py:137} INFO - [2023-02-13T12:27:49.182+0000] {dagbag.py:538} INFO - Filling up the DagBag from /home/airflow/.local/lib/python3.7/site-packages/airflow/example_dags/tutorial_taskflow_api.py
[2023-02-13T12:27:49.215+0000] {processor.py:753} INFO - DAG(s) dict_keys(['tutorial_taskflow_api']) retrieved from /home/airflow/.local/lib/python3.7/site-packages/airflow/example_dags/tutorial_taskflow_api.py
[2023-02-13T12:27:49.251+0000] {logging_mixin.py:137} INFO - [2023-02-13T12:27:49.251+0000] {dag.py:2690} INFO - Sync 1 DAGs
[2023-02-13T12:27:49.297+0000] {logging_mixin.py:137} INFO - [2023-02-13T12:27:49.296+0000] {dag.py:3441} INFO - Setting next_dagrun for tutorial_taskflow_api to None, run_after=None
[2023-02-13T12:27:49.373+0000] {processor.py:175} INFO - Processing /home/airflow/.local/lib/python3.7/site-packages/airflow/example_dags/tutorial_taskflow_api.py took 0.212 seconds
[2023-02-13T12:28:19.514+0000] {processor.py:153} INFO - Started process (PID=2149) to work on /home/airflow/.local/lib/python3.7/site-packages/airflow/example_dags/tutorial_taskflow_api.py
[2023-02-13T12:28:19.515+0000] {processor.py:743} INFO - Processing file /home/airflow/.local/lib/python3.7/site-packages/airflow/example_dags/tutorial_taskflow_api.py for tasks to queue
[2023-02-13T12:28:19.517+0000] {logging_mixin.py:137} INFO - [2023-02-13T12:28:19.516+0000] {dagbag.py:538} INFO - Filling up the DagBag from /home/airflow/.local/lib/python3.7/site-packages/airflow/example_dags/tutorial_taskflow_api.py
[2023-02-13T12:28:19.551+0000] {processor.py:753} INFO - DAG(s) dict_keys(['tutorial_taskflow_api']) retrieved from /home/airflow/.local/lib/python3.7/site-packages/airflow/example_dags/tutorial_taskflow_api.py
[2023-02-13T12:28:19.598+0000] {logging_mixin.py:137} INFO - [2023-02-13T12:28:19.598+0000] {dag.py:2690} INFO - Sync 1 DAGs
[2023-02-13T12:28:19.651+0000] {logging_mixin.py:137} INFO - [2023-02-13T12:28:19.651+0000] {dag.py:3441} INFO - Setting next_dagrun for tutorial_taskflow_api to None, run_after=None
[2023-02-13T12:28:19.707+0000] {processor.py:175} INFO - Processing /home/airflow/.local/lib/python3.7/site-packages/airflow/example_dags/tutorial_taskflow_api.py took 0.199 seconds
[2023-02-13T12:28:50.908+0000] {processor.py:153} INFO - Started process (PID=2393) to work on /home/airflow/.local/lib/python3.7/site-packages/airflow/example_dags/tutorial_taskflow_api.py
[2023-02-13T12:28:50.910+0000] {processor.py:743} INFO - Processing file /home/airflow/.local/lib/python3.7/site-packages/airflow/example_dags/tutorial_taskflow_api.py for tasks to queue
[2023-02-13T12:28:50.910+0000] {logging_mixin.py:137} INFO - [2023-02-13T12:28:50.910+0000] {dagbag.py:538} INFO - Filling up the DagBag from /home/airflow/.local/lib/python3.7/site-packages/airflow/example_dags/tutorial_taskflow_api.py
[2023-02-13T12:28:50.939+0000] {processor.py:753} INFO - DAG(s) dict_keys(['tutorial_taskflow_api']) retrieved from /home/airflow/.local/lib/python3.7/site-packages/airflow/example_dags/tutorial_taskflow_api.py
[2023-02-13T12:28:50.970+0000] {logging_mixin.py:137} INFO - [2023-02-13T12:28:50.970+0000] {dag.py:2690} INFO - Sync 1 DAGs
[2023-02-13T12:28:51.009+0000] {logging_mixin.py:137} INFO - [2023-02-13T12:28:51.009+0000] {dag.py:3441} INFO - Setting next_dagrun for tutorial_taskflow_api to None, run_after=None
[2023-02-13T12:28:51.062+0000] {processor.py:175} INFO - Processing /home/airflow/.local/lib/python3.7/site-packages/airflow/example_dags/tutorial_taskflow_api.py took 0.158 seconds
[2023-02-13T12:29:21.295+0000] {processor.py:153} INFO - Started process (PID=2620) to work on /home/airflow/.local/lib/python3.7/site-packages/airflow/example_dags/tutorial_taskflow_api.py
[2023-02-13T12:29:21.297+0000] {processor.py:743} INFO - Processing file /home/airflow/.local/lib/python3.7/site-packages/airflow/example_dags/tutorial_taskflow_api.py for tasks to queue
[2023-02-13T12:29:21.298+0000] {logging_mixin.py:137} INFO - [2023-02-13T12:29:21.298+0000] {dagbag.py:538} INFO - Filling up the DagBag from /home/airflow/.local/lib/python3.7/site-packages/airflow/example_dags/tutorial_taskflow_api.py
[2023-02-13T12:29:21.327+0000] {processor.py:753} INFO - DAG(s) dict_keys(['tutorial_taskflow_api']) retrieved from /home/airflow/.local/lib/python3.7/site-packages/airflow/example_dags/tutorial_taskflow_api.py
[2023-02-13T12:29:21.361+0000] {logging_mixin.py:137} INFO - [2023-02-13T12:29:21.361+0000] {dag.py:2690} INFO - Sync 1 DAGs
[2023-02-13T12:29:21.396+0000] {logging_mixin.py:137} INFO - [2023-02-13T12:29:21.396+0000] {dag.py:3441} INFO - Setting next_dagrun for tutorial_taskflow_api to None, run_after=None
[2023-02-13T12:29:21.472+0000] {processor.py:175} INFO - Processing /home/airflow/.local/lib/python3.7/site-packages/airflow/example_dags/tutorial_taskflow_api.py took 0.182 seconds
