[2023-02-13T12:21:36.010+0000] {processor.py:153} INFO - Started process (PID=325) to work on /home/airflow/.local/lib/python3.7/site-packages/airflow/example_dags/tutorial.py
[2023-02-13T12:21:36.011+0000] {processor.py:743} INFO - Processing file /home/airflow/.local/lib/python3.7/site-packages/airflow/example_dags/tutorial.py for tasks to queue
[2023-02-13T12:21:36.011+0000] {logging_mixin.py:137} INFO - [2023-02-13T12:21:36.011+0000] {dagbag.py:538} INFO - Filling up the DagBag from /home/airflow/.local/lib/python3.7/site-packages/airflow/example_dags/tutorial.py
[2023-02-13T12:21:36.031+0000] {processor.py:753} INFO - DAG(s) dict_keys(['tutorial']) retrieved from /home/airflow/.local/lib/python3.7/site-packages/airflow/example_dags/tutorial.py
[2023-02-13T12:21:36.059+0000] {logging_mixin.py:137} INFO - [2023-02-13T12:21:36.059+0000] {dag.py:2690} INFO - Sync 1 DAGs
[2023-02-13T12:21:36.100+0000] {logging_mixin.py:137} INFO - [2023-02-13T12:21:36.100+0000] {dag.py:3441} INFO - Setting next_dagrun for tutorial to 2023-02-12T12:21:36.100313+00:00, run_after=2023-02-13T12:21:36.100313+00:00
[2023-02-13T12:21:36.158+0000] {processor.py:175} INFO - Processing /home/airflow/.local/lib/python3.7/site-packages/airflow/example_dags/tutorial.py took 0.153 seconds
[2023-02-13T12:22:06.325+0000] {processor.py:153} INFO - Started process (PID=553) to work on /home/airflow/.local/lib/python3.7/site-packages/airflow/example_dags/tutorial.py
[2023-02-13T12:22:06.326+0000] {processor.py:743} INFO - Processing file /home/airflow/.local/lib/python3.7/site-packages/airflow/example_dags/tutorial.py for tasks to queue
[2023-02-13T12:22:06.328+0000] {logging_mixin.py:137} INFO - [2023-02-13T12:22:06.327+0000] {dagbag.py:538} INFO - Filling up the DagBag from /home/airflow/.local/lib/python3.7/site-packages/airflow/example_dags/tutorial.py
[2023-02-13T12:22:06.354+0000] {processor.py:753} INFO - DAG(s) dict_keys(['tutorial']) retrieved from /home/airflow/.local/lib/python3.7/site-packages/airflow/example_dags/tutorial.py
[2023-02-13T12:22:06.390+0000] {logging_mixin.py:137} INFO - [2023-02-13T12:22:06.389+0000] {dag.py:2690} INFO - Sync 1 DAGs
[2023-02-13T12:22:06.435+0000] {logging_mixin.py:137} INFO - [2023-02-13T12:22:06.435+0000] {dag.py:3441} INFO - Setting next_dagrun for tutorial to 2023-02-12T12:22:06.434927+00:00, run_after=2023-02-13T12:22:06.434927+00:00
[2023-02-13T12:22:06.666+0000] {processor.py:175} INFO - Processing /home/airflow/.local/lib/python3.7/site-packages/airflow/example_dags/tutorial.py took 0.347 seconds
[2023-02-13T12:24:12.696+0000] {processor.py:153} INFO - Started process (PID=323) to work on /home/airflow/.local/lib/python3.7/site-packages/airflow/example_dags/tutorial.py
[2023-02-13T12:24:12.698+0000] {processor.py:743} INFO - Processing file /home/airflow/.local/lib/python3.7/site-packages/airflow/example_dags/tutorial.py for tasks to queue
[2023-02-13T12:24:12.701+0000] {logging_mixin.py:137} INFO - [2023-02-13T12:24:12.700+0000] {dagbag.py:538} INFO - Filling up the DagBag from /home/airflow/.local/lib/python3.7/site-packages/airflow/example_dags/tutorial.py
[2023-02-13T12:24:12.725+0000] {processor.py:753} INFO - DAG(s) dict_keys(['tutorial']) retrieved from /home/airflow/.local/lib/python3.7/site-packages/airflow/example_dags/tutorial.py
[2023-02-13T12:24:12.774+0000] {logging_mixin.py:137} INFO - [2023-02-13T12:24:12.774+0000] {dag.py:2690} INFO - Sync 1 DAGs
[2023-02-13T12:24:12.867+0000] {logging_mixin.py:137} INFO - [2023-02-13T12:24:12.867+0000] {dag.py:3441} INFO - Setting next_dagrun for tutorial to 2023-02-12T12:24:12.866766+00:00, run_after=2023-02-13T12:24:12.866766+00:00
[2023-02-13T12:24:12.945+0000] {processor.py:175} INFO - Processing /home/airflow/.local/lib/python3.7/site-packages/airflow/example_dags/tutorial.py took 0.258 seconds
[2023-02-13T12:24:44.156+0000] {processor.py:153} INFO - Started process (PID=552) to work on /home/airflow/.local/lib/python3.7/site-packages/airflow/example_dags/tutorial.py
[2023-02-13T12:24:44.164+0000] {processor.py:743} INFO - Processing file /home/airflow/.local/lib/python3.7/site-packages/airflow/example_dags/tutorial.py for tasks to queue
[2023-02-13T12:24:44.165+0000] {logging_mixin.py:137} INFO - [2023-02-13T12:24:44.165+0000] {dagbag.py:538} INFO - Filling up the DagBag from /home/airflow/.local/lib/python3.7/site-packages/airflow/example_dags/tutorial.py
[2023-02-13T12:24:44.192+0000] {processor.py:753} INFO - DAG(s) dict_keys(['tutorial']) retrieved from /home/airflow/.local/lib/python3.7/site-packages/airflow/example_dags/tutorial.py
[2023-02-13T12:24:44.240+0000] {logging_mixin.py:137} INFO - [2023-02-13T12:24:44.240+0000] {dag.py:2690} INFO - Sync 1 DAGs
[2023-02-13T12:24:44.307+0000] {logging_mixin.py:137} INFO - [2023-02-13T12:24:44.307+0000] {dag.py:3441} INFO - Setting next_dagrun for tutorial to 2023-02-12T12:24:44.306990+00:00, run_after=2023-02-13T12:24:44.306990+00:00
[2023-02-13T12:24:44.502+0000] {processor.py:175} INFO - Processing /home/airflow/.local/lib/python3.7/site-packages/airflow/example_dags/tutorial.py took 0.352 seconds
[2023-02-13T12:25:15.060+0000] {processor.py:153} INFO - Started process (PID=777) to work on /home/airflow/.local/lib/python3.7/site-packages/airflow/example_dags/tutorial.py
[2023-02-13T12:25:15.062+0000] {processor.py:743} INFO - Processing file /home/airflow/.local/lib/python3.7/site-packages/airflow/example_dags/tutorial.py for tasks to queue
[2023-02-13T12:25:15.064+0000] {logging_mixin.py:137} INFO - [2023-02-13T12:25:15.064+0000] {dagbag.py:538} INFO - Filling up the DagBag from /home/airflow/.local/lib/python3.7/site-packages/airflow/example_dags/tutorial.py
[2023-02-13T12:25:15.097+0000] {processor.py:753} INFO - DAG(s) dict_keys(['tutorial']) retrieved from /home/airflow/.local/lib/python3.7/site-packages/airflow/example_dags/tutorial.py
[2023-02-13T12:25:15.133+0000] {logging_mixin.py:137} INFO - [2023-02-13T12:25:15.132+0000] {dag.py:2690} INFO - Sync 1 DAGs
[2023-02-13T12:25:15.168+0000] {logging_mixin.py:137} INFO - [2023-02-13T12:25:15.167+0000] {dag.py:3441} INFO - Setting next_dagrun for tutorial to 2023-02-12T12:25:15.167729+00:00, run_after=2023-02-13T12:25:15.167729+00:00
[2023-02-13T12:25:15.253+0000] {processor.py:175} INFO - Processing /home/airflow/.local/lib/python3.7/site-packages/airflow/example_dags/tutorial.py took 0.200 seconds
[2023-02-13T12:25:46.145+0000] {processor.py:153} INFO - Started process (PID=1004) to work on /home/airflow/.local/lib/python3.7/site-packages/airflow/example_dags/tutorial.py
[2023-02-13T12:25:46.146+0000] {processor.py:743} INFO - Processing file /home/airflow/.local/lib/python3.7/site-packages/airflow/example_dags/tutorial.py for tasks to queue
[2023-02-13T12:25:46.147+0000] {logging_mixin.py:137} INFO - [2023-02-13T12:25:46.147+0000] {dagbag.py:538} INFO - Filling up the DagBag from /home/airflow/.local/lib/python3.7/site-packages/airflow/example_dags/tutorial.py
[2023-02-13T12:25:46.174+0000] {processor.py:753} INFO - DAG(s) dict_keys(['tutorial']) retrieved from /home/airflow/.local/lib/python3.7/site-packages/airflow/example_dags/tutorial.py
[2023-02-13T12:25:46.218+0000] {logging_mixin.py:137} INFO - [2023-02-13T12:25:46.218+0000] {dag.py:2690} INFO - Sync 1 DAGs
[2023-02-13T12:25:46.268+0000] {logging_mixin.py:137} INFO - [2023-02-13T12:25:46.268+0000] {dag.py:3441} INFO - Setting next_dagrun for tutorial to 2023-02-12T12:25:46.268114+00:00, run_after=2023-02-13T12:25:46.268114+00:00
[2023-02-13T12:25:46.337+0000] {processor.py:175} INFO - Processing /home/airflow/.local/lib/python3.7/site-packages/airflow/example_dags/tutorial.py took 0.199 seconds
[2023-02-13T12:26:17.166+0000] {processor.py:153} INFO - Started process (PID=1233) to work on /home/airflow/.local/lib/python3.7/site-packages/airflow/example_dags/tutorial.py
[2023-02-13T12:26:17.167+0000] {processor.py:743} INFO - Processing file /home/airflow/.local/lib/python3.7/site-packages/airflow/example_dags/tutorial.py for tasks to queue
[2023-02-13T12:26:17.168+0000] {logging_mixin.py:137} INFO - [2023-02-13T12:26:17.168+0000] {dagbag.py:538} INFO - Filling up the DagBag from /home/airflow/.local/lib/python3.7/site-packages/airflow/example_dags/tutorial.py
[2023-02-13T12:26:17.190+0000] {processor.py:753} INFO - DAG(s) dict_keys(['tutorial']) retrieved from /home/airflow/.local/lib/python3.7/site-packages/airflow/example_dags/tutorial.py
[2023-02-13T12:26:17.235+0000] {logging_mixin.py:137} INFO - [2023-02-13T12:26:17.235+0000] {dag.py:2690} INFO - Sync 1 DAGs
[2023-02-13T12:26:17.276+0000] {logging_mixin.py:137} INFO - [2023-02-13T12:26:17.276+0000] {dag.py:3441} INFO - Setting next_dagrun for tutorial to 2023-02-12T12:26:17.275693+00:00, run_after=2023-02-13T12:26:17.275693+00:00
[2023-02-13T12:26:17.338+0000] {processor.py:175} INFO - Processing /home/airflow/.local/lib/python3.7/site-packages/airflow/example_dags/tutorial.py took 0.179 seconds
[2023-02-13T12:26:47.636+0000] {processor.py:153} INFO - Started process (PID=1457) to work on /home/airflow/.local/lib/python3.7/site-packages/airflow/example_dags/tutorial.py
[2023-02-13T12:26:47.637+0000] {processor.py:743} INFO - Processing file /home/airflow/.local/lib/python3.7/site-packages/airflow/example_dags/tutorial.py for tasks to queue
[2023-02-13T12:26:47.638+0000] {logging_mixin.py:137} INFO - [2023-02-13T12:26:47.638+0000] {dagbag.py:538} INFO - Filling up the DagBag from /home/airflow/.local/lib/python3.7/site-packages/airflow/example_dags/tutorial.py
[2023-02-13T12:26:47.655+0000] {processor.py:753} INFO - DAG(s) dict_keys(['tutorial']) retrieved from /home/airflow/.local/lib/python3.7/site-packages/airflow/example_dags/tutorial.py
[2023-02-13T12:26:47.685+0000] {logging_mixin.py:137} INFO - [2023-02-13T12:26:47.685+0000] {dag.py:2690} INFO - Sync 1 DAGs
[2023-02-13T12:26:47.714+0000] {logging_mixin.py:137} INFO - [2023-02-13T12:26:47.714+0000] {dag.py:3441} INFO - Setting next_dagrun for tutorial to 2023-02-12T12:26:47.714272+00:00, run_after=2023-02-13T12:26:47.714272+00:00
[2023-02-13T12:26:47.765+0000] {processor.py:175} INFO - Processing /home/airflow/.local/lib/python3.7/site-packages/airflow/example_dags/tutorial.py took 0.133 seconds
[2023-02-13T12:27:18.169+0000] {processor.py:153} INFO - Started process (PID=1685) to work on /home/airflow/.local/lib/python3.7/site-packages/airflow/example_dags/tutorial.py
[2023-02-13T12:27:18.170+0000] {processor.py:743} INFO - Processing file /home/airflow/.local/lib/python3.7/site-packages/airflow/example_dags/tutorial.py for tasks to queue
[2023-02-13T12:27:18.170+0000] {logging_mixin.py:137} INFO - [2023-02-13T12:27:18.170+0000] {dagbag.py:538} INFO - Filling up the DagBag from /home/airflow/.local/lib/python3.7/site-packages/airflow/example_dags/tutorial.py
[2023-02-13T12:27:18.187+0000] {processor.py:753} INFO - DAG(s) dict_keys(['tutorial']) retrieved from /home/airflow/.local/lib/python3.7/site-packages/airflow/example_dags/tutorial.py
[2023-02-13T12:27:18.226+0000] {logging_mixin.py:137} INFO - [2023-02-13T12:27:18.226+0000] {dag.py:2690} INFO - Sync 1 DAGs
[2023-02-13T12:27:18.256+0000] {logging_mixin.py:137} INFO - [2023-02-13T12:27:18.256+0000] {dag.py:3441} INFO - Setting next_dagrun for tutorial to 2023-02-12T12:27:18.255958+00:00, run_after=2023-02-13T12:27:18.255958+00:00
[2023-02-13T12:27:18.303+0000] {processor.py:175} INFO - Processing /home/airflow/.local/lib/python3.7/site-packages/airflow/example_dags/tutorial.py took 0.137 seconds
[2023-02-13T12:27:49.002+0000] {processor.py:153} INFO - Started process (PID=1912) to work on /home/airflow/.local/lib/python3.7/site-packages/airflow/example_dags/tutorial.py
[2023-02-13T12:27:49.003+0000] {processor.py:743} INFO - Processing file /home/airflow/.local/lib/python3.7/site-packages/airflow/example_dags/tutorial.py for tasks to queue
[2023-02-13T12:27:49.003+0000] {logging_mixin.py:137} INFO - [2023-02-13T12:27:49.003+0000] {dagbag.py:538} INFO - Filling up the DagBag from /home/airflow/.local/lib/python3.7/site-packages/airflow/example_dags/tutorial.py
[2023-02-13T12:27:49.021+0000] {processor.py:753} INFO - DAG(s) dict_keys(['tutorial']) retrieved from /home/airflow/.local/lib/python3.7/site-packages/airflow/example_dags/tutorial.py
[2023-02-13T12:27:49.050+0000] {logging_mixin.py:137} INFO - [2023-02-13T12:27:49.050+0000] {dag.py:2690} INFO - Sync 1 DAGs
[2023-02-13T12:27:49.086+0000] {logging_mixin.py:137} INFO - [2023-02-13T12:27:49.086+0000] {dag.py:3441} INFO - Setting next_dagrun for tutorial to 2023-02-12T12:27:49.085885+00:00, run_after=2023-02-13T12:27:49.085885+00:00
[2023-02-13T12:27:49.132+0000] {processor.py:175} INFO - Processing /home/airflow/.local/lib/python3.7/site-packages/airflow/example_dags/tutorial.py took 0.135 seconds
[2023-02-13T12:28:19.312+0000] {processor.py:153} INFO - Started process (PID=2139) to work on /home/airflow/.local/lib/python3.7/site-packages/airflow/example_dags/tutorial.py
[2023-02-13T12:28:19.313+0000] {processor.py:743} INFO - Processing file /home/airflow/.local/lib/python3.7/site-packages/airflow/example_dags/tutorial.py for tasks to queue
[2023-02-13T12:28:19.314+0000] {logging_mixin.py:137} INFO - [2023-02-13T12:28:19.314+0000] {dagbag.py:538} INFO - Filling up the DagBag from /home/airflow/.local/lib/python3.7/site-packages/airflow/example_dags/tutorial.py
[2023-02-13T12:28:19.332+0000] {processor.py:753} INFO - DAG(s) dict_keys(['tutorial']) retrieved from /home/airflow/.local/lib/python3.7/site-packages/airflow/example_dags/tutorial.py
[2023-02-13T12:28:19.377+0000] {logging_mixin.py:137} INFO - [2023-02-13T12:28:19.377+0000] {dag.py:2690} INFO - Sync 1 DAGs
[2023-02-13T12:28:19.420+0000] {logging_mixin.py:137} INFO - [2023-02-13T12:28:19.419+0000] {dag.py:3441} INFO - Setting next_dagrun for tutorial to 2023-02-12T12:28:19.419584+00:00, run_after=2023-02-13T12:28:19.419584+00:00
[2023-02-13T12:28:19.479+0000] {processor.py:175} INFO - Processing /home/airflow/.local/lib/python3.7/site-packages/airflow/example_dags/tutorial.py took 0.171 seconds
[2023-02-13T12:28:50.715+0000] {processor.py:153} INFO - Started process (PID=2383) to work on /home/airflow/.local/lib/python3.7/site-packages/airflow/example_dags/tutorial.py
[2023-02-13T12:28:50.720+0000] {processor.py:743} INFO - Processing file /home/airflow/.local/lib/python3.7/site-packages/airflow/example_dags/tutorial.py for tasks to queue
[2023-02-13T12:28:50.721+0000] {logging_mixin.py:137} INFO - [2023-02-13T12:28:50.720+0000] {dagbag.py:538} INFO - Filling up the DagBag from /home/airflow/.local/lib/python3.7/site-packages/airflow/example_dags/tutorial.py
[2023-02-13T12:28:50.738+0000] {processor.py:753} INFO - DAG(s) dict_keys(['tutorial']) retrieved from /home/airflow/.local/lib/python3.7/site-packages/airflow/example_dags/tutorial.py
[2023-02-13T12:28:50.778+0000] {logging_mixin.py:137} INFO - [2023-02-13T12:28:50.778+0000] {dag.py:2690} INFO - Sync 1 DAGs
[2023-02-13T12:28:50.824+0000] {logging_mixin.py:137} INFO - [2023-02-13T12:28:50.824+0000] {dag.py:3441} INFO - Setting next_dagrun for tutorial to 2023-02-12T12:28:50.823828+00:00, run_after=2023-02-13T12:28:50.823828+00:00
[2023-02-13T12:28:50.878+0000] {processor.py:175} INFO - Processing /home/airflow/.local/lib/python3.7/site-packages/airflow/example_dags/tutorial.py took 0.167 seconds
[2023-02-13T12:29:21.084+0000] {processor.py:153} INFO - Started process (PID=2610) to work on /home/airflow/.local/lib/python3.7/site-packages/airflow/example_dags/tutorial.py
[2023-02-13T12:29:21.085+0000] {processor.py:743} INFO - Processing file /home/airflow/.local/lib/python3.7/site-packages/airflow/example_dags/tutorial.py for tasks to queue
[2023-02-13T12:29:21.086+0000] {logging_mixin.py:137} INFO - [2023-02-13T12:29:21.086+0000] {dagbag.py:538} INFO - Filling up the DagBag from /home/airflow/.local/lib/python3.7/site-packages/airflow/example_dags/tutorial.py
[2023-02-13T12:29:21.107+0000] {processor.py:753} INFO - DAG(s) dict_keys(['tutorial']) retrieved from /home/airflow/.local/lib/python3.7/site-packages/airflow/example_dags/tutorial.py
[2023-02-13T12:29:21.150+0000] {logging_mixin.py:137} INFO - [2023-02-13T12:29:21.150+0000] {dag.py:2690} INFO - Sync 1 DAGs
[2023-02-13T12:29:21.187+0000] {logging_mixin.py:137} INFO - [2023-02-13T12:29:21.187+0000] {dag.py:3441} INFO - Setting next_dagrun for tutorial to 2023-02-12T12:29:21.187424+00:00, run_after=2023-02-13T12:29:21.187424+00:00
[2023-02-13T12:29:21.259+0000] {processor.py:175} INFO - Processing /home/airflow/.local/lib/python3.7/site-packages/airflow/example_dags/tutorial.py took 0.181 seconds
