[2023-02-13T12:21:37.135+0000] {processor.py:153} INFO - Started process (PID=365) to work on /home/airflow/.local/lib/python3.7/site-packages/airflow/example_dags/tutorial_dag.py
[2023-02-13T12:21:37.136+0000] {processor.py:743} INFO - Processing file /home/airflow/.local/lib/python3.7/site-packages/airflow/example_dags/tutorial_dag.py for tasks to queue
[2023-02-13T12:21:37.138+0000] {logging_mixin.py:137} INFO - [2023-02-13T12:21:37.137+0000] {dagbag.py:538} INFO - Filling up the DagBag from /home/airflow/.local/lib/python3.7/site-packages/airflow/example_dags/tutorial_dag.py
[2023-02-13T12:21:37.163+0000] {processor.py:753} INFO - DAG(s) dict_keys(['tutorial_dag']) retrieved from /home/airflow/.local/lib/python3.7/site-packages/airflow/example_dags/tutorial_dag.py
[2023-02-13T12:21:37.209+0000] {logging_mixin.py:137} INFO - [2023-02-13T12:21:37.209+0000] {dag.py:2690} INFO - Sync 1 DAGs
[2023-02-13T12:21:37.249+0000] {logging_mixin.py:137} INFO - [2023-02-13T12:21:37.249+0000] {dag.py:3441} INFO - Setting next_dagrun for tutorial_dag to None, run_after=None
[2023-02-13T12:21:37.315+0000] {processor.py:175} INFO - Processing /home/airflow/.local/lib/python3.7/site-packages/airflow/example_dags/tutorial_dag.py took 0.184 seconds
[2023-02-13T12:22:08.235+0000] {processor.py:153} INFO - Started process (PID=593) to work on /home/airflow/.local/lib/python3.7/site-packages/airflow/example_dags/tutorial_dag.py
[2023-02-13T12:22:08.236+0000] {processor.py:743} INFO - Processing file /home/airflow/.local/lib/python3.7/site-packages/airflow/example_dags/tutorial_dag.py for tasks to queue
[2023-02-13T12:22:08.237+0000] {logging_mixin.py:137} INFO - [2023-02-13T12:22:08.237+0000] {dagbag.py:538} INFO - Filling up the DagBag from /home/airflow/.local/lib/python3.7/site-packages/airflow/example_dags/tutorial_dag.py
[2023-02-13T12:22:08.254+0000] {processor.py:753} INFO - DAG(s) dict_keys(['tutorial_dag']) retrieved from /home/airflow/.local/lib/python3.7/site-packages/airflow/example_dags/tutorial_dag.py
[2023-02-13T12:22:08.283+0000] {logging_mixin.py:137} INFO - [2023-02-13T12:22:08.283+0000] {dag.py:2690} INFO - Sync 1 DAGs
[2023-02-13T12:22:08.312+0000] {logging_mixin.py:137} INFO - [2023-02-13T12:22:08.312+0000] {dag.py:3441} INFO - Setting next_dagrun for tutorial_dag to None, run_after=None
[2023-02-13T12:22:08.383+0000] {processor.py:175} INFO - Processing /home/airflow/.local/lib/python3.7/site-packages/airflow/example_dags/tutorial_dag.py took 0.154 seconds
[2023-02-13T12:24:14.222+0000] {processor.py:153} INFO - Started process (PID=363) to work on /home/airflow/.local/lib/python3.7/site-packages/airflow/example_dags/tutorial_dag.py
[2023-02-13T12:24:14.282+0000] {processor.py:743} INFO - Processing file /home/airflow/.local/lib/python3.7/site-packages/airflow/example_dags/tutorial_dag.py for tasks to queue
[2023-02-13T12:24:14.285+0000] {logging_mixin.py:137} INFO - [2023-02-13T12:24:14.284+0000] {dagbag.py:538} INFO - Filling up the DagBag from /home/airflow/.local/lib/python3.7/site-packages/airflow/example_dags/tutorial_dag.py
[2023-02-13T12:24:14.324+0000] {processor.py:753} INFO - DAG(s) dict_keys(['tutorial_dag']) retrieved from /home/airflow/.local/lib/python3.7/site-packages/airflow/example_dags/tutorial_dag.py
[2023-02-13T12:24:14.375+0000] {logging_mixin.py:137} INFO - [2023-02-13T12:24:14.375+0000] {dag.py:2690} INFO - Sync 1 DAGs
[2023-02-13T12:24:14.427+0000] {logging_mixin.py:137} INFO - [2023-02-13T12:24:14.427+0000] {dag.py:3441} INFO - Setting next_dagrun for tutorial_dag to None, run_after=None
[2023-02-13T12:24:14.493+0000] {processor.py:175} INFO - Processing /home/airflow/.local/lib/python3.7/site-packages/airflow/example_dags/tutorial_dag.py took 0.278 seconds
[2023-02-13T12:24:45.387+0000] {processor.py:153} INFO - Started process (PID=590) to work on /home/airflow/.local/lib/python3.7/site-packages/airflow/example_dags/tutorial_dag.py
[2023-02-13T12:24:45.399+0000] {processor.py:743} INFO - Processing file /home/airflow/.local/lib/python3.7/site-packages/airflow/example_dags/tutorial_dag.py for tasks to queue
[2023-02-13T12:24:45.399+0000] {logging_mixin.py:137} INFO - [2023-02-13T12:24:45.399+0000] {dagbag.py:538} INFO - Filling up the DagBag from /home/airflow/.local/lib/python3.7/site-packages/airflow/example_dags/tutorial_dag.py
[2023-02-13T12:24:45.421+0000] {processor.py:753} INFO - DAG(s) dict_keys(['tutorial_dag']) retrieved from /home/airflow/.local/lib/python3.7/site-packages/airflow/example_dags/tutorial_dag.py
[2023-02-13T12:24:45.468+0000] {logging_mixin.py:137} INFO - [2023-02-13T12:24:45.468+0000] {dag.py:2690} INFO - Sync 1 DAGs
[2023-02-13T12:24:45.522+0000] {logging_mixin.py:137} INFO - [2023-02-13T12:24:45.522+0000] {dag.py:3441} INFO - Setting next_dagrun for tutorial_dag to None, run_after=None
[2023-02-13T12:24:45.592+0000] {processor.py:175} INFO - Processing /home/airflow/.local/lib/python3.7/site-packages/airflow/example_dags/tutorial_dag.py took 0.210 seconds
[2023-02-13T12:25:16.183+0000] {processor.py:153} INFO - Started process (PID=817) to work on /home/airflow/.local/lib/python3.7/site-packages/airflow/example_dags/tutorial_dag.py
[2023-02-13T12:25:16.184+0000] {processor.py:743} INFO - Processing file /home/airflow/.local/lib/python3.7/site-packages/airflow/example_dags/tutorial_dag.py for tasks to queue
[2023-02-13T12:25:16.185+0000] {logging_mixin.py:137} INFO - [2023-02-13T12:25:16.184+0000] {dagbag.py:538} INFO - Filling up the DagBag from /home/airflow/.local/lib/python3.7/site-packages/airflow/example_dags/tutorial_dag.py
[2023-02-13T12:25:16.201+0000] {processor.py:753} INFO - DAG(s) dict_keys(['tutorial_dag']) retrieved from /home/airflow/.local/lib/python3.7/site-packages/airflow/example_dags/tutorial_dag.py
[2023-02-13T12:25:16.231+0000] {logging_mixin.py:137} INFO - [2023-02-13T12:25:16.231+0000] {dag.py:2690} INFO - Sync 1 DAGs
[2023-02-13T12:25:16.261+0000] {logging_mixin.py:137} INFO - [2023-02-13T12:25:16.261+0000] {dag.py:3441} INFO - Setting next_dagrun for tutorial_dag to None, run_after=None
[2023-02-13T12:25:16.331+0000] {processor.py:175} INFO - Processing /home/airflow/.local/lib/python3.7/site-packages/airflow/example_dags/tutorial_dag.py took 0.152 seconds
[2023-02-13T12:25:47.595+0000] {processor.py:153} INFO - Started process (PID=1044) to work on /home/airflow/.local/lib/python3.7/site-packages/airflow/example_dags/tutorial_dag.py
[2023-02-13T12:25:47.598+0000] {processor.py:743} INFO - Processing file /home/airflow/.local/lib/python3.7/site-packages/airflow/example_dags/tutorial_dag.py for tasks to queue
[2023-02-13T12:25:47.599+0000] {logging_mixin.py:137} INFO - [2023-02-13T12:25:47.598+0000] {dagbag.py:538} INFO - Filling up the DagBag from /home/airflow/.local/lib/python3.7/site-packages/airflow/example_dags/tutorial_dag.py
[2023-02-13T12:25:47.621+0000] {processor.py:753} INFO - DAG(s) dict_keys(['tutorial_dag']) retrieved from /home/airflow/.local/lib/python3.7/site-packages/airflow/example_dags/tutorial_dag.py
[2023-02-13T12:25:47.670+0000] {logging_mixin.py:137} INFO - [2023-02-13T12:25:47.670+0000] {dag.py:2690} INFO - Sync 1 DAGs
[2023-02-13T12:25:47.737+0000] {logging_mixin.py:137} INFO - [2023-02-13T12:25:47.737+0000] {dag.py:3441} INFO - Setting next_dagrun for tutorial_dag to None, run_after=None
[2023-02-13T12:25:47.826+0000] {processor.py:175} INFO - Processing /home/airflow/.local/lib/python3.7/site-packages/airflow/example_dags/tutorial_dag.py took 0.239 seconds
[2023-02-13T12:26:18.285+0000] {processor.py:153} INFO - Started process (PID=1271) to work on /home/airflow/.local/lib/python3.7/site-packages/airflow/example_dags/tutorial_dag.py
[2023-02-13T12:26:18.299+0000] {processor.py:743} INFO - Processing file /home/airflow/.local/lib/python3.7/site-packages/airflow/example_dags/tutorial_dag.py for tasks to queue
[2023-02-13T12:26:18.300+0000] {logging_mixin.py:137} INFO - [2023-02-13T12:26:18.300+0000] {dagbag.py:538} INFO - Filling up the DagBag from /home/airflow/.local/lib/python3.7/site-packages/airflow/example_dags/tutorial_dag.py
[2023-02-13T12:26:18.322+0000] {processor.py:753} INFO - DAG(s) dict_keys(['tutorial_dag']) retrieved from /home/airflow/.local/lib/python3.7/site-packages/airflow/example_dags/tutorial_dag.py
[2023-02-13T12:26:18.369+0000] {logging_mixin.py:137} INFO - [2023-02-13T12:26:18.369+0000] {dag.py:2690} INFO - Sync 1 DAGs
[2023-02-13T12:26:18.418+0000] {logging_mixin.py:137} INFO - [2023-02-13T12:26:18.418+0000] {dag.py:3441} INFO - Setting next_dagrun for tutorial_dag to None, run_after=None
[2023-02-13T12:26:18.482+0000] {processor.py:175} INFO - Processing /home/airflow/.local/lib/python3.7/site-packages/airflow/example_dags/tutorial_dag.py took 0.203 seconds
[2023-02-13T12:26:49.400+0000] {processor.py:153} INFO - Started process (PID=1497) to work on /home/airflow/.local/lib/python3.7/site-packages/airflow/example_dags/tutorial_dag.py
[2023-02-13T12:26:49.401+0000] {processor.py:743} INFO - Processing file /home/airflow/.local/lib/python3.7/site-packages/airflow/example_dags/tutorial_dag.py for tasks to queue
[2023-02-13T12:26:49.402+0000] {logging_mixin.py:137} INFO - [2023-02-13T12:26:49.402+0000] {dagbag.py:538} INFO - Filling up the DagBag from /home/airflow/.local/lib/python3.7/site-packages/airflow/example_dags/tutorial_dag.py
[2023-02-13T12:26:49.417+0000] {processor.py:753} INFO - DAG(s) dict_keys(['tutorial_dag']) retrieved from /home/airflow/.local/lib/python3.7/site-packages/airflow/example_dags/tutorial_dag.py
[2023-02-13T12:26:49.447+0000] {logging_mixin.py:137} INFO - [2023-02-13T12:26:49.447+0000] {dag.py:2690} INFO - Sync 1 DAGs
[2023-02-13T12:26:49.477+0000] {logging_mixin.py:137} INFO - [2023-02-13T12:26:49.477+0000] {dag.py:3441} INFO - Setting next_dagrun for tutorial_dag to None, run_after=None
[2023-02-13T12:26:49.540+0000] {processor.py:175} INFO - Processing /home/airflow/.local/lib/python3.7/site-packages/airflow/example_dags/tutorial_dag.py took 0.144 seconds
[2023-02-13T12:27:19.839+0000] {processor.py:153} INFO - Started process (PID=1725) to work on /home/airflow/.local/lib/python3.7/site-packages/airflow/example_dags/tutorial_dag.py
[2023-02-13T12:27:19.840+0000] {processor.py:743} INFO - Processing file /home/airflow/.local/lib/python3.7/site-packages/airflow/example_dags/tutorial_dag.py for tasks to queue
[2023-02-13T12:27:19.840+0000] {logging_mixin.py:137} INFO - [2023-02-13T12:27:19.840+0000] {dagbag.py:538} INFO - Filling up the DagBag from /home/airflow/.local/lib/python3.7/site-packages/airflow/example_dags/tutorial_dag.py
[2023-02-13T12:27:19.856+0000] {processor.py:753} INFO - DAG(s) dict_keys(['tutorial_dag']) retrieved from /home/airflow/.local/lib/python3.7/site-packages/airflow/example_dags/tutorial_dag.py
[2023-02-13T12:27:19.884+0000] {logging_mixin.py:137} INFO - [2023-02-13T12:27:19.883+0000] {dag.py:2690} INFO - Sync 1 DAGs
[2023-02-13T12:27:19.912+0000] {logging_mixin.py:137} INFO - [2023-02-13T12:27:19.911+0000] {dag.py:3441} INFO - Setting next_dagrun for tutorial_dag to None, run_after=None
[2023-02-13T12:27:19.968+0000] {processor.py:175} INFO - Processing /home/airflow/.local/lib/python3.7/site-packages/airflow/example_dags/tutorial_dag.py took 0.133 seconds
[2023-02-13T12:27:50.766+0000] {processor.py:153} INFO - Started process (PID=1952) to work on /home/airflow/.local/lib/python3.7/site-packages/airflow/example_dags/tutorial_dag.py
[2023-02-13T12:27:50.777+0000] {processor.py:743} INFO - Processing file /home/airflow/.local/lib/python3.7/site-packages/airflow/example_dags/tutorial_dag.py for tasks to queue
[2023-02-13T12:27:50.778+0000] {logging_mixin.py:137} INFO - [2023-02-13T12:27:50.778+0000] {dagbag.py:538} INFO - Filling up the DagBag from /home/airflow/.local/lib/python3.7/site-packages/airflow/example_dags/tutorial_dag.py
[2023-02-13T12:27:50.795+0000] {processor.py:753} INFO - DAG(s) dict_keys(['tutorial_dag']) retrieved from /home/airflow/.local/lib/python3.7/site-packages/airflow/example_dags/tutorial_dag.py
[2023-02-13T12:27:50.824+0000] {logging_mixin.py:137} INFO - [2023-02-13T12:27:50.824+0000] {dag.py:2690} INFO - Sync 1 DAGs
[2023-02-13T12:27:50.857+0000] {logging_mixin.py:137} INFO - [2023-02-13T12:27:50.856+0000] {dag.py:3441} INFO - Setting next_dagrun for tutorial_dag to None, run_after=None
[2023-02-13T12:27:50.962+0000] {processor.py:175} INFO - Processing /home/airflow/.local/lib/python3.7/site-packages/airflow/example_dags/tutorial_dag.py took 0.201 seconds
[2023-02-13T12:28:21.122+0000] {processor.py:153} INFO - Started process (PID=2188) to work on /home/airflow/.local/lib/python3.7/site-packages/airflow/example_dags/tutorial_dag.py
[2023-02-13T12:28:21.123+0000] {processor.py:743} INFO - Processing file /home/airflow/.local/lib/python3.7/site-packages/airflow/example_dags/tutorial_dag.py for tasks to queue
[2023-02-13T12:28:21.124+0000] {logging_mixin.py:137} INFO - [2023-02-13T12:28:21.124+0000] {dagbag.py:538} INFO - Filling up the DagBag from /home/airflow/.local/lib/python3.7/site-packages/airflow/example_dags/tutorial_dag.py
[2023-02-13T12:28:21.149+0000] {processor.py:753} INFO - DAG(s) dict_keys(['tutorial_dag']) retrieved from /home/airflow/.local/lib/python3.7/site-packages/airflow/example_dags/tutorial_dag.py
[2023-02-13T12:28:21.192+0000] {logging_mixin.py:137} INFO - [2023-02-13T12:28:21.192+0000] {dag.py:2690} INFO - Sync 1 DAGs
[2023-02-13T12:28:21.250+0000] {logging_mixin.py:137} INFO - [2023-02-13T12:28:21.250+0000] {dag.py:3441} INFO - Setting next_dagrun for tutorial_dag to None, run_after=None
[2023-02-13T12:28:21.324+0000] {processor.py:175} INFO - Processing /home/airflow/.local/lib/python3.7/site-packages/airflow/example_dags/tutorial_dag.py took 0.207 seconds
[2023-02-13T12:28:51.527+0000] {processor.py:153} INFO - Started process (PID=2423) to work on /home/airflow/.local/lib/python3.7/site-packages/airflow/example_dags/tutorial_dag.py
[2023-02-13T12:28:51.531+0000] {processor.py:743} INFO - Processing file /home/airflow/.local/lib/python3.7/site-packages/airflow/example_dags/tutorial_dag.py for tasks to queue
[2023-02-13T12:28:51.532+0000] {logging_mixin.py:137} INFO - [2023-02-13T12:28:51.532+0000] {dagbag.py:538} INFO - Filling up the DagBag from /home/airflow/.local/lib/python3.7/site-packages/airflow/example_dags/tutorial_dag.py
[2023-02-13T12:28:51.546+0000] {processor.py:753} INFO - DAG(s) dict_keys(['tutorial_dag']) retrieved from /home/airflow/.local/lib/python3.7/site-packages/airflow/example_dags/tutorial_dag.py
[2023-02-13T12:28:51.576+0000] {logging_mixin.py:137} INFO - [2023-02-13T12:28:51.576+0000] {dag.py:2690} INFO - Sync 1 DAGs
[2023-02-13T12:28:51.605+0000] {logging_mixin.py:137} INFO - [2023-02-13T12:28:51.605+0000] {dag.py:3441} INFO - Setting next_dagrun for tutorial_dag to None, run_after=None
[2023-02-13T12:28:51.655+0000] {processor.py:175} INFO - Processing /home/airflow/.local/lib/python3.7/site-packages/airflow/example_dags/tutorial_dag.py took 0.132 seconds
[2023-02-13T12:29:21.920+0000] {processor.py:153} INFO - Started process (PID=2650) to work on /home/airflow/.local/lib/python3.7/site-packages/airflow/example_dags/tutorial_dag.py
[2023-02-13T12:29:21.927+0000] {processor.py:743} INFO - Processing file /home/airflow/.local/lib/python3.7/site-packages/airflow/example_dags/tutorial_dag.py for tasks to queue
[2023-02-13T12:29:21.928+0000] {logging_mixin.py:137} INFO - [2023-02-13T12:29:21.928+0000] {dagbag.py:538} INFO - Filling up the DagBag from /home/airflow/.local/lib/python3.7/site-packages/airflow/example_dags/tutorial_dag.py
[2023-02-13T12:29:21.942+0000] {processor.py:753} INFO - DAG(s) dict_keys(['tutorial_dag']) retrieved from /home/airflow/.local/lib/python3.7/site-packages/airflow/example_dags/tutorial_dag.py
[2023-02-13T12:29:21.969+0000] {logging_mixin.py:137} INFO - [2023-02-13T12:29:21.969+0000] {dag.py:2690} INFO - Sync 1 DAGs
[2023-02-13T12:29:21.997+0000] {logging_mixin.py:137} INFO - [2023-02-13T12:29:21.997+0000] {dag.py:3441} INFO - Setting next_dagrun for tutorial_dag to None, run_after=None
[2023-02-13T12:29:22.050+0000] {processor.py:175} INFO - Processing /home/airflow/.local/lib/python3.7/site-packages/airflow/example_dags/tutorial_dag.py took 0.134 seconds
